<?xml version="1.0" encoding="UTF-8"?>
<coverage generated="1619161606089" clover="3.2.0">
  <project timestamp="1619161606090" name="All files">
    <metrics statements="3704" coveredstatements="2899" conditionals="1721" coveredconditionals="1175" methods="337" coveredmethods="305" elements="5762" coveredelements="4379" complexity="0" loc="3704" ncloc="3704" packages="4" files="18" classes="18"/>
    <package name="lib">
      <metrics statements="3132" coveredstatements="2381" conditionals="1521" coveredconditionals="998" methods="183" coveredmethods="171"/>
      <file name="grammar-error.js" path="C:\Users\john\projects\peggy\lib\grammar-error.js">
        <metrics statements="6" coveredstatements="6" conditionals="2" coveredconditionals="1" methods="1" coveredmethods="1"/>
        <line num="6" count="55" type="stmt"/>
        <line num="7" count="55" type="stmt"/>
        <line num="8" count="55" type="stmt"/>
        <line num="10" count="55" type="cond" truecount="1" falsecount="1"/>
        <line num="11" count="55" type="stmt"/>
        <line num="16" count="9" type="stmt"/>
      </file>
      <file name="parser.js" path="C:\Users\john\projects\peggy\lib\parser.js">
        <metrics statements="3109" coveredstatements="2358" conditionals="1515" coveredconditionals="993" methods="177" coveredmethods="165"/>
        <line num="8" count="12" type="stmt"/>
        <line num="14" count="12" type="stmt"/>
        <line num="20" count="12" type="stmt"/>
        <line num="26" count="3012" type="cond" truecount="2" falsecount="0"/>
        <line num="30" count="3443" type="stmt"/>
        <line num="34" count="1246" type="stmt"/>
        <line num="39" count="12" type="stmt"/>
        <line num="40" count="12" type="stmt"/>
        <line num="41" count="12" type="stmt"/>
        <line num="45" count="24" type="stmt"/>
        <line num="46" count="24" type="stmt"/>
        <line num="47" count="24" type="stmt"/>
        <line num="48" count="24" type="stmt"/>
        <line num="49" count="24" type="stmt"/>
        <line num="51" count="24" type="cond" truecount="1" falsecount="1"/>
        <line num="52" count="24" type="stmt"/>
        <line num="56" count="12" type="stmt"/>
        <line num="58" count="12" type="stmt"/>
        <line num="59" count="23" type="stmt"/>
        <line num="61" count="234" type="stmt"/>
        <line num="65" count="0" type="stmt"/>
        <line num="66" count="0" type="cond" truecount="0" falsecount="2"/>
        <line num="71" count="0" type="cond" truecount="0" falsecount="2"/>
        <line num="75" count="0" type="stmt"/>
        <line num="79" count="0" type="stmt"/>
        <line num="83" count="275" type="stmt"/>
        <line num="88" count="0" type="stmt"/>
        <line num="92" count="257" type="stmt"/>
        <line num="99" count="0" type="stmt"/>
        <line num="100" count="0" type="stmt"/>
        <line num="104" count="0" type="stmt"/>
        <line num="113" count="0" type="stmt"/>
        <line num="114" count="0" type="stmt"/>
        <line num="118" count="509" type="stmt"/>
        <line num="122" count="23" type="stmt"/>
        <line num="125" count="23" type="stmt"/>
        <line num="127" count="23" type="cond" truecount="1" falsecount="1"/>
        <line num="128" count="23" type="stmt"/>
        <line num="129" count="486" type="cond" truecount="2" falsecount="0"/>
        <line num="130" count="230" type="stmt"/>
        <line num="131" count="230" type="stmt"/>
        <line num="134" count="23" type="stmt"/>
        <line num="137" count="23" type="cond" truecount="1" falsecount="2"/>
        <line num="139" count="0" type="stmt"/>
        <line num="142" count="0" type="stmt"/>
        <line num="145" count="23" type="stmt"/>
        <line num="152" count="23" type="cond" truecount="1" falsecount="1"/>
        <line num="155" count="23" type="stmt"/>
        <line num="159" count="1530" type="cond" truecount="1" falsecount="1"/>
        <line num="161" count="1530" type="stmt"/>
        <line num="163" count="1530" type="stmt"/>
        <line num="164" count="1530" type="stmt"/>
        <line num="166" count="1530" type="stmt"/>
        <line num="167" count="1506" type="stmt"/>
        <line num="175" count="1530" type="stmt"/>
        <line num="176" count="1530" type="stmt"/>
        <line num="177" count="1530" type="stmt"/>
        <line num="178" count="1530" type="stmt"/>
        <line num="179" count="1530" type="stmt"/>
        <line num="180" count="3" type="stmt"/>
        <line num="182" count="1530" type="stmt"/>
        <line num="183" count="118" type="stmt"/>
        <line num="185" count="1530" type="stmt"/>
        <line num="186" count="1530" type="stmt"/>
        <line num="187" count="1530" type="stmt"/>
        <line num="188" count="1795" type="stmt"/>
        <line num="202" count="1530" type="stmt"/>
        <line num="203" count="1530" type="stmt"/>
        <line num="204" count="1530" type="stmt"/>
        <line num="205" count="2741" type="cond" truecount="2" falsecount="0"/>
        <line num="213" count="1530" type="stmt"/>
        <line num="214" count="3134" type="cond" truecount="2" falsecount="0"/>
        <line num="223" count="1530" type="stmt"/>
        <line num="224" count="3134" type="cond" truecount="2" falsecount="0"/>
        <line num="232" count="1530" type="stmt"/>
        <line num="233" count="1530" type="stmt"/>
        <line num="234" count="1530" type="stmt"/>
        <line num="235" count="880" type="stmt"/>
        <line num="242" count="1530" type="stmt"/>
        <line num="243" count="210" type="stmt"/>
        <line num="249" count="1530" type="stmt"/>
        <line num="250" count="1530" type="stmt"/>
        <line num="251" count="1530" type="stmt"/>
        <line num="252" count="1530" type="stmt"/>
        <line num="253" count="1530" type="stmt"/>
        <line num="254" count="1530" type="stmt"/>
        <line num="255" count="1530" type="stmt"/>
        <line num="256" count="399" type="stmt"/>
        <line num="262" count="1530" type="stmt"/>
        <line num="263" count="1530" type="stmt"/>
        <line num="264" count="1530" type="stmt"/>
        <line num="265" count="1530" type="stmt"/>
        <line num="266" count="1530" type="stmt"/>
        <line num="267" count="1530" type="stmt"/>
        <line num="268" count="1530" type="stmt"/>
        <line num="269" count="1530" type="stmt"/>
        <line num="270" count="1530" type="stmt"/>
        <line num="271" count="1530" type="stmt"/>
        <line num="272" count="1530" type="stmt"/>
        <line num="277" count="939" type="cond" truecount="4" falsecount="0"/>
        <line num="281" count="1530" type="stmt"/>
        <line num="282" count="915" type="stmt"/>
        <line num="284" count="1530" type="stmt"/>
        <line num="285" count="864" type="stmt"/>
        <line num="291" count="1530" type="stmt"/>
        <line num="292" count="1530" type="stmt"/>
        <line num="293" count="1530" type="stmt"/>
        <line num="294" count="1530" type="stmt"/>
        <line num="295" count="1530" type="stmt"/>
        <line num="296" count="1530" type="stmt"/>
        <line num="297" count="1530" type="stmt"/>
        <line num="298" count="1530" type="stmt"/>
        <line num="299" count="1530" type="stmt"/>
        <line num="300" count="1530" type="stmt"/>
        <line num="301" count="1530" type="stmt"/>
        <line num="302" count="1530" type="stmt"/>
        <line num="303" count="1530" type="stmt"/>
        <line num="304" count="1530" type="stmt"/>
        <line num="305" count="1530" type="stmt"/>
        <line num="306" count="1530" type="stmt"/>
        <line num="307" count="1530" type="stmt"/>
        <line num="308" count="1530" type="stmt"/>
        <line num="309" count="1530" type="stmt"/>
        <line num="310" count="1530" type="stmt"/>
        <line num="311" count="1530" type="stmt"/>
        <line num="312" count="1530" type="stmt"/>
        <line num="313" count="1530" type="stmt"/>
        <line num="314" count="1530" type="stmt"/>
        <line num="315" count="1530" type="stmt"/>
        <line num="316" count="1530" type="stmt"/>
        <line num="317" count="1530" type="stmt"/>
        <line num="318" count="1530" type="stmt"/>
        <line num="319" count="1530" type="stmt"/>
        <line num="320" count="1530" type="stmt"/>
        <line num="321" count="1530" type="stmt"/>
        <line num="322" count="1530" type="stmt"/>
        <line num="323" count="1530" type="stmt"/>
        <line num="324" count="1530" type="stmt"/>
        <line num="325" count="1530" type="stmt"/>
        <line num="326" count="1530" type="stmt"/>
        <line num="327" count="4644" type="stmt"/>
        <line num="328" count="1530" type="stmt"/>
        <line num="329" count="1530" type="stmt"/>
        <line num="330" count="1530" type="stmt"/>
        <line num="331" count="1530" type="stmt"/>
        <line num="332" count="1530" type="stmt"/>
        <line num="333" count="1530" type="stmt"/>
        <line num="334" count="1530" type="stmt"/>
        <line num="335" count="1530" type="stmt"/>
        <line num="336" count="1530" type="stmt"/>
        <line num="337" count="1530" type="stmt"/>
        <line num="338" count="1530" type="stmt"/>
        <line num="339" count="1530" type="stmt"/>
        <line num="340" count="1530" type="stmt"/>
        <line num="341" count="5264" type="stmt"/>
        <line num="348" count="1530" type="stmt"/>
        <line num="349" count="1530" type="stmt"/>
        <line num="350" count="1530" type="stmt"/>
        <line num="351" count="5433" type="stmt"/>
        <line num="352" count="1530" type="stmt"/>
        <line num="353" count="1530" type="stmt"/>
        <line num="354" count="6509" type="stmt"/>
        <line num="355" count="1530" type="stmt"/>
        <line num="356" count="1530" type="stmt"/>
        <line num="357" count="1530" type="stmt"/>
        <line num="358" count="1530" type="stmt"/>
        <line num="359" count="1530" type="stmt"/>
        <line num="360" count="1530" type="stmt"/>
        <line num="361" count="1530" type="stmt"/>
        <line num="362" count="1530" type="stmt"/>
        <line num="363" count="257" type="stmt"/>
        <line num="365" count="283" type="stmt"/>
        <line num="371" count="1530" type="stmt"/>
        <line num="372" count="1530" type="stmt"/>
        <line num="373" count="1530" type="stmt"/>
        <line num="374" count="116" type="cond" truecount="2" falsecount="0"/>
        <line num="375" count="1" type="stmt"/>
        <line num="380" count="115" type="stmt"/>
        <line num="382" count="1530" type="stmt"/>
        <line num="383" count="1530" type="stmt"/>
        <line num="384" count="1530" type="stmt"/>
        <line num="385" count="1530" type="stmt"/>
        <line num="386" count="1530" type="stmt"/>
        <line num="387" count="1530" type="stmt"/>
        <line num="388" count="1530" type="stmt"/>
        <line num="389" count="1530" type="stmt"/>
        <line num="390" count="1530" type="stmt"/>
        <line num="391" count="1530" type="stmt"/>
        <line num="392" count="1530" type="stmt"/>
        <line num="393" count="1530" type="stmt"/>
        <line num="394" count="1530" type="stmt"/>
        <line num="395" count="1530" type="stmt"/>
        <line num="396" count="1530" type="stmt"/>
        <line num="397" count="1530" type="stmt"/>
        <line num="398" count="1530" type="stmt"/>
        <line num="399" count="1530" type="stmt"/>
        <line num="400" count="1530" type="stmt"/>
        <line num="401" count="1530" type="stmt"/>
        <line num="402" count="1530" type="stmt"/>
        <line num="403" count="1530" type="stmt"/>
        <line num="404" count="1530" type="stmt"/>
        <line num="405" count="1530" type="stmt"/>
        <line num="406" count="1530" type="stmt"/>
        <line num="407" count="1530" type="stmt"/>
        <line num="408" count="1530" type="stmt"/>
        <line num="409" count="11" type="stmt"/>
        <line num="411" count="1530" type="stmt"/>
        <line num="412" count="1530" type="stmt"/>
        <line num="413" count="1530" type="stmt"/>
        <line num="414" count="1530" type="stmt"/>
        <line num="415" count="1530" type="stmt"/>
        <line num="416" count="1530" type="stmt"/>
        <line num="417" count="1530" type="stmt"/>
        <line num="418" count="1530" type="stmt"/>
        <line num="419" count="1530" type="stmt"/>
        <line num="420" count="1530" type="stmt"/>
        <line num="421" count="1530" type="stmt"/>
        <line num="422" count="1530" type="stmt"/>
        <line num="423" count="1530" type="stmt"/>
        <line num="424" count="1530" type="stmt"/>
        <line num="425" count="1530" type="stmt"/>
        <line num="426" count="1530" type="stmt"/>
        <line num="427" count="1530" type="stmt"/>
        <line num="428" count="1530" type="stmt"/>
        <line num="429" count="1530" type="stmt"/>
        <line num="430" count="1530" type="stmt"/>
        <line num="431" count="1530" type="stmt"/>
        <line num="432" count="1530" type="stmt"/>
        <line num="433" count="1530" type="stmt"/>
        <line num="434" count="1530" type="stmt"/>
        <line num="435" count="1530" type="stmt"/>
        <line num="436" count="1530" type="stmt"/>
        <line num="437" count="1530" type="stmt"/>
        <line num="438" count="1530" type="stmt"/>
        <line num="439" count="1530" type="stmt"/>
        <line num="440" count="1530" type="stmt"/>
        <line num="441" count="1530" type="stmt"/>
        <line num="442" count="1530" type="stmt"/>
        <line num="443" count="1530" type="stmt"/>
        <line num="444" count="1530" type="stmt"/>
        <line num="445" count="1530" type="stmt"/>
        <line num="446" count="1530" type="stmt"/>
        <line num="447" count="1530" type="stmt"/>
        <line num="448" count="1530" type="stmt"/>
        <line num="449" count="1530" type="stmt"/>
        <line num="450" count="1530" type="stmt"/>
        <line num="451" count="1530" type="stmt"/>
        <line num="452" count="1530" type="stmt"/>
        <line num="453" count="1530" type="stmt"/>
        <line num="454" count="1530" type="stmt"/>
        <line num="455" count="1530" type="stmt"/>
        <line num="456" count="1530" type="stmt"/>
        <line num="457" count="1530" type="stmt"/>
        <line num="458" count="1530" type="stmt"/>
        <line num="459" count="1530" type="stmt"/>
        <line num="460" count="1530" type="stmt"/>
        <line num="461" count="1530" type="stmt"/>
        <line num="462" count="1530" type="stmt"/>
        <line num="463" count="1530" type="stmt"/>
        <line num="464" count="1530" type="stmt"/>
        <line num="465" count="1530" type="stmt"/>
        <line num="466" count="1530" type="stmt"/>
        <line num="467" count="1530" type="stmt"/>
        <line num="468" count="1530" type="stmt"/>
        <line num="469" count="1530" type="stmt"/>
        <line num="470" count="1530" type="stmt"/>
        <line num="471" count="1530" type="stmt"/>
        <line num="472" count="1530" type="stmt"/>
        <line num="473" count="1530" type="stmt"/>
        <line num="474" count="1530" type="stmt"/>
        <line num="475" count="1530" type="stmt"/>
        <line num="476" count="1530" type="stmt"/>
        <line num="477" count="1530" type="stmt"/>
        <line num="478" count="1530" type="stmt"/>
        <line num="479" count="1530" type="stmt"/>
        <line num="480" count="1530" type="stmt"/>
        <line num="481" count="1530" type="stmt"/>
        <line num="482" count="1530" type="stmt"/>
        <line num="483" count="1530" type="stmt"/>
        <line num="484" count="1530" type="stmt"/>
        <line num="485" count="1530" type="stmt"/>
        <line num="486" count="1530" type="stmt"/>
        <line num="487" count="1530" type="stmt"/>
        <line num="488" count="1530" type="stmt"/>
        <line num="489" count="1530" type="stmt"/>
        <line num="490" count="1530" type="stmt"/>
        <line num="491" count="1530" type="stmt"/>
        <line num="492" count="1530" type="stmt"/>
        <line num="493" count="1530" type="stmt"/>
        <line num="494" count="1530" type="stmt"/>
        <line num="495" count="1530" type="stmt"/>
        <line num="496" count="1530" type="stmt"/>
        <line num="497" count="1530" type="stmt"/>
        <line num="498" count="1530" type="stmt"/>
        <line num="499" count="1530" type="stmt"/>
        <line num="500" count="1530" type="stmt"/>
        <line num="501" count="1530" type="stmt"/>
        <line num="502" count="1530" type="stmt"/>
        <line num="503" count="1530" type="stmt"/>
        <line num="504" count="1530" type="stmt"/>
        <line num="505" count="1530" type="stmt"/>
        <line num="506" count="1530" type="stmt"/>
        <line num="507" count="1530" type="stmt"/>
        <line num="508" count="1530" type="stmt"/>
        <line num="509" count="1530" type="stmt"/>
        <line num="510" count="1530" type="stmt"/>
        <line num="511" count="1530" type="stmt"/>
        <line num="512" count="1530" type="stmt"/>
        <line num="513" count="1530" type="stmt"/>
        <line num="514" count="1530" type="stmt"/>
        <line num="515" count="1530" type="stmt"/>
        <line num="516" count="1530" type="stmt"/>
        <line num="517" count="1530" type="stmt"/>
        <line num="519" count="1530" type="stmt"/>
        <line num="520" count="1530" type="stmt"/>
        <line num="521" count="1530" type="stmt"/>
        <line num="522" count="1530" type="stmt"/>
        <line num="523" count="1530" type="stmt"/>
        <line num="524" count="1530" type="stmt"/>
        <line num="528" count="1530" type="cond" truecount="1" falsecount="1"/>
        <line num="529" count="0" type="cond" truecount="0" falsecount="2"/>
        <line num="530" count="0" type="stmt"/>
        <line num="533" count="0" type="stmt"/>
        <line num="537" count="6510" type="stmt"/>
        <line num="541" count="14098" type="stmt"/>
        <line num="545" count="0" type="cond" truecount="0" falsecount="2"/>
        <line num="549" count="0" type="stmt"/>
        <line num="557" count="1" type="cond" truecount="1" falsecount="1"/>
        <line num="561" count="1" type="stmt"/>
        <line num="565" count="130050" type="stmt"/>
        <line num="569" count="22950" type="stmt"/>
        <line num="573" count="1530" type="stmt"/>
        <line num="577" count="0" type="stmt"/>
        <line num="581" count="12240" type="stmt"/>
        <line num="585" count="28244" type="stmt"/>
        <line num="588" count="28244" type="cond" truecount="2" falsecount="0"/>
        <line num="589" count="19080" type="stmt"/>
        <line num="591" count="9164" type="stmt"/>
        <line num="592" count="9164" type="stmt"/>
        <line num="593" count="51008" type="stmt"/>
        <line num="596" count="9164" type="stmt"/>
        <line num="597" count="9164" type="stmt"/>
        <line num="602" count="9164" type="stmt"/>
        <line num="603" count="60172" type="cond" truecount="2" falsecount="0"/>
        <line num="604" count="675" type="stmt"/>
        <line num="605" count="675" type="stmt"/>
        <line num="607" count="59497" type="stmt"/>
        <line num="610" count="60172" type="stmt"/>
        <line num="613" count="9164" type="stmt"/>
        <line num="615" count="9164" type="stmt"/>
        <line num="620" count="14122" type="stmt"/>
        <line num="621" count="14122" type="stmt"/>
        <line num="623" count="14122" type="stmt"/>
        <line num="638" count="220808" type="cond" truecount="2" falsecount="0"/>
        <line num="640" count="176854" type="cond" truecount="2" falsecount="0"/>
        <line num="641" count="11822" type="stmt"/>
        <line num="642" count="11822" type="stmt"/>
        <line num="645" count="176854" type="stmt"/>
        <line num="649" count="1" type="stmt"/>
        <line num="653" count="23" type="stmt"/>
        <line num="664" count="1530" type="stmt"/>
        <line num="665" count="1530" type="stmt"/>
        <line num="666" count="1530" type="cond" truecount="1" falsecount="1"/>
        <line num="667" count="1530" type="stmt"/>
        <line num="668" count="1530" type="stmt"/>
        <line num="669" count="1530" type="cond" truecount="2" falsecount="0"/>
        <line num="670" count="3" type="stmt"/>
        <line num="671" count="3" type="cond" truecount="1" falsecount="1"/>
        <line num="672" count="3" type="stmt"/>
        <line num="673" count="3" type="stmt"/>
        <line num="675" count="0" type="stmt"/>
        <line num="676" count="0" type="stmt"/>
        <line num="679" count="1527" type="stmt"/>
        <line num="680" count="1527" type="stmt"/>
        <line num="682" count="1530" type="cond" truecount="2" falsecount="0"/>
        <line num="683" count="1527" type="stmt"/>
        <line num="685" count="1530" type="cond" truecount="1" falsecount="1"/>
        <line num="686" count="1530" type="stmt"/>
        <line num="687" count="1530" type="stmt"/>
        <line num="688" count="1530" type="cond" truecount="2" falsecount="0"/>
        <line num="689" count="118" type="stmt"/>
        <line num="690" count="118" type="cond" truecount="1" falsecount="1"/>
        <line num="691" count="118" type="stmt"/>
        <line num="692" count="118" type="stmt"/>
        <line num="694" count="0" type="stmt"/>
        <line num="695" count="0" type="stmt"/>
        <line num="698" count="1412" type="stmt"/>
        <line num="699" count="1412" type="stmt"/>
        <line num="701" count="1530" type="cond" truecount="2" falsecount="0"/>
        <line num="702" count="1412" type="stmt"/>
        <line num="704" count="1530" type="cond" truecount="1" falsecount="1"/>
        <line num="705" count="1530" type="stmt"/>
        <line num="706" count="1530" type="stmt"/>
        <line num="707" count="1530" type="stmt"/>
        <line num="708" count="1529" type="cond" truecount="2" falsecount="0"/>
        <line num="709" count="1506" type="stmt"/>
        <line num="710" count="1506" type="cond" truecount="1" falsecount="1"/>
        <line num="711" count="1506" type="stmt"/>
        <line num="712" count="1506" type="stmt"/>
        <line num="714" count="0" type="stmt"/>
        <line num="715" count="0" type="stmt"/>
        <line num="718" count="23" type="stmt"/>
        <line num="719" count="23" type="stmt"/>
        <line num="721" count="1529" type="cond" truecount="2" falsecount="0"/>
        <line num="722" count="1506" type="stmt"/>
        <line num="723" count="1795" type="stmt"/>
        <line num="724" count="1795" type="stmt"/>
        <line num="725" count="1795" type="stmt"/>
        <line num="726" count="1795" type="cond" truecount="2" falsecount="0"/>
        <line num="727" count="289" type="stmt"/>
        <line num="728" count="289" type="cond" truecount="1" falsecount="1"/>
        <line num="729" count="289" type="stmt"/>
        <line num="730" count="289" type="stmt"/>
        <line num="732" count="0" type="stmt"/>
        <line num="733" count="0" type="stmt"/>
        <line num="736" count="1506" type="stmt"/>
        <line num="737" count="1506" type="stmt"/>
        <line num="741" count="23" type="stmt"/>
        <line num="743" count="1529" type="cond" truecount="2" falsecount="0"/>
        <line num="744" count="1506" type="stmt"/>
        <line num="745" count="1506" type="stmt"/>
        <line num="746" count="1506" type="stmt"/>
        <line num="748" count="23" type="stmt"/>
        <line num="749" count="23" type="stmt"/>
        <line num="752" count="0" type="stmt"/>
        <line num="753" count="0" type="stmt"/>
        <line num="756" count="0" type="stmt"/>
        <line num="757" count="0" type="stmt"/>
        <line num="760" count="0" type="stmt"/>
        <line num="761" count="0" type="stmt"/>
        <line num="764" count="1529" type="stmt"/>
        <line num="770" count="1530" type="stmt"/>
        <line num="771" count="1530" type="cond" truecount="2" falsecount="0"/>
        <line num="772" count="120" type="stmt"/>
        <line num="773" count="120" type="stmt"/>
        <line num="775" count="1410" type="stmt"/>
        <line num="776" count="1410" type="cond" truecount="1" falsecount="1"/>
        <line num="778" count="1530" type="cond" truecount="2" falsecount="0"/>
        <line num="779" count="120" type="stmt"/>
        <line num="780" count="120" type="cond" truecount="2" falsecount="0"/>
        <line num="781" count="3" type="cond" truecount="1" falsecount="1"/>
        <line num="782" count="3" type="stmt"/>
        <line num="783" count="3" type="stmt"/>
        <line num="785" count="0" type="stmt"/>
        <line num="786" count="0" type="cond" truecount="0" falsecount="2"/>
        <line num="788" count="3" type="cond" truecount="1" falsecount="1"/>
        <line num="789" count="3" type="stmt"/>
        <line num="790" count="3" type="cond" truecount="1" falsecount="1"/>
        <line num="791" count="3" type="stmt"/>
        <line num="792" count="3" type="stmt"/>
        <line num="793" count="3" type="stmt"/>
        <line num="795" count="0" type="stmt"/>
        <line num="796" count="0" type="stmt"/>
        <line num="799" count="0" type="stmt"/>
        <line num="800" count="0" type="stmt"/>
        <line num="803" count="117" type="stmt"/>
        <line num="804" count="117" type="stmt"/>
        <line num="807" count="1410" type="stmt"/>
        <line num="808" count="1410" type="stmt"/>
        <line num="811" count="1530" type="stmt"/>
        <line num="817" count="1530" type="stmt"/>
        <line num="818" count="1530" type="stmt"/>
        <line num="819" count="1530" type="cond" truecount="2" falsecount="0"/>
        <line num="820" count="118" type="stmt"/>
        <line num="821" count="118" type="cond" truecount="1" falsecount="1"/>
        <line num="822" count="118" type="stmt"/>
        <line num="823" count="118" type="stmt"/>
        <line num="824" count="118" type="stmt"/>
        <line num="826" count="0" type="stmt"/>
        <line num="827" count="0" type="stmt"/>
        <line num="830" count="1412" type="stmt"/>
        <line num="831" count="1412" type="stmt"/>
        <line num="834" count="1530" type="stmt"/>
        <line num="840" count="3325" type="stmt"/>
        <line num="841" count="3325" type="stmt"/>
        <line num="842" count="3325" type="cond" truecount="2" falsecount="0"/>
        <line num="843" count="1819" type="stmt"/>
        <line num="844" count="1819" type="cond" truecount="1" falsecount="1"/>
        <line num="845" count="1819" type="stmt"/>
        <line num="846" count="1819" type="stmt"/>
        <line num="847" count="1819" type="cond" truecount="2" falsecount="0"/>
        <line num="848" count="23" type="stmt"/>
        <line num="849" count="23" type="cond" truecount="1" falsecount="1"/>
        <line num="850" count="23" type="stmt"/>
        <line num="851" count="23" type="stmt"/>
        <line num="853" count="0" type="stmt"/>
        <line num="854" count="0" type="stmt"/>
        <line num="857" count="1796" type="stmt"/>
        <line num="858" count="1796" type="stmt"/>
        <line num="860" count="1819" type="cond" truecount="2" falsecount="0"/>
        <line num="861" count="1796" type="stmt"/>
        <line num="863" count="1819" type="cond" truecount="1" falsecount="1"/>
        <line num="864" count="1819" type="cond" truecount="1" falsecount="1"/>
        <line num="865" count="1819" type="stmt"/>
        <line num="866" count="1819" type="stmt"/>
        <line num="868" count="0" type="stmt"/>
        <line num="869" count="0" type="cond" truecount="0" falsecount="2"/>
        <line num="871" count="1819" type="cond" truecount="1" falsecount="1"/>
        <line num="872" count="1819" type="stmt"/>
        <line num="873" count="1819" type="cond" truecount="1" falsecount="1"/>
        <line num="874" count="1819" type="stmt"/>
        <line num="875" count="1818" type="cond" truecount="2" falsecount="0"/>
        <line num="876" count="1802" type="stmt"/>
        <line num="877" count="1802" type="cond" truecount="2" falsecount="0"/>
        <line num="878" count="1795" type="stmt"/>
        <line num="879" count="1795" type="stmt"/>
        <line num="880" count="1795" type="stmt"/>
        <line num="882" count="7" type="stmt"/>
        <line num="883" count="7" type="stmt"/>
        <line num="886" count="16" type="stmt"/>
        <line num="887" count="16" type="stmt"/>
        <line num="890" count="0" type="stmt"/>
        <line num="891" count="0" type="stmt"/>
        <line num="894" count="0" type="stmt"/>
        <line num="895" count="0" type="stmt"/>
        <line num="898" count="0" type="stmt"/>
        <line num="899" count="0" type="stmt"/>
        <line num="902" count="0" type="stmt"/>
        <line num="903" count="0" type="stmt"/>
        <line num="906" count="1506" type="stmt"/>
        <line num="907" count="1506" type="stmt"/>
        <line num="910" count="3324" type="stmt"/>
        <line num="916" count="2758" type="stmt"/>
        <line num="917" count="2758" type="stmt"/>
        <line num="918" count="2757" type="cond" truecount="2" falsecount="0"/>
        <line num="919" count="2741" type="stmt"/>
        <line num="920" count="2741" type="stmt"/>
        <line num="921" count="2741" type="stmt"/>
        <line num="922" count="2741" type="cond" truecount="1" falsecount="1"/>
        <line num="923" count="2741" type="cond" truecount="2" falsecount="0"/>
        <line num="924" count="256" type="stmt"/>
        <line num="925" count="256" type="stmt"/>
        <line num="927" count="2485" type="stmt"/>
        <line num="928" count="2485" type="cond" truecount="1" falsecount="1"/>
        <line num="930" count="2741" type="cond" truecount="2" falsecount="0"/>
        <line num="931" count="256" type="stmt"/>
        <line num="932" count="256" type="cond" truecount="1" falsecount="1"/>
        <line num="933" count="256" type="stmt"/>
        <line num="934" count="256" type="cond" truecount="2" falsecount="0"/>
        <line num="935" count="255" type="stmt"/>
        <line num="936" count="255" type="stmt"/>
        <line num="938" count="1" type="stmt"/>
        <line num="939" count="1" type="stmt"/>
        <line num="942" count="0" type="stmt"/>
        <line num="943" count="0" type="stmt"/>
        <line num="946" count="2485" type="stmt"/>
        <line num="947" count="2485" type="stmt"/>
        <line num="950" count="0" type="stmt"/>
        <line num="951" count="0" type="stmt"/>
        <line num="953" count="2741" type="stmt"/>
        <line num="954" count="393" type="stmt"/>
        <line num="955" count="393" type="stmt"/>
        <line num="956" count="393" type="stmt"/>
        <line num="957" count="393" type="cond" truecount="1" falsecount="1"/>
        <line num="958" count="393" type="cond" truecount="2" falsecount="0"/>
        <line num="959" count="138" type="stmt"/>
        <line num="960" count="138" type="stmt"/>
        <line num="962" count="255" type="stmt"/>
        <line num="963" count="255" type="cond" truecount="1" falsecount="1"/>
        <line num="965" count="393" type="cond" truecount="2" falsecount="0"/>
        <line num="966" count="138" type="stmt"/>
        <line num="967" count="138" type="cond" truecount="1" falsecount="1"/>
        <line num="968" count="138" type="stmt"/>
        <line num="969" count="138" type="cond" truecount="1" falsecount="1"/>
        <line num="970" count="138" type="stmt"/>
        <line num="971" count="138" type="stmt"/>
        <line num="973" count="0" type="stmt"/>
        <line num="974" count="0" type="stmt"/>
        <line num="977" count="0" type="stmt"/>
        <line num="978" count="0" type="stmt"/>
        <line num="981" count="255" type="stmt"/>
        <line num="982" count="255" type="stmt"/>
        <line num="985" count="0" type="stmt"/>
        <line num="986" count="0" type="stmt"/>
        <line num="989" count="2741" type="cond" truecount="1" falsecount="1"/>
        <line num="990" count="2741" type="stmt"/>
        <line num="991" count="2741" type="stmt"/>
        <line num="992" count="2741" type="stmt"/>
        <line num="994" count="0" type="stmt"/>
        <line num="995" count="0" type="stmt"/>
        <line num="998" count="16" type="stmt"/>
        <line num="999" count="16" type="stmt"/>
        <line num="1002" count="2757" type="stmt"/>
        <line num="1008" count="3152" type="stmt"/>
        <line num="1009" count="3152" type="stmt"/>
        <line num="1010" count="3151" type="cond" truecount="2" falsecount="0"/>
        <line num="1011" count="3134" type="stmt"/>
        <line num="1012" count="3134" type="stmt"/>
        <line num="1013" count="3134" type="cond" truecount="1" falsecount="1"/>
        <line num="1014" count="3134" type="stmt"/>
        <line num="1015" count="3134" type="cond" truecount="2" falsecount="0"/>
        <line num="1016" count="478" type="stmt"/>
        <line num="1017" count="478" type="stmt"/>
        <line num="1019" count="2656" type="stmt"/>
        <line num="1020" count="2656" type="stmt"/>
        <line num="1023" count="0" type="stmt"/>
        <line num="1024" count="0" type="stmt"/>
        <line num="1026" count="3134" type="cond" truecount="2" falsecount="0"/>
        <line num="1027" count="2656" type="stmt"/>
        <line num="1029" count="3134" type="cond" truecount="1" falsecount="1"/>
        <line num="1030" count="3134" type="stmt"/>
        <line num="1031" count="3134" type="stmt"/>
        <line num="1032" count="3134" type="stmt"/>
        <line num="1034" count="0" type="stmt"/>
        <line num="1035" count="0" type="stmt"/>
        <line num="1038" count="17" type="stmt"/>
        <line num="1039" count="17" type="stmt"/>
        <line num="1042" count="3151" type="stmt"/>
        <line num="1048" count="3152" type="stmt"/>
        <line num="1049" count="3152" type="stmt"/>
        <line num="1050" count="3151" type="cond" truecount="2" falsecount="0"/>
        <line num="1051" count="3134" type="stmt"/>
        <line num="1052" count="3134" type="stmt"/>
        <line num="1053" count="3134" type="stmt"/>
        <line num="1054" count="3134" type="cond" truecount="1" falsecount="1"/>
        <line num="1055" count="3134" type="stmt"/>
        <line num="1056" count="3134" type="cond" truecount="2" falsecount="0"/>
        <line num="1057" count="991" type="stmt"/>
        <line num="1058" count="991" type="stmt"/>
        <line num="1060" count="2143" type="stmt"/>
        <line num="1061" count="2143" type="stmt"/>
        <line num="1064" count="0" type="stmt"/>
        <line num="1065" count="0" type="stmt"/>
        <line num="1067" count="3134" type="stmt"/>
        <line num="1068" count="1255" type="stmt"/>
        <line num="1069" count="1255" type="stmt"/>
        <line num="1070" count="1255" type="stmt"/>
        <line num="1071" count="1255" type="cond" truecount="1" falsecount="1"/>
        <line num="1072" count="1255" type="stmt"/>
        <line num="1073" count="1255" type="cond" truecount="2" falsecount="0"/>
        <line num="1074" count="264" type="stmt"/>
        <line num="1075" count="264" type="stmt"/>
        <line num="1077" count="991" type="stmt"/>
        <line num="1078" count="991" type="stmt"/>
        <line num="1081" count="0" type="stmt"/>
        <line num="1082" count="0" type="stmt"/>
        <line num="1085" count="3134" type="cond" truecount="1" falsecount="1"/>
        <line num="1086" count="3134" type="stmt"/>
        <line num="1087" count="3134" type="stmt"/>
        <line num="1088" count="3134" type="stmt"/>
        <line num="1090" count="0" type="stmt"/>
        <line num="1091" count="0" type="stmt"/>
        <line num="1094" count="17" type="stmt"/>
        <line num="1095" count="17" type="stmt"/>
        <line num="1098" count="3151" type="stmt"/>
        <line num="1104" count="7541" type="stmt"/>
        <line num="1105" count="7541" type="stmt"/>
        <line num="1106" count="7541" type="cond" truecount="2" falsecount="0"/>
        <line num="1107" count="1516" type="stmt"/>
        <line num="1108" count="1516" type="cond" truecount="1" falsecount="1"/>
        <line num="1109" count="1516" type="cond" truecount="2" falsecount="0"/>
        <line num="1110" count="880" type="stmt"/>
        <line num="1111" count="880" type="stmt"/>
        <line num="1113" count="636" type="stmt"/>
        <line num="1114" count="636" type="cond" truecount="1" falsecount="1"/>
        <line num="1116" count="1516" type="cond" truecount="2" falsecount="0"/>
        <line num="1117" count="880" type="stmt"/>
        <line num="1118" count="880" type="cond" truecount="1" falsecount="1"/>
        <line num="1119" count="880" type="stmt"/>
        <line num="1120" count="880" type="cond" truecount="1" falsecount="1"/>
        <line num="1121" count="880" type="stmt"/>
        <line num="1122" count="880" type="stmt"/>
        <line num="1123" count="880" type="stmt"/>
        <line num="1125" count="0" type="stmt"/>
        <line num="1126" count="0" type="stmt"/>
        <line num="1129" count="0" type="stmt"/>
        <line num="1130" count="0" type="stmt"/>
        <line num="1133" count="636" type="stmt"/>
        <line num="1134" count="636" type="stmt"/>
        <line num="1137" count="0" type="stmt"/>
        <line num="1138" count="0" type="stmt"/>
        <line num="1141" count="6025" type="stmt"/>
        <line num="1142" count="6025" type="stmt"/>
        <line num="1144" count="7541" type="cond" truecount="2" falsecount="0"/>
        <line num="1145" count="6661" type="stmt"/>
        <line num="1148" count="7540" type="stmt"/>
        <line num="1154" count="7541" type="stmt"/>
        <line num="1155" count="7541" type="stmt"/>
        <line num="1156" count="7541" type="cond" truecount="2" falsecount="0"/>
        <line num="1157" count="643" type="stmt"/>
        <line num="1158" count="643" type="cond" truecount="1" falsecount="1"/>
        <line num="1159" count="643" type="stmt"/>
        <line num="1160" count="643" type="cond" truecount="2" falsecount="0"/>
        <line num="1161" count="210" type="stmt"/>
        <line num="1162" count="210" type="stmt"/>
        <line num="1163" count="210" type="stmt"/>
        <line num="1165" count="433" type="stmt"/>
        <line num="1166" count="433" type="stmt"/>
        <line num="1169" count="0" type="stmt"/>
        <line num="1170" count="0" type="stmt"/>
        <line num="1173" count="6898" type="stmt"/>
        <line num="1174" count="6898" type="stmt"/>
        <line num="1176" count="7541" type="cond" truecount="2" falsecount="0"/>
        <line num="1177" count="7331" type="stmt"/>
        <line num="1180" count="7540" type="stmt"/>
        <line num="1186" count="7541" type="cond" truecount="2" falsecount="0"/>
        <line num="1187" count="48" type="stmt"/>
        <line num="1188" count="48" type="stmt"/>
        <line num="1190" count="7493" type="stmt"/>
        <line num="1191" count="7493" type="cond" truecount="1" falsecount="1"/>
        <line num="1193" count="7541" type="cond" truecount="2" falsecount="0"/>
        <line num="1194" count="7493" type="cond" truecount="2" falsecount="0"/>
        <line num="1195" count="288" type="stmt"/>
        <line num="1196" count="288" type="stmt"/>
        <line num="1198" count="7205" type="stmt"/>
        <line num="1199" count="7205" type="cond" truecount="1" falsecount="1"/>
        <line num="1201" count="7493" type="cond" truecount="2" falsecount="0"/>
        <line num="1202" count="7205" type="cond" truecount="2" falsecount="0"/>
        <line num="1203" count="307" type="stmt"/>
        <line num="1204" count="307" type="stmt"/>
        <line num="1206" count="6898" type="stmt"/>
        <line num="1207" count="6898" type="cond" truecount="1" falsecount="1"/>
        <line num="1212" count="7541" type="stmt"/>
        <line num="1218" count="7974" type="stmt"/>
        <line num="1219" count="7974" type="stmt"/>
        <line num="1220" count="7973" type="cond" truecount="2" falsecount="0"/>
        <line num="1221" count="4389" type="stmt"/>
        <line num="1222" count="4389" type="cond" truecount="1" falsecount="1"/>
        <line num="1223" count="4389" type="stmt"/>
        <line num="1224" count="4389" type="cond" truecount="2" falsecount="0"/>
        <line num="1225" count="399" type="stmt"/>
        <line num="1226" count="399" type="stmt"/>
        <line num="1227" count="399" type="stmt"/>
        <line num="1229" count="3990" type="stmt"/>
        <line num="1230" count="3990" type="stmt"/>
        <line num="1233" count="0" type="stmt"/>
        <line num="1234" count="0" type="stmt"/>
        <line num="1237" count="3584" type="stmt"/>
        <line num="1238" count="3584" type="stmt"/>
        <line num="1240" count="7973" type="cond" truecount="2" falsecount="0"/>
        <line num="1241" count="7574" type="stmt"/>
        <line num="1244" count="7973" type="stmt"/>
        <line num="1250" count="4389" type="cond" truecount="2" falsecount="0"/>
        <line num="1251" count="103" type="stmt"/>
        <line num="1252" count="103" type="stmt"/>
        <line num="1254" count="4286" type="stmt"/>
        <line num="1255" count="4286" type="cond" truecount="1" falsecount="1"/>
        <line num="1257" count="4389" type="cond" truecount="2" falsecount="0"/>
        <line num="1258" count="4286" type="cond" truecount="2" falsecount="0"/>
        <line num="1259" count="167" type="stmt"/>
        <line num="1260" count="167" type="stmt"/>
        <line num="1262" count="4119" type="stmt"/>
        <line num="1263" count="4119" type="cond" truecount="1" falsecount="1"/>
        <line num="1265" count="4286" type="cond" truecount="2" falsecount="0"/>
        <line num="1266" count="4119" type="cond" truecount="2" falsecount="0"/>
        <line num="1267" count="129" type="stmt"/>
        <line num="1268" count="129" type="stmt"/>
        <line num="1270" count="3990" type="stmt"/>
        <line num="1271" count="3990" type="cond" truecount="1" falsecount="1"/>
        <line num="1276" count="4389" type="stmt"/>
        <line num="1282" count="15548" type="stmt"/>
        <line num="1283" count="15548" type="cond" truecount="2" falsecount="0"/>
        <line num="1284" count="10284" type="stmt"/>
        <line num="1285" count="10283" type="cond" truecount="2" falsecount="0"/>
        <line num="1286" count="10026" type="stmt"/>
        <line num="1287" count="10026" type="cond" truecount="2" falsecount="0"/>
        <line num="1288" count="9886" type="stmt"/>
        <line num="1289" count="9886" type="cond" truecount="2" falsecount="0"/>
        <line num="1290" count="8971" type="stmt"/>
        <line num="1291" count="8971" type="cond" truecount="2" falsecount="0"/>
        <line num="1292" count="8107" type="stmt"/>
        <line num="1293" count="8107" type="cond" truecount="2" falsecount="0"/>
        <line num="1294" count="939" type="stmt"/>
        <line num="1295" count="939" type="stmt"/>
        <line num="1297" count="7168" type="stmt"/>
        <line num="1298" count="7168" type="cond" truecount="1" falsecount="1"/>
        <line num="1300" count="8107" type="cond" truecount="2" falsecount="0"/>
        <line num="1301" count="939" type="stmt"/>
        <line num="1302" count="939" type="cond" truecount="1" falsecount="1"/>
        <line num="1303" count="939" type="stmt"/>
        <line num="1304" count="939" type="cond" truecount="1" falsecount="1"/>
        <line num="1305" count="939" type="stmt"/>
        <line num="1306" count="939" type="cond" truecount="1" falsecount="1"/>
        <line num="1307" count="939" type="cond" truecount="1" falsecount="1"/>
        <line num="1308" count="939" type="stmt"/>
        <line num="1309" count="939" type="stmt"/>
        <line num="1311" count="0" type="stmt"/>
        <line num="1312" count="0" type="cond" truecount="0" falsecount="2"/>
        <line num="1314" count="939" type="cond" truecount="1" falsecount="1"/>
        <line num="1315" count="939" type="stmt"/>
        <line num="1316" count="939" type="stmt"/>
        <line num="1317" count="939" type="stmt"/>
        <line num="1319" count="0" type="stmt"/>
        <line num="1320" count="0" type="stmt"/>
        <line num="1323" count="0" type="stmt"/>
        <line num="1324" count="0" type="stmt"/>
        <line num="1327" count="0" type="stmt"/>
        <line num="1328" count="0" type="stmt"/>
        <line num="1331" count="0" type="stmt"/>
        <line num="1332" count="0" type="stmt"/>
        <line num="1335" count="7168" type="stmt"/>
        <line num="1336" count="7168" type="stmt"/>
        <line num="1344" count="15547" type="stmt"/>
        <line num="1350" count="9886" type="stmt"/>
        <line num="1351" count="9886" type="stmt"/>
        <line num="1352" count="9886" type="cond" truecount="2" falsecount="0"/>
        <line num="1353" count="1309" type="stmt"/>
        <line num="1354" count="1309" type="stmt"/>
        <line num="1355" count="1309" type="stmt"/>
        <line num="1356" count="1309" type="stmt"/>
        <line num="1357" count="1309" type="cond" truecount="1" falsecount="1"/>
        <line num="1358" count="1309" type="stmt"/>
        <line num="1359" count="1309" type="stmt"/>
        <line num="1360" count="1309" type="cond" truecount="2" falsecount="0"/>
        <line num="1361" count="146" type="stmt"/>
        <line num="1362" count="146" type="cond" truecount="1" falsecount="1"/>
        <line num="1363" count="146" type="stmt"/>
        <line num="1364" count="146" type="stmt"/>
        <line num="1366" count="0" type="stmt"/>
        <line num="1367" count="0" type="stmt"/>
        <line num="1370" count="1163" type="stmt"/>
        <line num="1371" count="1163" type="stmt"/>
        <line num="1373" count="1309" type="cond" truecount="2" falsecount="0"/>
        <line num="1374" count="1163" type="stmt"/>
        <line num="1376" count="1309" type="cond" truecount="1" falsecount="1"/>
        <line num="1377" count="1309" type="cond" truecount="2" falsecount="0"/>
        <line num="1378" count="394" type="stmt"/>
        <line num="1379" count="394" type="stmt"/>
        <line num="1381" count="915" type="stmt"/>
        <line num="1382" count="915" type="cond" truecount="1" falsecount="1"/>
        <line num="1384" count="1309" type="cond" truecount="2" falsecount="0"/>
        <line num="1385" count="394" type="stmt"/>
        <line num="1386" count="394" type="stmt"/>
        <line num="1388" count="915" type="stmt"/>
        <line num="1389" count="915" type="stmt"/>
        <line num="1392" count="0" type="stmt"/>
        <line num="1393" count="0" type="stmt"/>
        <line num="1396" count="0" type="stmt"/>
        <line num="1397" count="0" type="stmt"/>
        <line num="1399" count="1309" type="stmt"/>
        <line num="1400" count="1309" type="cond" truecount="2" falsecount="0"/>
        <line num="1401" count="915" type="stmt"/>
        <line num="1403" count="394" type="stmt"/>
        <line num="1404" count="394" type="stmt"/>
        <line num="1406" count="1309" type="cond" truecount="2" falsecount="0"/>
        <line num="1407" count="915" type="stmt"/>
        <line num="1408" count="915" type="stmt"/>
        <line num="1409" count="915" type="stmt"/>
        <line num="1411" count="394" type="stmt"/>
        <line num="1412" count="394" type="stmt"/>
        <line num="1415" count="8577" type="stmt"/>
        <line num="1416" count="8577" type="stmt"/>
        <line num="1419" count="9886" type="stmt"/>
        <line num="1425" count="8971" type="stmt"/>
        <line num="1426" count="8971" type="stmt"/>
        <line num="1427" count="8971" type="cond" truecount="2" falsecount="0"/>
        <line num="1428" count="864" type="stmt"/>
        <line num="1429" count="864" type="cond" truecount="1" falsecount="1"/>
        <line num="1430" count="864" type="stmt"/>
        <line num="1431" count="864" type="cond" truecount="1" falsecount="1"/>
        <line num="1432" count="864" type="stmt"/>
        <line num="1433" count="864" type="stmt"/>
        <line num="1434" count="864" type="stmt"/>
        <line num="1436" count="0" type="stmt"/>
        <line num="1437" count="0" type="stmt"/>
        <line num="1440" count="0" type="stmt"/>
        <line num="1441" count="0" type="stmt"/>
        <line num="1444" count="8107" type="stmt"/>
        <line num="1445" count="8107" type="stmt"/>
        <line num="1448" count="8971" type="stmt"/>
        <line num="1454" count="8971" type="cond" truecount="2" falsecount="0"/>
        <line num="1455" count="432" type="stmt"/>
        <line num="1456" count="432" type="stmt"/>
        <line num="1458" count="8539" type="stmt"/>
        <line num="1459" count="8539" type="cond" truecount="1" falsecount="1"/>
        <line num="1461" count="8971" type="cond" truecount="2" falsecount="0"/>
        <line num="1462" count="8539" type="cond" truecount="2" falsecount="0"/>
        <line num="1463" count="432" type="stmt"/>
        <line num="1464" count="432" type="stmt"/>
        <line num="1466" count="8107" type="stmt"/>
        <line num="1467" count="8107" type="cond" truecount="1" falsecount="1"/>
        <line num="1471" count="8971" type="stmt"/>
        <line num="1477" count="37333" type="cond" truecount="2" falsecount="0"/>
        <line num="1478" count="37320" type="stmt"/>
        <line num="1479" count="37320" type="stmt"/>
        <line num="1481" count="13" type="stmt"/>
        <line num="1482" count="13" type="cond" truecount="1" falsecount="1"/>
        <line num="1485" count="37333" type="stmt"/>
        <line num="1491" count="47398" type="stmt"/>
        <line num="1492" count="47398" type="cond" truecount="2" falsecount="0"/>
        <line num="1493" count="1" type="stmt"/>
        <line num="1494" count="1" type="stmt"/>
        <line num="1496" count="47397" type="stmt"/>
        <line num="1497" count="47397" type="cond" truecount="1" falsecount="1"/>
        <line num="1499" count="47398" type="cond" truecount="2" falsecount="0"/>
        <line num="1500" count="47397" type="cond" truecount="2" falsecount="0"/>
        <line num="1501" count="1" type="stmt"/>
        <line num="1502" count="1" type="stmt"/>
        <line num="1504" count="47396" type="stmt"/>
        <line num="1505" count="47396" type="cond" truecount="1" falsecount="1"/>
        <line num="1507" count="47397" type="cond" truecount="2" falsecount="0"/>
        <line num="1508" count="47396" type="cond" truecount="2" falsecount="0"/>
        <line num="1509" count="1" type="stmt"/>
        <line num="1510" count="1" type="stmt"/>
        <line num="1512" count="47395" type="stmt"/>
        <line num="1513" count="47395" type="cond" truecount="1" falsecount="1"/>
        <line num="1515" count="47396" type="cond" truecount="2" falsecount="0"/>
        <line num="1516" count="47395" type="cond" truecount="2" falsecount="0"/>
        <line num="1517" count="10645" type="stmt"/>
        <line num="1518" count="10645" type="stmt"/>
        <line num="1520" count="36750" type="stmt"/>
        <line num="1521" count="36750" type="cond" truecount="1" falsecount="1"/>
        <line num="1523" count="47395" type="cond" truecount="2" falsecount="0"/>
        <line num="1524" count="36750" type="cond" truecount="2" falsecount="0"/>
        <line num="1525" count="1" type="stmt"/>
        <line num="1526" count="1" type="stmt"/>
        <line num="1528" count="36749" type="stmt"/>
        <line num="1529" count="36749" type="cond" truecount="1" falsecount="1"/>
        <line num="1531" count="36750" type="cond" truecount="2" falsecount="0"/>
        <line num="1532" count="36749" type="cond" truecount="2" falsecount="0"/>
        <line num="1533" count="1" type="stmt"/>
        <line num="1534" count="1" type="stmt"/>
        <line num="1536" count="36748" type="stmt"/>
        <line num="1537" count="36748" type="cond" truecount="1" falsecount="1"/>
        <line num="1539" count="36749" type="cond" truecount="2" falsecount="0"/>
        <line num="1540" count="36748" type="stmt"/>
        <line num="1547" count="47398" type="stmt"/>
        <line num="1548" count="47398" type="cond" truecount="2" falsecount="0"/>
        <line num="1549" count="36747" type="stmt"/>
        <line num="1550" count="36747" type="cond" truecount="2" falsecount="0"/>
        <line num="1553" count="47398" type="stmt"/>
        <line num="1559" count="6636" type="cond" truecount="2" falsecount="0"/>
        <line num="1560" count="42" type="stmt"/>
        <line num="1561" count="42" type="stmt"/>
        <line num="1563" count="6594" type="stmt"/>
        <line num="1564" count="6594" type="cond" truecount="1" falsecount="1"/>
        <line num="1567" count="6636" type="stmt"/>
        <line num="1573" count="36759" type="stmt"/>
        <line num="1574" count="36759" type="cond" truecount="2" falsecount="0"/>
        <line num="1575" count="1930" type="stmt"/>
        <line num="1576" count="1930" type="stmt"/>
        <line num="1578" count="34829" type="stmt"/>
        <line num="1579" count="34829" type="cond" truecount="1" falsecount="1"/>
        <line num="1581" count="36759" type="cond" truecount="2" falsecount="0"/>
        <line num="1582" count="34829" type="cond" truecount="2" falsecount="0"/>
        <line num="1583" count="65" type="stmt"/>
        <line num="1584" count="65" type="stmt"/>
        <line num="1586" count="34764" type="stmt"/>
        <line num="1587" count="34764" type="cond" truecount="1" falsecount="1"/>
        <line num="1589" count="34829" type="cond" truecount="2" falsecount="0"/>
        <line num="1590" count="34764" type="cond" truecount="2" falsecount="0"/>
        <line num="1591" count="1" type="stmt"/>
        <line num="1592" count="1" type="stmt"/>
        <line num="1594" count="34763" type="stmt"/>
        <line num="1595" count="34763" type="cond" truecount="1" falsecount="1"/>
        <line num="1597" count="34764" type="cond" truecount="2" falsecount="0"/>
        <line num="1598" count="34763" type="cond" truecount="2" falsecount="0"/>
        <line num="1599" count="1" type="stmt"/>
        <line num="1600" count="1" type="stmt"/>
        <line num="1602" count="34762" type="stmt"/>
        <line num="1603" count="34762" type="cond" truecount="1" falsecount="1"/>
        <line num="1605" count="34763" type="cond" truecount="2" falsecount="0"/>
        <line num="1606" count="34762" type="cond" truecount="2" falsecount="0"/>
        <line num="1607" count="1" type="stmt"/>
        <line num="1608" count="1" type="stmt"/>
        <line num="1610" count="34761" type="stmt"/>
        <line num="1611" count="34761" type="cond" truecount="1" falsecount="1"/>
        <line num="1617" count="36759" type="stmt"/>
        <line num="1618" count="36759" type="cond" truecount="2" falsecount="0"/>
        <line num="1619" count="34761" type="stmt"/>
        <line num="1620" count="34761" type="cond" truecount="2" falsecount="0"/>
        <line num="1623" count="36759" type="stmt"/>
        <line num="1629" count="33254" type="stmt"/>
        <line num="1630" count="33254" type="stmt"/>
        <line num="1631" count="33254" type="cond" truecount="2" falsecount="0"/>
        <line num="1632" count="33221" type="stmt"/>
        <line num="1634" count="33254" type="stmt"/>
        <line num="1635" count="33254" type="cond" truecount="2" falsecount="0"/>
        <line num="1636" count="33211" type="stmt"/>
        <line num="1637" count="33211" type="cond" truecount="2" falsecount="0"/>
        <line num="1640" count="33254" type="stmt"/>
        <line num="1646" count="33254" type="stmt"/>
        <line num="1647" count="33254" type="cond" truecount="2" falsecount="0"/>
        <line num="1648" count="33" type="stmt"/>
        <line num="1649" count="33" type="stmt"/>
        <line num="1651" count="33221" type="stmt"/>
        <line num="1652" count="33221" type="cond" truecount="1" falsecount="1"/>
        <line num="1654" count="33254" type="cond" truecount="2" falsecount="0"/>
        <line num="1655" count="33" type="stmt"/>
        <line num="1656" count="33" type="stmt"/>
        <line num="1657" count="33" type="stmt"/>
        <line num="1658" count="33" type="stmt"/>
        <line num="1659" count="33" type="cond" truecount="2" falsecount="0"/>
        <line num="1660" count="8" type="stmt"/>
        <line num="1661" count="8" type="stmt"/>
        <line num="1663" count="25" type="stmt"/>
        <line num="1664" count="25" type="cond" truecount="1" falsecount="1"/>
        <line num="1666" count="33" type="stmt"/>
        <line num="1667" count="33" type="cond" truecount="2" falsecount="0"/>
        <line num="1668" count="25" type="stmt"/>
        <line num="1670" count="8" type="stmt"/>
        <line num="1671" count="8" type="stmt"/>
        <line num="1673" count="33" type="cond" truecount="2" falsecount="0"/>
        <line num="1674" count="25" type="stmt"/>
        <line num="1675" count="25" type="cond" truecount="1" falsecount="1"/>
        <line num="1676" count="25" type="stmt"/>
        <line num="1677" count="25" type="stmt"/>
        <line num="1679" count="0" type="stmt"/>
        <line num="1680" count="0" type="stmt"/>
        <line num="1683" count="8" type="stmt"/>
        <line num="1684" count="8" type="stmt"/>
        <line num="1686" count="33" type="stmt"/>
        <line num="1687" count="93" type="stmt"/>
        <line num="1688" count="93" type="stmt"/>
        <line num="1689" count="93" type="stmt"/>
        <line num="1690" count="93" type="stmt"/>
        <line num="1691" count="93" type="cond" truecount="2" falsecount="0"/>
        <line num="1692" count="25" type="stmt"/>
        <line num="1693" count="25" type="stmt"/>
        <line num="1695" count="68" type="stmt"/>
        <line num="1696" count="68" type="cond" truecount="1" falsecount="1"/>
        <line num="1698" count="93" type="stmt"/>
        <line num="1699" count="93" type="cond" truecount="2" falsecount="0"/>
        <line num="1700" count="68" type="stmt"/>
        <line num="1702" count="25" type="stmt"/>
        <line num="1703" count="25" type="stmt"/>
        <line num="1705" count="93" type="cond" truecount="2" falsecount="0"/>
        <line num="1706" count="68" type="stmt"/>
        <line num="1707" count="68" type="cond" truecount="1" falsecount="1"/>
        <line num="1708" count="68" type="stmt"/>
        <line num="1709" count="68" type="stmt"/>
        <line num="1711" count="0" type="stmt"/>
        <line num="1712" count="0" type="stmt"/>
        <line num="1715" count="25" type="stmt"/>
        <line num="1716" count="25" type="stmt"/>
        <line num="1719" count="33" type="cond" truecount="1" falsecount="1"/>
        <line num="1720" count="33" type="cond" truecount="1" falsecount="1"/>
        <line num="1721" count="33" type="stmt"/>
        <line num="1722" count="33" type="stmt"/>
        <line num="1724" count="0" type="stmt"/>
        <line num="1725" count="0" type="cond" truecount="0" falsecount="2"/>
        <line num="1727" count="33" type="cond" truecount="1" falsecount="1"/>
        <line num="1728" count="33" type="stmt"/>
        <line num="1729" count="33" type="stmt"/>
        <line num="1731" count="0" type="stmt"/>
        <line num="1732" count="0" type="stmt"/>
        <line num="1735" count="0" type="stmt"/>
        <line num="1736" count="0" type="stmt"/>
        <line num="1739" count="33221" type="stmt"/>
        <line num="1740" count="33221" type="stmt"/>
        <line num="1743" count="33254" type="stmt"/>
        <line num="1749" count="1911" type="stmt"/>
        <line num="1750" count="1911" type="cond" truecount="2" falsecount="0"/>
        <line num="1751" count="5" type="stmt"/>
        <line num="1752" count="5" type="stmt"/>
        <line num="1754" count="1906" type="stmt"/>
        <line num="1755" count="1906" type="cond" truecount="1" falsecount="1"/>
        <line num="1757" count="1911" type="cond" truecount="2" falsecount="0"/>
        <line num="1758" count="5" type="stmt"/>
        <line num="1759" count="5" type="stmt"/>
        <line num="1760" count="5" type="stmt"/>
        <line num="1761" count="5" type="stmt"/>
        <line num="1762" count="5" type="cond" truecount="2" falsecount="0"/>
        <line num="1763" count="1" type="stmt"/>
        <line num="1764" count="1" type="stmt"/>
        <line num="1766" count="4" type="stmt"/>
        <line num="1767" count="4" type="cond" truecount="1" falsecount="1"/>
        <line num="1769" count="5" type="cond" truecount="2" falsecount="0"/>
        <line num="1770" count="4" type="stmt"/>
        <line num="1772" count="5" type="stmt"/>
        <line num="1773" count="5" type="cond" truecount="2" falsecount="0"/>
        <line num="1774" count="3" type="stmt"/>
        <line num="1776" count="2" type="stmt"/>
        <line num="1777" count="2" type="stmt"/>
        <line num="1779" count="5" type="cond" truecount="2" falsecount="0"/>
        <line num="1780" count="3" type="stmt"/>
        <line num="1781" count="3" type="cond" truecount="1" falsecount="1"/>
        <line num="1782" count="3" type="stmt"/>
        <line num="1783" count="3" type="stmt"/>
        <line num="1785" count="0" type="stmt"/>
        <line num="1786" count="0" type="stmt"/>
        <line num="1789" count="2" type="stmt"/>
        <line num="1790" count="2" type="stmt"/>
        <line num="1792" count="5" type="stmt"/>
        <line num="1793" count="13" type="stmt"/>
        <line num="1794" count="13" type="stmt"/>
        <line num="1795" count="13" type="stmt"/>
        <line num="1796" count="13" type="stmt"/>
        <line num="1797" count="13" type="cond" truecount="2" falsecount="0"/>
        <line num="1798" count="3" type="stmt"/>
        <line num="1799" count="3" type="stmt"/>
        <line num="1801" count="10" type="stmt"/>
        <line num="1802" count="10" type="cond" truecount="1" falsecount="1"/>
        <line num="1804" count="13" type="cond" truecount="2" falsecount="0"/>
        <line num="1805" count="10" type="stmt"/>
        <line num="1807" count="13" type="stmt"/>
        <line num="1808" count="13" type="cond" truecount="2" falsecount="0"/>
        <line num="1809" count="10" type="stmt"/>
        <line num="1811" count="3" type="stmt"/>
        <line num="1812" count="3" type="stmt"/>
        <line num="1814" count="13" type="cond" truecount="2" falsecount="0"/>
        <line num="1815" count="10" type="stmt"/>
        <line num="1816" count="10" type="cond" truecount="1" falsecount="1"/>
        <line num="1817" count="10" type="stmt"/>
        <line num="1818" count="10" type="stmt"/>
        <line num="1820" count="0" type="stmt"/>
        <line num="1821" count="0" type="stmt"/>
        <line num="1824" count="3" type="stmt"/>
        <line num="1825" count="3" type="stmt"/>
        <line num="1828" count="5" type="cond" truecount="1" falsecount="1"/>
        <line num="1829" count="5" type="cond" truecount="2" falsecount="0"/>
        <line num="1830" count="4" type="stmt"/>
        <line num="1831" count="4" type="stmt"/>
        <line num="1833" count="1" type="stmt"/>
        <line num="1834" count="1" type="cond" truecount="1" falsecount="1"/>
        <line num="1836" count="5" type="cond" truecount="2" falsecount="0"/>
        <line num="1837" count="4" type="stmt"/>
        <line num="1838" count="4" type="stmt"/>
        <line num="1840" count="1" type="stmt"/>
        <line num="1841" count="1" type="stmt"/>
        <line num="1844" count="0" type="stmt"/>
        <line num="1845" count="0" type="stmt"/>
        <line num="1848" count="1906" type="stmt"/>
        <line num="1849" count="1906" type="stmt"/>
        <line num="1852" count="1911" type="stmt"/>
        <line num="1858" count="35128" type="stmt"/>
        <line num="1859" count="35128" type="cond" truecount="2" falsecount="0"/>
        <line num="1860" count="11" type="stmt"/>
        <line num="1861" count="11" type="stmt"/>
        <line num="1863" count="35117" type="stmt"/>
        <line num="1864" count="35117" type="cond" truecount="2" falsecount="0"/>
        <line num="1866" count="35128" type="cond" truecount="2" falsecount="0"/>
        <line num="1867" count="11" type="stmt"/>
        <line num="1868" count="11" type="stmt"/>
        <line num="1869" count="11" type="stmt"/>
        <line num="1870" count="11" type="stmt"/>
        <line num="1871" count="11" type="stmt"/>
        <line num="1872" count="11" type="stmt"/>
        <line num="1873" count="11" type="cond" truecount="2" falsecount="0"/>
        <line num="1874" count="9" type="stmt"/>
        <line num="1876" count="2" type="stmt"/>
        <line num="1877" count="2" type="stmt"/>
        <line num="1879" count="11" type="cond" truecount="2" falsecount="0"/>
        <line num="1880" count="9" type="stmt"/>
        <line num="1881" count="9" type="cond" truecount="1" falsecount="1"/>
        <line num="1882" count="9" type="stmt"/>
        <line num="1883" count="9" type="stmt"/>
        <line num="1885" count="0" type="stmt"/>
        <line num="1886" count="0" type="stmt"/>
        <line num="1889" count="2" type="stmt"/>
        <line num="1890" count="2" type="stmt"/>
        <line num="1892" count="11" type="stmt"/>
        <line num="1893" count="60" type="stmt"/>
        <line num="1894" count="60" type="stmt"/>
        <line num="1895" count="60" type="stmt"/>
        <line num="1896" count="60" type="stmt"/>
        <line num="1897" count="60" type="stmt"/>
        <line num="1898" count="60" type="stmt"/>
        <line num="1899" count="60" type="cond" truecount="2" falsecount="0"/>
        <line num="1900" count="51" type="stmt"/>
        <line num="1902" count="9" type="stmt"/>
        <line num="1903" count="9" type="stmt"/>
        <line num="1905" count="60" type="cond" truecount="2" falsecount="0"/>
        <line num="1906" count="51" type="stmt"/>
        <line num="1907" count="51" type="cond" truecount="1" falsecount="1"/>
        <line num="1908" count="51" type="stmt"/>
        <line num="1909" count="51" type="stmt"/>
        <line num="1911" count="0" type="stmt"/>
        <line num="1912" count="0" type="stmt"/>
        <line num="1915" count="9" type="stmt"/>
        <line num="1916" count="9" type="stmt"/>
        <line num="1919" count="11" type="cond" truecount="1" falsecount="1"/>
        <line num="1920" count="11" type="stmt"/>
        <line num="1921" count="11" type="stmt"/>
        <line num="1923" count="0" type="stmt"/>
        <line num="1924" count="0" type="stmt"/>
        <line num="1927" count="35117" type="stmt"/>
        <line num="1928" count="35117" type="stmt"/>
        <line num="1931" count="35128" type="stmt"/>
        <line num="1937" count="7541" type="stmt"/>
        <line num="1938" count="7541" type="stmt"/>
        <line num="1939" count="7541" type="stmt"/>
        <line num="1940" count="7541" type="stmt"/>
        <line num="1941" count="7541" type="stmt"/>
        <line num="1942" count="7541" type="cond" truecount="1" falsecount="1"/>
        <line num="1943" count="7541" type="stmt"/>
        <line num="1945" count="0" type="stmt"/>
        <line num="1946" count="0" type="stmt"/>
        <line num="1948" count="7541" type="cond" truecount="1" falsecount="1"/>
        <line num="1949" count="7541" type="stmt"/>
        <line num="1950" count="7541" type="cond" truecount="2" falsecount="0"/>
        <line num="1951" count="1516" type="stmt"/>
        <line num="1952" count="1516" type="stmt"/>
        <line num="1953" count="1516" type="stmt"/>
        <line num="1955" count="6025" type="stmt"/>
        <line num="1956" count="6025" type="stmt"/>
        <line num="1959" count="0" type="stmt"/>
        <line num="1960" count="0" type="stmt"/>
        <line num="1963" count="7541" type="stmt"/>
        <line num="1969" count="20752" type="stmt"/>
        <line num="1970" count="20752" type="stmt"/>
        <line num="1971" count="20752" type="stmt"/>
        <line num="1972" count="20752" type="cond" truecount="2" falsecount="0"/>
        <line num="1973" count="4644" type="stmt"/>
        <line num="1974" count="4644" type="stmt"/>
        <line num="1975" count="4644" type="stmt"/>
        <line num="1976" count="11347" type="stmt"/>
        <line num="1977" count="11347" type="stmt"/>
        <line num="1979" count="4644" type="cond" truecount="1" falsecount="1"/>
        <line num="1980" count="4644" type="stmt"/>
        <line num="1981" count="4644" type="stmt"/>
        <line num="1982" count="4644" type="stmt"/>
        <line num="1984" count="0" type="stmt"/>
        <line num="1985" count="0" type="stmt"/>
        <line num="1988" count="16108" type="stmt"/>
        <line num="1989" count="16108" type="stmt"/>
        <line num="1991" count="20752" type="stmt"/>
        <line num="1992" count="20752" type="cond" truecount="2" falsecount="0"/>
        <line num="1993" count="16108" type="stmt"/>
        <line num="1994" count="16108" type="cond" truecount="1" falsecount="1"/>
        <line num="1997" count="20752" type="stmt"/>
        <line num="2003" count="36743" type="stmt"/>
        <line num="2004" count="36743" type="cond" truecount="2" falsecount="0"/>
        <line num="2005" count="20823" type="cond" truecount="2" falsecount="0"/>
        <line num="2006" count="50" type="stmt"/>
        <line num="2007" count="50" type="stmt"/>
        <line num="2009" count="20773" type="stmt"/>
        <line num="2010" count="20773" type="cond" truecount="1" falsecount="1"/>
        <line num="2012" count="20823" type="cond" truecount="2" falsecount="0"/>
        <line num="2013" count="20773" type="cond" truecount="2" falsecount="0"/>
        <line num="2014" count="3" type="stmt"/>
        <line num="2015" count="3" type="stmt"/>
        <line num="2017" count="20770" type="stmt"/>
        <line num="2018" count="20770" type="cond" truecount="1" falsecount="1"/>
        <line num="2020" count="20773" type="cond" truecount="2" falsecount="0"/>
        <line num="2021" count="20770" type="stmt"/>
        <line num="2022" count="20770" type="cond" truecount="2" falsecount="0"/>
        <line num="2023" count="3" type="stmt"/>
        <line num="2024" count="3" type="stmt"/>
        <line num="2026" count="20767" type="stmt"/>
        <line num="2027" count="20767" type="cond" truecount="1" falsecount="1"/>
        <line num="2029" count="20770" type="cond" truecount="2" falsecount="0"/>
        <line num="2030" count="3" type="stmt"/>
        <line num="2031" count="3" type="cond" truecount="1" falsecount="1"/>
        <line num="2032" count="3" type="stmt"/>
        <line num="2033" count="3" type="stmt"/>
        <line num="2034" count="3" type="stmt"/>
        <line num="2036" count="0" type="stmt"/>
        <line num="2037" count="0" type="stmt"/>
        <line num="2040" count="20767" type="stmt"/>
        <line num="2041" count="20767" type="stmt"/>
        <line num="2047" count="36743" type="stmt"/>
        <line num="2053" count="15991" type="stmt"/>
        <line num="2054" count="15991" type="cond" truecount="2" falsecount="0"/>
        <line num="2055" count="4659" type="stmt"/>
        <line num="2056" count="4659" type="cond" truecount="2" falsecount="0"/>
        <line num="2057" count="4656" type="stmt"/>
        <line num="2058" count="4656" type="cond" truecount="2" falsecount="0"/>
        <line num="2059" count="4653" type="stmt"/>
        <line num="2060" count="4653" type="cond" truecount="2" falsecount="0"/>
        <line num="2061" count="4650" type="cond" truecount="2" falsecount="0"/>
        <line num="2062" count="3" type="stmt"/>
        <line num="2063" count="3" type="stmt"/>
        <line num="2065" count="4647" type="stmt"/>
        <line num="2066" count="4647" type="cond" truecount="1" falsecount="1"/>
        <line num="2068" count="4650" type="cond" truecount="2" falsecount="0"/>
        <line num="2069" count="4647" type="cond" truecount="2" falsecount="0"/>
        <line num="2070" count="3" type="stmt"/>
        <line num="2071" count="3" type="stmt"/>
        <line num="2073" count="4644" type="stmt"/>
        <line num="2074" count="4644" type="cond" truecount="1" falsecount="1"/>
        <line num="2082" count="15991" type="stmt"/>
        <line num="2088" count="36743" type="stmt"/>
        <line num="2089" count="36743" type="cond" truecount="2" falsecount="0"/>
        <line num="2090" count="36239" type="stmt"/>
        <line num="2091" count="36239" type="cond" truecount="2" falsecount="0"/>
        <line num="2092" count="20823" type="stmt"/>
        <line num="2093" count="20823" type="cond" truecount="1" falsecount="1"/>
        <line num="2094" count="20823" type="stmt"/>
        <line num="2095" count="20823" type="cond" truecount="1" falsecount="1"/>
        <line num="2096" count="20823" type="stmt"/>
        <line num="2097" count="20823" type="cond" truecount="1" falsecount="1"/>
        <line num="2098" count="20823" type="stmt"/>
        <line num="2105" count="36743" type="stmt"/>
        <line num="2111" count="4659" type="stmt"/>
        <line num="2112" count="4659" type="cond" truecount="2" falsecount="0"/>
        <line num="2113" count="4656" type="stmt"/>
        <line num="2116" count="4659" type="stmt"/>
        <line num="2122" count="7541" type="stmt"/>
        <line num="2123" count="7541" type="cond" truecount="1" falsecount="1"/>
        <line num="2124" count="7541" type="stmt"/>
        <line num="2125" count="7541" type="cond" truecount="1" falsecount="1"/>
        <line num="2126" count="7541" type="stmt"/>
        <line num="2127" count="7541" type="cond" truecount="1" falsecount="1"/>
        <line num="2128" count="7541" type="stmt"/>
        <line num="2133" count="7541" type="stmt"/>
        <line num="2139" count="7541" type="stmt"/>
        <line num="2140" count="7541" type="cond" truecount="1" falsecount="1"/>
        <line num="2141" count="7541" type="stmt"/>
        <line num="2142" count="7541" type="cond" truecount="1" falsecount="1"/>
        <line num="2143" count="7541" type="stmt"/>
        <line num="2144" count="7541" type="cond" truecount="1" falsecount="1"/>
        <line num="2145" count="7541" type="stmt"/>
        <line num="2146" count="7541" type="cond" truecount="1" falsecount="1"/>
        <line num="2147" count="7541" type="stmt"/>
        <line num="2148" count="7541" type="cond" truecount="1" falsecount="1"/>
        <line num="2149" count="7541" type="stmt"/>
        <line num="2150" count="7541" type="cond" truecount="1" falsecount="1"/>
        <line num="2151" count="7541" type="stmt"/>
        <line num="2152" count="7541" type="cond" truecount="1" falsecount="1"/>
        <line num="2153" count="7541" type="stmt"/>
        <line num="2154" count="7541" type="cond" truecount="1" falsecount="1"/>
        <line num="2155" count="7541" type="stmt"/>
        <line num="2156" count="7541" type="cond" truecount="1" falsecount="1"/>
        <line num="2157" count="7541" type="stmt"/>
        <line num="2158" count="7541" type="cond" truecount="1" falsecount="1"/>
        <line num="2159" count="7541" type="stmt"/>
        <line num="2160" count="7541" type="cond" truecount="1" falsecount="1"/>
        <line num="2161" count="7541" type="stmt"/>
        <line num="2162" count="7541" type="cond" truecount="1" falsecount="1"/>
        <line num="2163" count="7541" type="stmt"/>
        <line num="2164" count="7541" type="cond" truecount="1" falsecount="1"/>
        <line num="2165" count="7541" type="stmt"/>
        <line num="2166" count="7541" type="cond" truecount="1" falsecount="1"/>
        <line num="2167" count="7541" type="stmt"/>
        <line num="2168" count="7541" type="cond" truecount="1" falsecount="1"/>
        <line num="2169" count="7541" type="stmt"/>
        <line num="2170" count="7541" type="cond" truecount="1" falsecount="1"/>
        <line num="2171" count="7541" type="stmt"/>
        <line num="2172" count="7541" type="cond" truecount="1" falsecount="1"/>
        <line num="2173" count="7541" type="stmt"/>
        <line num="2174" count="7541" type="cond" truecount="1" falsecount="1"/>
        <line num="2175" count="7541" type="stmt"/>
        <line num="2176" count="7541" type="cond" truecount="1" falsecount="1"/>
        <line num="2177" count="7541" type="stmt"/>
        <line num="2178" count="7541" type="cond" truecount="1" falsecount="1"/>
        <line num="2179" count="7541" type="stmt"/>
        <line num="2180" count="7541" type="cond" truecount="1" falsecount="1"/>
        <line num="2181" count="7541" type="stmt"/>
        <line num="2182" count="7541" type="cond" truecount="1" falsecount="1"/>
        <line num="2183" count="7541" type="stmt"/>
        <line num="2184" count="7541" type="cond" truecount="1" falsecount="1"/>
        <line num="2185" count="7541" type="stmt"/>
        <line num="2186" count="7541" type="cond" truecount="1" falsecount="1"/>
        <line num="2187" count="7541" type="stmt"/>
        <line num="2188" count="7541" type="cond" truecount="1" falsecount="1"/>
        <line num="2189" count="7541" type="stmt"/>
        <line num="2216" count="7541" type="stmt"/>
        <line num="2222" count="7541" type="stmt"/>
        <line num="2223" count="7541" type="cond" truecount="1" falsecount="1"/>
        <line num="2224" count="7541" type="stmt"/>
        <line num="2225" count="7541" type="cond" truecount="1" falsecount="1"/>
        <line num="2226" count="7541" type="stmt"/>
        <line num="2227" count="7541" type="cond" truecount="1" falsecount="1"/>
        <line num="2228" count="7541" type="stmt"/>
        <line num="2229" count="7541" type="cond" truecount="1" falsecount="1"/>
        <line num="2230" count="7541" type="stmt"/>
        <line num="2231" count="7541" type="cond" truecount="1" falsecount="1"/>
        <line num="2232" count="7541" type="stmt"/>
        <line num="2233" count="7541" type="cond" truecount="1" falsecount="1"/>
        <line num="2234" count="7541" type="stmt"/>
        <line num="2242" count="7541" type="stmt"/>
        <line num="2248" count="7541" type="stmt"/>
        <line num="2249" count="7541" type="cond" truecount="1" falsecount="1"/>
        <line num="2250" count="7541" type="stmt"/>
        <line num="2253" count="7541" type="stmt"/>
        <line num="2259" count="15548" type="stmt"/>
        <line num="2260" count="15548" type="stmt"/>
        <line num="2261" count="15548" type="stmt"/>
        <line num="2262" count="15548" type="cond" truecount="2" falsecount="0"/>
        <line num="2263" count="5264" type="cond" truecount="2" falsecount="0"/>
        <line num="2264" count="22" type="stmt"/>
        <line num="2265" count="22" type="stmt"/>
        <line num="2267" count="5242" type="stmt"/>
        <line num="2268" count="5242" type="cond" truecount="1" falsecount="1"/>
        <line num="2270" count="5264" type="cond" truecount="2" falsecount="0"/>
        <line num="2271" count="5242" type="stmt"/>
        <line num="2273" count="5264" type="cond" truecount="1" falsecount="1"/>
        <line num="2274" count="5264" type="stmt"/>
        <line num="2275" count="5264" type="stmt"/>
[...]
        <line num="471" count="2468" type="stmt"/>
        <line num="472" count="2468" type="stmt"/>
        <line num="474" count="2468" type="cond" truecount="1" falsecount="1"/>
        <line num="475" count="0" type="stmt"/>
        <line num="481" count="2826" type="stmt"/>
        <line num="482" count="2826" type="stmt"/>
        <line num="483" count="2826" type="cond" truecount="2" falsecount="0"/>
        <line num="484" count="2468" type="stmt"/>
        <line num="485" count="2468" type="stmt"/>
        <line num="487" count="2826" type="stmt"/>
        <line num="491" count="153" type="stmt"/>
        <line num="492" count="153" type="stmt"/>
        <line num="493" count="153" type="stmt"/>
        <line num="495" count="153" type="stmt"/>
        <line num="496" count="153" type="stmt"/>
        <line num="497" count="153" type="stmt"/>
        <line num="498" count="153" type="stmt"/>
        <line num="500" count="153" type="cond" truecount="1" falsecount="1"/>
        <line num="501" count="0" type="stmt"/>
        <line num="504" count="153" type="stmt"/>
        <line num="505" count="153" type="stmt"/>
        <line num="506" count="153" type="stmt"/>
        <line num="510" count="390" type="stmt"/>
        <line num="511" count="390" type="stmt"/>
        <line num="513" count="390" type="stmt"/>
        <line num="515" count="132" type="stmt"/>
        <line num="518" count="390" type="stmt"/>
        <line num="519" count="390" type="stmt"/>
        <line num="520" count="390" type="stmt"/>
        <line num="523" count="6212" type="stmt"/>
        <line num="524" count="13292" type="cond" truecount="30" falsecount="1"/>
        <line num="526" count="12" type="stmt"/>
        <line num="527" count="12" type="stmt"/>
        <line num="528" count="12" type="stmt"/>
        <line num="531" count="684" type="stmt"/>
        <line num="532" count="684" type="stmt"/>
        <line num="533" count="684" type="stmt"/>
        <line num="536" count="256" type="stmt"/>
        <line num="537" count="256" type="stmt"/>
        <line num="538" count="256" type="stmt"/>
        <line num="541" count="44" type="stmt"/>
        <line num="542" count="44" type="stmt"/>
        <line num="543" count="44" type="stmt"/>
        <line num="546" count="1328" type="stmt"/>
        <line num="547" count="1328" type="stmt"/>
        <line num="548" count="1328" type="stmt"/>
        <line num="551" count="153" type="stmt"/>
        <line num="552" count="153" type="stmt"/>
        <line num="553" count="153" type="stmt"/>
        <line num="556" count="1575" type="stmt"/>
        <line num="557" count="1575" type="stmt"/>
        <line num="558" count="1575" type="stmt"/>
        <line num="561" count="1052" type="stmt"/>
        <line num="562" count="1052" type="stmt"/>
        <line num="563" count="1052" type="stmt"/>
        <line num="566" count="538" type="stmt"/>
        <line num="567" count="538" type="stmt"/>
        <line num="568" count="538" type="stmt"/>
        <line num="571" count="612" type="stmt"/>
        <line num="572" count="612" type="stmt"/>
        <line num="573" count="612" type="stmt"/>
        <line num="574" count="612" type="stmt"/>
        <line num="575" count="612" type="stmt"/>
        <line num="578" count="153" type="stmt"/>
        <line num="579" count="153" type="stmt"/>
        <line num="580" count="153" type="stmt"/>
        <line num="581" count="153" type="stmt"/>
        <line num="584" count="386" type="stmt"/>
        <line num="587" count="386" type="stmt"/>
        <line num="588" count="386" type="stmt"/>
        <line num="591" count="20" type="stmt"/>
        <line num="594" count="20" type="stmt"/>
        <line num="595" count="20" type="stmt"/>
        <line num="598" count="184" type="stmt"/>
        <line num="599" count="184" type="stmt"/>
        <line num="602" count="248" type="stmt"/>
        <line num="603" count="248" type="stmt"/>
        <line num="606" count="1274" type="stmt"/>
        <line num="607" count="1274" type="stmt"/>
        <line num="610" count="153" type="stmt"/>
        <line num="611" count="153" type="stmt"/>
        <line num="614" count="34" type="stmt"/>
        <line num="615" count="34" type="stmt"/>
        <line num="618" count="1022" type="stmt"/>
        <line num="628" count="1022" type="stmt"/>
        <line num="631" count="4" type="stmt"/>
        <line num="638" count="4" type="stmt"/>
        <line num="641" count="60" type="stmt"/>
        <line num="645" count="60" type="stmt"/>
        <line num="648" count="98" type="stmt"/>
        <line num="653" count="98" type="stmt"/>
        <line num="658" count="98" type="stmt"/>
        <line num="659" count="98" type="stmt"/>
        <line num="662" count="1022" type="stmt"/>
        <line num="663" count="1022" type="stmt"/>
        <line num="668" count="1022" type="stmt"/>
        <line num="669" count="1022" type="stmt"/>
        <line num="672" count="1136" type="stmt"/>
        <line num="673" count="1136" type="stmt"/>
        <line num="674" count="1136" type="stmt"/>
        <line num="675" count="1136" type="stmt"/>
        <line num="678" count="206" type="stmt"/>
        <line num="679" count="206" type="stmt"/>
        <line num="680" count="206" type="stmt"/>
        <line num="683" count="184" type="stmt"/>
        <line num="684" count="184" type="stmt"/>
        <line num="685" count="184" type="stmt"/>
        <line num="688" count="390" type="stmt"/>
        <line num="689" count="390" type="stmt"/>
        <line num="692" count="288" type="stmt"/>
        <line num="693" count="288" type="stmt"/>
        <line num="694" count="288" type="stmt"/>
        <line num="697" count="88" type="stmt"/>
        <line num="698" count="88" type="stmt"/>
        <line num="699" count="88" type="stmt"/>
        <line num="702" count="88" type="stmt"/>
        <line num="703" count="88" type="stmt"/>
        <line num="704" count="88" type="stmt"/>
        <line num="707" count="0" type="stmt"/>
        <line num="711" count="6212" type="stmt"/>
        <line num="714" count="765" type="stmt"/>
        <line num="716" count="765" type="stmt"/>
        <line num="718" count="765" type="cond" truecount="2" falsecount="0"/>
        <line num="719" count="352" type="stmt"/>
        <line num="722" count="765" type="stmt"/>
        <line num="723" count="1850" type="stmt"/>
        <line num="726" count="765" type="stmt"/>
        <line num="728" count="765" type="stmt"/>
        <line num="732" count="765" type="stmt"/>
        <line num="733" count="765" type="stmt"/>
        <line num="738" count="765" type="stmt"/>
        <line num="740" count="765" type="stmt"/>
        <line num="744" count="1210" type="stmt"/>
        <line num="746" count="1210" type="cond" truecount="1" falsecount="1"/>
        <line num="747" count="0" type="stmt"/>
        <line num="748" count="0" type="stmt"/>
        <line num="751" count="1210" type="stmt"/>
        <line num="874" count="1210" type="cond" truecount="2" falsecount="0"/>
        <line num="875" count="578" type="stmt"/>
        <line num="932" count="1210" type="stmt"/>
        <line num="940" count="1210" type="cond" truecount="2" falsecount="0"/>
        <line num="941" count="578" type="stmt"/>
        <line num="943" count="579" type="stmt"/>
        <line num="947" count="578" type="stmt"/>
        <line num="949" count="578" type="stmt"/>
        <line num="954" count="632" type="stmt"/>
        <line num="956" count="635" type="stmt"/>
        <line num="959" count="632" type="stmt"/>
        <line num="961" count="632" type="stmt"/>
        <line num="967" count="1210" type="stmt"/>
        <line num="969" count="1210" type="stmt"/>
        <line num="971" count="1210" type="stmt"/>
        <line num="982" count="1210" type="cond" truecount="2" falsecount="0"/>
        <line num="983" count="577" type="stmt"/>
        <line num="989" count="1210" type="cond" truecount="2" falsecount="0"/>
        <line num="990" count="578" type="cond" truecount="2" falsecount="0"/>
        <line num="991" count="288" type="stmt"/>
        <line num="993" count="348" type="stmt"/>
        <line num="997" count="288" type="stmt"/>
        <line num="1003" count="578" type="stmt"/>
        <line num="1009" count="1210" type="stmt"/>
        <line num="1014" count="1210" type="cond" truecount="2" falsecount="0"/>
        <line num="1015" count="578" type="stmt"/>
        <line num="1025" count="632" type="stmt"/>
        <line num="1036" count="1210" type="stmt"/>
        <line num="1165" count="1210" type="cond" truecount="2" falsecount="0"/>
        <line num="1166" count="578" type="stmt"/>
        <line num="1167" count="578" type="stmt"/>
        <line num="1169" count="632" type="stmt"/>
        <line num="1170" count="765" type="stmt"/>
        <line num="1171" count="765" type="stmt"/>
        <line num="1175" count="1210" type="cond" truecount="2" falsecount="0"/>
        <line num="1176" count="115" type="stmt"/>
        <line num="1177" count="115" type="stmt"/>
        <line num="1180" count="1210" type="cond" truecount="2" falsecount="0"/>
        <line num="1181" count="578" type="stmt"/>
        <line num="1183" count="632" type="stmt"/>
        <line num="1186" count="1210" type="stmt"/>
        <line num="1206" count="1210" type="stmt"/>
        <line num="1211" count="1210" type="stmt"/>
        <line num="1219" count="1210" type="cond" truecount="2" falsecount="0"/>
        <line num="1236" count="0" type="cond" truecount="0" falsecount="2"/>
        <line num="1252" count="1210" type="stmt"/>
        <line num="1254" count="1210" type="stmt"/>
        <line num="1267" count="0" type="stmt"/>
        <line num="1268" count="0" type="stmt"/>
        <line num="1270" count="0" type="stmt"/>
        <line num="1277" count="0" type="cond" truecount="0" falsecount="2"/>
        <line num="1278" count="0" type="stmt"/>
        <line num="1279" count="0" type="stmt"/>
        <line num="1285" count="0" type="stmt"/>
        <line num="1288" count="0" type="stmt"/>
        <line num="1295" count="0" type="stmt"/>
        <line num="1299" count="0" type="stmt"/>
        <line num="1300" count="0" type="stmt"/>
        <line num="1302" count="0" type="stmt"/>
        <line num="1307" count="0" type="cond" truecount="0" falsecount="2"/>
        <line num="1308" count="0" type="stmt"/>
        <line num="1309" count="0" type="stmt"/>
        <line num="1315" count="0" type="stmt"/>
        <line num="1318" count="0" type="stmt"/>
        <line num="1325" count="0" type="stmt"/>
        <line num="1329" count="0" type="stmt"/>
        <line num="1330" count="0" type="stmt"/>
        <line num="1331" count="0" type="stmt"/>
        <line num="1333" count="0" type="stmt"/>
        <line num="1336" count="0" type="stmt"/>
        <line num="1338" count="0" type="stmt"/>
        <line num="1352" count="0" type="stmt"/>
        <line num="1366" count="0" type="stmt"/>
        <line num="1367" count="0" type="stmt"/>
        <line num="1368" count="0" type="stmt"/>
        <line num="1369" count="0" type="stmt"/>
        <line num="1371" count="0" type="stmt"/>
        <line num="1374" count="0" type="stmt"/>
        <line num="1375" count="0" type="stmt"/>
        <line num="1377" count="0" type="stmt"/>
        <line num="1379" count="0" type="stmt"/>
        <line num="1388" count="0" type="cond" truecount="0" falsecount="2"/>
        <line num="1389" count="0" type="stmt"/>
        <line num="1395" count="0" type="stmt"/>
        <line num="1407" count="0" type="stmt"/>
        <line num="1411" count="1210" type="stmt"/>
        <line num="1414" count="1210" type="stmt"/>
        <line num="1417" count="4" type="stmt"/>
      </file>
      <file name="remove-proxy-rules.js" path="C:\Users\john\projects\peggy\lib\compiler\passes\remove-proxy-rules.js">
        <metrics statements="15" coveredstatements="15" conditionals="8" coveredconditionals="8" methods="6" coveredmethods="6"/>
        <line num="3" count="5" type="stmt"/>
        <line num="8" count="1474" type="cond" truecount="2" falsecount="0"/>
        <line num="12" count="28" type="stmt"/>
        <line num="14" count="72" type="cond" truecount="2" falsecount="0"/>
        <line num="15" count="10" type="stmt"/>
        <line num="20" count="28" type="stmt"/>
        <line num="23" count="1213" type="stmt"/>
        <line num="25" count="1213" type="stmt"/>
        <line num="26" count="1474" type="cond" truecount="2" falsecount="0"/>
        <line num="27" count="28" type="stmt"/>
        <line num="28" count="28" type="cond" truecount="2" falsecount="0"/>
        <line num="29" count="1" type="stmt"/>
        <line num="34" count="1213" type="stmt"/>
        <line num="36" count="1213" type="stmt"/>
        <line num="39" count="5" type="stmt"/>
      </file>
      <file name="report-duplicate-labels.js" path="C:\Users\john\projects\peggy\lib\compiler\passes\report-duplicate-labels.js">
        <metrics statements="17" coveredstatements="17" conditionals="2" coveredconditionals="2" methods="8" coveredmethods="8"/>
        <line num="3" count="5" type="stmt"/>
        <line num="4" count="5" type="stmt"/>
        <line num="9" count="1785" type="stmt"/>
        <line num="11" count="1785" type="stmt"/>
        <line num="12" count="177" type="stmt"/>
        <line num="15" count="1785" type="stmt"/>
        <line num="19" count="1316" type="stmt"/>
        <line num="22" count="1227" type="stmt"/>
        <line num="24" count="1484" type="stmt"/>
        <line num="28" count="190" type="stmt"/>
        <line num="29" count="469" type="stmt"/>
        <line num="36" count="641" type="cond" truecount="2" falsecount="0"/>
        <line num="37" count="2" type="stmt"/>
        <line num="45" count="639" type="stmt"/>
        <line num="47" count="639" type="stmt"/>
        <line num="59" count="1227" type="stmt"/>
        <line num="62" count="5" type="stmt"/>
      </file>
      <file name="report-duplicate-rules.js" path="C:\Users\john\projects\peggy\lib\compiler\passes\report-duplicate-rules.js">
        <metrics statements="9" coveredstatements="9" conditionals="2" coveredconditionals="2" methods="2" coveredmethods="2"/>
        <line num="3" count="5" type="stmt"/>
        <line num="4" count="5" type="stmt"/>
        <line num="8" count="1212" type="stmt"/>
        <line num="10" count="1212" type="stmt"/>
        <line num="12" count="1470" type="cond" truecount="2" falsecount="0"/>
        <line num="13" count="1" type="stmt"/>
        <line num="21" count="1469" type="stmt"/>
        <line num="25" count="1212" type="stmt"/>
        <line num="28" count="5" type="stmt"/>
      </file>
      <file name="report-infinite-recursion.js" path="C:\Users\john\projects\peggy\lib\compiler\passes\report-infinite-recursion.js">
        <metrics statements="17" coveredstatements="17" conditionals="2" coveredconditionals="2" methods="5" coveredmethods="5"/>
        <line num="3" count="5" type="stmt"/>
        <line num="4" count="5" type="stmt"/>
        <line num="5" count="5" type="stmt"/>
        <line num="18" count="1254" type="stmt"/>
        <line num="20" count="1254" type="stmt"/>
        <line num="22" count="1902" type="stmt"/>
        <line num="23" count="1902" type="stmt"/>
        <line num="24" count="1875" type="stmt"/>
        <line num="28" count="875" type="stmt"/>
        <line num="29" count="1173" type="stmt"/>
        <line num="31" count="1149" type="stmt"/>
        <line num="36" count="415" type="cond" truecount="2" falsecount="0"/>
        <line num="37" count="26" type="stmt"/>
        <line num="39" count="26" type="stmt"/>
        <line num="47" count="389" type="stmt"/>
        <line num="51" count="1254" type="stmt"/>
        <line num="54" count="5" type="stmt"/>
      </file>
      <file name="report-infinite-repetition.js" path="C:\Users\john\projects\peggy\lib\compiler\passes\report-infinite-repetition.js">
        <metrics statements="10" coveredstatements="10" conditionals="4" coveredconditionals="4" methods="3" coveredmethods="3"/>
        <line num="3" count="5" type="stmt"/>
        <line num="4" count="5" type="stmt"/>
        <line num="5" count="5" type="stmt"/>
        <line num="10" count="1249" type="stmt"/>
        <line num="12" count="158" type="cond" truecount="2" falsecount="0"/>
        <line num="13" count="23" type="stmt"/>
        <line num="21" count="57" type="cond" truecount="2" falsecount="0"/>
        <line num="22" count="1" type="stmt"/>
        <line num="30" count="1249" type="stmt"/>
        <line num="33" count="5" type="stmt"/>
      </file>
      <file name="report-undefined-rules.js" path="C:\Users\john\projects\peggy\lib\compiler\passes\report-undefined-rules.js">
        <metrics statements="8" coveredstatements="8" conditionals="2" coveredconditionals="2" methods="2" coveredmethods="2"/>
        <line num="3" count="5" type="stmt"/>
        <line num="4" count="5" type="stmt"/>
        <line num="5" count="5" type="stmt"/>
        <line num="9" count="1213" type="stmt"/>
        <line num="11" count="386" type="cond" truecount="2" falsecount="0"/>
        <line num="12" count="2" type="stmt"/>
        <line num="20" count="1213" type="stmt"/>
        <line num="23" count="5" type="stmt"/>
      </file>
    </package>
    <package name="test.unit.compiler.passes">
      <metrics statements="36" coveredstatements="36" conditionals="24" coveredconditionals="18" methods="7" coveredmethods="7"/>
      <file name="helpers.js" path="C:\Users\john\projects\peggy\test\unit\compiler\passes\helpers.js">
        <metrics statements="36" coveredstatements="36" conditionals="24" coveredconditionals="18" methods="7" coveredmethods="7"/>
        <line num="3" count="7" type="stmt"/>
        <line num="5" count="7" type="stmt"/>
        <line num="6" count="7" type="stmt"/>
        <line num="8" count="7" type="stmt"/>
        <line num="9" count="51" type="cond" truecount="2" falsecount="0"/>
        <line num="13" count="877" type="stmt"/>
        <line num="17" count="807" type="cond" truecount="2" falsecount="0"/>
        <line num="20" count="798" type="cond" truecount="2" falsecount="0"/>
        <line num="21" count="79" type="cond" truecount="1" falsecount="1"/>
        <line num="23" count="79" type="cond" truecount="1" falsecount="1"/>
        <line num="24" count="79" type="stmt"/>
        <line num="25" count="654" type="cond" truecount="1" falsecount="1"/>
        <line num="28" count="79" type="stmt"/>
        <line num="29" count="719" type="cond" truecount="2" falsecount="0"/>
        <line num="30" count="88" type="cond" truecount="1" falsecount="1"/>
        <line num="32" count="88" type="stmt"/>
        <line num="33" count="88" type="stmt"/>
        <line num="34" count="93" type="stmt"/>
        <line num="36" count="93" type="cond" truecount="1" falsecount="1"/>
        <line num="38" count="93" type="cond" truecount="1" falsecount="1"/>
        <line num="41" count="88" type="stmt"/>
        <line num="43" count="631" type="stmt"/>
        <line num="47" count="51" type="stmt"/>
        <line num="49" count="51" type="stmt"/>
        <line num="51" count="51" type="stmt"/>
        <line num="60" count="7" type="stmt"/>
        <line num="61" count="99" type="stmt"/>
        <line num="65" count="99" type="stmt"/>
        <line num="66" count="99" type="stmt"/>
        <line num="67" count="45" type="stmt"/>
        <line num="69" count="54" type="stmt"/>
        <line num="70" count="54" type="stmt"/>
        <line num="73" count="99" type="stmt"/>
        <line num="81" count="99" type="cond" truecount="4" falsecount="0"/>
        <line num="82" count="8" type="stmt"/>
        <line num="83" count="16" type="stmt"/>
      </file>
    </package>
  </project>
</coverage>
