<?xml version="1.0" encoding="UTF-8"?>
<coverage generated="1619562475035" clover="3.2.0">
  <project timestamp="1619562475035" name="All files">
    <metrics statements="3733" coveredstatements="2926" conditionals="1757" coveredconditionals="1213" methods="342" coveredmethods="310" elements="5832" coveredelements="4449" complexity="0" loc="3733" ncloc="3733" packages="4" files="19" classes="19"/>
    <package name="lib">
      <metrics statements="3130" coveredstatements="2377" conditionals="1542" coveredconditionals="1021" methods="183" coveredmethods="171"/>
      <file name="grammar-error.js" path="C:\Users\john\projects\peggy\lib\grammar-error.js">
        <metrics statements="6" coveredstatements="6" conditionals="2" coveredconditionals="1" methods="1" coveredmethods="1"/>
        <line num="6" count="57" type="stmt"/>
        <line num="7" count="57" type="stmt"/>
        <line num="8" count="57" type="stmt"/>
        <line num="10" count="57" type="cond" truecount="1" falsecount="1"/>
        <line num="11" count="57" type="stmt"/>
        <line num="16" count="10" type="stmt"/>
      </file>
      <file name="parser.js" path="C:\Users\john\projects\peggy\lib\parser.js">
        <metrics statements="3107" coveredstatements="2354" conditionals="1536" coveredconditionals="1016" methods="177" coveredmethods="165"/>
        <line num="8" count="13" type="stmt"/>
        <line num="14" count="13" type="stmt"/>
        <line num="20" count="13" type="stmt"/>
        <line num="26" count="3242" type="cond" truecount="2" falsecount="0"/>
        <line num="30" count="3979" type="stmt"/>
        <line num="34" count="1549" type="stmt"/>
        <line num="39" count="13" type="stmt"/>
        <line num="40" count="13" type="stmt"/>
        <line num="41" count="13" type="stmt"/>
        <line num="45" count="40" type="stmt"/>
        <line num="46" count="40" type="stmt"/>
        <line num="47" count="40" type="stmt"/>
        <line num="48" count="40" type="stmt"/>
        <line num="49" count="40" type="stmt"/>
        <line num="51" count="40" type="cond" truecount="1" falsecount="1"/>
        <line num="52" count="40" type="stmt"/>
        <line num="56" count="13" type="stmt"/>
        <line num="58" count="13" type="stmt"/>
        <line num="59" count="23" type="stmt"/>
        <line num="61" count="250" type="stmt"/>
        <line num="65" count="0" type="stmt"/>
        <line num="66" count="0" type="cond" truecount="0" falsecount="2"/>
        <line num="71" count="0" type="cond" truecount="0" falsecount="2"/>
        <line num="75" count="0" type="stmt"/>
        <line num="79" count="0" type="stmt"/>
        <line num="83" count="269" type="stmt"/>
        <line num="88" count="0" type="stmt"/>
        <line num="92" count="272" type="stmt"/>
        <line num="99" count="0" type="stmt"/>
        <line num="100" count="0" type="stmt"/>
        <line num="104" count="0" type="stmt"/>
        <line num="113" count="0" type="stmt"/>
        <line num="114" count="0" type="stmt"/>
        <line num="118" count="519" type="stmt"/>
        <line num="122" count="23" type="stmt"/>
        <line num="125" count="23" type="stmt"/>
        <line num="127" count="23" type="cond" truecount="1" falsecount="1"/>
        <line num="128" count="23" type="stmt"/>
        <line num="129" count="496" type="cond" truecount="2" falsecount="0"/>
        <line num="130" count="240" type="stmt"/>
        <line num="131" count="240" type="stmt"/>
        <line num="134" count="23" type="stmt"/>
        <line num="137" count="23" type="cond" truecount="1" falsecount="2"/>
        <line num="139" count="0" type="stmt"/>
        <line num="142" count="0" type="stmt"/>
        <line num="145" count="23" type="stmt"/>
        <line num="152" count="23" type="cond" truecount="2" falsecount="0"/>
        <line num="155" count="23" type="stmt"/>
        <line num="159" count="1661" type="cond" truecount="2" falsecount="0"/>
        <line num="161" count="1661" type="stmt"/>
        <line num="162" count="1661" type="stmt"/>
        <line num="164" count="1661" type="stmt"/>
        <line num="165" count="1661" type="stmt"/>
        <line num="167" count="1661" type="stmt"/>
        <line num="168" count="1621" type="stmt"/>
        <line num="176" count="1661" type="stmt"/>
        <line num="177" count="1661" type="stmt"/>
        <line num="178" count="1661" type="stmt"/>
        <line num="179" count="1661" type="stmt"/>
        <line num="180" count="1661" type="stmt"/>
        <line num="181" count="3" type="stmt"/>
        <line num="183" count="1661" type="stmt"/>
        <line num="184" count="118" type="stmt"/>
        <line num="186" count="1661" type="stmt"/>
        <line num="187" count="1661" type="stmt"/>
        <line num="188" count="1661" type="stmt"/>
        <line num="189" count="1942" type="stmt"/>
        <line num="203" count="1661" type="stmt"/>
        <line num="204" count="1661" type="stmt"/>
        <line num="205" count="1661" type="stmt"/>
        <line num="206" count="3002" type="cond" truecount="2" falsecount="0"/>
        <line num="214" count="1661" type="stmt"/>
        <line num="215" count="3420" type="cond" truecount="2" falsecount="0"/>
        <line num="224" count="1661" type="stmt"/>
        <line num="225" count="3420" type="cond" truecount="5" falsecount="0"/>
        <line num="233" count="1661" type="stmt"/>
        <line num="234" count="1661" type="stmt"/>
        <line num="235" count="1661" type="stmt"/>
        <line num="236" count="298" type="cond" truecount="2" falsecount="0"/>
        <line num="237" count="16" type="stmt"/>
        <line num="239" count="282" type="stmt"/>
        <line num="247" count="1661" type="stmt"/>
        <line num="248" count="885" type="stmt"/>
        <line num="255" count="1661" type="stmt"/>
        <line num="256" count="1661" type="stmt"/>
        <line num="257" count="1661" type="stmt"/>
        <line num="258" count="211" type="stmt"/>
        <line num="264" count="1661" type="stmt"/>
        <line num="265" count="1661" type="stmt"/>
        <line num="266" count="1661" type="stmt"/>
        <line num="267" count="1661" type="stmt"/>
        <line num="268" count="1661" type="stmt"/>
        <line num="269" count="1661" type="stmt"/>
        <line num="270" count="1661" type="stmt"/>
        <line num="271" count="440" type="stmt"/>
        <line num="277" count="1661" type="stmt"/>
        <line num="278" count="1661" type="stmt"/>
        <line num="279" count="1661" type="stmt"/>
        <line num="280" count="1661" type="stmt"/>
        <line num="281" count="1661" type="stmt"/>
        <line num="282" count="1661" type="stmt"/>
        <line num="283" count="1661" type="stmt"/>
        <line num="284" count="1661" type="stmt"/>
        <line num="285" count="1661" type="stmt"/>
        <line num="286" count="1661" type="stmt"/>
        <line num="287" count="1661" type="stmt"/>
        <line num="292" count="1053" type="cond" truecount="4" falsecount="0"/>
        <line num="296" count="1661" type="stmt"/>
        <line num="297" count="987" type="stmt"/>
        <line num="299" count="1661" type="stmt"/>
        <line num="300" count="900" type="stmt"/>
        <line num="306" count="1661" type="stmt"/>
        <line num="307" count="1661" type="stmt"/>
        <line num="308" count="1661" type="stmt"/>
        <line num="309" count="1661" type="stmt"/>
        <line num="310" count="1661" type="stmt"/>
        <line num="311" count="1661" type="stmt"/>
        <line num="312" count="1661" type="stmt"/>
        <line num="313" count="1661" type="stmt"/>
        <line num="314" count="1661" type="stmt"/>
        <line num="315" count="1661" type="stmt"/>
        <line num="316" count="1661" type="stmt"/>
        <line num="317" count="1661" type="stmt"/>
        <line num="318" count="1661" type="stmt"/>
        <line num="319" count="1661" type="stmt"/>
        <line num="320" count="1661" type="stmt"/>
        <line num="321" count="1661" type="stmt"/>
        <line num="322" count="1661" type="stmt"/>
        <line num="323" count="1661" type="stmt"/>
        <line num="324" count="1661" type="stmt"/>
        <line num="325" count="1661" type="stmt"/>
        <line num="326" count="1661" type="stmt"/>
        <line num="327" count="1661" type="stmt"/>
        <line num="328" count="1661" type="stmt"/>
        <line num="329" count="1661" type="stmt"/>
        <line num="330" count="1661" type="stmt"/>
        <line num="331" count="1661" type="stmt"/>
        <line num="332" count="1661" type="stmt"/>
        <line num="333" count="1661" type="stmt"/>
        <line num="334" count="1661" type="stmt"/>
        <line num="335" count="1661" type="stmt"/>
        <line num="336" count="1661" type="stmt"/>
        <line num="337" count="1661" type="stmt"/>
        <line num="338" count="1661" type="stmt"/>
        <line num="339" count="1661" type="stmt"/>
        <line num="340" count="1661" type="stmt"/>
        <line num="341" count="5027" type="stmt"/>
        <line num="342" count="1661" type="stmt"/>
        <line num="343" count="1661" type="stmt"/>
        <line num="344" count="1661" type="stmt"/>
        <line num="345" count="1661" type="stmt"/>
        <line num="346" count="1661" type="stmt"/>
        <line num="347" count="1661" type="stmt"/>
        <line num="348" count="1661" type="stmt"/>
        <line num="349" count="1661" type="stmt"/>
        <line num="350" count="1661" type="stmt"/>
        <line num="351" count="1661" type="stmt"/>
        <line num="352" count="1661" type="stmt"/>
        <line num="353" count="1661" type="stmt"/>
        <line num="354" count="1661" type="stmt"/>
        <line num="355" count="6348" type="stmt"/>
        <line num="362" count="1661" type="stmt"/>
        <line num="363" count="1661" type="stmt"/>
        <line num="364" count="1661" type="stmt"/>
        <line num="365" count="6517" type="stmt"/>
        <line num="366" count="1661" type="stmt"/>
        <line num="367" count="1661" type="stmt"/>
        <line num="368" count="7675" type="stmt"/>
        <line num="369" count="1661" type="stmt"/>
        <line num="370" count="1661" type="stmt"/>
        <line num="371" count="1661" type="stmt"/>
        <line num="372" count="1661" type="stmt"/>
        <line num="373" count="1661" type="stmt"/>
        <line num="374" count="1661" type="stmt"/>
        <line num="375" count="1661" type="stmt"/>
        <line num="376" count="1661" type="stmt"/>
        <line num="377" count="274" type="stmt"/>
        <line num="379" count="300" type="stmt"/>
        <line num="385" count="1661" type="stmt"/>
        <line num="386" count="1661" type="stmt"/>
        <line num="387" count="1661" type="stmt"/>
        <line num="388" count="133" type="cond" truecount="2" falsecount="0"/>
        <line num="389" count="1" type="stmt"/>
        <line num="394" count="132" type="stmt"/>
        <line num="396" count="1661" type="stmt"/>
        <line num="397" count="1661" type="stmt"/>
        <line num="398" count="1661" type="stmt"/>
        <line num="399" count="1661" type="stmt"/>
        <line num="400" count="1661" type="stmt"/>
        <line num="401" count="1661" type="stmt"/>
        <line num="402" count="1661" type="stmt"/>
        <line num="403" count="1661" type="stmt"/>
        <line num="404" count="1661" type="stmt"/>
        <line num="405" count="1661" type="stmt"/>
        <line num="406" count="1661" type="stmt"/>
        <line num="407" count="1661" type="stmt"/>
        <line num="408" count="1661" type="stmt"/>
        <line num="409" count="1661" type="stmt"/>
        <line num="410" count="1661" type="stmt"/>
        <line num="411" count="1661" type="stmt"/>
        <line num="412" count="1661" type="stmt"/>
        <line num="413" count="1661" type="stmt"/>
        <line num="414" count="1661" type="stmt"/>
        <line num="415" count="1661" type="stmt"/>
        <line num="416" count="1661" type="stmt"/>
        <line num="417" count="1661" type="stmt"/>
        <line num="418" count="1661" type="stmt"/>
        <line num="419" count="1661" type="stmt"/>
        <line num="420" count="1661" type="stmt"/>
        <line num="421" count="1661" type="stmt"/>
        <line num="422" count="1661" type="stmt"/>
        <line num="423" count="11" type="stmt"/>
        <line num="425" count="1661" type="stmt"/>
        <line num="426" count="1661" type="stmt"/>
        <line num="427" count="1661" type="stmt"/>
        <line num="428" count="1661" type="stmt"/>
        <line num="429" count="1661" type="stmt"/>
        <line num="430" count="1661" type="stmt"/>
        <line num="431" count="1661" type="stmt"/>
        <line num="432" count="1661" type="stmt"/>
        <line num="433" count="1661" type="stmt"/>
        <line num="434" count="1661" type="stmt"/>
        <line num="435" count="1661" type="stmt"/>
        <line num="436" count="1661" type="stmt"/>
        <line num="437" count="1661" type="stmt"/>
        <line num="438" count="1661" type="stmt"/>
        <line num="439" count="1661" type="stmt"/>
        <line num="440" count="1661" type="stmt"/>
        <line num="441" count="1661" type="stmt"/>
        <line num="442" count="1661" type="stmt"/>
        <line num="443" count="1661" type="stmt"/>
        <line num="444" count="1661" type="stmt"/>
        <line num="445" count="1661" type="stmt"/>
        <line num="446" count="1661" type="stmt"/>
        <line num="447" count="1661" type="stmt"/>
        <line num="448" count="1661" type="stmt"/>
        <line num="449" count="1661" type="stmt"/>
        <line num="450" count="1661" type="stmt"/>
        <line num="451" count="1661" type="stmt"/>
        <line num="452" count="1661" type="stmt"/>
        <line num="453" count="1661" type="stmt"/>
        <line num="454" count="1661" type="stmt"/>
        <line num="455" count="1661" type="stmt"/>
        <line num="456" count="1661" type="stmt"/>
        <line num="457" count="1661" type="stmt"/>
        <line num="458" count="1661" type="stmt"/>
        <line num="459" count="1661" type="stmt"/>
        <line num="460" count="1661" type="stmt"/>
        <line num="461" count="1661" type="stmt"/>
        <line num="462" count="1661" type="stmt"/>
        <line num="463" count="1661" type="stmt"/>
        <line num="464" count="1661" type="stmt"/>
        <line num="465" count="1661" type="stmt"/>
        <line num="466" count="1661" type="stmt"/>
        <line num="467" count="1661" type="stmt"/>
        <line num="468" count="1661" type="stmt"/>
        <line num="469" count="1661" type="stmt"/>
        <line num="470" count="1661" type="stmt"/>
        <line num="471" count="1661" type="stmt"/>
        <line num="472" count="1661" type="stmt"/>
        <line num="473" count="1661" type="stmt"/>
        <line num="474" count="1661" type="stmt"/>
        <line num="475" count="1661" type="stmt"/>
        <line num="476" count="1661" type="stmt"/>
        <line num="477" count="1661" type="stmt"/>
        <line num="478" count="1661" type="stmt"/>
        <line num="479" count="1661" type="stmt"/>
        <line num="480" count="1661" type="stmt"/>
        <line num="481" count="1661" type="stmt"/>
        <line num="482" count="1661" type="stmt"/>
        <line num="483" count="1661" type="stmt"/>
        <line num="484" count="1661" type="stmt"/>
        <line num="485" count="1661" type="stmt"/>
        <line num="486" count="1661" type="stmt"/>
        <line num="487" count="1661" type="stmt"/>
        <line num="488" count="1661" type="stmt"/>
        <line num="489" count="1661" type="stmt"/>
        <line num="490" count="1661" type="stmt"/>
        <line num="491" count="1661" type="stmt"/>
        <line num="492" count="1661" type="stmt"/>
        <line num="493" count="1661" type="stmt"/>
        <line num="494" count="1661" type="stmt"/>
        <line num="495" count="1661" type="stmt"/>
        <line num="496" count="1661" type="stmt"/>
        <line num="497" count="1661" type="stmt"/>
        <line num="498" count="1661" type="stmt"/>
        <line num="499" count="1661" type="stmt"/>
        <line num="500" count="1661" type="stmt"/>
        <line num="501" count="1661" type="stmt"/>
        <line num="502" count="1661" type="stmt"/>
        <line num="503" count="1661" type="stmt"/>
        <line num="504" count="1661" type="stmt"/>
        <line num="505" count="1661" type="stmt"/>
        <line num="506" count="1661" type="stmt"/>
        <line num="507" count="1661" type="stmt"/>
        <line num="508" count="1661" type="stmt"/>
        <line num="509" count="1661" type="stmt"/>
        <line num="510" count="1661" type="stmt"/>
        <line num="511" count="1661" type="stmt"/>
        <line num="512" count="1661" type="stmt"/>
        <line num="513" count="1661" type="stmt"/>
        <line num="514" count="1661" type="stmt"/>
        <line num="515" count="1661" type="stmt"/>
        <line num="516" count="1661" type="stmt"/>
        <line num="517" count="1661" type="stmt"/>
        <line num="518" count="1661" type="stmt"/>
        <line num="519" count="1661" type="stmt"/>
        <line num="520" count="1661" type="stmt"/>
        <line num="521" count="1661" type="stmt"/>
        <line num="522" count="1661" type="stmt"/>
        <line num="523" count="1661" type="stmt"/>
        <line num="524" count="1661" type="stmt"/>
        <line num="525" count="1661" type="stmt"/>
        <line num="526" count="1661" type="stmt"/>
        <line num="527" count="1661" type="stmt"/>
        <line num="528" count="1661" type="stmt"/>
        <line num="529" count="1661" type="stmt"/>
        <line num="530" count="1661" type="stmt"/>
        <line num="532" count="1661" type="stmt"/>
        <line num="533" count="1661" type="stmt"/>
        <line num="534" count="1661" type="stmt"/>
        <line num="535" count="1661" type="stmt"/>
        <line num="536" count="1661" type="stmt"/>
        <line num="537" count="1661" type="stmt"/>
        <line num="541" count="1661" type="cond" truecount="1" falsecount="1"/>
        <line num="542" count="0" type="cond" truecount="0" falsecount="2"/>
        <line num="543" count="0" type="stmt"/>
        <line num="546" count="0" type="stmt"/>
        <line num="550" count="7676" type="stmt"/>
        <line num="554" count="16967" type="stmt"/>
        <line num="558" count="0" type="cond" truecount="0" falsecount="2"/>
        <line num="562" count="0" type="stmt"/>
        <line num="570" count="17" type="cond" truecount="1" falsecount="1"/>
        <line num="574" count="17" type="stmt"/>
        <line num="578" count="142846" type="stmt"/>
        <line num="582" count="24915" type="stmt"/>
        <line num="586" count="1661" type="stmt"/>
        <line num="590" count="0" type="stmt"/>
        <line num="594" count="13288" type="stmt"/>
        <line num="598" count="34014" type="stmt"/>
        <line num="601" count="34014" type="cond" truecount="2" falsecount="0"/>
        <line num="602" count="22985" type="stmt"/>
        <line num="604" count="11029" type="stmt"/>
        <line num="605" count="11029" type="stmt"/>
        <line num="606" count="55718" type="stmt"/>
        <line num="609" count="11029" type="stmt"/>
        <line num="610" count="11029" type="stmt"/>
        <line num="615" count="11029" type="stmt"/>
        <line num="616" count="66747" type="cond" truecount="2" falsecount="0"/>
        <line num="617" count="716" type="stmt"/>
        <line num="618" count="716" type="stmt"/>
        <line num="620" count="66031" type="stmt"/>
        <line num="623" count="66747" type="stmt"/>
        <line num="626" count="11029" type="stmt"/>
        <line num="628" count="11029" type="stmt"/>
        <line num="633" count="17007" type="stmt"/>
        <line num="634" count="17007" type="stmt"/>
        <line num="636" count="17007" type="stmt"/>
        <line num="652" count="251694" type="cond" truecount="2" falsecount="0"/>
        <line num="654" count="201374" type="cond" truecount="2" falsecount="0"/>
        <line num="655" count="13164" type="stmt"/>
        <line num="656" count="13164" type="stmt"/>
        <line num="659" count="201374" type="stmt"/>
        <line num="663" count="17" type="stmt"/>
        <line num="667" count="23" type="stmt"/>
        <line num="678" count="1661" type="stmt"/>
        <line num="679" count="1661" type="stmt"/>
        <line num="680" count="1661" type="cond" truecount="1" falsecount="1"/>
        <line num="681" count="1661" type="stmt"/>
        <line num="682" count="1661" type="stmt"/>
        <line num="683" count="1661" type="cond" truecount="2" falsecount="0"/>
        <line num="684" count="3" type="stmt"/>
        <line num="685" count="3" type="cond" truecount="1" falsecount="1"/>
        <line num="686" count="3" type="stmt"/>
        <line num="687" count="3" type="stmt"/>
        <line num="689" count="0" type="stmt"/>
        <line num="690" count="0" type="stmt"/>
        <line num="693" count="1658" type="stmt"/>
        <line num="694" count="1658" type="stmt"/>
        <line num="696" count="1661" type="cond" truecount="2" falsecount="0"/>
        <line num="697" count="1658" type="stmt"/>
        <line num="699" count="1661" type="cond" truecount="1" falsecount="1"/>
        <line num="700" count="1661" type="stmt"/>
        <line num="701" count="1661" type="stmt"/>
        <line num="702" count="1661" type="cond" truecount="2" falsecount="0"/>
        <line num="703" count="118" type="stmt"/>
        <line num="704" count="118" type="cond" truecount="1" falsecount="1"/>
        <line num="705" count="118" type="stmt"/>
        <line num="706" count="118" type="stmt"/>
        <line num="708" count="0" type="stmt"/>
        <line num="709" count="0" type="stmt"/>
        <line num="712" count="1543" type="stmt"/>
        <line num="713" count="1543" type="stmt"/>
        <line num="715" count="1661" type="cond" truecount="2" falsecount="0"/>
        <line num="716" count="1543" type="stmt"/>
        <line num="718" count="1661" type="cond" truecount="1" falsecount="1"/>
        <line num="719" count="1661" type="stmt"/>
        <line num="720" count="1661" type="stmt"/>
        <line num="721" count="1661" type="stmt"/>
        <line num="722" count="1644" type="cond" truecount="2" falsecount="0"/>
        <line num="723" count="1621" type="stmt"/>
        <line num="724" count="1621" type="cond" truecount="1" falsecount="1"/>
        <line num="725" count="1621" type="stmt"/>
        <line num="726" count="1621" type="stmt"/>
        <line num="728" count="0" type="stmt"/>
        <line num="729" count="0" type="stmt"/>
        <line num="732" count="23" type="stmt"/>
        <line num="733" count="23" type="stmt"/>
        <line num="735" count="1644" type="cond" truecount="2" falsecount="0"/>
        <line num="736" count="1621" type="stmt"/>
        <line num="737" count="1942" type="stmt"/>
        <line num="738" count="1942" type="stmt"/>
        <line num="739" count="1942" type="stmt"/>
        <line num="740" count="1942" type="cond" truecount="2" falsecount="0"/>
        <line num="741" count="321" type="stmt"/>
        <line num="742" count="321" type="cond" truecount="1" falsecount="1"/>
        <line num="743" count="321" type="stmt"/>
        <line num="744" count="321" type="stmt"/>
        <line num="746" count="0" type="stmt"/>
        <line num="747" count="0" type="stmt"/>
        <line num="750" count="1621" type="stmt"/>
        <line num="751" count="1621" type="stmt"/>
        <line num="755" count="23" type="stmt"/>
        <line num="757" count="1644" type="cond" truecount="2" falsecount="0"/>
        <line num="758" count="1621" type="stmt"/>
        <line num="759" count="1621" type="stmt"/>
        <line num="761" count="23" type="stmt"/>
        <line num="762" count="23" type="stmt"/>
        <line num="765" count="0" type="stmt"/>
        <line num="766" count="0" type="stmt"/>
        <line num="769" count="0" type="stmt"/>
        <line num="770" count="0" type="stmt"/>
        <line num="773" count="0" type="stmt"/>
        <line num="774" count="0" type="stmt"/>
        <line num="777" count="1644" type="stmt"/>
        <line num="783" count="1661" type="stmt"/>
        <line num="784" count="1661" type="cond" truecount="2" falsecount="0"/>
        <line num="785" count="120" type="stmt"/>
        <line num="786" count="120" type="stmt"/>
        <line num="788" count="1541" type="stmt"/>
        <line num="789" count="1541" type="cond" truecount="1" falsecount="1"/>
        <line num="791" count="1661" type="cond" truecount="2" falsecount="0"/>
        <line num="792" count="120" type="stmt"/>
        <line num="793" count="120" type="cond" truecount="2" falsecount="0"/>
        <line num="794" count="3" type="cond" truecount="1" falsecount="1"/>
        <line num="795" count="3" type="stmt"/>
        <line num="796" count="3" type="stmt"/>
        <line num="798" count="0" type="stmt"/>
        <line num="799" count="0" type="cond" truecount="0" falsecount="2"/>
        <line num="801" count="3" type="cond" truecount="1" falsecount="1"/>
        <line num="802" count="3" type="stmt"/>
        <line num="803" count="3" type="cond" truecount="1" falsecount="1"/>
        <line num="804" count="3" type="stmt"/>
        <line num="805" count="3" type="stmt"/>
        <line num="807" count="0" type="stmt"/>
        <line num="808" count="0" type="stmt"/>
        <line num="811" count="0" type="stmt"/>
        <line num="812" count="0" type="stmt"/>
        <line num="815" count="117" type="stmt"/>
        <line num="816" count="117" type="stmt"/>
        <line num="819" count="1541" type="stmt"/>
        <line num="820" count="1541" type="stmt"/>
        <line num="823" count="1661" type="stmt"/>
        <line num="829" count="1661" type="stmt"/>
        <line num="830" count="1661" type="stmt"/>
        <line num="831" count="1661" type="cond" truecount="2" falsecount="0"/>
        <line num="832" count="118" type="stmt"/>
        <line num="833" count="118" type="cond" truecount="1" falsecount="1"/>
        <line num="834" count="118" type="stmt"/>
        <line num="835" count="118" type="stmt"/>
        <line num="837" count="0" type="stmt"/>
        <line num="838" count="0" type="stmt"/>
        <line num="841" count="1543" type="stmt"/>
        <line num="842" count="1543" type="stmt"/>
        <line num="845" count="1661" type="stmt"/>
        <line num="851" count="3603" type="stmt"/>
        <line num="852" count="3603" type="stmt"/>
        <line num="853" count="3603" type="cond" truecount="2" falsecount="0"/>
        <line num="854" count="1982" type="stmt"/>
        <line num="855" count="1982" type="cond" truecount="1" falsecount="1"/>
        <line num="856" count="1982" type="stmt"/>
        <line num="857" count="1982" type="stmt"/>
        <line num="858" count="1982" type="cond" truecount="2" falsecount="0"/>
        <line num="859" count="23" type="stmt"/>
        <line num="860" count="23" type="cond" truecount="1" falsecount="1"/>
        <line num="861" count="23" type="stmt"/>
        <line num="862" count="23" type="stmt"/>
        <line num="864" count="0" type="stmt"/>
        <line num="865" count="0" type="stmt"/>
        <line num="868" count="1959" type="stmt"/>
        <line num="869" count="1959" type="stmt"/>
        <line num="871" count="1982" type="cond" truecount="2" falsecount="0"/>
        <line num="872" count="1959" type="stmt"/>
        <line num="874" count="1982" type="cond" truecount="1" falsecount="1"/>
        <line num="875" count="1982" type="cond" truecount="1" falsecount="1"/>
        <line num="876" count="1982" type="stmt"/>
        <line num="877" count="1982" type="stmt"/>
        <line num="879" count="0" type="stmt"/>
        <line num="880" count="0" type="cond" truecount="0" falsecount="2"/>
        <line num="882" count="1982" type="cond" truecount="1" falsecount="1"/>
        <line num="883" count="1982" type="stmt"/>
        <line num="884" count="1982" type="cond" truecount="1" falsecount="1"/>
        <line num="885" count="1982" type="stmt"/>
        <line num="886" count="1965" type="cond" truecount="2" falsecount="0"/>
        <line num="887" count="1949" type="stmt"/>
        <line num="888" count="1949" type="cond" truecount="2" falsecount="0"/>
        <line num="889" count="1942" type="stmt"/>
        <line num="890" count="1942" type="stmt"/>
        <line num="892" count="7" type="stmt"/>
        <line num="893" count="7" type="stmt"/>
        <line num="896" count="16" type="stmt"/>
        <line num="897" count="16" type="stmt"/>
        <line num="900" count="0" type="stmt"/>
        <line num="901" count="0" type="stmt"/>
        <line num="904" count="0" type="stmt"/>
        <line num="905" count="0" type="stmt"/>
        <line num="908" count="0" type="stmt"/>
        <line num="909" count="0" type="stmt"/>
        <line num="912" count="0" type="stmt"/>
        <line num="913" count="0" type="stmt"/>
        <line num="916" count="1621" type="stmt"/>
        <line num="917" count="1621" type="stmt"/>
        <line num="920" count="3586" type="stmt"/>
        <line num="926" count="3035" type="stmt"/>
        <line num="927" count="3035" type="stmt"/>
        <line num="928" count="3018" type="cond" truecount="2" falsecount="0"/>
        <line num="929" count="3002" type="stmt"/>
        <line num="930" count="3002" type="stmt"/>
        <line num="931" count="3002" type="stmt"/>
        <line num="932" count="3002" type="cond" truecount="1" falsecount="1"/>
        <line num="933" count="3002" type="cond" truecount="2" falsecount="0"/>
        <line num="934" count="281" type="stmt"/>
        <line num="935" count="281" type="stmt"/>
        <line num="937" count="2721" type="stmt"/>
        <line num="938" count="2721" type="cond" truecount="1" falsecount="1"/>
        <line num="940" count="3002" type="cond" truecount="2" falsecount="0"/>
        <line num="941" count="281" type="stmt"/>
        <line num="942" count="281" type="cond" truecount="1" falsecount="1"/>
        <line num="943" count="281" type="stmt"/>
        <line num="944" count="281" type="cond" truecount="2" falsecount="0"/>
        <line num="945" count="280" type="stmt"/>
        <line num="946" count="280" type="stmt"/>
        <line num="948" count="1" type="stmt"/>
        <line num="949" count="1" type="stmt"/>
        <line num="952" count="0" type="stmt"/>
        <line num="953" count="0" type="stmt"/>
        <line num="956" count="2721" type="stmt"/>
        <line num="957" count="2721" type="stmt"/>
        <line num="960" count="0" type="stmt"/>
        <line num="961" count="0" type="stmt"/>
        <line num="963" count="3002" type="stmt"/>
        <line num="964" count="418" type="stmt"/>
        <line num="965" count="418" type="stmt"/>
        <line num="966" count="418" type="stmt"/>
        <line num="967" count="418" type="cond" truecount="1" falsecount="1"/>
        <line num="968" count="418" type="cond" truecount="2" falsecount="0"/>
        <line num="969" count="138" type="stmt"/>
        <line num="970" count="138" type="stmt"/>
        <line num="972" count="280" type="stmt"/>
        <line num="973" count="280" type="cond" truecount="1" falsecount="1"/>
        <line num="975" count="418" type="cond" truecount="2" falsecount="0"/>
        <line num="976" count="138" type="stmt"/>
        <line num="977" count="138" type="cond" truecount="1" falsecount="1"/>
        <line num="978" count="138" type="stmt"/>
        <line num="979" count="138" type="cond" truecount="1" falsecount="1"/>
        <line num="980" count="138" type="stmt"/>
        <line num="981" count="138" type="stmt"/>
        <line num="983" count="0" type="stmt"/>
        <line num="984" count="0" type="stmt"/>
        <line num="987" count="0" type="stmt"/>
        <line num="988" count="0" type="stmt"/>
        <line num="991" count="280" type="stmt"/>
        <line num="992" count="280" type="stmt"/>
        <line num="995" count="0" type="stmt"/>
        <line num="996" count="0" type="stmt"/>
        <line num="999" count="3002" type="cond" truecount="1" falsecount="1"/>
        <line num="1000" count="3002" type="stmt"/>
        <line num="1001" count="3002" type="stmt"/>
        <line num="1003" count="0" type="stmt"/>
        <line num="1004" count="0" type="stmt"/>
        <line num="1007" count="16" type="stmt"/>
        <line num="1008" count="16" type="stmt"/>
        <line num="1011" count="3018" type="stmt"/>
        <line num="1017" count="3454" type="stmt"/>
        <line num="1018" count="3454" type="stmt"/>
        <line num="1019" count="3437" type="cond" truecount="2" falsecount="0"/>
        <line num="1020" count="3420" type="stmt"/>
        <line num="1021" count="3420" type="stmt"/>
        <line num="1022" count="3420" type="cond" truecount="1" falsecount="1"/>
        <line num="1023" count="3420" type="stmt"/>
        <line num="1024" count="3420" type="cond" truecount="2" falsecount="0"/>
        <line num="1025" count="481" type="stmt"/>
        <line num="1026" count="481" type="stmt"/>
        <line num="1028" count="2939" type="stmt"/>
        <line num="1029" count="2939" type="stmt"/>
        <line num="1032" count="0" type="stmt"/>
        <line num="1033" count="0" type="stmt"/>
        <line num="1035" count="3420" type="cond" truecount="2" falsecount="0"/>
        <line num="1036" count="2939" type="stmt"/>
        <line num="1038" count="3420" type="cond" truecount="1" falsecount="1"/>
        <line num="1039" count="3420" type="stmt"/>
        <line num="1040" count="3420" type="stmt"/>
        <line num="1042" count="0" type="stmt"/>
        <line num="1043" count="0" type="stmt"/>
        <line num="1046" count="17" type="stmt"/>
        <line num="1047" count="17" type="stmt"/>
        <line num="1050" count="3437" type="stmt"/>
        <line num="1056" count="3454" type="stmt"/>
        <line num="1057" count="3454" type="stmt"/>
        <line num="1058" count="3453" type="cond" truecount="2" falsecount="0"/>
        <line num="1059" count="3436" type="stmt"/>
        <line num="1060" count="3436" type="stmt"/>
        <line num="1061" count="3436" type="stmt"/>
        <line num="1062" count="3436" type="cond" truecount="1" falsecount="1"/>
        <line num="1063" count="3436" type="stmt"/>
        <line num="1064" count="3420" type="cond" truecount="2" falsecount="0"/>
        <line num="1065" count="1240" type="stmt"/>
        <line num="1066" count="1240" type="stmt"/>
        <line num="1068" count="2180" type="stmt"/>
        <line num="1069" count="2180" type="stmt"/>
        <line num="1072" count="0" type="stmt"/>
        <line num="1073" count="0" type="stmt"/>
        <line num="1075" count="3420" type="stmt"/>
        <line num="1076" count="1619" type="stmt"/>
        <line num="1077" count="1619" type="stmt"/>
        <line num="1078" count="1619" type="stmt"/>
        <line num="1079" count="1619" type="cond" truecount="1" falsecount="1"/>
        <line num="1080" count="1619" type="stmt"/>
        <line num="1081" count="1619" type="cond" truecount="2" falsecount="0"/>
        <line num="1082" count="379" type="stmt"/>
        <line num="1083" count="379" type="stmt"/>
        <line num="1085" count="1240" type="stmt"/>
        <line num="1086" count="1240" type="stmt"/>
        <line num="1089" count="0" type="stmt"/>
        <line num="1090" count="0" type="stmt"/>
        <line num="1093" count="3420" type="cond" truecount="1" falsecount="1"/>
        <line num="1094" count="3420" type="stmt"/>
        <line num="1095" count="3420" type="stmt"/>
        <line num="1097" count="0" type="stmt"/>
        <line num="1098" count="0" type="stmt"/>
        <line num="1101" count="17" type="stmt"/>
        <line num="1102" count="17" type="stmt"/>
        <line num="1105" count="3437" type="stmt"/>
        <line num="1111" count="8509" type="stmt"/>
        <line num="1112" count="8509" type="cond" truecount="2" falsecount="0"/>
        <line num="1113" count="300" type="stmt"/>
        <line num="1114" count="300" type="stmt"/>
        <line num="1116" count="8209" type="stmt"/>
        <line num="1117" count="8209" type="cond" truecount="1" falsecount="1"/>
        <line num="1119" count="8509" type="cond" truecount="2" falsecount="0"/>
        <line num="1120" count="300" type="stmt"/>
        <line num="1121" count="300" type="cond" truecount="2" falsecount="0"/>
        <line num="1122" count="293" type="stmt"/>
        <line num="1124" count="300" type="cond" truecount="1" falsecount="1"/>
        <line num="1125" count="300" type="stmt"/>
        <line num="1126" count="300" type="cond" truecount="2" falsecount="0"/>
        <line num="1127" count="298" type="stmt"/>
        <line num="1128" count="298" type="stmt"/>
        <line num="1130" count="2" type="stmt"/>
        <line num="1131" count="2" type="stmt"/>
        <line num="1134" count="0" type="stmt"/>
        <line num="1135" count="0" type="stmt"/>
        <line num="1138" count="8209" type="stmt"/>
        <line num="1139" count="8209" type="stmt"/>
        <line num="1141" count="8493" type="cond" truecount="2" falsecount="0"/>
        <line num="1142" count="8211" type="stmt"/>
        <line num="1143" count="8211" type="stmt"/>
        <line num="1144" count="8211" type="cond" truecount="2" falsecount="0"/>
        <line num="1145" count="885" type="stmt"/>
        <line num="1146" count="885" type="cond" truecount="1" falsecount="1"/>
        <line num="1147" count="885" type="stmt"/>
        <line num="1148" count="885" type="cond" truecount="1" falsecount="1"/>
        <line num="1149" count="885" type="stmt"/>
        <line num="1150" count="885" type="stmt"/>
        <line num="1152" count="0" type="stmt"/>
        <line num="1153" count="0" type="stmt"/>
        <line num="1156" count="0" type="stmt"/>
        <line num="1157" count="0" type="stmt"/>
        <line num="1160" count="7326" type="stmt"/>
        <line num="1161" count="7326" type="stmt"/>
        <line num="1163" count="8211" type="cond" truecount="2" falsecount="0"/>
        <line num="1164" count="7326" type="stmt"/>
        <line num="1168" count="8492" type="stmt"/>
        <line num="1174" count="8511" type="stmt"/>
        <line num="1175" count="8511" type="stmt"/>
        <line num="1176" count="8511" type="cond" truecount="2" falsecount="0"/>
        <line num="1177" count="1600" type="stmt"/>
        <line num="1178" count="1600" type="cond" truecount="1" falsecount="1"/>
        <line num="1179" count="1600" type="cond" truecount="2" falsecount="0"/>
        <line num="1180" count="892" type="stmt"/>
        <line num="1181" count="892" type="stmt"/>
        <line num="1183" count="708" type="stmt"/>
        <line num="1184" count="708" type="cond" truecount="1" falsecount="1"/>
        <line num="1186" count="1600" type="cond" truecount="2" falsecount="0"/>
        <line num="1187" count="892" type="stmt"/>
        <line num="1189" count="708" type="stmt"/>
        <line num="1190" count="708" type="stmt"/>
        <line num="1193" count="0" type="stmt"/>
        <line num="1194" count="0" type="stmt"/>
        <line num="1197" count="6911" type="stmt"/>
        <line num="1198" count="6911" type="stmt"/>
        <line num="1201" count="8511" type="stmt"/>
        <line num="1207" count="8511" type="stmt"/>
        <line num="1208" count="8511" type="stmt"/>
        <line num="1209" count="8511" type="cond" truecount="2" falsecount="0"/>
        <line num="1210" count="662" type="stmt"/>
        <line num="1211" count="662" type="cond" truecount="1" falsecount="1"/>
        <line num="1212" count="662" type="stmt"/>
        <line num="1213" count="662" type="cond" truecount="2" falsecount="0"/>
        <line num="1214" count="211" type="stmt"/>
        <line num="1215" count="211" type="stmt"/>
        <line num="1217" count="451" type="stmt"/>
        <line num="1218" count="451" type="stmt"/>
        <line num="1221" count="0" type="stmt"/>
        <line num="1222" count="0" type="stmt"/>
        <line num="1225" count="7849" type="stmt"/>
        <line num="1226" count="7849" type="stmt"/>
        <line num="1228" count="8511" type="cond" truecount="2" falsecount="0"/>
        <line num="1229" count="8300" type="stmt"/>
        <line num="1232" count="8510" type="stmt"/>
        <line num="1238" count="8511" type="cond" truecount="2" falsecount="0"/>
        <line num="1239" count="49" type="stmt"/>
        <line num="1240" count="49" type="stmt"/>
        <line num="1242" count="8462" type="stmt"/>
        <line num="1243" count="8462" type="cond" truecount="1" falsecount="1"/>
        <line num="1245" count="8511" type="cond" truecount="2" falsecount="0"/>
        <line num="1246" count="8462" type="cond" truecount="2" falsecount="0"/>
        <line num="1247" count="298" type="stmt"/>
        <line num="1248" count="298" type="stmt"/>
        <line num="1250" count="8164" type="stmt"/>
        <line num="1251" count="8164" type="cond" truecount="1" falsecount="1"/>
        <line num="1253" count="8462" type="cond" truecount="2" falsecount="0"/>
        <line num="1254" count="8164" type="cond" truecount="2" falsecount="0"/>
        <line num="1255" count="315" type="stmt"/>
        <line num="1256" count="315" type="stmt"/>
        <line num="1258" count="7849" type="stmt"/>
        <line num="1259" count="7849" type="cond" truecount="1" falsecount="1"/>
        <line num="1264" count="8511" type="stmt"/>
        <line num="1270" count="8962" type="stmt"/>
        <line num="1271" count="8962" type="stmt"/>
        <line num="1272" count="8961" type="cond" truecount="2" falsecount="0"/>
        <line num="1273" count="5071" type="stmt"/>
        <line num="1274" count="5071" type="cond" truecount="1" falsecount="1"/>
        <line num="1275" count="5071" type="stmt"/>
        <line num="1276" count="5071" type="cond" truecount="2" falsecount="0"/>
        <line num="1277" count="440" type="stmt"/>
        <line num="1278" count="440" type="stmt"/>
        <line num="1280" count="4631" type="stmt"/>
        <line num="1281" count="4631" type="stmt"/>
        <line num="1284" count="0" type="stmt"/>
        <line num="1285" count="0" type="stmt"/>
        <line num="1288" count="3890" type="stmt"/>
        <line num="1289" count="3890" type="stmt"/>
        <line num="1291" count="8961" type="cond" truecount="2" falsecount="0"/>
        <line num="1292" count="8521" type="stmt"/>
        <line num="1295" count="8961" type="stmt"/>
        <line num="1301" count="5071" type="cond" truecount="2" falsecount="0"/>
        <line num="1302" count="111" type="stmt"/>
        <line num="1303" count="111" type="stmt"/>
        <line num="1305" count="4960" type="stmt"/>
        <line num="1306" count="4960" type="cond" truecount="1" falsecount="1"/>
        <line num="1308" count="5071" type="cond" truecount="2" falsecount="0"/>
        <line num="1309" count="4960" type="cond" truecount="2" falsecount="0"/>
        <line num="1310" count="183" type="stmt"/>
        <line num="1311" count="183" type="stmt"/>
        <line num="1313" count="4777" type="stmt"/>
        <line num="1314" count="4777" type="cond" truecount="1" falsecount="1"/>
        <line num="1316" count="4960" type="cond" truecount="2" falsecount="0"/>
        <line num="1317" count="4777" type="cond" truecount="2" falsecount="0"/>
        <line num="1318" count="146" type="stmt"/>
        <line num="1319" count="146" type="stmt"/>
        <line num="1321" count="4631" type="stmt"/>
        <line num="1322" count="4631" type="cond" truecount="1" falsecount="1"/>
        <line num="1327" count="5071" type="stmt"/>
        <line num="1333" count="17483" type="stmt"/>
        <line num="1334" count="17483" type="cond" truecount="2" falsecount="0"/>
        <line num="1335" count="11135" type="stmt"/>
        <line num="1336" count="11134" type="cond" truecount="2" falsecount="0"/>
        <line num="1337" count="10860" type="stmt"/>
        <line num="1338" count="10860" type="cond" truecount="2" falsecount="0"/>
        <line num="1339" count="10720" type="stmt"/>
        <line num="1340" count="10720" type="cond" truecount="2" falsecount="0"/>
        <line num="1341" count="9733" type="stmt"/>
        <line num="1342" count="9733" type="cond" truecount="2" falsecount="0"/>
        <line num="1343" count="8833" type="stmt"/>
        <line num="1344" count="8833" type="cond" truecount="2" falsecount="0"/>
        <line num="1345" count="1053" type="stmt"/>
        <line num="1346" count="1053" type="stmt"/>
        <line num="1348" count="7780" type="stmt"/>
        <line num="1349" count="7780" type="cond" truecount="1" falsecount="1"/>
        <line num="1351" count="8833" type="cond" truecount="2" falsecount="0"/>
        <line num="1352" count="1053" type="stmt"/>
        <line num="1353" count="1053" type="cond" truecount="1" falsecount="1"/>
        <line num="1354" count="1053" type="stmt"/>
        <line num="1355" count="1053" type="cond" truecount="1" falsecount="1"/>
        <line num="1356" count="1053" type="stmt"/>
        <line num="1357" count="1053" type="cond" truecount="1" falsecount="1"/>
        <line num="1358" count="1053" type="cond" truecount="1" falsecount="1"/>
        <line num="1359" count="1053" type="stmt"/>
        <line num="1360" count="1053" type="stmt"/>
        <line num="1362" count="0" type="stmt"/>
        <line num="1363" count="0" type="cond" truecount="0" falsecount="2"/>
        <line num="1365" count="1053" type="cond" truecount="1" falsecount="1"/>
        <line num="1366" count="1053" type="stmt"/>
        <line num="1367" count="1053" type="stmt"/>
        <line num="1369" count="0" type="stmt"/>
        <line num="1370" count="0" type="stmt"/>
        <line num="1373" count="0" type="stmt"/>
        <line num="1374" count="0" type="stmt"/>
        <line num="1377" count="0" type="stmt"/>
        <line num="1378" count="0" type="stmt"/>
        <line num="1381" count="0" type="stmt"/>
        <line num="1382" count="0" type="stmt"/>
        <line num="1385" count="7780" type="stmt"/>
        <line num="1386" count="7780" type="stmt"/>
        <line num="1394" count="17482" type="stmt"/>
        <line num="1400" count="10720" type="stmt"/>
        <line num="1401" count="10720" type="stmt"/>
        <line num="1402" count="10720" type="cond" truecount="2" falsecount="0"/>
        <line num="1403" count="1445" type="stmt"/>
        <line num="1404" count="1445" type="stmt"/>
        <line num="1405" count="1445" type="stmt"/>
        <line num="1406" count="1445" type="stmt"/>
        <line num="1407" count="1445" type="cond" truecount="1" falsecount="1"/>
        <line num="1408" count="1445" type="stmt"/>
        <line num="1409" count="1445" type="stmt"/>
        <line num="1410" count="1445" type="cond" truecount="2" falsecount="0"/>
        <line num="1411" count="146" type="stmt"/>
        <line num="1412" count="146" type="cond" truecount="1" falsecount="1"/>
        <line num="1413" count="146" type="stmt"/>
        <line num="1414" count="146" type="stmt"/>
        <line num="1416" count="0" type="stmt"/>
        <line num="1417" count="0" type="stmt"/>
        <line num="1420" count="1299" type="stmt"/>
        <line num="1421" count="1299" type="stmt"/>
        <line num="1423" count="1445" type="cond" truecount="2" falsecount="0"/>
        <line num="1424" count="1299" type="stmt"/>
        <line num="1426" count="1445" type="cond" truecount="1" falsecount="1"/>
        <line num="1427" count="1445" type="cond" truecount="2" falsecount="0"/>
        <line num="1428" count="458" type="stmt"/>
        <line num="1429" count="458" type="stmt"/>
        <line num="1431" count="987" type="stmt"/>
        <line num="1432" count="987" type="cond" truecount="1" falsecount="1"/>
        <line num="1434" count="1445" type="cond" truecount="2" falsecount="0"/>
        <line num="1435" count="458" type="stmt"/>
        <line num="1436" count="458" type="stmt"/>
        <line num="1438" count="987" type="stmt"/>
        <line num="1439" count="987" type="stmt"/>
        <line num="1442" count="0" type="stmt"/>
        <line num="1443" count="0" type="stmt"/>
        <line num="1446" count="0" type="stmt"/>
        <line num="1447" count="0" type="stmt"/>
        <line num="1449" count="1445" type="stmt"/>
        <line num="1450" count="1445" type="cond" truecount="2" falsecount="0"/>
        <line num="1451" count="987" type="stmt"/>
        <line num="1453" count="458" type="stmt"/>
        <line num="1454" count="458" type="stmt"/>
        <line num="1456" count="1445" type="cond" truecount="2" falsecount="0"/>
        <line num="1457" count="987" type="stmt"/>
        <line num="1458" count="987" type="stmt"/>
        <line num="1460" count="458" type="stmt"/>
        <line num="1461" count="458" type="stmt"/>
        <line num="1464" count="9275" type="stmt"/>
        <line num="1465" count="9275" type="stmt"/>
        <line num="1468" count="10720" type="stmt"/>
        <line num="1474" count="9733" type="stmt"/>
        <line num="1475" count="9733" type="stmt"/>
        <line num="1476" count="9733" type="cond" truecount="2" falsecount="0"/>
        <line num="1477" count="900" type="stmt"/>
        <line num="1478" count="900" type="cond" truecount="1" falsecount="1"/>
        <line num="1479" count="900" type="stmt"/>
        <line num="1480" count="900" type="cond" truecount="1" falsecount="1"/>
        <line num="1481" count="900" type="stmt"/>
        <line num="1482" count="900" type="stmt"/>
        <line num="1484" count="0" type="stmt"/>
        <line num="1485" count="0" type="stmt"/>
        <line num="1488" count="0" type="stmt"/>
        <line num="1489" count="0" type="stmt"/>
        <line num="1492" count="8833" type="stmt"/>
        <line num="1493" count="8833" type="stmt"/>
        <line num="1496" count="9733" type="stmt"/>
        <line num="1502" count="9733" type="cond" truecount="2" falsecount="0"/>
        <line num="1503" count="452" type="stmt"/>
        <line num="1504" count="452" type="stmt"/>
        <line num="1506" count="9281" type="stmt"/>
        <line num="1507" count="9281" type="cond" truecount="1" falsecount="1"/>
        <line num="1509" count="9733" type="cond" truecount="2" falsecount="0"/>
        <line num="1510" count="9281" type="cond" truecount="2" falsecount="0"/>
        <line num="1511" count="448" type="stmt"/>
        <line num="1512" count="448" type="stmt"/>
        <line num="1514" count="8833" type="stmt"/>
        <line num="1515" count="8833" type="cond" truecount="1" falsecount="1"/>
        <line num="1519" count="9733" type="stmt"/>
        <line num="1525" count="41099" type="cond" truecount="2" falsecount="0"/>
        <line num="1526" count="41086" type="stmt"/>
        <line num="1527" count="41086" type="stmt"/>
        <line num="1529" count="13" type="stmt"/>
        <line num="1530" count="13" type="cond" truecount="1" falsecount="1"/>
        <line num="1533" count="41099" type="stmt"/>
        <line num="1539" count="53622" type="stmt"/>
        <line num="1540" count="53622" type="cond" truecount="2" falsecount="0"/>
        <line num="1541" count="1" type="stmt"/>
        <line num="1542" count="1" type="stmt"/>
        <line num="1544" count="53621" type="stmt"/>
        <line num="1545" count="53621" type="cond" truecount="1" falsecount="1"/>
        <line num="1547" count="53622" type="cond" truecount="2" falsecount="0"/>
        <line num="1548" count="53621" type="cond" truecount="2" falsecount="0"/>
        <line num="1549" count="1" type="stmt"/>
        <line num="1550" count="1" type="stmt"/>
        <line num="1552" count="53620" type="stmt"/>
        <line num="1553" count="53620" type="cond" truecount="1" falsecount="1"/>
        <line num="1555" count="53621" type="cond" truecount="2" falsecount="0"/>
        <line num="1556" count="53620" type="cond" truecount="2" falsecount="0"/>
        <line num="1557" count="1" type="stmt"/>
        <line num="1558" count="1" type="stmt"/>
        <line num="1560" count="53619" type="stmt"/>
        <line num="1561" count="53619" type="cond" truecount="1" falsecount="1"/>
        <line num="1563" count="53620" type="cond" truecount="2" falsecount="0"/>
        <line num="1564" count="53619" type="cond" truecount="2" falsecount="0"/>
        <line num="1565" count="13202" type="stmt"/>
        <line num="1566" count="13202" type="stmt"/>
        <line num="1568" count="40417" type="stmt"/>
        <line num="1569" count="40417" type="cond" truecount="1" falsecount="1"/>
        <line num="1571" count="53619" type="cond" truecount="2" falsecount="0"/>
        <line num="1572" count="40417" type="cond" truecount="2" falsecount="0"/>
        <line num="1573" count="1" type="stmt"/>
        <line num="1574" count="1" type="stmt"/>
        <line num="1576" count="40416" type="stmt"/>
        <line num="1577" count="40416" type="cond" truecount="1" falsecount="1"/>
        <line num="1579" count="40417" type="cond" truecount="2" falsecount="0"/>
        <line num="1580" count="40416" type="cond" truecount="2" falsecount="0"/>
        <line num="1581" count="1" type="stmt"/>
        <line num="1582" count="1" type="stmt"/>
        <line num="1584" count="40415" type="stmt"/>
        <line num="1585" count="40415" type="cond" truecount="1" falsecount="1"/>
        <line num="1587" count="40416" type="cond" truecount="2" falsecount="0"/>
        <line num="1588" count="40415" type="stmt"/>
        <line num="1595" count="53622" type="stmt"/>
        <line num="1596" count="53622" type="cond" truecount="2" falsecount="0"/>
        <line num="1597" count="40414" type="stmt"/>
        <line num="1598" count="40414" type="cond" truecount="2" falsecount="0"/>
        <line num="1601" count="53622" type="stmt"/>
        <line num="1607" count="9698" type="cond" truecount="2" falsecount="0"/>
        <line num="1608" count="96" type="stmt"/>
        <line num="1609" count="96" type="stmt"/>
        <line num="1611" count="9602" type="stmt"/>
        <line num="1612" count="9602" type="cond" truecount="1" falsecount="1"/>
        <line num="1615" count="9698" type="stmt"/>
        <line num="1621" count="40426" type="stmt"/>
        <line num="1622" count="40426" type="cond" truecount="2" falsecount="0"/>
        <line num="1623" count="2120" type="stmt"/>
        <line num="1624" count="2120" type="stmt"/>
        <line num="1626" count="38306" type="stmt"/>
        <line num="1627" count="38306" type="cond" truecount="1" falsecount="1"/>
        <line num="1629" count="40426" type="cond" truecount="2" falsecount="0"/>
        <line num="1630" count="38306" type="cond" truecount="2" falsecount="0"/>
        <line num="1631" count="65" type="stmt"/>
        <line num="1632" count="65" type="stmt"/>
        <line num="1634" count="38241" type="stmt"/>
        <line num="1635" count="38241" type="cond" truecount="1" falsecount="1"/>
        <line num="1637" count="38306" type="cond" truecount="2" falsecount="0"/>
        <line num="1638" count="38241" type="cond" truecount="2" falsecount="0"/>
        <line num="1639" count="1" type="stmt"/>
        <line num="1640" count="1" type="stmt"/>
        <line num="1642" count="38240" type="stmt"/>
        <line num="1643" count="38240" type="cond" truecount="1" falsecount="1"/>
        <line num="1645" count="38241" type="cond" truecount="2" falsecount="0"/>
        <line num="1646" count="38240" type="cond" truecount="2" falsecount="0"/>
        <line num="1647" count="1" type="stmt"/>
        <line num="1648" count="1" type="stmt"/>
        <line num="1650" count="38239" type="stmt"/>
        <line num="1651" count="38239" type="cond" truecount="1" falsecount="1"/>
        <line num="1653" count="38240" type="cond" truecount="2" falsecount="0"/>
        <line num="1654" count="38239" type="cond" truecount="2" falsecount="0"/>
        <line num="1655" count="1" type="stmt"/>
        <line num="1656" count="1" type="stmt"/>
        <line num="1658" count="38238" type="stmt"/>
        <line num="1659" count="38238" type="cond" truecount="1" falsecount="1"/>
        <line num="1665" count="40426" type="stmt"/>
        <line num="1666" count="40426" type="cond" truecount="2" falsecount="0"/>
        <line num="1667" count="38238" type="stmt"/>
        <line num="1668" count="38238" type="cond" truecount="2" falsecount="0"/>
        <line num="1671" count="40426" type="stmt"/>
        <line num="1677" count="36617" type="stmt"/>
        <line num="1678" count="36617" type="stmt"/>
        <line num="1679" count="36617" type="cond" truecount="2" falsecount="0"/>
        <line num="1680" count="36584" type="stmt"/>
        <line num="1682" count="36617" type="stmt"/>
        <line num="1683" count="36617" type="cond" truecount="2" falsecount="0"/>
        <line num="1684" count="36529" type="stmt"/>
        <line num="1685" count="36529" type="cond" truecount="2" falsecount="0"/>
        <line num="1688" count="36617" type="stmt"/>
        <line num="1694" count="36617" type="stmt"/>
        <line num="1695" count="36617" type="cond" truecount="2" falsecount="0"/>
        <line num="1696" count="33" type="stmt"/>
        <line num="1697" count="33" type="stmt"/>
        <line num="1699" count="36584" type="stmt"/>
        <line num="1700" count="36584" type="cond" truecount="1" falsecount="1"/>
        <line num="1702" count="36617" type="cond" truecount="2" falsecount="0"/>
        <line num="1703" count="33" type="stmt"/>
        <line num="1704" count="33" type="stmt"/>
        <line num="1705" count="33" type="stmt"/>
        <line num="1706" count="33" type="stmt"/>
        <line num="1707" count="33" type="cond" truecount="2" falsecount="0"/>
        <line num="1708" count="8" type="stmt"/>
        <line num="1709" count="8" type="stmt"/>
        <line num="1711" count="25" type="stmt"/>
        <line num="1712" count="25" type="cond" truecount="1" falsecount="1"/>
        <line num="1714" count="33" type="stmt"/>
        <line num="1715" count="33" type="cond" truecount="2" falsecount="0"/>
        <line num="1716" count="25" type="stmt"/>
        <line num="1718" count="8" type="stmt"/>
        <line num="1719" count="8" type="stmt"/>
        <line num="1721" count="33" type="cond" truecount="2" falsecount="0"/>
        <line num="1722" count="25" type="stmt"/>
        <line num="1723" count="25" type="cond" truecount="1" falsecount="1"/>
        <line num="1724" count="25" type="stmt"/>
        <line num="1725" count="25" type="stmt"/>
        <line num="1727" count="0" type="stmt"/>
        <line num="1728" count="0" type="stmt"/>
        <line num="1731" count="8" type="stmt"/>
        <line num="1732" count="8" type="stmt"/>
        <line num="1734" count="33" type="stmt"/>
        <line num="1735" count="93" type="stmt"/>
        <line num="1736" count="93" type="stmt"/>
        <line num="1737" count="93" type="stmt"/>
        <line num="1738" count="93" type="stmt"/>
        <line num="1739" count="93" type="cond" truecount="2" falsecount="0"/>
        <line num="1740" count="25" type="stmt"/>
        <line num="1741" count="25" type="stmt"/>
        <line num="1743" count="68" type="stmt"/>
        <line num="1744" count="68" type="cond" truecount="1" falsecount="1"/>
        <line num="1746" count="93" type="stmt"/>
        <line num="1747" count="93" type="cond" truecount="2" falsecount="0"/>
        <line num="1748" count="68" type="stmt"/>
        <line num="1750" count="25" type="stmt"/>
        <line num="1751" count="25" type="stmt"/>
        <line num="1753" count="93" type="cond" truecount="2" falsecount="0"/>
        <line num="1754" count="68" type="stmt"/>
        <line num="1755" count="68" type="cond" truecount="1" falsecount="1"/>
        <line num="1756" count="68" type="stmt"/>
        <line num="1757" count="68" type="stmt"/>
        <line num="1759" count="0" type="stmt"/>
        <line num="1760" count="0" type="stmt"/>
        <line num="1763" count="25" type="stmt"/>
        <line num="1764" count="25" type="stmt"/>
        <line num="1767" count="33" type="cond" truecount="1" falsecount="1"/>
        <line num="1768" count="33" type="cond" truecount="1" falsecount="1"/>
        <line num="1769" count="33" type="stmt"/>
        <line num="1770" count="33" type="stmt"/>
        <line num="1772" count="0" type="stmt"/>
        <line num="1773" count="0" type="cond" truecount="0" falsecount="2"/>
        <line num="1775" count="33" type="cond" truecount="1" falsecount="1"/>
        <line num="1776" count="33" type="stmt"/>
        <line num="1777" count="33" type="stmt"/>
        <line num="1779" count="0" type="stmt"/>
        <line num="1780" count="0" type="stmt"/>
        <line num="1783" count="0" type="stmt"/>
        <line num="1784" count="0" type="stmt"/>
        <line num="1787" count="36584" type="stmt"/>
        <line num="1788" count="36584" type="stmt"/>
        <line num="1791" count="36617" type="stmt"/>
        <line num="1797" count="2058" type="stmt"/>
        <line num="1798" count="2058" type="cond" truecount="2" falsecount="0"/>
        <line num="1799" count="5" type="stmt"/>
        <line num="1800" count="5" type="stmt"/>
        <line num="1802" count="2053" type="stmt"/>
        <line num="1803" count="2053" type="cond" truecount="1" falsecount="1"/>
        <line num="1805" count="2058" type="cond" truecount="2" falsecount="0"/>
        <line num="1806" count="5" type="stmt"/>
        <line num="1807" count="5" type="stmt"/>
        <line num="1808" count="5" type="stmt"/>
        <line num="1809" count="5" type="stmt"/>
        <line num="1810" count="5" type="cond" truecount="2" falsecount="0"/>
        <line num="1811" count="1" type="stmt"/>
        <line num="1812" count="1" type="stmt"/>
        <line num="1814" count="4" type="stmt"/>
        <line num="1815" count="4" type="cond" truecount="1" falsecount="1"/>
        <line num="1817" count="5" type="cond" truecount="2" falsecount="0"/>
        <line num="1818" count="4" type="stmt"/>
        <line num="1820" count="5" type="stmt"/>
        <line num="1821" count="5" type="cond" truecount="2" falsecount="0"/>
        <line num="1822" count="3" type="stmt"/>
        <line num="1824" count="2" type="stmt"/>
        <line num="1825" count="2" type="stmt"/>
        <line num="1827" count="5" type="cond" truecount="2" falsecount="0"/>
        <line num="1828" count="3" type="stmt"/>
        <line num="1829" count="3" type="cond" truecount="1" falsecount="1"/>
        <line num="1830" count="3" type="stmt"/>
        <line num="1831" count="3" type="stmt"/>
        <line num="1833" count="0" type="stmt"/>
        <line num="1834" count="0" type="stmt"/>
        <line num="1837" count="2" type="stmt"/>
        <line num="1838" count="2" type="stmt"/>
        <line num="1840" count="5" type="stmt"/>
        <line num="1841" count="13" type="stmt"/>
        <line num="1842" count="13" type="stmt"/>
        <line num="1843" count="13" type="stmt"/>
        <line num="1844" count="13" type="stmt"/>
        <line num="1845" count="13" type="cond" truecount="2" falsecount="0"/>
        <line num="1846" count="3" type="stmt"/>
        <line num="1847" count="3" type="stmt"/>
        <line num="1849" count="10" type="stmt"/>
        <line num="1850" count="10" type="cond" truecount="1" falsecount="1"/>
        <line num="1852" count="13" type="cond" truecount="2" falsecount="0"/>
        <line num="1853" count="10" type="stmt"/>
        <line num="1855" count="13" type="stmt"/>
        <line num="1856" count="13" type="cond" truecount="2" falsecount="0"/>
        <line num="1857" count="10" type="stmt"/>
        <line num="1859" count="3" type="stmt"/>
        <line num="1860" count="3" type="stmt"/>
        <line num="1862" count="13" type="cond" truecount="2" falsecount="0"/>
        <line num="1863" count="10" type="stmt"/>
        <line num="1864" count="10" type="cond" truecount="1" falsecount="1"/>
        <line num="1865" count="10" type="stmt"/>
        <line num="1866" count="10" type="stmt"/>
        <line num="1868" count="0" type="stmt"/>
        <line num="1869" count="0" type="stmt"/>
        <line num="1872" count="3" type="stmt"/>
        <line num="1873" count="3" type="stmt"/>
        <line num="1876" count="5" type="cond" truecount="1" falsecount="1"/>
        <line num="1877" count="5" type="cond" truecount="2" falsecount="0"/>
        <line num="1878" count="4" type="stmt"/>
        <line num="1879" count="4" type="stmt"/>
        <line num="1881" count="1" type="stmt"/>
        <line num="1882" count="1" type="cond" truecount="1" falsecount="1"/>
        <line num="1884" count="5" type="cond" truecount="2" falsecount="0"/>
        <line num="1885" count="4" type="stmt"/>
        <line num="1886" count="4" type="stmt"/>
        <line num="1888" count="1" type="stmt"/>
        <line num="1889" count="1" type="stmt"/>
        <line num="1892" count="0" type="stmt"/>
        <line num="1893" count="0" type="stmt"/>
        <line num="1896" count="2053" type="stmt"/>
        <line num="1897" count="2053" type="stmt"/>
        <line num="1900" count="2058" type="stmt"/>
        <line num="1906" count="38638" type="stmt"/>
        <line num="1907" count="38638" type="cond" truecount="2" falsecount="0"/>
        <line num="1908" count="65" type="stmt"/>
        <line num="1909" count="65" type="stmt"/>
        <line num="1911" count="38573" type="stmt"/>
        <line num="1912" count="38573" type="cond" truecount="2" falsecount="0"/>
        <line num="1914" count="38638" type="cond" truecount="2" falsecount="0"/>
        <line num="1915" count="65" type="stmt"/>
        <line num="1916" count="65" type="stmt"/>
        <line num="1917" count="65" type="stmt"/>
        <line num="1918" count="65" type="stmt"/>
        <line num="1919" count="65" type="stmt"/>
        <line num="1920" count="65" type="stmt"/>
        <line num="1921" count="65" type="cond" truecount="2" falsecount="0"/>
        <line num="1922" count="63" type="stmt"/>
        <line num="1924" count="2" type="stmt"/>
        <line num="1925" count="2" type="stmt"/>
        <line num="1927" count="65" type="cond" truecount="2" falsecount="0"/>
        <line num="1928" count="63" type="stmt"/>
        <line num="1929" count="63" type="cond" truecount="1" falsecount="1"/>
        <line num="1930" count="63" type="stmt"/>
        <line num="1931" count="63" type="stmt"/>
        <line num="1933" count="0" type="stmt"/>
        <line num="1934" count="0" type="stmt"/>
        <line num="1937" count="2" type="stmt"/>
        <line num="1938" count="2" type="stmt"/>
        <line num="1940" count="65" type="stmt"/>
        <line num="1941" count="1902" type="stmt"/>
        <line num="1942" count="1902" type="stmt"/>
        <line num="1943" count="1902" type="stmt"/>
        <line num="1944" count="1902" type="stmt"/>
        <line num="1945" count="1902" type="stmt"/>
        <line num="1946" count="1902" type="stmt"/>
        <line num="1947" count="1902" type="cond" truecount="2" falsecount="0"/>
        <line num="1948" count="1839" type="stmt"/>
        <line num="1950" count="63" type="stmt"/>
        <line num="1951" count="63" type="stmt"/>
        <line num="1953" count="1902" type="cond" truecount="2" falsecount="0"/>
        <line num="1954" count="1839" type="stmt"/>
        <line num="1955" count="1839" type="cond" truecount="1" falsecount="1"/>
        <line num="1956" count="1839" type="stmt"/>
        <line num="1957" count="1839" type="stmt"/>
        <line num="1959" count="0" type="stmt"/>
        <line num="1960" count="0" type="stmt"/>
        <line num="1963" count="63" type="stmt"/>
        <line num="1964" count="63" type="stmt"/>
        <line num="1967" count="65" type="cond" truecount="1" falsecount="1"/>
        <line num="1968" count="65" type="stmt"/>
        <line num="1969" count="65" type="stmt"/>
        <line num="1971" count="0" type="stmt"/>
        <line num="1972" count="0" type="stmt"/>
        <line num="1975" count="38573" type="stmt"/>
        <line num="1976" count="38573" type="stmt"/>
        <line num="1979" count="38638" type="stmt"/>
        <line num="1985" count="8511" type="stmt"/>
        <line num="1986" count="8511" type="stmt"/>
        <line num="1987" count="8511" type="stmt"/>
        <line num="1988" count="8511" type="stmt"/>
        <line num="1989" count="8511" type="stmt"/>
        <line num="1990" count="8511" type="cond" truecount="1" falsecount="1"/>
        <line num="1991" count="8511" type="stmt"/>
        <line num="1993" count="0" type="stmt"/>
        <line num="1994" count="0" type="stmt"/>
        <line num="1996" count="8511" type="cond" truecount="1" falsecount="1"/>
        <line num="1997" count="8511" type="stmt"/>
        <line num="1998" count="8511" type="cond" truecount="2" falsecount="0"/>
        <line num="1999" count="1600" type="stmt"/>
        <line num="2001" count="6911" type="stmt"/>
        <line num="2002" count="6911" type="stmt"/>
        <line num="2005" count="0" type="stmt"/>
        <line num="2006" count="0" type="stmt"/>
        <line num="2009" count="8511" type="stmt"/>
        <line num="2015" count="22834" type="stmt"/>
        <line num="2016" count="22834" type="stmt"/>
        <line num="2017" count="22834" type="stmt"/>
        <line num="2018" count="22834" type="cond" truecount="2" falsecount="0"/>
        <line num="2019" count="5027" type="stmt"/>
        <line num="2020" count="5027" type="stmt"/>
        <line num="2021" count="5027" type="stmt"/>
        <line num="2022" count="12658" type="stmt"/>
        <line num="2023" count="12658" type="stmt"/>
        <line num="2025" count="5027" type="cond" truecount="1" falsecount="1"/>
        <line num="2026" count="5027" type="stmt"/>
        <line num="2027" count="5027" type="stmt"/>
        <line num="2029" count="0" type="stmt"/>
        <line num="2030" count="0" type="stmt"/>
        <line num="2033" count="17807" type="stmt"/>
        <line num="2034" count="17807" type="stmt"/>
        <line num="2036" count="22834" type="stmt"/>
        <line num="2037" count="22834" type="cond" truecount="2" falsecount="0"/>
        <line num="2038" count="17807" type="stmt"/>
        <line num="2039" count="17807" type="cond" truecount="1" falsecount="1"/>
        <line num="2042" count="22834" type="stmt"/>
        <line num="2048" count="40519" type="stmt"/>
        <line num="2049" count="40519" type="cond" truecount="2" falsecount="0"/>
        <line num="2050" count="22956" type="cond" truecount="2" falsecount="0"/>
        <line num="2051" count="50" type="stmt"/>
        <line num="2052" count="50" type="stmt"/>
        <line num="2054" count="22906" type="stmt"/>
        <line num="2055" count="22906" type="cond" truecount="1" falsecount="1"/>
        <line num="2057" count="22956" type="cond" truecount="2" falsecount="0"/>
        <line num="2058" count="22906" type="cond" truecount="2" falsecount="0"/>
        <line num="2059" count="3" type="stmt"/>
        <line num="2060" count="3" type="stmt"/>
        <line num="2062" count="22903" type="stmt"/>
        <line num="2063" count="22903" type="cond" truecount="1" falsecount="1"/>
        <line num="2065" count="22906" type="cond" truecount="2" falsecount="0"/>
        <line num="2066" count="22903" type="stmt"/>
        <line num="2067" count="22903" type="cond" truecount="2" falsecount="0"/>
        <line num="2068" count="3" type="stmt"/>
        <line num="2069" count="3" type="stmt"/>
        <line num="2071" count="22900" type="stmt"/>
        <line num="2072" count="22900" type="cond" truecount="1" falsecount="1"/>
        <line num="2074" count="22903" type="cond" truecount="2" falsecount="0"/>
        <line num="2075" count="3" type="stmt"/>
        <line num="2076" count="3" type="cond" truecount="1" falsecount="1"/>
        <line num="2077" count="3" type="stmt"/>
        <line num="2078" count="3" type="stmt"/>
        <line num="2080" count="0" type="stmt"/>
        <line num="2081" count="0" type="stmt"/>
        <line num="2084" count="22900" type="stmt"/>
        <line num="2085" count="22900" type="stmt"/>
        <line num="2091" count="40519" type="stmt"/>
        <line num="2097" count="17685" type="stmt"/>
        <line num="2098" count="17685" type="cond" truecount="2" falsecount="0"/>
        <line num="2099" count="5093" type="stmt"/>
        <line num="2100" count="5093" type="cond" truecount="2" falsecount="0"/>
        <line num="2101" count="5090" type="stmt"/>
        <line num="2102" count="5090" type="cond" truecount="2" falsecount="0"/>
        <line num="2103" count="5036" type="stmt"/>
        <line num="2104" count="5036" type="cond" truecount="2" falsecount="0"/>
        <line num="2105" count="5033" type="cond" truecount="2" falsecount="0"/>
        <line num="2106" count="3" type="stmt"/>
        <line num="2107" count="3" type="stmt"/>
        <line num="2109" count="5030" type="stmt"/>
        <line num="2110" count="5030" type="cond" truecount="1" falsecount="1"/>
        <line num="2112" count="5033" type="cond" truecount="2" falsecount="0"/>
        <line num="2113" count="5030" type="cond" truecount="2" falsecount="0"/>
        <line num="2114" count="3" type="stmt"/>
        <line num="2115" count="3" type="stmt"/>
        <line num="2117" count="5027" type="stmt"/>
        <line num="2118" count="5027" type="cond" truecount="1" falsecount="1"/>
        <line num="2126" count="17685" type="stmt"/>
        <line num="2132" count="40519" type="stmt"/>
        <line num="2133" count="40519" type="cond" truecount="2" falsecount="0"/>
        <line num="2134" count="40015" type="stmt"/>
        <line num="2135" count="40015" type="cond" truecount="2" falsecount="0"/>
        <line num="2136" count="22956" type="stmt"/>
        <line num="2137" count="22956" type="cond" truecount="1" falsecount="1"/>
        <line num="2138" count="22956" type="stmt"/>
        <line num="2139" count="22956" type="cond" truecount="1" falsecount="1"/>
        <line num="2140" count="22956" type="stmt"/>
        <line num="2141" count="22956" type="cond" truecount="1" falsecount="1"/>
        <line num="2142" count="22956" type="stmt"/>
        <line num="2149" count="40519" type="stmt"/>
        <line num="2155" count="5093" type="stmt"/>
        <line num="2156" count="5093" type="cond" truecount="2" falsecount="0"/>
        <line num="2157" count="5090" type="stmt"/>
        <line num="2160" count="5093" type="stmt"/>
        <line num="2166" count="8511" type="stmt"/>
        <line num="2167" count="8511" type="cond" truecount="1" falsecount="1"/>
        <line num="2168" count="8511" type="stmt"/>
        <line num="2169" count="8511" type="cond" truecount="1" falsecount="1"/>
        <line num="2170" count="8511" type="stmt"/>
        <line num="2171" count="8511" type="cond" truecount="1" falsecount="1"/>
        <line num="2172" count="8511" type="stmt"/>
        <line num="2177" count="8511" type="stmt"/>
        <line num="2183" count="8511" type="stmt"/>
        <line num="2184" count="8511" type="cond" truecount="1" falsecount="1"/>
        <line num="2185" count="8511" type="stmt"/>
        <line num="2186" count="8511" type="cond" truecount="1" falsecount="1"/>
        <line num="2187" count="8511" type="stmt"/>
        <line num="2188" count="8511" type="cond" truecount="1" falsecount="1"/>
        <line num="2189" count="8511" type="stmt"/>
        <line num="2190" count="8511" type="cond" truecount="1" falsecount="1"/>
        <line num="2191" count="8511" type="stmt"/>
        <line num="2192" count="8511" type="cond" truecount="1" falsecount="1"/>
        <line num="2193" count="8511" type="stmt"/>
        <line num="2194" count="8511" type="cond" truecount="1" falsecount="1"/>
        <line num="2195" count="8511" type="stmt"/>
        <line num="2196" count="8511" type="cond" truecount="1" falsecount="1"/>
        <line num="2197" count="8511" type="stmt"/>
        <line num="2198" count="8511" type="cond" truecount="1" falsecount="1"/>
        <line num="2199" count="8511" type="stmt"/>
        <line num="2200" count="8511" type="cond" truecount="1" falsecount="1"/>
        <line num="2201" count="8511" type="stmt"/>
        <line num="2202" count="8511" type="cond" truecount="1" falsecount="1"/>
        <line num="2203" count="8511" type="stmt"/>
        <line num="2204" count="8511" type="cond" truecount="1" falsecount="1"/>
        <line num="2205" count="8511" type="stmt"/>
        <line num="2206" count="8511" type="cond" truecount="1" falsecount="1"/>
        <line num="2207" count="8511" type="stmt"/>
        <line num="2208" count="8511" type="cond" truecount="1" falsecount="1"/>
        <line num="2209" count="8511" type="stmt"/>
        <line num="2210" count="8511" type="cond" truecount="1" falsecount="1"/>
        <line num="2211" count="8511" type="stmt"/>
        <line num="2212" count="8511" type="cond" truecount="1" falsecount="1"/>
        <line num="2213" count="8511" type="stmt"/>
        <line num="2214" count="8511" type="cond" truecount="1" falsecount="1"/>
        <line num="2215" count="8511" type="stmt"/>
        <line num="2216" count="8511" type="cond" truecount="1" falsecount="1"/>
        <line num="2217" count="8511" type="stmt"/>
        <line num="2218" count="8511" type="cond" truecount="1" falsecount="1"/>
        <line num="2219" count="8511" type="stmt"/>
        <line num="2220" count="8511" type="cond" truecount="1" falsecount="1"/>
        <line num="2221" count="8511" type="stmt"/>
        <line num="2222" count="8511" type="cond" truecount="1" falsecount="1"/>
        <line num="2223" count="8511" type="stmt"/>
        <line num="2224" count="8511" type="cond" truecount="1" falsecount="1"/>
        <line num="2225" count="8511" type="stmt"/>
        <line num="2226" count="8511" type="cond" truecount="1" falsecount="1"/>
        <line num="2227" count="8511" type="stmt"/>
        <line num="2228" count="8511" type="cond" truecount="1" falsecount="1"/>
        <line num="2229" count="8511" type="stmt"/>
        <line num="2230" count="8511" type="cond" truecount="1" falsecount="1"/>
        <line num="2231" count="8511" type="stmt"/>
        <line num="2232" count="8511" type="cond" truecount="1" falsecount="1"/>
        <line num="2233" count="8511" type="stmt"/>
        <line num="2260" count="8511" type="stmt"/>
        <line num="2266" count="8511" type="stmt"/>
        <line num="2267" count="8511" type="cond" truecount="1" falsecount="1"/>
        <line num="2268" count="8511" type="stmt"/>
        <line num="2269" count="8511" type="cond" truecount="1" falsecount="1"/>
        <line num="2270" count="8511" type="stmt"/>
        <line num="2271" count="8511" type="cond" truecount="1" falsecount="1"/>
        <line num="2272" count="8511" type="stmt"/>
        <line num="2273" count="8511" type="cond" truecount="1" falsecount="1"/>
        <line num="2274" count="8511" type="stmt"/>
        <line num="2275" count="8511" type="cond" truecount="1" falsecount="1"/>
        <line num="2276" count="8511" type="stmt"/>
        <line num="2277" count="8511" type="cond" truecount="1" falsecount="1"/>
[...]
        <line num="534" count="390" type="stmt"/>
        <line num="535" count="390" type="stmt"/>
        <line num="536" count="390" type="stmt"/>
        <line num="539" count="7268" type="stmt"/>
        <line num="540" count="15368" type="cond" truecount="31" falsecount="1"/>
        <line num="542" count="12" type="stmt"/>
        <line num="543" count="12" type="stmt"/>
        <line num="544" count="12" type="stmt"/>
        <line num="547" count="796" type="stmt"/>
        <line num="548" count="796" type="stmt"/>
        <line num="549" count="796" type="stmt"/>
        <line num="552" count="256" type="stmt"/>
        <line num="553" count="256" type="stmt"/>
        <line num="554" count="256" type="stmt"/>
        <line num="557" count="48" type="stmt"/>
        <line num="558" count="48" type="stmt"/>
        <line num="559" count="48" type="stmt"/>
        <line num="562" count="1600" type="stmt"/>
        <line num="563" count="1600" type="stmt"/>
        <line num="564" count="1600" type="stmt"/>
        <line num="567" count="177" type="stmt"/>
        <line num="568" count="177" type="stmt"/>
        <line num="569" count="177" type="stmt"/>
        <line num="572" count="1759" type="stmt"/>
        <line num="573" count="1759" type="stmt"/>
        <line num="574" count="1759" type="stmt"/>
        <line num="577" count="1308" type="stmt"/>
        <line num="578" count="1308" type="stmt"/>
        <line num="579" count="1308" type="stmt"/>
        <line num="582" count="682" type="stmt"/>
        <line num="583" count="682" type="stmt"/>
        <line num="584" count="682" type="stmt"/>
        <line num="587" count="592" type="stmt"/>
        <line num="588" count="592" type="stmt"/>
        <line num="589" count="592" type="stmt"/>
        <line num="590" count="592" type="stmt"/>
        <line num="591" count="592" type="stmt"/>
        <line num="594" count="177" type="stmt"/>
        <line num="595" count="177" type="stmt"/>
        <line num="596" count="177" type="stmt"/>
        <line num="597" count="177" type="stmt"/>
        <line num="600" count="422" type="stmt"/>
        <line num="603" count="422" type="stmt"/>
        <line num="604" count="422" type="stmt"/>
        <line num="607" count="20" type="stmt"/>
        <line num="610" count="20" type="stmt"/>
        <line num="611" count="20" type="stmt"/>
        <line num="614" count="76" type="stmt"/>
        <line num="615" count="76" type="stmt"/>
        <line num="616" count="76" type="stmt"/>
        <line num="617" count="76" type="stmt"/>
        <line num="618" count="76" type="cond" truecount="2" falsecount="0"/>
        <line num="621" count="40" type="stmt"/>
        <line num="623" count="76" type="stmt"/>
        <line num="624" count="76" type="stmt"/>
        <line num="625" count="76" type="stmt"/>
        <line num="626" count="76" type="stmt"/>
        <line num="630" count="184" type="stmt"/>
        <line num="631" count="184" type="stmt"/>
        <line num="634" count="264" type="stmt"/>
        <line num="635" count="264" type="stmt"/>
        <line num="638" count="1546" type="stmt"/>
        <line num="639" count="1546" type="stmt"/>
        <line num="642" count="177" type="stmt"/>
        <line num="643" count="177" type="stmt"/>
        <line num="646" count="34" type="stmt"/>
        <line num="647" count="34" type="stmt"/>
        <line num="650" count="1222" type="stmt"/>
        <line num="660" count="1222" type="stmt"/>
        <line num="663" count="4" type="stmt"/>
        <line num="670" count="4" type="stmt"/>
        <line num="673" count="64" type="stmt"/>
        <line num="677" count="64" type="stmt"/>
        <line num="680" count="102" type="stmt"/>
        <line num="685" count="102" type="stmt"/>
        <line num="690" count="102" type="stmt"/>
        <line num="691" count="102" type="stmt"/>
        <line num="694" count="1222" type="stmt"/>
        <line num="695" count="1222" type="stmt"/>
        <line num="700" count="1222" type="stmt"/>
        <line num="701" count="1222" type="stmt"/>
        <line num="704" count="1340" type="stmt"/>
        <line num="705" count="1340" type="stmt"/>
        <line num="706" count="1340" type="stmt"/>
        <line num="707" count="1340" type="stmt"/>
        <line num="710" count="206" type="stmt"/>
        <line num="711" count="206" type="stmt"/>
        <line num="712" count="206" type="stmt"/>
        <line num="715" count="184" type="stmt"/>
        <line num="716" count="184" type="stmt"/>
        <line num="717" count="184" type="stmt"/>
        <line num="720" count="390" type="stmt"/>
        <line num="721" count="390" type="stmt"/>
        <line num="724" count="328" type="stmt"/>
        <line num="725" count="328" type="stmt"/>
        <line num="726" count="328" type="stmt"/>
        <line num="729" count="88" type="stmt"/>
        <line num="730" count="88" type="stmt"/>
        <line num="731" count="88" type="stmt"/>
        <line num="734" count="88" type="stmt"/>
        <line num="735" count="88" type="stmt"/>
        <line num="736" count="88" type="stmt"/>
        <line num="739" count="0" type="stmt"/>
        <line num="743" count="7268" type="stmt"/>
        <line num="746" count="829" type="stmt"/>
        <line num="748" count="829" type="stmt"/>
        <line num="750" count="829" type="cond" truecount="2" falsecount="0"/>
        <line num="751" count="384" type="stmt"/>
        <line num="754" count="829" type="stmt"/>
        <line num="755" count="2122" type="stmt"/>
        <line num="758" count="829" type="stmt"/>
        <line num="760" count="829" type="stmt"/>
        <line num="764" count="829" type="stmt"/>
        <line num="765" count="829" type="stmt"/>
        <line num="770" count="829" type="stmt"/>
        <line num="772" count="829" type="stmt"/>
        <line num="776" count="1314" type="stmt"/>
        <line num="778" count="1314" type="cond" truecount="1" falsecount="1"/>
        <line num="779" count="0" type="stmt"/>
        <line num="780" count="0" type="stmt"/>
        <line num="783" count="1314" type="stmt"/>
        <line num="906" count="1314" type="cond" truecount="2" falsecount="0"/>
        <line num="907" count="630" type="stmt"/>
        <line num="964" count="1314" type="stmt"/>
        <line num="973" count="1314" type="cond" truecount="2" falsecount="0"/>
        <line num="974" count="630" type="stmt"/>
        <line num="976" count="631" type="stmt"/>
        <line num="980" count="630" type="stmt"/>
        <line num="982" count="630" type="stmt"/>
        <line num="987" count="684" type="stmt"/>
        <line num="989" count="687" type="stmt"/>
        <line num="992" count="684" type="stmt"/>
        <line num="994" count="684" type="stmt"/>
        <line num="1000" count="1314" type="stmt"/>
        <line num="1002" count="1314" type="stmt"/>
        <line num="1004" count="1314" type="stmt"/>
        <line num="1015" count="1314" type="cond" truecount="2" falsecount="0"/>
        <line num="1016" count="629" type="stmt"/>
        <line num="1022" count="1314" type="cond" truecount="2" falsecount="0"/>
        <line num="1023" count="630" type="cond" truecount="2" falsecount="0"/>
        <line num="1024" count="314" type="stmt"/>
        <line num="1026" count="380" type="stmt"/>
        <line num="1030" count="314" type="stmt"/>
        <line num="1036" count="630" type="stmt"/>
        <line num="1042" count="1314" type="stmt"/>
        <line num="1047" count="1314" type="cond" truecount="2" falsecount="0"/>
        <line num="1048" count="630" type="stmt"/>
        <line num="1058" count="684" type="stmt"/>
        <line num="1069" count="1314" type="stmt"/>
        <line num="1199" count="1314" type="cond" truecount="2" falsecount="0"/>
        <line num="1200" count="630" type="stmt"/>
        <line num="1201" count="630" type="stmt"/>
        <line num="1203" count="684" type="stmt"/>
        <line num="1204" count="829" type="stmt"/>
        <line num="1205" count="829" type="stmt"/>
        <line num="1209" count="1314" type="cond" truecount="2" falsecount="0"/>
        <line num="1210" count="115" type="stmt"/>
        <line num="1211" count="115" type="stmt"/>
        <line num="1214" count="1314" type="cond" truecount="2" falsecount="0"/>
        <line num="1215" count="630" type="stmt"/>
        <line num="1217" count="684" type="stmt"/>
        <line num="1220" count="1314" type="stmt"/>
        <line num="1240" count="1314" type="stmt"/>
        <line num="1245" count="1314" type="stmt"/>
        <line num="1253" count="1314" type="cond" truecount="2" falsecount="0"/>
        <line num="1270" count="0" type="cond" truecount="0" falsecount="2"/>
        <line num="1286" count="1314" type="stmt"/>
        <line num="1288" count="1314" type="stmt"/>
        <line num="1301" count="0" type="stmt"/>
        <line num="1302" count="0" type="stmt"/>
        <line num="1304" count="0" type="stmt"/>
        <line num="1311" count="0" type="cond" truecount="0" falsecount="2"/>
        <line num="1312" count="0" type="stmt"/>
        <line num="1313" count="0" type="stmt"/>
        <line num="1319" count="0" type="stmt"/>
        <line num="1322" count="0" type="stmt"/>
        <line num="1329" count="0" type="stmt"/>
        <line num="1333" count="0" type="stmt"/>
        <line num="1334" count="0" type="stmt"/>
        <line num="1336" count="0" type="stmt"/>
        <line num="1341" count="0" type="cond" truecount="0" falsecount="2"/>
        <line num="1342" count="0" type="stmt"/>
        <line num="1343" count="0" type="stmt"/>
        <line num="1349" count="0" type="stmt"/>
        <line num="1352" count="0" type="stmt"/>
        <line num="1359" count="0" type="stmt"/>
        <line num="1363" count="0" type="stmt"/>
        <line num="1364" count="0" type="stmt"/>
        <line num="1365" count="0" type="stmt"/>
        <line num="1367" count="0" type="stmt"/>
        <line num="1370" count="0" type="stmt"/>
        <line num="1372" count="0" type="stmt"/>
        <line num="1386" count="0" type="stmt"/>
        <line num="1400" count="0" type="stmt"/>
        <line num="1401" count="0" type="stmt"/>
        <line num="1402" count="0" type="stmt"/>
        <line num="1403" count="0" type="stmt"/>
        <line num="1405" count="0" type="stmt"/>
        <line num="1408" count="0" type="stmt"/>
        <line num="1409" count="0" type="stmt"/>
        <line num="1411" count="0" type="stmt"/>
        <line num="1413" count="0" type="stmt"/>
        <line num="1422" count="0" type="cond" truecount="0" falsecount="2"/>
        <line num="1423" count="0" type="stmt"/>
        <line num="1429" count="0" type="stmt"/>
        <line num="1441" count="0" type="stmt"/>
        <line num="1445" count="1314" type="stmt"/>
        <line num="1448" count="1314" type="stmt"/>
        <line num="1451" count="4" type="stmt"/>
      </file>
      <file name="remove-proxy-rules.js" path="C:\Users\john\projects\peggy\lib\compiler\passes\remove-proxy-rules.js">
        <metrics statements="15" coveredstatements="15" conditionals="8" coveredconditionals="8" methods="6" coveredmethods="6"/>
        <line num="3" count="5" type="stmt"/>
        <line num="8" count="1602" type="cond" truecount="2" falsecount="0"/>
        <line num="12" count="28" type="stmt"/>
        <line num="14" count="72" type="cond" truecount="2" falsecount="0"/>
        <line num="15" count="10" type="stmt"/>
        <line num="20" count="28" type="stmt"/>
        <line num="23" count="1317" type="stmt"/>
        <line num="25" count="1317" type="stmt"/>
        <line num="26" count="1602" type="cond" truecount="2" falsecount="0"/>
        <line num="27" count="28" type="stmt"/>
        <line num="28" count="28" type="cond" truecount="2" falsecount="0"/>
        <line num="29" count="1" type="stmt"/>
        <line num="34" count="1317" type="stmt"/>
        <line num="36" count="1317" type="stmt"/>
        <line num="39" count="5" type="stmt"/>
      </file>
      <file name="report-duplicate-labels.js" path="C:\Users\john\projects\peggy\lib\compiler\passes\report-duplicate-labels.js">
        <metrics statements="18" coveredstatements="18" conditionals="4" coveredconditionals="4" methods="8" coveredmethods="8"/>
        <line num="3" count="5" type="stmt"/>
        <line num="4" count="5" type="stmt"/>
        <line num="9" count="1937" type="stmt"/>
        <line num="11" count="1937" type="stmt"/>
        <line num="12" count="177" type="stmt"/>
        <line num="15" count="1937" type="stmt"/>
        <line num="19" count="1420" type="stmt"/>
        <line num="22" count="1331" type="stmt"/>
        <line num="24" count="1612" type="stmt"/>
        <line num="28" count="214" type="stmt"/>
        <line num="29" count="517" type="stmt"/>
        <line num="36" count="833" type="stmt"/>
        <line num="37" count="833" type="cond" truecount="4" falsecount="0"/>
        <line num="38" count="2" type="stmt"/>
        <line num="46" count="831" type="stmt"/>
        <line num="48" count="831" type="stmt"/>
        <line num="60" count="1331" type="stmt"/>
        <line num="63" count="5" type="stmt"/>
      </file>
      <file name="report-duplicate-rules.js" path="C:\Users\john\projects\peggy\lib\compiler\passes\report-duplicate-rules.js">
        <metrics statements="9" coveredstatements="9" conditionals="2" coveredconditionals="2" methods="2" coveredmethods="2"/>
        <line num="3" count="5" type="stmt"/>
        <line num="4" count="5" type="stmt"/>
        <line num="8" count="1316" type="stmt"/>
        <line num="10" count="1316" type="stmt"/>
        <line num="12" count="1598" type="cond" truecount="2" falsecount="0"/>
        <line num="13" count="1" type="stmt"/>
        <line num="21" count="1597" type="stmt"/>
        <line num="25" count="1316" type="stmt"/>
        <line num="28" count="5" type="stmt"/>
      </file>
      <file name="report-incorrect-plucking.js" path="C:\Users\john\projects\peggy\lib\compiler\passes\report-incorrect-plucking.js">
        <metrics statements="10" coveredstatements="10" conditionals="4" coveredconditionals="4" methods="3" coveredmethods="3"/>
        <line num="3" count="5" type="stmt"/>
        <line num="4" count="5" type="stmt"/>
        <line num="12" count="1318" type="stmt"/>
        <line num="14" count="404" type="stmt"/>
        <line num="18" count="817" type="cond" truecount="2" falsecount="0"/>
        <line num="19" count="207" type="cond" truecount="2" falsecount="0"/>
        <line num="20" count="2" type="stmt"/>
        <line num="29" count="815" type="stmt"/>
        <line num="33" count="1318" type="stmt"/>
        <line num="36" count="5" type="stmt"/>
      </file>
      <file name="report-infinite-recursion.js" path="C:\Users\john\projects\peggy\lib\compiler\passes\report-infinite-recursion.js">
        <metrics statements="17" coveredstatements="17" conditionals="2" coveredconditionals="2" methods="5" coveredmethods="5"/>
        <line num="3" count="5" type="stmt"/>
        <line num="4" count="5" type="stmt"/>
        <line num="5" count="5" type="stmt"/>
        <line num="18" count="1358" type="stmt"/>
        <line num="20" count="1358" type="stmt"/>
        <line num="22" count="2054" type="stmt"/>
        <line num="23" count="2054" type="stmt"/>
        <line num="24" count="2027" type="stmt"/>
        <line num="28" count="1027" type="stmt"/>
        <line num="29" count="1333" type="stmt"/>
        <line num="31" count="1309" type="stmt"/>
        <line num="36" count="439" type="cond" truecount="2" falsecount="0"/>
        <line num="37" count="26" type="stmt"/>
        <line num="39" count="26" type="stmt"/>
        <line num="47" count="413" type="stmt"/>
        <line num="51" count="1358" type="stmt"/>
        <line num="54" count="5" type="stmt"/>
      </file>
      <file name="report-infinite-repetition.js" path="C:\Users\john\projects\peggy\lib\compiler\passes\report-infinite-repetition.js">
        <metrics statements="10" coveredstatements="10" conditionals="4" coveredconditionals="4" methods="3" coveredmethods="3"/>
        <line num="3" count="5" type="stmt"/>
        <line num="4" count="5" type="stmt"/>
        <line num="5" count="5" type="stmt"/>
        <line num="10" count="1353" type="stmt"/>
        <line num="12" count="174" type="cond" truecount="2" falsecount="0"/>
        <line num="13" count="23" type="stmt"/>
        <line num="21" count="57" type="cond" truecount="2" falsecount="0"/>
        <line num="22" count="1" type="stmt"/>
        <line num="30" count="1353" type="stmt"/>
        <line num="33" count="5" type="stmt"/>
      </file>
      <file name="report-undefined-rules.js" path="C:\Users\john\projects\peggy\lib\compiler\passes\report-undefined-rules.js">
        <metrics statements="8" coveredstatements="8" conditionals="2" coveredconditionals="2" methods="2" coveredmethods="2"/>
        <line num="3" count="5" type="stmt"/>
        <line num="4" count="5" type="stmt"/>
        <line num="5" count="5" type="stmt"/>
        <line num="9" count="1317" type="stmt"/>
        <line num="11" count="426" type="cond" truecount="2" falsecount="0"/>
        <line num="12" count="2" type="stmt"/>
        <line num="20" count="1317" type="stmt"/>
        <line num="23" count="5" type="stmt"/>
      </file>
    </package>
    <package name="test.unit.compiler.passes">
      <metrics statements="36" coveredstatements="36" conditionals="24" coveredconditionals="18" methods="7" coveredmethods="7"/>
      <file name="helpers.js" path="C:\Users\john\projects\peggy\test\unit\compiler\passes\helpers.js">
        <metrics statements="36" coveredstatements="36" conditionals="24" coveredconditionals="18" methods="7" coveredmethods="7"/>
        <line num="3" count="8" type="stmt"/>
        <line num="5" count="8" type="stmt"/>
        <line num="6" count="8" type="stmt"/>
        <line num="8" count="8" type="stmt"/>
        <line num="9" count="53" type="cond" truecount="2" falsecount="0"/>
        <line num="13" count="987" type="stmt"/>
        <line num="17" count="913" type="cond" truecount="2" falsecount="0"/>
        <line num="20" count="904" type="cond" truecount="2" falsecount="0"/>
        <line num="21" count="83" type="cond" truecount="1" falsecount="1"/>
        <line num="23" count="83" type="cond" truecount="1" falsecount="1"/>
        <line num="24" count="83" type="stmt"/>
        <line num="25" count="754" type="cond" truecount="1" falsecount="1"/>
        <line num="28" count="83" type="stmt"/>
        <line num="29" count="821" type="cond" truecount="2" falsecount="0"/>
        <line num="30" count="92" type="cond" truecount="1" falsecount="1"/>
        <line num="32" count="92" type="stmt"/>
        <line num="33" count="92" type="stmt"/>
        <line num="34" count="97" type="stmt"/>
        <line num="36" count="97" type="cond" truecount="1" falsecount="1"/>
        <line num="38" count="97" type="cond" truecount="1" falsecount="1"/>
        <line num="41" count="92" type="stmt"/>
        <line num="43" count="729" type="stmt"/>
        <line num="47" count="53" type="stmt"/>
        <line num="49" count="53" type="stmt"/>
        <line num="51" count="53" type="stmt"/>
        <line num="60" count="8" type="stmt"/>
        <line num="61" count="102" type="stmt"/>
        <line num="65" count="102" type="stmt"/>
        <line num="66" count="102" type="stmt"/>
        <line num="67" count="46" type="stmt"/>
        <line num="69" count="56" type="stmt"/>
        <line num="70" count="56" type="stmt"/>
        <line num="73" count="102" type="stmt"/>
        <line num="81" count="102" type="cond" truecount="4" falsecount="0"/>
        <line num="82" count="10" type="stmt"/>
        <line num="83" count="20" type="stmt"/>
      </file>
    </package>
  </project>
</coverage>
