{"C:\\Users\\john\\projects\\peggy\\lib\\grammar-error.js": {"path":"C:\\Users\\john\\projects\\peggy\\lib\\grammar-error.js","statementMap":{"0":{"start":{"line":6,"column":4},"end":{"line":6,"column":31}},"1":{"start":{"line":7,"column":4},"end":{"line":7,"column":27}},"2":{"start":{"line":8,"column":4},"end":{"line":8,"column":29}},"3":{"start":{"line":10,"column":4},"end":{"line":12,"column":5}},"4":{"start":{"line":11,"column":6},"end":{"line":11,"column":50}},"5":{"start":{"line":16,"column":0},"end":{"line":16,"column":30}}},"fnMap":{"0":{"name":"(anonymous_0)","decl":{"start":{"line":5,"column":2},"end":{"line":5,"column":3}},"loc":{"start":{"line":5,"column":33},"end":{"line":13,"column":3}},"line":5}},"branchMap":{"0":{"loc":{"start":{"line":10,"column":4},"end":{"line":12,"column":5}},"type":"if","locations":[{"start":{"line":10,"column":4},"end":{"line":12,"column":5}},{"start":{"line":10,"column":4},"end":{"line":12,"column":5}}],"line":10}},"s":{"0":57,"1":57,"2":57,"3":57,"4":57,"5":10},"f":{"0":57},"b":{"0":[57,0]},"_coverageSchema":"1a1c01bbd47fc00a2c39e90264f33305004495a9","hash":"e38e1ae6750c6cf67408bccdfee1fd437a23cb70"}
,"C:\\Users\\john\\projects\\peggy\\lib\\parser.js": {"path":"C:\\Users\\john\\projects\\peggy\\lib\\parser.js","statementMap":{"0":{"start":{"line":8,"column":32},"end":{"line":12,"column":3}},"1":{"start":{"line":14,"column":32},"end":{"line":18,"column":3}},"2":{"start":{"line":20,"column":42},"end":{"line":23,"column":3}},"3":{"start":{"line":26,"column":4},"end":{"line":26,"column":45}},"4":{"start":{"line":30,"column":4},"end":{"line":30,"column":47}},"5":{"start":{"line":30,"column":31},"end":{"line":30,"column":45}},"6":{"start":{"line":34,"column":4},"end":{"line":34,"column":51}},"7":{"start":{"line":39,"column":17},"end":{"line":39,"column":42}},"8":{"start":{"line":40,"column":2},"end":{"line":40,"column":33}},"9":{"start":{"line":41,"column":2},"end":{"line":41,"column":28}},"10":{"start":{"line":45,"column":2},"end":{"line":45,"column":25}},"11":{"start":{"line":46,"column":2},"end":{"line":46,"column":27}},"12":{"start":{"line":47,"column":2},"end":{"line":47,"column":21}},"13":{"start":{"line":48,"column":2},"end":{"line":48,"column":27}},"14":{"start":{"line":49,"column":2},"end":{"line":49,"column":28}},"15":{"start":{"line":51,"column":2},"end":{"line":53,"column":3}},"16":{"start":{"line":52,"column":4},"end":{"line":52,"column":51}},"17":{"start":{"line":56,"column":0},"end":{"line":56,"column":37}},"18":{"start":{"line":58,"column":0},"end":{"line":156,"column":2}},"19":{"start":{"line":59,"column":33},"end":{"line":85,"column":3}},"20":{"start":{"line":61,"column":6},"end":{"line":61,"column":59}},"21":{"start":{"line":65,"column":25},"end":{"line":69,"column":8}},"22":{"start":{"line":66,"column":8},"end":{"line":68,"column":30}},"23":{"start":{"line":71,"column":6},"end":{"line":71,"column":74}},"24":{"start":{"line":75,"column":6},"end":{"line":75,"column":29}},"25":{"start":{"line":79,"column":6},"end":{"line":79,"column":28}},"26":{"start":{"line":83,"column":6},"end":{"line":83,"column":37}},"27":{"start":{"line":88,"column":4},"end":{"line":88,"column":55}},"28":{"start":{"line":92,"column":4},"end":{"line":100,"column":83}},"29":{"start":{"line":99,"column":55},"end":{"line":99,"column":79}},"30":{"start":{"line":100,"column":55},"end":{"line":100,"column":79}},"31":{"start":{"line":104,"column":4},"end":{"line":114,"column":83}},"32":{"start":{"line":113,"column":55},"end":{"line":113,"column":79}},"33":{"start":{"line":114,"column":55},"end":{"line":114,"column":79}},"34":{"start":{"line":118,"column":4},"end":{"line":118,"column":67}},"35":{"start":{"line":122,"column":23},"end":{"line":122,"column":56}},"36":{"start":{"line":125,"column":4},"end":{"line":125,"column":24}},"37":{"start":{"line":127,"column":4},"end":{"line":135,"column":5}},"38":{"start":{"line":128,"column":6},"end":{"line":133,"column":7}},"39":{"start":{"line":129,"column":8},"end":{"line":132,"column":9}},"40":{"start":{"line":130,"column":10},"end":{"line":130,"column":44}},"41":{"start":{"line":131,"column":10},"end":{"line":131,"column":14}},"42":{"start":{"line":134,"column":6},"end":{"line":134,"column":30}},"43":{"start":{"line":137,"column":4},"end":{"line":148,"column":5}},"44":{"start":{"line":139,"column":8},"end":{"line":139,"column":31}},"45":{"start":{"line":142,"column":8},"end":{"line":142,"column":58}},"46":{"start":{"line":145,"column":8},"end":{"line":147,"column":50}},"47":{"start":{"line":152,"column":4},"end":{"line":152,"column":71}},"48":{"start":{"line":155,"column":2},"end":{"line":155,"column":95}},"49":{"start":{"line":159,"column":2},"end":{"line":159,"column":49}},"50":{"start":{"line":161,"column":19},"end":{"line":161,"column":21}},"51":{"start":{"line":162,"column":19},"end":{"line":162,"column":40}},"52":{"start":{"line":164,"column":31},"end":{"line":164,"column":60}},"53":{"start":{"line":165,"column":30},"end":{"line":165,"column":46}},"54":{"start":{"line":167,"column":15},"end":{"line":175,"column":7}},"55":{"start":{"line":168,"column":8},"end":{"line":174,"column":10}},"56":{"start":{"line":176,"column":15},"end":{"line":176,"column":18}},"57":{"start":{"line":177,"column":15},"end":{"line":177,"column":49}},"58":{"start":{"line":178,"column":15},"end":{"line":178,"column":18}},"59":{"start":{"line":179,"column":15},"end":{"line":179,"column":49}},"60":{"start":{"line":180,"column":15},"end":{"line":182,"column":5}},"61":{"start":{"line":181,"column":8},"end":{"line":181,"column":83}},"62":{"start":{"line":183,"column":15},"end":{"line":185,"column":7}},"63":{"start":{"line":184,"column":8},"end":{"line":184,"column":73}},"64":{"start":{"line":186,"column":15},"end":{"line":186,"column":18}},"65":{"start":{"line":187,"column":15},"end":{"line":187,"column":49}},"66":{"start":{"line":188,"column":15},"end":{"line":202,"column":7}},"67":{"start":{"line":189,"column":8},"end":{"line":201,"column":10}},"68":{"start":{"line":203,"column":16},"end":{"line":203,"column":19}},"69":{"start":{"line":204,"column":16},"end":{"line":204,"column":50}},"70":{"start":{"line":205,"column":16},"end":{"line":213,"column":7}},"71":{"start":{"line":206,"column":8},"end":{"line":212,"column":17}},"72":{"start":{"line":214,"column":16},"end":{"line":223,"column":7}},"73":{"start":{"line":215,"column":8},"end":{"line":222,"column":23}},"74":{"start":{"line":224,"column":16},"end":{"line":232,"column":7}},"75":{"start":{"line":225,"column":8},"end":{"line":231,"column":17}},"76":{"start":{"line":233,"column":16},"end":{"line":233,"column":19}},"77":{"start":{"line":234,"column":16},"end":{"line":234,"column":50}},"78":{"start":{"line":235,"column":16},"end":{"line":246,"column":7}},"79":{"start":{"line":236,"column":8},"end":{"line":238,"column":9}},"80":{"start":{"line":237,"column":10},"end":{"line":237,"column":64}},"81":{"start":{"line":239,"column":8},"end":{"line":245,"column":10}},"82":{"start":{"line":247,"column":16},"end":{"line":254,"column":7}},"83":{"start":{"line":248,"column":8},"end":{"line":253,"column":10}},"84":{"start":{"line":255,"column":16},"end":{"line":255,"column":19}},"85":{"start":{"line":256,"column":16},"end":{"line":256,"column":50}},"86":{"start":{"line":257,"column":16},"end":{"line":263,"column":7}},"87":{"start":{"line":258,"column":8},"end":{"line":262,"column":10}},"88":{"start":{"line":264,"column":16},"end":{"line":264,"column":19}},"89":{"start":{"line":265,"column":16},"end":{"line":265,"column":50}},"90":{"start":{"line":266,"column":16},"end":{"line":266,"column":19}},"91":{"start":{"line":267,"column":16},"end":{"line":267,"column":50}},"92":{"start":{"line":268,"column":16},"end":{"line":268,"column":19}},"93":{"start":{"line":269,"column":16},"end":{"line":269,"column":50}},"94":{"start":{"line":270,"column":16},"end":{"line":276,"column":7}},"95":{"start":{"line":271,"column":8},"end":{"line":275,"column":10}},"96":{"start":{"line":277,"column":16},"end":{"line":277,"column":19}},"97":{"start":{"line":278,"column":16},"end":{"line":278,"column":50}},"98":{"start":{"line":279,"column":16},"end":{"line":279,"column":19}},"99":{"start":{"line":280,"column":16},"end":{"line":280,"column":50}},"100":{"start":{"line":281,"column":16},"end":{"line":281,"column":19}},"101":{"start":{"line":282,"column":16},"end":{"line":282,"column":50}},"102":{"start":{"line":283,"column":16},"end":{"line":283,"column":19}},"103":{"start":{"line":284,"column":16},"end":{"line":284,"column":50}},"104":{"start":{"line":285,"column":16},"end":{"line":285,"column":19}},"105":{"start":{"line":286,"column":16},"end":{"line":286,"column":50}},"106":{"start":{"line":287,"column":16},"end":{"line":295,"column":7}},"107":{"start":{"line":292,"column":8},"end":{"line":294,"column":25}},"108":{"start":{"line":296,"column":16},"end":{"line":298,"column":7}},"109":{"start":{"line":297,"column":8},"end":{"line":297,"column":70}},"110":{"start":{"line":299,"column":16},"end":{"line":305,"column":7}},"111":{"start":{"line":300,"column":8},"end":{"line":304,"column":10}},"112":{"start":{"line":306,"column":16},"end":{"line":306,"column":36}},"113":{"start":{"line":307,"column":16},"end":{"line":307,"column":50}},"114":{"start":{"line":308,"column":16},"end":{"line":308,"column":20}},"115":{"start":{"line":309,"column":16},"end":{"line":309,"column":51}},"116":{"start":{"line":310,"column":16},"end":{"line":310,"column":20}},"117":{"start":{"line":311,"column":16},"end":{"line":311,"column":51}},"118":{"start":{"line":312,"column":16},"end":{"line":312,"column":20}},"119":{"start":{"line":313,"column":16},"end":{"line":313,"column":51}},"120":{"start":{"line":314,"column":16},"end":{"line":314,"column":19}},"121":{"start":{"line":315,"column":16},"end":{"line":315,"column":50}},"122":{"start":{"line":316,"column":16},"end":{"line":316,"column":22}},"123":{"start":{"line":317,"column":16},"end":{"line":317,"column":53}},"124":{"start":{"line":318,"column":16},"end":{"line":318,"column":24}},"125":{"start":{"line":319,"column":16},"end":{"line":319,"column":55}},"126":{"start":{"line":320,"column":16},"end":{"line":320,"column":37}},"127":{"start":{"line":321,"column":16},"end":{"line":321,"column":84}},"128":{"start":{"line":322,"column":16},"end":{"line":322,"column":51}},"129":{"start":{"line":323,"column":16},"end":{"line":323,"column":20}},"130":{"start":{"line":324,"column":16},"end":{"line":324,"column":51}},"131":{"start":{"line":325,"column":16},"end":{"line":325,"column":22}},"132":{"start":{"line":326,"column":16},"end":{"line":326,"column":53}},"133":{"start":{"line":327,"column":16},"end":{"line":327,"column":20}},"134":{"start":{"line":328,"column":16},"end":{"line":328,"column":51}},"135":{"start":{"line":329,"column":16},"end":{"line":329,"column":24}},"136":{"start":{"line":330,"column":16},"end":{"line":330,"column":55}},"137":{"start":{"line":331,"column":16},"end":{"line":331,"column":24}},"138":{"start":{"line":332,"column":16},"end":{"line":332,"column":55}},"139":{"start":{"line":333,"column":16},"end":{"line":333,"column":47}},"140":{"start":{"line":334,"column":16},"end":{"line":334,"column":20}},"141":{"start":{"line":335,"column":16},"end":{"line":335,"column":51}},"142":{"start":{"line":336,"column":16},"end":{"line":336,"column":20}},"143":{"start":{"line":337,"column":16},"end":{"line":337,"column":51}},"144":{"start":{"line":338,"column":16},"end":{"line":338,"column":20}},"145":{"start":{"line":339,"column":16},"end":{"line":339,"column":51}},"146":{"start":{"line":340,"column":16},"end":{"line":340,"column":50}},"147":{"start":{"line":341,"column":16},"end":{"line":341,"column":69}},"148":{"start":{"line":341,"column":39},"end":{"line":341,"column":67}},"149":{"start":{"line":342,"column":16},"end":{"line":342,"column":19}},"150":{"start":{"line":343,"column":16},"end":{"line":343,"column":50}},"151":{"start":{"line":344,"column":16},"end":{"line":344,"column":20}},"152":{"start":{"line":345,"column":16},"end":{"line":345,"column":51}},"153":{"start":{"line":346,"column":16},"end":{"line":346,"column":55}},"154":{"start":{"line":346,"column":37},"end":{"line":346,"column":53}},"155":{"start":{"line":347,"column":16},"end":{"line":347,"column":24}},"156":{"start":{"line":348,"column":16},"end":{"line":348,"column":55}},"157":{"start":{"line":349,"column":16},"end":{"line":349,"column":24}},"158":{"start":{"line":350,"column":16},"end":{"line":350,"column":55}},"159":{"start":{"line":351,"column":16},"end":{"line":351,"column":47}},"160":{"start":{"line":352,"column":16},"end":{"line":352,"column":19}},"161":{"start":{"line":353,"column":16},"end":{"line":353,"column":50}},"162":{"start":{"line":354,"column":16},"end":{"line":361,"column":7}},"163":{"start":{"line":355,"column":8},"end":{"line":360,"column":10}},"164":{"start":{"line":362,"column":16},"end":{"line":362,"column":46}},"165":{"start":{"line":363,"column":16},"end":{"line":363,"column":20}},"166":{"start":{"line":364,"column":16},"end":{"line":364,"column":51}},"167":{"start":{"line":365,"column":16},"end":{"line":365,"column":58}},"168":{"start":{"line":365,"column":34},"end":{"line":365,"column":56}},"169":{"start":{"line":366,"column":16},"end":{"line":366,"column":19}},"170":{"start":{"line":367,"column":16},"end":{"line":367,"column":50}},"171":{"start":{"line":368,"column":16},"end":{"line":368,"column":45}},"172":{"start":{"line":368,"column":29},"end":{"line":368,"column":43}},"173":{"start":{"line":369,"column":16},"end":{"line":369,"column":55}},"174":{"start":{"line":370,"column":16},"end":{"line":370,"column":19}},"175":{"start":{"line":371,"column":17},"end":{"line":371,"column":51}},"176":{"start":{"line":372,"column":17},"end":{"line":372,"column":20}},"177":{"start":{"line":373,"column":17},"end":{"line":373,"column":51}},"178":{"start":{"line":374,"column":17},"end":{"line":374,"column":20}},"179":{"start":{"line":375,"column":17},"end":{"line":375,"column":51}},"180":{"start":{"line":376,"column":17},"end":{"line":384,"column":7}},"181":{"start":{"line":377,"column":8},"end":{"line":383,"column":10}},"182":{"start":{"line":379,"column":38},"end":{"line":379,"column":49}},"183":{"start":{"line":385,"column":17},"end":{"line":385,"column":20}},"184":{"start":{"line":386,"column":17},"end":{"line":386,"column":51}},"185":{"start":{"line":387,"column":17},"end":{"line":395,"column":7}},"186":{"start":{"line":388,"column":8},"end":{"line":392,"column":9}},"187":{"start":{"line":389,"column":10},"end":{"line":391,"column":12}},"188":{"start":{"line":394,"column":8},"end":{"line":394,"column":28}},"189":{"start":{"line":396,"column":17},"end":{"line":396,"column":42}},"190":{"start":{"line":396,"column":30},"end":{"line":396,"column":40}},"191":{"start":{"line":397,"column":17},"end":{"line":397,"column":20}},"192":{"start":{"line":398,"column":17},"end":{"line":398,"column":51}},"193":{"start":{"line":399,"column":17},"end":{"line":399,"column":44}},"194":{"start":{"line":399,"column":30},"end":{"line":399,"column":42}},"195":{"start":{"line":400,"column":17},"end":{"line":400,"column":20}},"196":{"start":{"line":401,"column":17},"end":{"line":401,"column":51}},"197":{"start":{"line":402,"column":17},"end":{"line":402,"column":44}},"198":{"start":{"line":402,"column":30},"end":{"line":402,"column":42}},"199":{"start":{"line":403,"column":17},"end":{"line":403,"column":20}},"200":{"start":{"line":404,"column":17},"end":{"line":404,"column":51}},"201":{"start":{"line":405,"column":17},"end":{"line":405,"column":44}},"202":{"start":{"line":405,"column":30},"end":{"line":405,"column":42}},"203":{"start":{"line":406,"column":17},"end":{"line":406,"column":20}},"204":{"start":{"line":407,"column":17},"end":{"line":407,"column":51}},"205":{"start":{"line":408,"column":17},"end":{"line":408,"column":44}},"206":{"start":{"line":408,"column":30},"end":{"line":408,"column":42}},"207":{"start":{"line":409,"column":17},"end":{"line":409,"column":20}},"208":{"start":{"line":410,"column":17},"end":{"line":410,"column":51}},"209":{"start":{"line":411,"column":17},"end":{"line":411,"column":44}},"210":{"start":{"line":411,"column":30},"end":{"line":411,"column":42}},"211":{"start":{"line":412,"column":17},"end":{"line":412,"column":20}},"212":{"start":{"line":413,"column":17},"end":{"line":413,"column":51}},"213":{"start":{"line":414,"column":17},"end":{"line":414,"column":44}},"214":{"start":{"line":414,"column":30},"end":{"line":414,"column":42}},"215":{"start":{"line":415,"column":17},"end":{"line":415,"column":20}},"216":{"start":{"line":416,"column":17},"end":{"line":416,"column":51}},"217":{"start":{"line":417,"column":17},"end":{"line":417,"column":44}},"218":{"start":{"line":417,"column":30},"end":{"line":417,"column":42}},"219":{"start":{"line":418,"column":17},"end":{"line":418,"column":20}},"220":{"start":{"line":419,"column":17},"end":{"line":419,"column":51}},"221":{"start":{"line":420,"column":17},"end":{"line":420,"column":20}},"222":{"start":{"line":421,"column":17},"end":{"line":421,"column":51}},"223":{"start":{"line":422,"column":17},"end":{"line":424,"column":7}},"224":{"start":{"line":423,"column":8},"end":{"line":423,"column":57}},"225":{"start":{"line":425,"column":17},"end":{"line":425,"column":25}},"226":{"start":{"line":426,"column":17},"end":{"line":426,"column":65}},"227":{"start":{"line":427,"column":17},"end":{"line":427,"column":29}},"228":{"start":{"line":428,"column":17},"end":{"line":428,"column":76}},"229":{"start":{"line":429,"column":17},"end":{"line":429,"column":20}},"230":{"start":{"line":430,"column":17},"end":{"line":430,"column":51}},"231":{"start":{"line":431,"column":17},"end":{"line":431,"column":77}},"232":{"start":{"line":431,"column":30},"end":{"line":431,"column":75}},"233":{"start":{"line":432,"column":17},"end":{"line":432,"column":51}},"234":{"start":{"line":433,"column":17},"end":{"line":433,"column":24}},"235":{"start":{"line":434,"column":17},"end":{"line":434,"column":63}},"236":{"start":{"line":435,"column":17},"end":{"line":435,"column":4079}},"237":{"start":{"line":436,"column":17},"end":{"line":436,"column":6851}},"238":{"start":{"line":437,"column":17},"end":{"line":437,"column":486}},"239":{"start":{"line":438,"column":17},"end":{"line":438,"column":833}},"240":{"start":{"line":439,"column":17},"end":{"line":439,"column":3382}},"241":{"start":{"line":440,"column":17},"end":{"line":440,"column":5733}},"242":{"start":{"line":441,"column":17},"end":{"line":441,"column":103}},"243":{"start":{"line":442,"column":17},"end":{"line":442,"column":189}},"244":{"start":{"line":443,"column":17},"end":{"line":443,"column":3942}},"245":{"start":{"line":444,"column":17},"end":{"line":444,"column":6617}},"246":{"start":{"line":445,"column":17},"end":{"line":445,"column":1180}},"247":{"start":{"line":446,"column":17},"end":{"line":446,"column":2007}},"248":{"start":{"line":447,"column":17},"end":{"line":447,"column":2083}},"249":{"start":{"line":448,"column":17},"end":{"line":448,"column":3529}},"250":{"start":{"line":449,"column":17},"end":{"line":449,"column":493}},"251":{"start":{"line":450,"column":17},"end":{"line":450,"column":857}},"252":{"start":{"line":451,"column":17},"end":{"line":451,"column":106}},"253":{"start":{"line":452,"column":17},"end":{"line":452,"column":195}},"254":{"start":{"line":453,"column":17},"end":{"line":453,"column":74}},"255":{"start":{"line":454,"column":17},"end":{"line":454,"column":144}},"256":{"start":{"line":455,"column":17},"end":{"line":455,"column":64}},"257":{"start":{"line":456,"column":17},"end":{"line":456,"column":128}},"258":{"start":{"line":457,"column":17},"end":{"line":457,"column":24}},"259":{"start":{"line":458,"column":17},"end":{"line":458,"column":55}},"260":{"start":{"line":459,"column":17},"end":{"line":459,"column":23}},"261":{"start":{"line":460,"column":17},"end":{"line":460,"column":54}},"262":{"start":{"line":461,"column":17},"end":{"line":461,"column":24}},"263":{"start":{"line":462,"column":17},"end":{"line":462,"column":55}},"264":{"start":{"line":463,"column":17},"end":{"line":463,"column":24}},"265":{"start":{"line":464,"column":17},"end":{"line":464,"column":55}},"266":{"start":{"line":465,"column":17},"end":{"line":465,"column":24}},"267":{"start":{"line":466,"column":17},"end":{"line":466,"column":55}},"268":{"start":{"line":467,"column":17},"end":{"line":467,"column":27}},"269":{"start":{"line":468,"column":17},"end":{"line":468,"column":58}},"270":{"start":{"line":469,"column":17},"end":{"line":469,"column":27}},"271":{"start":{"line":470,"column":17},"end":{"line":470,"column":58}},"272":{"start":{"line":471,"column":17},"end":{"line":471,"column":26}},"273":{"start":{"line":472,"column":17},"end":{"line":472,"column":57}},"274":{"start":{"line":473,"column":17},"end":{"line":473,"column":25}},"275":{"start":{"line":474,"column":17},"end":{"line":474,"column":56}},"276":{"start":{"line":475,"column":17},"end":{"line":475,"column":21}},"277":{"start":{"line":476,"column":17},"end":{"line":476,"column":52}},"278":{"start":{"line":477,"column":17},"end":{"line":477,"column":23}},"279":{"start":{"line":478,"column":17},"end":{"line":478,"column":54}},"280":{"start":{"line":479,"column":17},"end":{"line":479,"column":23}},"281":{"start":{"line":480,"column":17},"end":{"line":480,"column":54}},"282":{"start":{"line":481,"column":17},"end":{"line":481,"column":25}},"283":{"start":{"line":482,"column":17},"end":{"line":482,"column":56}},"284":{"start":{"line":483,"column":17},"end":{"line":483,"column":26}},"285":{"start":{"line":484,"column":17},"end":{"line":484,"column":57}},"286":{"start":{"line":485,"column":17},"end":{"line":485,"column":24}},"287":{"start":{"line":486,"column":17},"end":{"line":486,"column":55}},"288":{"start":{"line":487,"column":17},"end":{"line":487,"column":26}},"289":{"start":{"line":488,"column":17},"end":{"line":488,"column":57}},"290":{"start":{"line":489,"column":17},"end":{"line":489,"column":22}},"291":{"start":{"line":490,"column":17},"end":{"line":490,"column":53}},"292":{"start":{"line":491,"column":17},"end":{"line":491,"column":27}},"293":{"start":{"line":492,"column":17},"end":{"line":492,"column":58}},"294":{"start":{"line":493,"column":17},"end":{"line":493,"column":21}},"295":{"start":{"line":494,"column":17},"end":{"line":494,"column":52}},"296":{"start":{"line":495,"column":17},"end":{"line":495,"column":25}},"297":{"start":{"line":496,"column":17},"end":{"line":496,"column":56}},"298":{"start":{"line":497,"column":17},"end":{"line":497,"column":29}},"299":{"start":{"line":498,"column":17},"end":{"line":498,"column":60}},"300":{"start":{"line":499,"column":17},"end":{"line":499,"column":21}},"301":{"start":{"line":500,"column":17},"end":{"line":500,"column":52}},"302":{"start":{"line":501,"column":17},"end":{"line":501,"column":22}},"303":{"start":{"line":502,"column":17},"end":{"line":502,"column":53}},"304":{"start":{"line":503,"column":17},"end":{"line":503,"column":23}},"305":{"start":{"line":504,"column":17},"end":{"line":504,"column":54}},"306":{"start":{"line":505,"column":17},"end":{"line":505,"column":25}},"307":{"start":{"line":506,"column":17},"end":{"line":506,"column":56}},"308":{"start":{"line":507,"column":17},"end":{"line":507,"column":24}},"309":{"start":{"line":508,"column":17},"end":{"line":508,"column":55}},"310":{"start":{"line":509,"column":17},"end":{"line":509,"column":25}},"311":{"start":{"line":510,"column":17},"end":{"line":510,"column":56}},"312":{"start":{"line":511,"column":17},"end":{"line":511,"column":23}},"313":{"start":{"line":512,"column":17},"end":{"line":512,"column":54}},"314":{"start":{"line":513,"column":17},"end":{"line":513,"column":24}},"315":{"start":{"line":514,"column":17},"end":{"line":514,"column":55}},"316":{"start":{"line":515,"column":17},"end":{"line":515,"column":23}},"317":{"start":{"line":516,"column":17},"end":{"line":516,"column":54}},"318":{"start":{"line":517,"column":17},"end":{"line":517,"column":22}},"319":{"start":{"line":518,"column":17},"end":{"line":518,"column":53}},"320":{"start":{"line":519,"column":17},"end":{"line":519,"column":25}},"321":{"start":{"line":520,"column":17},"end":{"line":520,"column":56}},"322":{"start":{"line":521,"column":17},"end":{"line":521,"column":22}},"323":{"start":{"line":522,"column":17},"end":{"line":522,"column":53}},"324":{"start":{"line":523,"column":17},"end":{"line":523,"column":23}},"325":{"start":{"line":524,"column":17},"end":{"line":524,"column":54}},"326":{"start":{"line":525,"column":17},"end":{"line":525,"column":24}},"327":{"start":{"line":526,"column":17},"end":{"line":526,"column":55}},"328":{"start":{"line":527,"column":17},"end":{"line":527,"column":23}},"329":{"start":{"line":528,"column":17},"end":{"line":528,"column":54}},"330":{"start":{"line":529,"column":17},"end":{"line":529,"column":20}},"331":{"start":{"line":530,"column":17},"end":{"line":530,"column":51}},"332":{"start":{"line":532,"column":20},"end":{"line":532,"column":21}},"333":{"start":{"line":533,"column":21},"end":{"line":533,"column":22}},"334":{"start":{"line":534,"column":28},"end":{"line":534,"column":52}},"335":{"start":{"line":535,"column":23},"end":{"line":535,"column":24}},"336":{"start":{"line":536,"column":28},"end":{"line":536,"column":30}},"337":{"start":{"line":537,"column":24},"end":{"line":537,"column":25}},"338":{"start":{"line":541,"column":2},"end":{"line":547,"column":3}},"339":{"start":{"line":542,"column":4},"end":{"line":544,"column":5}},"340":{"start":{"line":543,"column":6},"end":{"line":543,"column":86}},"341":{"start":{"line":546,"column":4},"end":{"line":546,"column":70}},"342":{"start":{"line":550,"column":4},"end":{"line":550,"column":54}},"343":{"start":{"line":554,"column":4},"end":{"line":554,"column":58}},"344":{"start":{"line":558,"column":4},"end":{"line":560,"column":55}},"345":{"start":{"line":562,"column":4},"end":{"line":566,"column":6}},"346":{"start":{"line":570,"column":4},"end":{"line":572,"column":55}},"347":{"start":{"line":574,"column":4},"end":{"line":574,"column":50}},"348":{"start":{"line":578,"column":4},"end":{"line":578,"column":67}},"349":{"start":{"line":582,"column":4},"end":{"line":582,"column":87}},"350":{"start":{"line":586,"column":4},"end":{"line":586,"column":27}},"351":{"start":{"line":590,"column":4},"end":{"line":590,"column":27}},"352":{"start":{"line":594,"column":4},"end":{"line":594,"column":55}},"353":{"start":{"line":598,"column":18},"end":{"line":598,"column":42}},"354":{"start":{"line":601,"column":4},"end":{"line":629,"column":5}},"355":{"start":{"line":602,"column":6},"end":{"line":602,"column":21}},"356":{"start":{"line":604,"column":6},"end":{"line":604,"column":18}},"357":{"start":{"line":605,"column":6},"end":{"line":607,"column":7}},"358":{"start":{"line":606,"column":8},"end":{"line":606,"column":12}},"359":{"start":{"line":609,"column":6},"end":{"line":609,"column":39}},"360":{"start":{"line":610,"column":6},"end":{"line":613,"column":8}},"361":{"start":{"line":615,"column":6},"end":{"line":624,"column":7}},"362":{"start":{"line":616,"column":8},"end":{"line":621,"column":9}},"363":{"start":{"line":617,"column":10},"end":{"line":617,"column":25}},"364":{"start":{"line":618,"column":10},"end":{"line":618,"column":29}},"365":{"start":{"line":620,"column":10},"end":{"line":620,"column":27}},"366":{"start":{"line":623,"column":8},"end":{"line":623,"column":12}},"367":{"start":{"line":626,"column":6},"end":{"line":626,"column":41}},"368":{"start":{"line":628,"column":6},"end":{"line":628,"column":21}},"369":{"start":{"line":633,"column":26},"end":{"line":633,"column":57}},"370":{"start":{"line":634,"column":24},"end":{"line":634,"column":53}},"371":{"start":{"line":636,"column":4},"end":{"line":648,"column":6}},"372":{"start":{"line":652,"column":4},"end":{"line":652,"column":49}},"373":{"start":{"line":652,"column":40},"end":{"line":652,"column":47}},"374":{"start":{"line":654,"column":4},"end":{"line":657,"column":5}},"375":{"start":{"line":655,"column":6},"end":{"line":655,"column":35}},"376":{"start":{"line":656,"column":6},"end":{"line":656,"column":31}},"377":{"start":{"line":659,"column":4},"end":{"line":659,"column":39}},"378":{"start":{"line":663,"column":4},"end":{"line":663,"column":62}},"379":{"start":{"line":667,"column":4},"end":{"line":672,"column":6}},"380":{"start":{"line":678,"column":4},"end":{"line":678,"column":21}},"381":{"start":{"line":679,"column":4},"end":{"line":679,"column":23}},"382":{"start":{"line":680,"column":4},"end":{"line":775,"column":5}},"383":{"start":{"line":681,"column":6},"end":{"line":681,"column":23}},"384":{"start":{"line":682,"column":6},"end":{"line":682,"column":42}},"385":{"start":{"line":683,"column":6},"end":{"line":695,"column":7}},"386":{"start":{"line":684,"column":8},"end":{"line":684,"column":27}},"387":{"start":{"line":685,"column":8},"end":{"line":691,"column":9}},"388":{"start":{"line":686,"column":10},"end":{"line":686,"column":24}},"389":{"start":{"line":687,"column":10},"end":{"line":687,"column":18}},"390":{"start":{"line":689,"column":10},"end":{"line":689,"column":27}},"391":{"start":{"line":690,"column":10},"end":{"line":690,"column":26}},"392":{"start":{"line":693,"column":8},"end":{"line":693,"column":25}},"393":{"start":{"line":694,"column":8},"end":{"line":694,"column":24}},"394":{"start":{"line":696,"column":6},"end":{"line":698,"column":7}},"395":{"start":{"line":697,"column":8},"end":{"line":697,"column":18}},"396":{"start":{"line":699,"column":6},"end":{"line":771,"column":7}},"397":{"start":{"line":700,"column":8},"end":{"line":700,"column":25}},"398":{"start":{"line":701,"column":8},"end":{"line":701,"column":36}},"399":{"start":{"line":702,"column":8},"end":{"line":714,"column":9}},"400":{"start":{"line":703,"column":10},"end":{"line":703,"column":29}},"401":{"start":{"line":704,"column":10},"end":{"line":710,"column":11}},"402":{"start":{"line":705,"column":12},"end":{"line":705,"column":26}},"403":{"start":{"line":706,"column":12},"end":{"line":706,"column":20}},"404":{"start":{"line":708,"column":12},"end":{"line":708,"column":29}},"405":{"start":{"line":709,"column":12},"end":{"line":709,"column":28}},"406":{"start":{"line":712,"column":10},"end":{"line":712,"column":27}},"407":{"start":{"line":713,"column":10},"end":{"line":713,"column":26}},"408":{"start":{"line":715,"column":8},"end":{"line":717,"column":9}},"409":{"start":{"line":716,"column":10},"end":{"line":716,"column":20}},"410":{"start":{"line":718,"column":8},"end":{"line":767,"column":9}},"411":{"start":{"line":719,"column":10},"end":{"line":719,"column":18}},"412":{"start":{"line":720,"column":10},"end":{"line":720,"column":27}},"413":{"start":{"line":721,"column":10},"end":{"line":721,"column":31}},"414":{"start":{"line":722,"column":10},"end":{"line":734,"column":11}},"415":{"start":{"line":723,"column":12},"end":{"line":723,"column":31}},"416":{"start":{"line":724,"column":12},"end":{"line":730,"column":13}},"417":{"start":{"line":725,"column":14},"end":{"line":725,"column":28}},"418":{"start":{"line":726,"column":14},"end":{"line":726,"column":22}},"419":{"start":{"line":728,"column":14},"end":{"line":728,"column":31}},"420":{"start":{"line":729,"column":14},"end":{"line":729,"column":30}},"421":{"start":{"line":732,"column":12},"end":{"line":732,"column":29}},"422":{"start":{"line":733,"column":12},"end":{"line":733,"column":28}},"423":{"start":{"line":735,"column":10},"end":{"line":756,"column":11}},"424":{"start":{"line":736,"column":12},"end":{"line":753,"column":13}},"425":{"start":{"line":737,"column":14},"end":{"line":737,"column":26}},"426":{"start":{"line":738,"column":14},"end":{"line":738,"column":31}},"427":{"start":{"line":739,"column":14},"end":{"line":739,"column":35}},"428":{"start":{"line":740,"column":14},"end":{"line":752,"column":15}},"429":{"start":{"line":741,"column":16},"end":{"line":741,"column":35}},"430":{"start":{"line":742,"column":16},"end":{"line":748,"column":17}},"431":{"start":{"line":743,"column":18},"end":{"line":743,"column":32}},"432":{"start":{"line":744,"column":18},"end":{"line":744,"column":26}},"433":{"start":{"line":746,"column":18},"end":{"line":746,"column":35}},"434":{"start":{"line":747,"column":18},"end":{"line":747,"column":34}},"435":{"start":{"line":750,"column":16},"end":{"line":750,"column":33}},"436":{"start":{"line":751,"column":16},"end":{"line":751,"column":32}},"437":{"start":{"line":755,"column":12},"end":{"line":755,"column":28}},"438":{"start":{"line":757,"column":10},"end":{"line":763,"column":11}},"439":{"start":{"line":758,"column":12},"end":{"line":758,"column":30}},"440":{"start":{"line":759,"column":12},"end":{"line":759,"column":36}},"441":{"start":{"line":761,"column":12},"end":{"line":761,"column":29}},"442":{"start":{"line":762,"column":12},"end":{"line":762,"column":28}},"443":{"start":{"line":765,"column":10},"end":{"line":765,"column":27}},"444":{"start":{"line":766,"column":10},"end":{"line":766,"column":26}},"445":{"start":{"line":769,"column":8},"end":{"line":769,"column":25}},"446":{"start":{"line":770,"column":8},"end":{"line":770,"column":24}},"447":{"start":{"line":773,"column":6},"end":{"line":773,"column":23}},"448":{"start":{"line":774,"column":6},"end":{"line":774,"column":22}},"449":{"start":{"line":777,"column":4},"end":{"line":777,"column":14}},"450":{"start":{"line":783,"column":4},"end":{"line":783,"column":21}},"451":{"start":{"line":784,"column":4},"end":{"line":790,"column":5}},"452":{"start":{"line":785,"column":6},"end":{"line":785,"column":18}},"453":{"start":{"line":786,"column":6},"end":{"line":786,"column":20}},"454":{"start":{"line":788,"column":6},"end":{"line":788,"column":22}},"455":{"start":{"line":789,"column":6},"end":{"line":789,"column":54}},"456":{"start":{"line":789,"column":35},"end":{"line":789,"column":52}},"457":{"start":{"line":791,"column":4},"end":{"line":821,"column":5}},"458":{"start":{"line":792,"column":6},"end":{"line":792,"column":32}},"459":{"start":{"line":793,"column":6},"end":{"line":817,"column":7}},"460":{"start":{"line":794,"column":8},"end":{"line":800,"column":9}},"461":{"start":{"line":795,"column":10},"end":{"line":795,"column":22}},"462":{"start":{"line":796,"column":10},"end":{"line":796,"column":24}},"463":{"start":{"line":798,"column":10},"end":{"line":798,"column":26}},"464":{"start":{"line":799,"column":10},"end":{"line":799,"column":58}},"465":{"start":{"line":799,"column":39},"end":{"line":799,"column":56}},"466":{"start":{"line":801,"column":8},"end":{"line":813,"column":9}},"467":{"start":{"line":802,"column":10},"end":{"line":802,"column":30}},"468":{"start":{"line":803,"column":10},"end":{"line":809,"column":11}},"469":{"start":{"line":804,"column":12},"end":{"line":804,"column":30}},"470":{"start":{"line":805,"column":12},"end":{"line":805,"column":28}},"471":{"start":{"line":807,"column":12},"end":{"line":807,"column":29}},"472":{"start":{"line":808,"column":12},"end":{"line":808,"column":28}},"473":{"start":{"line":811,"column":10},"end":{"line":811,"column":27}},"474":{"start":{"line":812,"column":10},"end":{"line":812,"column":26}},"475":{"start":{"line":815,"column":8},"end":{"line":815,"column":25}},"476":{"start":{"line":816,"column":8},"end":{"line":816,"column":24}},"477":{"start":{"line":819,"column":6},"end":{"line":819,"column":23}},"478":{"start":{"line":820,"column":6},"end":{"line":820,"column":22}},"479":{"start":{"line":823,"column":4},"end":{"line":823,"column":14}},"480":{"start":{"line":829,"column":4},"end":{"line":829,"column":21}},"481":{"start":{"line":830,"column":4},"end":{"line":830,"column":30}},"482":{"start":{"line":831,"column":4},"end":{"line":843,"column":5}},"483":{"start":{"line":832,"column":6},"end":{"line":832,"column":26}},"484":{"start":{"line":833,"column":6},"end":{"line":839,"column":7}},"485":{"start":{"line":834,"column":8},"end":{"line":834,"column":26}},"486":{"start":{"line":835,"column":8},"end":{"line":835,"column":24}},"487":{"start":{"line":837,"column":8},"end":{"line":837,"column":25}},"488":{"start":{"line":838,"column":8},"end":{"line":838,"column":24}},"489":{"start":{"line":841,"column":6},"end":{"line":841,"column":23}},"490":{"start":{"line":842,"column":6},"end":{"line":842,"column":22}},"491":{"start":{"line":845,"column":4},"end":{"line":845,"column":14}},"492":{"start":{"line":851,"column":4},"end":{"line":851,"column":21}},"493":{"start":{"line":852,"column":4},"end":{"line":852,"column":35}},"494":{"start":{"line":853,"column":4},"end":{"line":918,"column":5}},"495":{"start":{"line":854,"column":6},"end":{"line":854,"column":25}},"496":{"start":{"line":855,"column":6},"end":{"line":914,"column":7}},"497":{"start":{"line":856,"column":8},"end":{"line":856,"column":25}},"498":{"start":{"line":857,"column":8},"end":{"line":857,"column":38}},"499":{"start":{"line":858,"column":8},"end":{"line":870,"column":9}},"500":{"start":{"line":859,"column":10},"end":{"line":859,"column":29}},"501":{"start":{"line":860,"column":10},"end":{"line":866,"column":11}},"502":{"start":{"line":861,"column":12},"end":{"line":861,"column":26}},"503":{"start":{"line":862,"column":12},"end":{"line":862,"column":20}},"504":{"start":{"line":864,"column":12},"end":{"line":864,"column":29}},"505":{"start":{"line":865,"column":12},"end":{"line":865,"column":28}},"506":{"start":{"line":868,"column":10},"end":{"line":868,"column":27}},"507":{"start":{"line":869,"column":10},"end":{"line":869,"column":26}},"508":{"start":{"line":871,"column":8},"end":{"line":873,"column":9}},"509":{"start":{"line":872,"column":10},"end":{"line":872,"column":20}},"510":{"start":{"line":874,"column":8},"end":{"line":910,"column":9}},"511":{"start":{"line":875,"column":10},"end":{"line":881,"column":11}},"512":{"start":{"line":876,"column":12},"end":{"line":876,"column":24}},"513":{"start":{"line":877,"column":12},"end":{"line":877,"column":26}},"514":{"start":{"line":879,"column":12},"end":{"line":879,"column":28}},"515":{"start":{"line":880,"column":12},"end":{"line":880,"column":60}},"516":{"start":{"line":880,"column":41},"end":{"line":880,"column":58}},"517":{"start":{"line":882,"column":10},"end":{"line":906,"column":11}},"518":{"start":{"line":883,"column":12},"end":{"line":883,"column":31}},"519":{"start":{"line":884,"column":12},"end":{"line":902,"column":13}},"520":{"start":{"line":885,"column":14},"end":{"line":885,"column":47}},"521":{"start":{"line":886,"column":14},"end":{"line":898,"column":15}},"522":{"start":{"line":887,"column":16},"end":{"line":887,"column":36}},"523":{"start":{"line":888,"column":16},"end":{"line":894,"column":17}},"524":{"start":{"line":889,"column":18},"end":{"line":889,"column":36}},"525":{"start":{"line":890,"column":18},"end":{"line":890,"column":42}},"526":{"start":{"line":892,"column":18},"end":{"line":892,"column":35}},"527":{"start":{"line":893,"column":18},"end":{"line":893,"column":34}},"528":{"start":{"line":896,"column":16},"end":{"line":896,"column":33}},"529":{"start":{"line":897,"column":16},"end":{"line":897,"column":32}},"530":{"start":{"line":900,"column":14},"end":{"line":900,"column":31}},"531":{"start":{"line":901,"column":14},"end":{"line":901,"column":30}},"532":{"start":{"line":904,"column":12},"end":{"line":904,"column":29}},"533":{"start":{"line":905,"column":12},"end":{"line":905,"column":28}},"534":{"start":{"line":908,"column":10},"end":{"line":908,"column":27}},"535":{"start":{"line":909,"column":10},"end":{"line":909,"column":26}},"536":{"start":{"line":912,"column":8},"end":{"line":912,"column":25}},"537":{"start":{"line":913,"column":8},"end":{"line":913,"column":24}},"538":{"start":{"line":916,"column":6},"end":{"line":916,"column":23}},"539":{"start":{"line":917,"column":6},"end":{"line":917,"column":22}},"540":{"start":{"line":920,"column":4},"end":{"line":920,"column":14}},"541":{"start":{"line":926,"column":4},"end":{"line":926,"column":21}},"542":{"start":{"line":927,"column":4},"end":{"line":927,"column":37}},"543":{"start":{"line":928,"column":4},"end":{"line":1009,"column":5}},"544":{"start":{"line":929,"column":6},"end":{"line":929,"column":14}},"545":{"start":{"line":930,"column":6},"end":{"line":930,"column":23}},"546":{"start":{"line":931,"column":6},"end":{"line":931,"column":25}},"547":{"start":{"line":932,"column":6},"end":{"line":962,"column":7}},"548":{"start":{"line":933,"column":8},"end":{"line":939,"column":9}},"549":{"start":{"line":934,"column":10},"end":{"line":934,"column":23}},"550":{"start":{"line":935,"column":10},"end":{"line":935,"column":24}},"551":{"start":{"line":937,"column":10},"end":{"line":937,"column":26}},"552":{"start":{"line":938,"column":10},"end":{"line":938,"column":59}},"553":{"start":{"line":938,"column":39},"end":{"line":938,"column":57}},"554":{"start":{"line":940,"column":8},"end":{"line":958,"column":9}},"555":{"start":{"line":941,"column":10},"end":{"line":941,"column":29}},"556":{"start":{"line":942,"column":10},"end":{"line":954,"column":11}},"557":{"start":{"line":943,"column":12},"end":{"line":943,"column":45}},"558":{"start":{"line":944,"column":12},"end":{"line":950,"column":13}},"559":{"start":{"line":945,"column":14},"end":{"line":945,"column":36}},"560":{"start":{"line":946,"column":14},"end":{"line":946,"column":22}},"561":{"start":{"line":948,"column":14},"end":{"line":948,"column":31}},"562":{"start":{"line":949,"column":14},"end":{"line":949,"column":30}},"563":{"start":{"line":952,"column":12},"end":{"line":952,"column":29}},"564":{"start":{"line":953,"column":12},"end":{"line":953,"column":28}},"565":{"start":{"line":956,"column":10},"end":{"line":956,"column":27}},"566":{"start":{"line":957,"column":10},"end":{"line":957,"column":26}},"567":{"start":{"line":960,"column":8},"end":{"line":960,"column":25}},"568":{"start":{"line":961,"column":8},"end":{"line":961,"column":24}},"569":{"start":{"line":963,"column":6},"end":{"line":998,"column":7}},"570":{"start":{"line":964,"column":8},"end":{"line":964,"column":20}},"571":{"start":{"line":965,"column":8},"end":{"line":965,"column":25}},"572":{"start":{"line":966,"column":8},"end":{"line":966,"column":27}},"573":{"start":{"line":967,"column":8},"end":{"line":997,"column":9}},"574":{"start":{"line":968,"column":10},"end":{"line":974,"column":11}},"575":{"start":{"line":969,"column":12},"end":{"line":969,"column":25}},"576":{"start":{"line":970,"column":12},"end":{"line":970,"column":26}},"577":{"start":{"line":972,"column":12},"end":{"line":972,"column":28}},"578":{"start":{"line":973,"column":12},"end":{"line":973,"column":61}},"579":{"start":{"line":973,"column":41},"end":{"line":973,"column":59}},"580":{"start":{"line":975,"column":10},"end":{"line":993,"column":11}},"581":{"start":{"line":976,"column":12},"end":{"line":976,"column":31}},"582":{"start":{"line":977,"column":12},"end":{"line":989,"column":13}},"583":{"start":{"line":978,"column":14},"end":{"line":978,"column":47}},"584":{"start":{"line":979,"column":14},"end":{"line":985,"column":15}},"585":{"start":{"line":980,"column":16},"end":{"line":980,"column":38}},"586":{"start":{"line":981,"column":16},"end":{"line":981,"column":24}},"587":{"start":{"line":983,"column":16},"end":{"line":983,"column":33}},"588":{"start":{"line":984,"column":16},"end":{"line":984,"column":32}},"589":{"start":{"line":987,"column":14},"end":{"line":987,"column":31}},"590":{"start":{"line":988,"column":14},"end":{"line":988,"column":30}},"591":{"start":{"line":991,"column":12},"end":{"line":991,"column":29}},"592":{"start":{"line":992,"column":12},"end":{"line":992,"column":28}},"593":{"start":{"line":995,"column":10},"end":{"line":995,"column":27}},"594":{"start":{"line":996,"column":10},"end":{"line":996,"column":26}},"595":{"start":{"line":999,"column":6},"end":{"line":1005,"column":7}},"596":{"start":{"line":1000,"column":8},"end":{"line":1000,"column":26}},"597":{"start":{"line":1001,"column":8},"end":{"line":1001,"column":29}},"598":{"start":{"line":1003,"column":8},"end":{"line":1003,"column":25}},"599":{"start":{"line":1004,"column":8},"end":{"line":1004,"column":24}},"600":{"start":{"line":1007,"column":6},"end":{"line":1007,"column":23}},"601":{"start":{"line":1008,"column":6},"end":{"line":1008,"column":22}},"602":{"start":{"line":1011,"column":4},"end":{"line":1011,"column":14}},"603":{"start":{"line":1017,"column":4},"end":{"line":1017,"column":21}},"604":{"start":{"line":1018,"column":4},"end":{"line":1018,"column":39}},"605":{"start":{"line":1019,"column":4},"end":{"line":1048,"column":5}},"606":{"start":{"line":1020,"column":6},"end":{"line":1020,"column":23}},"607":{"start":{"line":1021,"column":6},"end":{"line":1021,"column":25}},"608":{"start":{"line":1022,"column":6},"end":{"line":1034,"column":7}},"609":{"start":{"line":1023,"column":8},"end":{"line":1023,"column":34}},"610":{"start":{"line":1024,"column":8},"end":{"line":1030,"column":9}},"611":{"start":{"line":1025,"column":10},"end":{"line":1025,"column":24}},"612":{"start":{"line":1026,"column":10},"end":{"line":1026,"column":18}},"613":{"start":{"line":1028,"column":10},"end":{"line":1028,"column":27}},"614":{"start":{"line":1029,"column":10},"end":{"line":1029,"column":26}},"615":{"start":{"line":1032,"column":8},"end":{"line":1032,"column":25}},"616":{"start":{"line":1033,"column":8},"end":{"line":1033,"column":24}},"617":{"start":{"line":1035,"column":6},"end":{"line":1037,"column":7}},"618":{"start":{"line":1036,"column":8},"end":{"line":1036,"column":18}},"619":{"start":{"line":1038,"column":6},"end":{"line":1044,"column":7}},"620":{"start":{"line":1039,"column":8},"end":{"line":1039,"column":26}},"621":{"start":{"line":1040,"column":8},"end":{"line":1040,"column":29}},"622":{"start":{"line":1042,"column":8},"end":{"line":1042,"column":25}},"623":{"start":{"line":1043,"column":8},"end":{"line":1043,"column":24}},"624":{"start":{"line":1046,"column":6},"end":{"line":1046,"column":23}},"625":{"start":{"line":1047,"column":6},"end":{"line":1047,"column":22}},"626":{"start":{"line":1050,"column":4},"end":{"line":1050,"column":14}},"627":{"start":{"line":1056,"column":4},"end":{"line":1056,"column":21}},"628":{"start":{"line":1057,"column":4},"end":{"line":1057,"column":38}},"629":{"start":{"line":1058,"column":4},"end":{"line":1103,"column":5}},"630":{"start":{"line":1059,"column":6},"end":{"line":1059,"column":14}},"631":{"start":{"line":1060,"column":6},"end":{"line":1060,"column":23}},"632":{"start":{"line":1061,"column":6},"end":{"line":1061,"column":25}},"633":{"start":{"line":1062,"column":6},"end":{"line":1074,"column":7}},"634":{"start":{"line":1063,"column":8},"end":{"line":1063,"column":42}},"635":{"start":{"line":1064,"column":8},"end":{"line":1070,"column":9}},"636":{"start":{"line":1065,"column":10},"end":{"line":1065,"column":24}},"637":{"start":{"line":1066,"column":10},"end":{"line":1066,"column":18}},"638":{"start":{"line":1068,"column":10},"end":{"line":1068,"column":27}},"639":{"start":{"line":1069,"column":10},"end":{"line":1069,"column":26}},"640":{"start":{"line":1072,"column":8},"end":{"line":1072,"column":25}},"641":{"start":{"line":1073,"column":8},"end":{"line":1073,"column":24}},"642":{"start":{"line":1075,"column":6},"end":{"line":1092,"column":7}},"643":{"start":{"line":1076,"column":8},"end":{"line":1076,"column":20}},"644":{"start":{"line":1077,"column":8},"end":{"line":1077,"column":25}},"645":{"start":{"line":1078,"column":8},"end":{"line":1078,"column":27}},"646":{"start":{"line":1079,"column":8},"end":{"line":1091,"column":9}},"647":{"start":{"line":1080,"column":10},"end":{"line":1080,"column":44}},"648":{"start":{"line":1081,"column":10},"end":{"line":1087,"column":11}},"649":{"start":{"line":1082,"column":12},"end":{"line":1082,"column":26}},"650":{"start":{"line":1083,"column":12},"end":{"line":1083,"column":20}},"651":{"start":{"line":1085,"column":12},"end":{"line":1085,"column":29}},"652":{"start":{"line":1086,"column":12},"end":{"line":1086,"column":28}},"653":{"start":{"line":1089,"column":10},"end":{"line":1089,"column":27}},"654":{"start":{"line":1090,"column":10},"end":{"line":1090,"column":26}},"655":{"start":{"line":1093,"column":6},"end":{"line":1099,"column":7}},"656":{"start":{"line":1094,"column":8},"end":{"line":1094,"column":26}},"657":{"start":{"line":1095,"column":8},"end":{"line":1095,"column":29}},"658":{"start":{"line":1097,"column":8},"end":{"line":1097,"column":25}},"659":{"start":{"line":1098,"column":8},"end":{"line":1098,"column":24}},"660":{"start":{"line":1101,"column":6},"end":{"line":1101,"column":23}},"661":{"start":{"line":1102,"column":6},"end":{"line":1102,"column":22}},"662":{"start":{"line":1105,"column":4},"end":{"line":1105,"column":14}},"663":{"start":{"line":1111,"column":4},"end":{"line":1111,"column":21}},"664":{"start":{"line":1112,"column":4},"end":{"line":1118,"column":5}},"665":{"start":{"line":1113,"column":6},"end":{"line":1113,"column":19}},"666":{"start":{"line":1114,"column":6},"end":{"line":1114,"column":20}},"667":{"start":{"line":1116,"column":6},"end":{"line":1116,"column":22}},"668":{"start":{"line":1117,"column":6},"end":{"line":1117,"column":55}},"669":{"start":{"line":1117,"column":35},"end":{"line":1117,"column":53}},"670":{"start":{"line":1119,"column":4},"end":{"line":1140,"column":5}},"671":{"start":{"line":1120,"column":6},"end":{"line":1120,"column":33}},"672":{"start":{"line":1121,"column":6},"end":{"line":1123,"column":7}},"673":{"start":{"line":1122,"column":8},"end":{"line":1122,"column":18}},"674":{"start":{"line":1124,"column":6},"end":{"line":1136,"column":7}},"675":{"start":{"line":1125,"column":8},"end":{"line":1125,"column":43}},"676":{"start":{"line":1126,"column":8},"end":{"line":1132,"column":9}},"677":{"start":{"line":1127,"column":10},"end":{"line":1127,"column":28}},"678":{"start":{"line":1128,"column":10},"end":{"line":1128,"column":31}},"679":{"start":{"line":1130,"column":10},"end":{"line":1130,"column":27}},"680":{"start":{"line":1131,"column":10},"end":{"line":1131,"column":26}},"681":{"start":{"line":1134,"column":8},"end":{"line":1134,"column":25}},"682":{"start":{"line":1135,"column":8},"end":{"line":1135,"column":24}},"683":{"start":{"line":1138,"column":6},"end":{"line":1138,"column":23}},"684":{"start":{"line":1139,"column":6},"end":{"line":1139,"column":22}},"685":{"start":{"line":1141,"column":4},"end":{"line":1166,"column":5}},"686":{"start":{"line":1142,"column":6},"end":{"line":1142,"column":23}},"687":{"start":{"line":1143,"column":6},"end":{"line":1143,"column":33}},"688":{"start":{"line":1144,"column":6},"end":{"line":1162,"column":7}},"689":{"start":{"line":1145,"column":8},"end":{"line":1145,"column":27}},"690":{"start":{"line":1146,"column":8},"end":{"line":1158,"column":9}},"691":{"start":{"line":1147,"column":10},"end":{"line":1147,"column":45}},"692":{"start":{"line":1148,"column":10},"end":{"line":1154,"column":11}},"693":{"start":{"line":1149,"column":12},"end":{"line":1149,"column":30}},"694":{"start":{"line":1150,"column":12},"end":{"line":1150,"column":33}},"695":{"start":{"line":1152,"column":12},"end":{"line":1152,"column":29}},"696":{"start":{"line":1153,"column":12},"end":{"line":1153,"column":28}},"697":{"start":{"line":1156,"column":10},"end":{"line":1156,"column":27}},"698":{"start":{"line":1157,"column":10},"end":{"line":1157,"column":26}},"699":{"start":{"line":1160,"column":8},"end":{"line":1160,"column":25}},"700":{"start":{"line":1161,"column":8},"end":{"line":1161,"column":24}},"701":{"start":{"line":1163,"column":6},"end":{"line":1165,"column":7}},"702":{"start":{"line":1164,"column":8},"end":{"line":1164,"column":43}},"703":{"start":{"line":1168,"column":4},"end":{"line":1168,"column":14}},"704":{"start":{"line":1174,"column":4},"end":{"line":1174,"column":21}},"705":{"start":{"line":1175,"column":4},"end":{"line":1175,"column":31}},"706":{"start":{"line":1176,"column":4},"end":{"line":1199,"column":5}},"707":{"start":{"line":1177,"column":6},"end":{"line":1177,"column":25}},"708":{"start":{"line":1178,"column":6},"end":{"line":1195,"column":7}},"709":{"start":{"line":1179,"column":8},"end":{"line":1185,"column":9}},"710":{"start":{"line":1180,"column":10},"end":{"line":1180,"column":23}},"711":{"start":{"line":1181,"column":10},"end":{"line":1181,"column":24}},"712":{"start":{"line":1183,"column":10},"end":{"line":1183,"column":26}},"713":{"start":{"line":1184,"column":10},"end":{"line":1184,"column":59}},"714":{"start":{"line":1184,"column":39},"end":{"line":1184,"column":57}},"715":{"start":{"line":1186,"column":8},"end":{"line":1191,"column":9}},"716":{"start":{"line":1187,"column":10},"end":{"line":1187,"column":18}},"717":{"start":{"line":1189,"column":10},"end":{"line":1189,"column":27}},"718":{"start":{"line":1190,"column":10},"end":{"line":1190,"column":26}},"719":{"start":{"line":1193,"column":8},"end":{"line":1193,"column":25}},"720":{"start":{"line":1194,"column":8},"end":{"line":1194,"column":24}},"721":{"start":{"line":1197,"column":6},"end":{"line":1197,"column":23}},"722":{"start":{"line":1198,"column":6},"end":{"line":1198,"column":22}},"723":{"start":{"line":1201,"column":4},"end":{"line":1201,"column":14}},"724":{"start":{"line":1207,"column":4},"end":{"line":1207,"column":21}},"725":{"start":{"line":1208,"column":4},"end":{"line":1208,"column":37}},"726":{"start":{"line":1209,"column":4},"end":{"line":1227,"column":5}},"727":{"start":{"line":1210,"column":6},"end":{"line":1210,"column":25}},"728":{"start":{"line":1211,"column":6},"end":{"line":1223,"column":7}},"729":{"start":{"line":1212,"column":8},"end":{"line":1212,"column":43}},"730":{"start":{"line":1213,"column":8},"end":{"line":1219,"column":9}},"731":{"start":{"line":1214,"column":10},"end":{"line":1214,"column":28}},"732":{"start":{"line":1215,"column":10},"end":{"line":1215,"column":31}},"733":{"start":{"line":1217,"column":10},"end":{"line":1217,"column":27}},"734":{"start":{"line":1218,"column":10},"end":{"line":1218,"column":26}},"735":{"start":{"line":1221,"column":8},"end":{"line":1221,"column":25}},"736":{"start":{"line":1222,"column":8},"end":{"line":1222,"column":24}},"737":{"start":{"line":1225,"column":6},"end":{"line":1225,"column":23}},"738":{"start":{"line":1226,"column":6},"end":{"line":1226,"column":22}},"739":{"start":{"line":1228,"column":4},"end":{"line":1230,"column":5}},"740":{"start":{"line":1229,"column":6},"end":{"line":1229,"column":41}},"741":{"start":{"line":1232,"column":4},"end":{"line":1232,"column":14}},"742":{"start":{"line":1238,"column":4},"end":{"line":1244,"column":5}},"743":{"start":{"line":1239,"column":6},"end":{"line":1239,"column":19}},"744":{"start":{"line":1240,"column":6},"end":{"line":1240,"column":20}},"745":{"start":{"line":1242,"column":6},"end":{"line":1242,"column":22}},"746":{"start":{"line":1243,"column":6},"end":{"line":1243,"column":55}},"747":{"start":{"line":1243,"column":35},"end":{"line":1243,"column":53}},"748":{"start":{"line":1245,"column":4},"end":{"line":1262,"column":5}},"749":{"start":{"line":1246,"column":6},"end":{"line":1252,"column":7}},"750":{"start":{"line":1247,"column":8},"end":{"line":1247,"column":21}},"751":{"start":{"line":1248,"column":8},"end":{"line":1248,"column":22}},"752":{"start":{"line":1250,"column":8},"end":{"line":1250,"column":24}},"753":{"start":{"line":1251,"column":8},"end":{"line":1251,"column":57}},"754":{"start":{"line":1251,"column":37},"end":{"line":1251,"column":55}},"755":{"start":{"line":1253,"column":6},"end":{"line":1261,"column":7}},"756":{"start":{"line":1254,"column":8},"end":{"line":1260,"column":9}},"757":{"start":{"line":1255,"column":10},"end":{"line":1255,"column":23}},"758":{"start":{"line":1256,"column":10},"end":{"line":1256,"column":24}},"759":{"start":{"line":1258,"column":10},"end":{"line":1258,"column":26}},"760":{"start":{"line":1259,"column":10},"end":{"line":1259,"column":59}},"761":{"start":{"line":1259,"column":39},"end":{"line":1259,"column":57}},"762":{"start":{"line":1264,"column":4},"end":{"line":1264,"column":14}},"763":{"start":{"line":1270,"column":4},"end":{"line":1270,"column":21}},"764":{"start":{"line":1271,"column":4},"end":{"line":1271,"column":38}},"765":{"start":{"line":1272,"column":4},"end":{"line":1290,"column":5}},"766":{"start":{"line":1273,"column":6},"end":{"line":1273,"column":25}},"767":{"start":{"line":1274,"column":6},"end":{"line":1286,"column":7}},"768":{"start":{"line":1275,"column":8},"end":{"line":1275,"column":41}},"769":{"start":{"line":1276,"column":8},"end":{"line":1282,"column":9}},"770":{"start":{"line":1277,"column":10},"end":{"line":1277,"column":28}},"771":{"start":{"line":1278,"column":10},"end":{"line":1278,"column":31}},"772":{"start":{"line":1280,"column":10},"end":{"line":1280,"column":27}},"773":{"start":{"line":1281,"column":10},"end":{"line":1281,"column":26}},"774":{"start":{"line":1284,"column":8},"end":{"line":1284,"column":25}},"775":{"start":{"line":1285,"column":8},"end":{"line":1285,"column":24}},"776":{"start":{"line":1288,"column":6},"end":{"line":1288,"column":23}},"777":{"start":{"line":1289,"column":6},"end":{"line":1289,"column":22}},"778":{"start":{"line":1291,"column":4},"end":{"line":1293,"column":5}},"779":{"start":{"line":1292,"column":6},"end":{"line":1292,"column":40}},"780":{"start":{"line":1295,"column":4},"end":{"line":1295,"column":14}},"781":{"start":{"line":1301,"column":4},"end":{"line":1307,"column":5}},"782":{"start":{"line":1302,"column":6},"end":{"line":1302,"column":19}},"783":{"start":{"line":1303,"column":6},"end":{"line":1303,"column":20}},"784":{"start":{"line":1305,"column":6},"end":{"line":1305,"column":22}},"785":{"start":{"line":1306,"column":6},"end":{"line":1306,"column":55}},"786":{"start":{"line":1306,"column":35},"end":{"line":1306,"column":53}},"787":{"start":{"line":1308,"column":4},"end":{"line":1325,"column":5}},"788":{"start":{"line":1309,"column":6},"end":{"line":1315,"column":7}},"789":{"start":{"line":1310,"column":8},"end":{"line":1310,"column":21}},"790":{"start":{"line":1311,"column":8},"end":{"line":1311,"column":22}},"791":{"start":{"line":1313,"column":8},"end":{"line":1313,"column":24}},"792":{"start":{"line":1314,"column":8},"end":{"line":1314,"column":57}},"793":{"start":{"line":1314,"column":37},"end":{"line":1314,"column":55}},"794":{"start":{"line":1316,"column":6},"end":{"line":1324,"column":7}},"795":{"start":{"line":1317,"column":8},"end":{"line":1323,"column":9}},"796":{"start":{"line":1318,"column":10},"end":{"line":1318,"column":23}},"797":{"start":{"line":1319,"column":10},"end":{"line":1319,"column":24}},"798":{"start":{"line":1321,"column":10},"end":{"line":1321,"column":26}},"799":{"start":{"line":1322,"column":10},"end":{"line":1322,"column":59}},"800":{"start":{"line":1322,"column":39},"end":{"line":1322,"column":57}},"801":{"start":{"line":1327,"column":4},"end":{"line":1327,"column":14}},"802":{"start":{"line":1333,"column":4},"end":{"line":1333,"column":35}},"803":{"start":{"line":1334,"column":4},"end":{"line":1392,"column":5}},"804":{"start":{"line":1335,"column":6},"end":{"line":1335,"column":44}},"805":{"start":{"line":1336,"column":6},"end":{"line":1391,"column":7}},"806":{"start":{"line":1337,"column":8},"end":{"line":1337,"column":35}},"807":{"start":{"line":1338,"column":8},"end":{"line":1390,"column":9}},"808":{"start":{"line":1339,"column":10},"end":{"line":1339,"column":50}},"809":{"start":{"line":1340,"column":10},"end":{"line":1389,"column":11}},"810":{"start":{"line":1341,"column":12},"end":{"line":1341,"column":56}},"811":{"start":{"line":1342,"column":12},"end":{"line":1388,"column":13}},"812":{"start":{"line":1343,"column":14},"end":{"line":1343,"column":31}},"813":{"start":{"line":1344,"column":14},"end":{"line":1350,"column":15}},"814":{"start":{"line":1345,"column":16},"end":{"line":1345,"column":29}},"815":{"start":{"line":1346,"column":16},"end":{"line":1346,"column":30}},"816":{"start":{"line":1348,"column":16},"end":{"line":1348,"column":32}},"817":{"start":{"line":1349,"column":16},"end":{"line":1349,"column":65}},"818":{"start":{"line":1349,"column":45},"end":{"line":1349,"column":63}},"819":{"start":{"line":1351,"column":14},"end":{"line":1387,"column":15}},"820":{"start":{"line":1352,"column":16},"end":{"line":1352,"column":35}},"821":{"start":{"line":1353,"column":16},"end":{"line":1383,"column":17}},"822":{"start":{"line":1354,"column":18},"end":{"line":1354,"column":51}},"823":{"start":{"line":1355,"column":18},"end":{"line":1379,"column":19}},"824":{"start":{"line":1356,"column":20},"end":{"line":1356,"column":39}},"825":{"start":{"line":1357,"column":20},"end":{"line":1375,"column":21}},"826":{"start":{"line":1358,"column":22},"end":{"line":1364,"column":23}},"827":{"start":{"line":1359,"column":24},"end":{"line":1359,"column":37}},"828":{"start":{"line":1360,"column":24},"end":{"line":1360,"column":38}},"829":{"start":{"line":1362,"column":24},"end":{"line":1362,"column":40}},"830":{"start":{"line":1363,"column":24},"end":{"line":1363,"column":73}},"831":{"start":{"line":1363,"column":53},"end":{"line":1363,"column":71}},"832":{"start":{"line":1365,"column":22},"end":{"line":1371,"column":23}},"833":{"start":{"line":1366,"column":24},"end":{"line":1366,"column":42}},"834":{"start":{"line":1367,"column":24},"end":{"line":1367,"column":41}},"835":{"start":{"line":1369,"column":24},"end":{"line":1369,"column":41}},"836":{"start":{"line":1370,"column":24},"end":{"line":1370,"column":40}},"837":{"start":{"line":1373,"column":22},"end":{"line":1373,"column":39}},"838":{"start":{"line":1374,"column":22},"end":{"line":1374,"column":38}},"839":{"start":{"line":1377,"column":20},"end":{"line":1377,"column":37}},"840":{"start":{"line":1378,"column":20},"end":{"line":1378,"column":36}},"841":{"start":{"line":1381,"column":18},"end":{"line":1381,"column":35}},"842":{"start":{"line":1382,"column":18},"end":{"line":1382,"column":34}},"843":{"start":{"line":1385,"column":16},"end":{"line":1385,"column":33}},"844":{"start":{"line":1386,"column":16},"end":{"line":1386,"column":32}},"845":{"start":{"line":1394,"column":4},"end":{"line":1394,"column":14}},"846":{"start":{"line":1400,"column":4},"end":{"line":1400,"column":21}},"847":{"start":{"line":1401,"column":4},"end":{"line":1401,"column":35}},"848":{"start":{"line":1402,"column":4},"end":{"line":1466,"column":5}},"849":{"start":{"line":1403,"column":6},"end":{"line":1403,"column":23}},"850":{"start":{"line":1404,"column":6},"end":{"line":1404,"column":24}},"851":{"start":{"line":1405,"column":6},"end":{"line":1405,"column":23}},"852":{"start":{"line":1406,"column":6},"end":{"line":1406,"column":25}},"853":{"start":{"line":1407,"column":6},"end":{"line":1448,"column":7}},"854":{"start":{"line":1408,"column":8},"end":{"line":1408,"column":25}},"855":{"start":{"line":1409,"column":8},"end":{"line":1409,"column":38}},"856":{"start":{"line":1410,"column":8},"end":{"line":1422,"column":9}},"857":{"start":{"line":1411,"column":10},"end":{"line":1411,"column":29}},"858":{"start":{"line":1412,"column":10},"end":{"line":1418,"column":11}},"859":{"start":{"line":1413,"column":12},"end":{"line":1413,"column":26}},"860":{"start":{"line":1414,"column":12},"end":{"line":1414,"column":20}},"861":{"start":{"line":1416,"column":12},"end":{"line":1416,"column":29}},"862":{"start":{"line":1417,"column":12},"end":{"line":1417,"column":28}},"863":{"start":{"line":1420,"column":10},"end":{"line":1420,"column":27}},"864":{"start":{"line":1421,"column":10},"end":{"line":1421,"column":26}},"865":{"start":{"line":1423,"column":8},"end":{"line":1425,"column":9}},"866":{"start":{"line":1424,"column":10},"end":{"line":1424,"column":20}},"867":{"start":{"line":1426,"column":8},"end":{"line":1444,"column":9}},"868":{"start":{"line":1427,"column":10},"end":{"line":1433,"column":11}},"869":{"start":{"line":1428,"column":12},"end":{"line":1428,"column":24}},"870":{"start":{"line":1429,"column":12},"end":{"line":1429,"column":26}},"871":{"start":{"line":1431,"column":12},"end":{"line":1431,"column":28}},"872":{"start":{"line":1432,"column":12},"end":{"line":1432,"column":60}},"873":{"start":{"line":1432,"column":41},"end":{"line":1432,"column":58}},"874":{"start":{"line":1434,"column":10},"end":{"line":1440,"column":11}},"875":{"start":{"line":1435,"column":12},"end":{"line":1435,"column":30}},"876":{"start":{"line":1436,"column":12},"end":{"line":1436,"column":20}},"877":{"start":{"line":1438,"column":12},"end":{"line":1438,"column":29}},"878":{"start":{"line":1439,"column":12},"end":{"line":1439,"column":28}},"879":{"start":{"line":1442,"column":10},"end":{"line":1442,"column":27}},"880":{"start":{"line":1443,"column":10},"end":{"line":1443,"column":26}},"881":{"start":{"line":1446,"column":8},"end":{"line":1446,"column":25}},"882":{"start":{"line":1447,"column":8},"end":{"line":1447,"column":24}},"883":{"start":{"line":1449,"column":6},"end":{"line":1449,"column":24}},"884":{"start":{"line":1450,"column":6},"end":{"line":1455,"column":7}},"885":{"start":{"line":1451,"column":8},"end":{"line":1451,"column":23}},"886":{"start":{"line":1453,"column":8},"end":{"line":1453,"column":25}},"887":{"start":{"line":1454,"column":8},"end":{"line":1454,"column":24}},"888":{"start":{"line":1456,"column":6},"end":{"line":1462,"column":7}},"889":{"start":{"line":1457,"column":8},"end":{"line":1457,"column":26}},"890":{"start":{"line":1458,"column":8},"end":{"line":1458,"column":25}},"891":{"start":{"line":1460,"column":8},"end":{"line":1460,"column":25}},"892":{"start":{"line":1461,"column":8},"end":{"line":1461,"column":24}},"893":{"start":{"line":1464,"column":6},"end":{"line":1464,"column":23}},"894":{"start":{"line":1465,"column":6},"end":{"line":1465,"column":22}},"895":{"start":{"line":1468,"column":4},"end":{"line":1468,"column":14}},"896":{"start":{"line":1474,"column":4},"end":{"line":1474,"column":21}},"897":{"start":{"line":1475,"column":4},"end":{"line":1475,"column":46}},"898":{"start":{"line":1476,"column":4},"end":{"line":1494,"column":5}},"899":{"start":{"line":1477,"column":6},"end":{"line":1477,"column":25}},"900":{"start":{"line":1478,"column":6},"end":{"line":1490,"column":7}},"901":{"start":{"line":1479,"column":8},"end":{"line":1479,"column":34}},"902":{"start":{"line":1480,"column":8},"end":{"line":1486,"column":9}},"903":{"start":{"line":1481,"column":10},"end":{"line":1481,"column":28}},"904":{"start":{"line":1482,"column":10},"end":{"line":1482,"column":31}},"905":{"start":{"line":1484,"column":10},"end":{"line":1484,"column":27}},"906":{"start":{"line":1485,"column":10},"end":{"line":1485,"column":26}},"907":{"start":{"line":1488,"column":8},"end":{"line":1488,"column":25}},"908":{"start":{"line":1489,"column":8},"end":{"line":1489,"column":24}},"909":{"start":{"line":1492,"column":6},"end":{"line":1492,"column":23}},"910":{"start":{"line":1493,"column":6},"end":{"line":1493,"column":22}},"911":{"start":{"line":1496,"column":4},"end":{"line":1496,"column":14}},"912":{"start":{"line":1502,"column":4},"end":{"line":1508,"column":5}},"913":{"start":{"line":1503,"column":6},"end":{"line":1503,"column":19}},"914":{"start":{"line":1504,"column":6},"end":{"line":1504,"column":20}},"915":{"start":{"line":1506,"column":6},"end":{"line":1506,"column":22}},"916":{"start":{"line":1507,"column":6},"end":{"line":1507,"column":55}},"917":{"start":{"line":1507,"column":35},"end":{"line":1507,"column":53}},"918":{"start":{"line":1509,"column":4},"end":{"line":1517,"column":5}},"919":{"start":{"line":1510,"column":6},"end":{"line":1516,"column":7}},"920":{"start":{"line":1511,"column":8},"end":{"line":1511,"column":21}},"921":{"start":{"line":1512,"column":8},"end":{"line":1512,"column":22}},"922":{"start":{"line":1514,"column":8},"end":{"line":1514,"column":24}},"923":{"start":{"line":1515,"column":8},"end":{"line":1515,"column":57}},"924":{"start":{"line":1515,"column":37},"end":{"line":1515,"column":55}},"925":{"start":{"line":1519,"column":4},"end":{"line":1519,"column":14}},"926":{"start":{"line":1525,"column":4},"end":{"line":1531,"column":5}},"927":{"start":{"line":1526,"column":6},"end":{"line":1526,"column":37}},"928":{"start":{"line":1527,"column":6},"end":{"line":1527,"column":20}},"929":{"start":{"line":1529,"column":6},"end":{"line":1529,"column":22}},"930":{"start":{"line":1530,"column":6},"end":{"line":1530,"column":55}},"931":{"start":{"line":1530,"column":35},"end":{"line":1530,"column":53}},"932":{"start":{"line":1533,"column":4},"end":{"line":1533,"column":14}},"933":{"start":{"line":1539,"column":4},"end":{"line":1539,"column":22}},"934":{"start":{"line":1540,"column":4},"end":{"line":1546,"column":5}},"935":{"start":{"line":1541,"column":6},"end":{"line":1541,"column":19}},"936":{"start":{"line":1542,"column":6},"end":{"line":1542,"column":20}},"937":{"start":{"line":1544,"column":6},"end":{"line":1544,"column":22}},"938":{"start":{"line":1545,"column":6},"end":{"line":1545,"column":55}},"939":{"start":{"line":1545,"column":35},"end":{"line":1545,"column":53}},"940":{"start":{"line":1547,"column":4},"end":{"line":1594,"column":5}},"941":{"start":{"line":1548,"column":6},"end":{"line":1554,"column":7}},"942":{"start":{"line":1549,"column":8},"end":{"line":1549,"column":21}},"943":{"start":{"line":1550,"column":8},"end":{"line":1550,"column":22}},"944":{"start":{"line":1552,"column":8},"end":{"line":1552,"column":24}},"945":{"start":{"line":1553,"column":8},"end":{"line":1553,"column":57}},"946":{"start":{"line":1553,"column":37},"end":{"line":1553,"column":55}},"947":{"start":{"line":1555,"column":6},"end":{"line":1593,"column":7}},"948":{"start":{"line":1556,"column":8},"end":{"line":1562,"column":9}},"949":{"start":{"line":1557,"column":10},"end":{"line":1557,"column":23}},"950":{"start":{"line":1558,"column":10},"end":{"line":1558,"column":24}},"951":{"start":{"line":1560,"column":10},"end":{"line":1560,"column":26}},"952":{"start":{"line":1561,"column":10},"end":{"line":1561,"column":59}},"953":{"start":{"line":1561,"column":39},"end":{"line":1561,"column":57}},"954":{"start":{"line":1563,"column":8},"end":{"line":1592,"column":9}},"955":{"start":{"line":1564,"column":10},"end":{"line":1570,"column":11}},"956":{"start":{"line":1565,"column":12},"end":{"line":1565,"column":25}},"957":{"start":{"line":1566,"column":12},"end":{"line":1566,"column":26}},"958":{"start":{"line":1568,"column":12},"end":{"line":1568,"column":28}},"959":{"start":{"line":1569,"column":12},"end":{"line":1569,"column":61}},"960":{"start":{"line":1569,"column":41},"end":{"line":1569,"column":59}},"961":{"start":{"line":1571,"column":10},"end":{"line":1591,"column":11}},"962":{"start":{"line":1572,"column":12},"end":{"line":1578,"column":13}},"963":{"start":{"line":1573,"column":14},"end":{"line":1573,"column":27}},"964":{"start":{"line":1574,"column":14},"end":{"line":1574,"column":28}},"965":{"start":{"line":1576,"column":14},"end":{"line":1576,"column":30}},"966":{"start":{"line":1577,"column":14},"end":{"line":1577,"column":63}},"967":{"start":{"line":1577,"column":43},"end":{"line":1577,"column":61}},"968":{"start":{"line":1579,"column":12},"end":{"line":1590,"column":13}},"969":{"start":{"line":1580,"column":14},"end":{"line":1586,"column":15}},"970":{"start":{"line":1581,"column":16},"end":{"line":1581,"column":29}},"971":{"start":{"line":1582,"column":16},"end":{"line":1582,"column":30}},"972":{"start":{"line":1584,"column":16},"end":{"line":1584,"column":32}},"973":{"start":{"line":1585,"column":16},"end":{"line":1585,"column":65}},"974":{"start":{"line":1585,"column":45},"end":{"line":1585,"column":63}},"975":{"start":{"line":1587,"column":14},"end":{"line":1589,"column":15}},"976":{"start":{"line":1588,"column":16},"end":{"line":1588,"column":35}},"977":{"start":{"line":1595,"column":4},"end":{"line":1595,"column":22}},"978":{"start":{"line":1596,"column":4},"end":{"line":1599,"column":5}},"979":{"start":{"line":1597,"column":6},"end":{"line":1597,"column":22}},"980":{"start":{"line":1598,"column":6},"end":{"line":1598,"column":55}},"981":{"start":{"line":1598,"column":35},"end":{"line":1598,"column":53}},"982":{"start":{"line":1601,"column":4},"end":{"line":1601,"column":14}},"983":{"start":{"line":1607,"column":4},"end":{"line":1613,"column":5}},"984":{"start":{"line":1608,"column":6},"end":{"line":1608,"column":37}},"985":{"start":{"line":1609,"column":6},"end":{"line":1609,"column":20}},"986":{"start":{"line":1611,"column":6},"end":{"line":1611,"column":22}},"987":{"start":{"line":1612,"column":6},"end":{"line":1612,"column":55}},"988":{"start":{"line":1612,"column":35},"end":{"line":1612,"column":53}},"989":{"start":{"line":1615,"column":4},"end":{"line":1615,"column":14}},"990":{"start":{"line":1621,"column":4},"end":{"line":1621,"column":22}},"991":{"start":{"line":1622,"column":4},"end":{"line":1628,"column":5}},"992":{"start":{"line":1623,"column":6},"end":{"line":1623,"column":19}},"993":{"start":{"line":1624,"column":6},"end":{"line":1624,"column":20}},"994":{"start":{"line":1626,"column":6},"end":{"line":1626,"column":22}},"995":{"start":{"line":1627,"column":6},"end":{"line":1627,"column":55}},"996":{"start":{"line":1627,"column":35},"end":{"line":1627,"column":53}},"997":{"start":{"line":1629,"column":4},"end":{"line":1664,"column":5}},"998":{"start":{"line":1630,"column":6},"end":{"line":1636,"column":7}},"999":{"start":{"line":1631,"column":8},"end":{"line":1631,"column":21}},"1000":{"start":{"line":1632,"column":8},"end":{"line":1632,"column":25}},"1001":{"start":{"line":1634,"column":8},"end":{"line":1634,"column":24}},"1002":{"start":{"line":1635,"column":8},"end":{"line":1635,"column":57}},"1003":{"start":{"line":1635,"column":37},"end":{"line":1635,"column":55}},"1004":{"start":{"line":1637,"column":6},"end":{"line":1663,"column":7}},"1005":{"start":{"line":1638,"column":8},"end":{"line":1644,"column":9}},"1006":{"start":{"line":1639,"column":10},"end":{"line":1639,"column":23}},"1007":{"start":{"line":1640,"column":10},"end":{"line":1640,"column":24}},"1008":{"start":{"line":1642,"column":10},"end":{"line":1642,"column":26}},"1009":{"start":{"line":1643,"column":10},"end":{"line":1643,"column":59}},"1010":{"start":{"line":1643,"column":39},"end":{"line":1643,"column":57}},"1011":{"start":{"line":1645,"column":8},"end":{"line":1662,"column":9}},"1012":{"start":{"line":1646,"column":10},"end":{"line":1652,"column":11}},"1013":{"start":{"line":1647,"column":12},"end":{"line":1647,"column":25}},"1014":{"start":{"line":1648,"column":12},"end":{"line":1648,"column":26}},"1015":{"start":{"line":1650,"column":12},"end":{"line":1650,"column":28}},"1016":{"start":{"line":1651,"column":12},"end":{"line":1651,"column":61}},"1017":{"start":{"line":1651,"column":41},"end":{"line":1651,"column":59}},"1018":{"start":{"line":1653,"column":10},"end":{"line":1661,"column":11}},"1019":{"start":{"line":1654,"column":12},"end":{"line":1660,"column":13}},"1020":{"start":{"line":1655,"column":14},"end":{"line":1655,"column":27}},"1021":{"start":{"line":1656,"column":14},"end":{"line":1656,"column":28}},"1022":{"start":{"line":1658,"column":14},"end":{"line":1658,"column":30}},"1023":{"start":{"line":1659,"column":14},"end":{"line":1659,"column":63}},"1024":{"start":{"line":1659,"column":43},"end":{"line":1659,"column":61}},"1025":{"start":{"line":1665,"column":4},"end":{"line":1665,"column":22}},"1026":{"start":{"line":1666,"column":4},"end":{"line":1669,"column":5}},"1027":{"start":{"line":1667,"column":6},"end":{"line":1667,"column":22}},"1028":{"start":{"line":1668,"column":6},"end":{"line":1668,"column":55}},"1029":{"start":{"line":1668,"column":35},"end":{"line":1668,"column":53}},"1030":{"start":{"line":1671,"column":4},"end":{"line":1671,"column":14}},"1031":{"start":{"line":1677,"column":4},"end":{"line":1677,"column":22}},"1032":{"start":{"line":1678,"column":4},"end":{"line":1678,"column":37}},"1033":{"start":{"line":1679,"column":4},"end":{"line":1681,"column":5}},"1034":{"start":{"line":1680,"column":6},"end":{"line":1680,"column":40}},"1035":{"start":{"line":1682,"column":4},"end":{"line":1682,"column":22}},"1036":{"start":{"line":1683,"column":4},"end":{"line":1686,"column":5}},"1037":{"start":{"line":1684,"column":6},"end":{"line":1684,"column":22}},"1038":{"start":{"line":1685,"column":6},"end":{"line":1685,"column":55}},"1039":{"start":{"line":1685,"column":35},"end":{"line":1685,"column":53}},"1040":{"start":{"line":1688,"column":4},"end":{"line":1688,"column":14}},"1041":{"start":{"line":1694,"column":4},"end":{"line":1694,"column":21}},"1042":{"start":{"line":1695,"column":4},"end":{"line":1701,"column":5}},"1043":{"start":{"line":1696,"column":6},"end":{"line":1696,"column":19}},"1044":{"start":{"line":1697,"column":6},"end":{"line":1697,"column":23}},"1045":{"start":{"line":1699,"column":6},"end":{"line":1699,"column":22}},"1046":{"start":{"line":1700,"column":6},"end":{"line":1700,"column":55}},"1047":{"start":{"line":1700,"column":35},"end":{"line":1700,"column":53}},"1048":{"start":{"line":1702,"column":4},"end":{"line":1789,"column":5}},"1049":{"start":{"line":1703,"column":6},"end":{"line":1703,"column":14}},"1050":{"start":{"line":1704,"column":6},"end":{"line":1704,"column":23}},"1051":{"start":{"line":1705,"column":6},"end":{"line":1705,"column":23}},"1052":{"start":{"line":1706,"column":6},"end":{"line":1706,"column":24}},"1053":{"start":{"line":1707,"column":6},"end":{"line":1713,"column":7}},"1054":{"start":{"line":1708,"column":8},"end":{"line":1708,"column":21}},"1055":{"start":{"line":1709,"column":8},"end":{"line":1709,"column":25}},"1056":{"start":{"line":1711,"column":8},"end":{"line":1711,"column":24}},"1057":{"start":{"line":1712,"column":8},"end":{"line":1712,"column":57}},"1058":{"start":{"line":1712,"column":37},"end":{"line":1712,"column":55}},"1059":{"start":{"line":1714,"column":6},"end":{"line":1714,"column":24}},"1060":{"start":{"line":1715,"column":6},"end":{"line":1720,"column":7}},"1061":{"start":{"line":1716,"column":8},"end":{"line":1716,"column":23}},"1062":{"start":{"line":1718,"column":8},"end":{"line":1718,"column":25}},"1063":{"start":{"line":1719,"column":8},"end":{"line":1719,"column":24}},"1064":{"start":{"line":1721,"column":6},"end":{"line":1733,"column":7}},"1065":{"start":{"line":1722,"column":8},"end":{"line":1722,"column":40}},"1066":{"start":{"line":1723,"column":8},"end":{"line":1729,"column":9}},"1067":{"start":{"line":1724,"column":10},"end":{"line":1724,"column":24}},"1068":{"start":{"line":1725,"column":10},"end":{"line":1725,"column":18}},"1069":{"start":{"line":1727,"column":10},"end":{"line":1727,"column":27}},"1070":{"start":{"line":1728,"column":10},"end":{"line":1728,"column":26}},"1071":{"start":{"line":1731,"column":8},"end":{"line":1731,"column":25}},"1072":{"start":{"line":1732,"column":8},"end":{"line":1732,"column":24}},"1073":{"start":{"line":1734,"column":6},"end":{"line":1766,"column":7}},"1074":{"start":{"line":1735,"column":8},"end":{"line":1735,"column":20}},"1075":{"start":{"line":1736,"column":8},"end":{"line":1736,"column":25}},"1076":{"start":{"line":1737,"column":8},"end":{"line":1737,"column":25}},"1077":{"start":{"line":1738,"column":8},"end":{"line":1738,"column":26}},"1078":{"start":{"line":1739,"column":8},"end":{"line":1745,"column":9}},"1079":{"start":{"line":1740,"column":10},"end":{"line":1740,"column":23}},"1080":{"start":{"line":1741,"column":10},"end":{"line":1741,"column":27}},"1081":{"start":{"line":1743,"column":10},"end":{"line":1743,"column":26}},"1082":{"start":{"line":1744,"column":10},"end":{"line":1744,"column":59}},"1083":{"start":{"line":1744,"column":39},"end":{"line":1744,"column":57}},"1084":{"start":{"line":1746,"column":8},"end":{"line":1746,"column":26}},"1085":{"start":{"line":1747,"column":8},"end":{"line":1752,"column":9}},"1086":{"start":{"line":1748,"column":10},"end":{"line":1748,"column":25}},"1087":{"start":{"line":1750,"column":10},"end":{"line":1750,"column":27}},"1088":{"start":{"line":1751,"column":10},"end":{"line":1751,"column":2
[...]
,"C:\\Users\\john\\projects\\peggy\\lib\\compiler\\passes\\report-duplicate-rules.js": {"path":"C:\\Users\\john\\projects\\peggy\\lib\\compiler\\passes\\report-duplicate-rules.js","statementMap":{"0":{"start":{"line":3,"column":21},"end":{"line":3,"column":51}},"1":{"start":{"line":4,"column":16},"end":{"line":4,"column":37}},"2":{"start":{"line":8,"column":16},"end":{"line":8,"column":18}},"3":{"start":{"line":10,"column":16},"end":{"line":23,"column":4}},"4":{"start":{"line":12,"column":6},"end":{"line":19,"column":7}},"5":{"start":{"line":13,"column":8},"end":{"line":18,"column":10}},"6":{"start":{"line":21,"column":6},"end":{"line":21,"column":39}},"7":{"start":{"line":25,"column":2},"end":{"line":25,"column":13}},"8":{"start":{"line":28,"column":0},"end":{"line":28,"column":38}}},"fnMap":{"0":{"name":"reportDuplicateRules","decl":{"start":{"line":7,"column":9},"end":{"line":7,"column":29}},"loc":{"start":{"line":7,"column":35},"end":{"line":26,"column":1}},"line":7},"1":{"name":"(anonymous_1)","decl":{"start":{"line":11,"column":4},"end":{"line":11,"column":5}},"loc":{"start":{"line":11,"column":15},"end":{"line":22,"column":5}},"line":11}},"branchMap":{"0":{"loc":{"start":{"line":12,"column":6},"end":{"line":19,"column":7}},"type":"if","locations":[{"start":{"line":12,"column":6},"end":{"line":19,"column":7}},{"start":{"line":12,"column":6},"end":{"line":19,"column":7}}],"line":12}},"s":{"0":5,"1":5,"2":1316,"3":1316,"4":1598,"5":1,"6":1597,"7":1316,"8":5},"f":{"0":1316,"1":1598},"b":{"0":[1,1597]},"_coverageSchema":"1a1c01bbd47fc00a2c39e90264f33305004495a9","hash":"701220c8c7355907feb5d5f677fc0572a79b7fe7"}
,"C:\\Users\\john\\projects\\peggy\\lib\\compiler\\passes\\report-incorrect-plucking.js": {"path":"C:\\Users\\john\\projects\\peggy\\lib\\compiler\\passes\\report-incorrect-plucking.js","statementMap":{"0":{"start":{"line":3,"column":21},"end":{"line":3,"column":51}},"1":{"start":{"line":4,"column":16},"end":{"line":4,"column":37}},"2":{"start":{"line":12,"column":16},"end":{"line":31,"column":4}},"3":{"start":{"line":14,"column":6},"end":{"line":14,"column":35}},"4":{"start":{"line":18,"column":6},"end":{"line":27,"column":7}},"5":{"start":{"line":19,"column":8},"end":{"line":26,"column":9}},"6":{"start":{"line":20,"column":10},"end":{"line":25,"column":12}},"7":{"start":{"line":29,"column":6},"end":{"line":29,"column":29}},"8":{"start":{"line":33,"column":2},"end":{"line":33,"column":13}},"9":{"start":{"line":36,"column":0},"end":{"line":36,"column":41}}},"fnMap":{"0":{"name":"reportIncorrectPlucking","decl":{"start":{"line":11,"column":9},"end":{"line":11,"column":32}},"loc":{"start":{"line":11,"column":38},"end":{"line":34,"column":1}},"line":11},"1":{"name":"(anonymous_1)","decl":{"start":{"line":13,"column":4},"end":{"line":13,"column":5}},"loc":{"start":{"line":13,"column":17},"end":{"line":15,"column":5}},"line":13},"2":{"name":"(anonymous_2)","decl":{"start":{"line":17,"column":4},"end":{"line":17,"column":5}},"loc":{"start":{"line":17,"column":26},"end":{"line":30,"column":5}},"line":17}},"branchMap":{"0":{"loc":{"start":{"line":18,"column":6},"end":{"line":27,"column":7}},"type":"if","locations":[{"start":{"line":18,"column":6},"end":{"line":27,"column":7}},{"start":{"line":18,"column":6},"end":{"line":27,"column":7}}],"line":18},"1":{"loc":{"start":{"line":19,"column":8},"end":{"line":26,"column":9}},"type":"if","locations":[{"start":{"line":19,"column":8},"end":{"line":26,"column":9}},{"start":{"line":19,"column":8},"end":{"line":26,"column":9}}],"line":19}},"s":{"0":5,"1":5,"2":1318,"3":404,"4":817,"5":207,"6":2,"7":815,"8":1318,"9":5},"f":{"0":1318,"1":404,"2":817},"b":{"0":[207,610],"1":[2,205]},"_coverageSchema":"1a1c01bbd47fc00a2c39e90264f33305004495a9","hash":"c8ffc536527fdf1985ef859231934b7eafc41c09"}
,"C:\\Users\\john\\projects\\peggy\\lib\\compiler\\passes\\report-infinite-recursion.js": {"path":"C:\\Users\\john\\projects\\peggy\\lib\\compiler\\passes\\report-infinite-recursion.js","statementMap":{"0":{"start":{"line":3,"column":21},"end":{"line":3,"column":51}},"1":{"start":{"line":4,"column":13},"end":{"line":4,"column":31}},"2":{"start":{"line":5,"column":16},"end":{"line":5,"column":37}},"3":{"start":{"line":18,"column":23},"end":{"line":18,"column":25}},"4":{"start":{"line":20,"column":16},"end":{"line":49,"column":4}},"5":{"start":{"line":22,"column":6},"end":{"line":22,"column":35}},"6":{"start":{"line":23,"column":6},"end":{"line":23,"column":29}},"7":{"start":{"line":24,"column":6},"end":{"line":24,"column":34}},"8":{"start":{"line":28,"column":6},"end":{"line":32,"column":9}},"9":{"start":{"line":29,"column":8},"end":{"line":29,"column":23}},"10":{"start":{"line":31,"column":8},"end":{"line":31,"column":59}},"11":{"start":{"line":36,"column":6},"end":{"line":45,"column":7}},"12":{"start":{"line":37,"column":8},"end":{"line":37,"column":37}},"13":{"start":{"line":39,"column":8},"end":{"line":44,"column":10}},"14":{"start":{"line":47,"column":6},"end":{"line":47,"column":43}},"15":{"start":{"line":51,"column":2},"end":{"line":51,"column":13}},"16":{"start":{"line":54,"column":0},"end":{"line":54,"column":41}}},"fnMap":{"0":{"name":"reportInfiniteRecursion","decl":{"start":{"line":17,"column":9},"end":{"line":17,"column":32}},"loc":{"start":{"line":17,"column":38},"end":{"line":52,"column":1}},"line":17},"1":{"name":"(anonymous_1)","decl":{"start":{"line":21,"column":4},"end":{"line":21,"column":5}},"loc":{"start":{"line":21,"column":15},"end":{"line":25,"column":5}},"line":21},"2":{"name":"(anonymous_2)","decl":{"start":{"line":27,"column":4},"end":{"line":27,"column":5}},"loc":{"start":{"line":27,"column":19},"end":{"line":33,"column":5}},"line":27},"3":{"name":"(anonymous_3)","decl":{"start":{"line":28,"column":26},"end":{"line":28,"column":27}},"loc":{"start":{"line":28,"column":37},"end":{"line":32,"column":7}},"line":28},"4":{"name":"(anonymous_4)","decl":{"start":{"line":35,"column":4},"end":{"line":35,"column":5}},"loc":{"start":{"line":35,"column":19},"end":{"line":48,"column":5}},"line":35}},"branchMap":{"0":{"loc":{"start":{"line":36,"column":6},"end":{"line":45,"column":7}},"type":"if","locations":[{"start":{"line":36,"column":6},"end":{"line":45,"column":7}},{"start":{"line":36,"column":6},"end":{"line":45,"column":7}}],"line":36}},"s":{"0":5,"1":5,"2":5,"3":1358,"4":1358,"5":2054,"6":2054,"7":2027,"8":1027,"9":1333,"10":1309,"11":439,"12":26,"13":26,"14":413,"15":1358,"16":5},"f":{"0":1358,"1":2054,"2":1027,"3":1333,"4":439},"b":{"0":[26,413]},"_coverageSchema":"1a1c01bbd47fc00a2c39e90264f33305004495a9","hash":"ee5b6cd92b65e405ebc209ef7520b432662add1c"}
,"C:\\Users\\john\\projects\\peggy\\lib\\compiler\\passes\\report-infinite-repetition.js": {"path":"C:\\Users\\john\\projects\\peggy\\lib\\compiler\\passes\\report-infinite-repetition.js","statementMap":{"0":{"start":{"line":3,"column":21},"end":{"line":3,"column":51}},"1":{"start":{"line":4,"column":13},"end":{"line":4,"column":31}},"2":{"start":{"line":5,"column":16},"end":{"line":5,"column":37}},"3":{"start":{"line":10,"column":16},"end":{"line":28,"column":4}},"4":{"start":{"line":12,"column":6},"end":{"line":17,"column":7}},"5":{"start":{"line":13,"column":8},"end":{"line":16,"column":10}},"6":{"start":{"line":21,"column":6},"end":{"line":26,"column":7}},"7":{"start":{"line":22,"column":8},"end":{"line":25,"column":10}},"8":{"start":{"line":30,"column":2},"end":{"line":30,"column":13}},"9":{"start":{"line":33,"column":0},"end":{"line":33,"column":42}}},"fnMap":{"0":{"name":"reportInfiniteRepetition","decl":{"start":{"line":9,"column":9},"end":{"line":9,"column":33}},"loc":{"start":{"line":9,"column":39},"end":{"line":31,"column":1}},"line":9},"1":{"name":"(anonymous_1)","decl":{"start":{"line":11,"column":4},"end":{"line":11,"column":5}},"loc":{"start":{"line":11,"column":23},"end":{"line":18,"column":5}},"line":11},"2":{"name":"(anonymous_2)","decl":{"start":{"line":20,"column":4},"end":{"line":20,"column":5}},"loc":{"start":{"line":20,"column":22},"end":{"line":27,"column":5}},"line":20}},"branchMap":{"0":{"loc":{"start":{"line":12,"column":6},"end":{"line":17,"column":7}},"type":"if","locations":[{"start":{"line":12,"column":6},"end":{"line":17,"column":7}},{"start":{"line":12,"column":6},"end":{"line":17,"column":7}}],"line":12},"1":{"loc":{"start":{"line":21,"column":6},"end":{"line":26,"column":7}},"type":"if","locations":[{"start":{"line":21,"column":6},"end":{"line":26,"column":7}},{"start":{"line":21,"column":6},"end":{"line":26,"column":7}}],"line":21}},"s":{"0":5,"1":5,"2":5,"3":1353,"4":174,"5":23,"6":57,"7":1,"8":1353,"9":5},"f":{"0":1353,"1":174,"2":57},"b":{"0":[23,151],"1":[1,56]},"_coverageSchema":"1a1c01bbd47fc00a2c39e90264f33305004495a9","hash":"63e9145b8bb39e11907ba63611eac16b2c03c59e"}
,"C:\\Users\\john\\projects\\peggy\\lib\\compiler\\passes\\report-undefined-rules.js": {"path":"C:\\Users\\john\\projects\\peggy\\lib\\compiler\\passes\\report-undefined-rules.js","statementMap":{"0":{"start":{"line":3,"column":21},"end":{"line":3,"column":51}},"1":{"start":{"line":4,"column":13},"end":{"line":4,"column":31}},"2":{"start":{"line":5,"column":16},"end":{"line":5,"column":37}},"3":{"start":{"line":9,"column":16},"end":{"line":18,"column":4}},"4":{"start":{"line":11,"column":6},"end":{"line":16,"column":7}},"5":{"start":{"line":12,"column":8},"end":{"line":15,"column":10}},"6":{"start":{"line":20,"column":2},"end":{"line":20,"column":13}},"7":{"start":{"line":23,"column":0},"end":{"line":23,"column":38}}},"fnMap":{"0":{"name":"reportUndefinedRules","decl":{"start":{"line":8,"column":9},"end":{"line":8,"column":29}},"loc":{"start":{"line":8,"column":35},"end":{"line":21,"column":1}},"line":8},"1":{"name":"(anonymous_1)","decl":{"start":{"line":10,"column":4},"end":{"line":10,"column":5}},"loc":{"start":{"line":10,"column":19},"end":{"line":17,"column":5}},"line":10}},"branchMap":{"0":{"loc":{"start":{"line":11,"column":6},"end":{"line":16,"column":7}},"type":"if","locations":[{"start":{"line":11,"column":6},"end":{"line":16,"column":7}},{"start":{"line":11,"column":6},"end":{"line":16,"column":7}}],"line":11}},"s":{"0":5,"1":5,"2":5,"3":1317,"4":426,"5":2,"6":1317,"7":5},"f":{"0":1317,"1":426},"b":{"0":[2,424]},"_coverageSchema":"1a1c01bbd47fc00a2c39e90264f33305004495a9","hash":"312a9814afc106c8a45cda19f8574a9a1b1e4460"}
,"C:\\Users\\john\\projects\\peggy\\test\\unit\\compiler\\passes\\helpers.js": {"path":"C:\\Users\\john\\projects\\peggy\\test\\unit\\compiler\\passes\\helpers.js","statementMap":{"0":{"start":{"line":3,"column":15},"end":{"line":3,"column":48}},"1":{"start":{"line":5,"column":0},"end":{"line":88,"column":2}},"2":{"start":{"line":6,"column":20},"end":{"line":6,"column":34}},"3":{"start":{"line":8,"column":2},"end":{"line":58,"column":5}},"4":{"start":{"line":9,"column":4},"end":{"line":9,"column":51}},"5":{"start":{"line":13,"column":8},"end":{"line":13,"column":75}},"6":{"start":{"line":17,"column":8},"end":{"line":17,"column":59}},"7":{"start":{"line":20,"column":6},"end":{"line":44,"column":7}},"8":{"start":{"line":21,"column":8},"end":{"line":21,"column":46}},"9":{"start":{"line":21,"column":31},"end":{"line":21,"column":44}},"10":{"start":{"line":23,"column":8},"end":{"line":23,"column":60}},"11":{"start":{"line":23,"column":45},"end":{"line":23,"column":58}},"12":{"start":{"line":24,"column":8},"end":{"line":26,"column":9}},"13":{"start":{"line":24,"column":21},"end":{"line":24,"column":22}},"14":{"start":{"line":25,"column":10},"end":{"line":25,"column":64}},"15":{"start":{"line":25,"column":49},"end":{"line":25,"column":62}},"16":{"start":{"line":28,"column":8},"end":{"line":28,"column":20}},"17":{"start":{"line":29,"column":13},"end":{"line":44,"column":7}},"18":{"start":{"line":30,"column":8},"end":{"line":30,"column":47}},"19":{"start":{"line":30,"column":32},"end":{"line":30,"column":45}},"20":{"start":{"line":32,"column":21},"end":{"line":32,"column":39}},"21":{"start":{"line":33,"column":8},"end":{"line":39,"column":9}},"22":{"start":{"line":33,"column":21},"end":{"line":33,"column":22}},"23":{"start":{"line":34,"column":22},"end":{"line":34,"column":29}},"24":{"start":{"line":36,"column":10},"end":{"line":36,"column":48}},"25":{"start":{"line":36,"column":33},"end":{"line":36,"column":46}},"26":{"start":{"line":38,"column":10},"end":{"line":38,"column":68}},"27":{"start":{"line":38,"column":53},"end":{"line":38,"column":66}},"28":{"start":{"line":41,"column":8},"end":{"line":41,"column":20}},"29":{"start":{"line":43,"column":8},"end":{"line":43,"column":31}},"30":{"start":{"line":47,"column":16},"end":{"line":47,"column":37}},"31":{"start":{"line":49,"column":4},"end":{"line":49,"column":45}},"32":{"start":{"line":51,"column":4},"end":{"line":57,"column":6}},"33":{"start":{"line":60,"column":2},"end":{"line":87,"column":5}},"34":{"start":{"line":61,"column":16},"end":{"line":61,"column":37}},"35":{"start":{"line":65,"column":4},"end":{"line":71,"column":5}},"36":{"start":{"line":66,"column":6},"end":{"line":66,"column":38}},"37":{"start":{"line":67,"column":6},"end":{"line":67,"column":20}},"38":{"start":{"line":69,"column":6},"end":{"line":69,"column":17}},"39":{"start":{"line":70,"column":6},"end":{"line":70,"column":21}},"40":{"start":{"line":73,"column":4},"end":{"line":79,"column":6}},"41":{"start":{"line":81,"column":4},"end":{"line":86,"column":5}},"42":{"start":{"line":82,"column":6},"end":{"line":85,"column":9}},"43":{"start":{"line":83,"column":8},"end":{"line":84,"column":42}}},"fnMap":{"0":{"name":"(anonymous_0)","decl":{"start":{"line":5,"column":17},"end":{"line":5,"column":18}},"loc":{"start":{"line":5,"column":39},"end":{"line":88,"column":1}},"line":5},"1":{"name":"(anonymous_1)","decl":{"start":{"line":8,"column":35},"end":{"line":8,"column":36}},"loc":{"start":{"line":8,"column":69},"end":{"line":58,"column":3}},"line":8},"2":{"name":"matchProps","decl":{"start":{"line":11,"column":13},"end":{"line":11,"column":23}},"loc":{"start":{"line":11,"column":38},"end":{"line":45,"column":5}},"line":11},"3":{"name":"isArray","decl":{"start":{"line":12,"column":15},"end":{"line":12,"column":22}},"loc":{"start":{"line":12,"column":30},"end":{"line":14,"column":7}},"line":12},"4":{"name":"isObject","decl":{"start":{"line":16,"column":15},"end":{"line":16,"column":23}},"loc":{"start":{"line":16,"column":31},"end":{"line":18,"column":7}},"line":16},"5":{"name":"(anonymous_5)","decl":{"start":{"line":60,"column":37},"end":{"line":60,"column":38}},"loc":{"start":{"line":60,"column":62},"end":{"line":87,"column":3}},"line":60},"6":{"name":"(anonymous_6)","decl":{"start":{"line":82,"column":33},"end":{"line":82,"column":34}},"loc":{"start":{"line":82,"column":40},"end":{"line":85,"column":7}},"line":82}},"branchMap":{"0":{"loc":{"start":{"line":9,"column":14},"end":{"line":9,"column":50}},"type":"cond-expr","locations":[{"start":{"line":9,"column":38},"end":{"line":9,"column":45}},{"start":{"line":9,"column":48},"end":{"line":9,"column":50}}],"line":9},"1":{"loc":{"start":{"line":17,"column":15},"end":{"line":17,"column":58}},"type":"binary-expr","locations":[{"start":{"line":17,"column":15},"end":{"line":17,"column":29}},{"start":{"line":17,"column":33},"end":{"line":17,"column":58}}],"line":17},"2":{"loc":{"start":{"line":20,"column":6},"end":{"line":44,"column":7}},"type":"if","locations":[{"start":{"line":20,"column":6},"end":{"line":44,"column":7}},{"start":{"line":20,"column":6},"end":{"line":44,"column":7}}],"line":20},"3":{"loc":{"start":{"line":21,"column":8},"end":{"line":21,"column":46}},"type":"if","locations":[{"start":{"line":21,"column":8},"end":{"line":21,"column":46}},{"start":{"line":21,"column":8},"end":{"line":21,"column":46}}],"line":21},"4":{"loc":{"start":{"line":23,"column":8},"end":{"line":23,"column":60}},"type":"if","locations":[{"start":{"line":23,"column":8},"end":{"line":23,"column":60}},{"start":{"line":23,"column":8},"end":{"line":23,"column":60}}],"line":23},"5":{"loc":{"start":{"line":25,"column":10},"end":{"line":25,"column":64}},"type":"if","locations":[{"start":{"line":25,"column":10},"end":{"line":25,"column":64}},{"start":{"line":25,"column":10},"end":{"line":25,"column":64}}],"line":25},"6":{"loc":{"start":{"line":29,"column":13},"end":{"line":44,"column":7}},"type":"if","locations":[{"start":{"line":29,"column":13},"end":{"line":44,"column":7}},{"start":{"line":29,"column":13},"end":{"line":44,"column":7}}],"line":29},"7":{"loc":{"start":{"line":30,"column":8},"end":{"line":30,"column":47}},"type":"if","locations":[{"start":{"line":30,"column":8},"end":{"line":30,"column":47}},{"start":{"line":30,"column":8},"end":{"line":30,"column":47}}],"line":30},"8":{"loc":{"start":{"line":36,"column":10},"end":{"line":36,"column":48}},"type":"if","locations":[{"start":{"line":36,"column":10},"end":{"line":36,"column":48}},{"start":{"line":36,"column":10},"end":{"line":36,"column":48}}],"line":36},"9":{"loc":{"start":{"line":38,"column":10},"end":{"line":38,"column":68}},"type":"if","locations":[{"start":{"line":38,"column":10},"end":{"line":38,"column":68}},{"start":{"line":38,"column":10},"end":{"line":38,"column":68}}],"line":38},"10":{"loc":{"start":{"line":81,"column":4},"end":{"line":86,"column":5}},"type":"if","locations":[{"start":{"line":81,"column":4},"end":{"line":86,"column":5}},{"start":{"line":81,"column":4},"end":{"line":86,"column":5}}],"line":81},"11":{"loc":{"start":{"line":81,"column":8},"end":{"line":81,"column":38}},"type":"binary-expr","locations":[{"start":{"line":81,"column":8},"end":{"line":81,"column":15}},{"start":{"line":81,"column":19},"end":{"line":81,"column":38}}],"line":81}},"s":{"0":8,"1":8,"2":8,"3":8,"4":53,"5":987,"6":913,"7":904,"8":83,"9":0,"10":83,"11":0,"12":83,"13":83,"14":754,"15":0,"16":83,"17":821,"18":92,"19":0,"20":92,"21":92,"22":92,"23":97,"24":97,"25":0,"26":97,"27":0,"28":92,"29":729,"30":53,"31":53,"32":53,"33":8,"34":102,"35":102,"36":102,"37":46,"38":56,"39":56,"40":102,"41":102,"42":10,"43":20},"f":{"0":8,"1":53,"2":904,"3":987,"4":913,"5":102,"6":20},"b":{"0":[2,51],"1":[913,913],"2":[83,821],"3":[0,83],"4":[0,83],"5":[0,754],"6":[92,729],"7":[0,92],"8":[0,97],"9":[0,97],"10":[10,92],"11":[102,56]},"_coverageSchema":"1a1c01bbd47fc00a2c39e90264f33305004495a9","hash":"4bd4fc11572442b37490763e1c1ceeb7e859e996"}
}
