{"C:\\Users\\john\\projects\\peggy\\lib\\grammar-error.js": {"path":"C:\\Users\\john\\projects\\peggy\\lib\\grammar-error.js","statementMap":{"0":{"start":{"line":6,"column":4},"end":{"line":6,"column":31}},"1":{"start":{"line":7,"column":4},"end":{"line":7,"column":27}},"2":{"start":{"line":8,"column":4},"end":{"line":8,"column":29}},"3":{"start":{"line":10,"column":4},"end":{"line":12,"column":5}},"4":{"start":{"line":11,"column":6},"end":{"line":11,"column":50}},"5":{"start":{"line":16,"column":0},"end":{"line":16,"column":30}}},"fnMap":{"0":{"name":"(anonymous_0)","decl":{"start":{"line":5,"column":2},"end":{"line":5,"column":3}},"loc":{"start":{"line":5,"column":33},"end":{"line":13,"column":3}},"line":5}},"branchMap":{"0":{"loc":{"start":{"line":10,"column":4},"end":{"line":12,"column":5}},"type":"if","locations":[{"start":{"line":10,"column":4},"end":{"line":12,"column":5}},{"start":{"line":10,"column":4},"end":{"line":12,"column":5}}],"line":10}},"s":{"0":55,"1":55,"2":55,"3":55,"4":55,"5":9},"f":{"0":55},"b":{"0":[55,0]},"_coverageSchema":"1a1c01bbd47fc00a2c39e90264f33305004495a9","hash":"e38e1ae6750c6cf67408bccdfee1fd437a23cb70"}
,"C:\\Users\\john\\projects\\peggy\\lib\\parser.js": {"path":"C:\\Users\\john\\projects\\peggy\\lib\\parser.js","statementMap":{"0":{"start":{"line":8,"column":32},"end":{"line":12,"column":3}},"1":{"start":{"line":14,"column":32},"end":{"line":18,"column":3}},"2":{"start":{"line":20,"column":42},"end":{"line":23,"column":3}},"3":{"start":{"line":26,"column":4},"end":{"line":26,"column":45}},"4":{"start":{"line":30,"column":4},"end":{"line":30,"column":47}},"5":{"start":{"line":30,"column":31},"end":{"line":30,"column":45}},"6":{"start":{"line":34,"column":4},"end":{"line":34,"column":51}},"7":{"start":{"line":39,"column":17},"end":{"line":39,"column":42}},"8":{"start":{"line":40,"column":2},"end":{"line":40,"column":33}},"9":{"start":{"line":41,"column":2},"end":{"line":41,"column":28}},"10":{"start":{"line":45,"column":2},"end":{"line":45,"column":25}},"11":{"start":{"line":46,"column":2},"end":{"line":46,"column":27}},"12":{"start":{"line":47,"column":2},"end":{"line":47,"column":21}},"13":{"start":{"line":48,"column":2},"end":{"line":48,"column":27}},"14":{"start":{"line":49,"column":2},"end":{"line":49,"column":28}},"15":{"start":{"line":51,"column":2},"end":{"line":53,"column":3}},"16":{"start":{"line":52,"column":4},"end":{"line":52,"column":51}},"17":{"start":{"line":56,"column":0},"end":{"line":56,"column":37}},"18":{"start":{"line":58,"column":0},"end":{"line":156,"column":2}},"19":{"start":{"line":59,"column":33},"end":{"line":85,"column":3}},"20":{"start":{"line":61,"column":6},"end":{"line":61,"column":59}},"21":{"start":{"line":65,"column":25},"end":{"line":69,"column":8}},"22":{"start":{"line":66,"column":8},"end":{"line":68,"column":30}},"23":{"start":{"line":71,"column":6},"end":{"line":71,"column":74}},"24":{"start":{"line":75,"column":6},"end":{"line":75,"column":29}},"25":{"start":{"line":79,"column":6},"end":{"line":79,"column":28}},"26":{"start":{"line":83,"column":6},"end":{"line":83,"column":37}},"27":{"start":{"line":88,"column":4},"end":{"line":88,"column":55}},"28":{"start":{"line":92,"column":4},"end":{"line":100,"column":83}},"29":{"start":{"line":99,"column":55},"end":{"line":99,"column":79}},"30":{"start":{"line":100,"column":55},"end":{"line":100,"column":79}},"31":{"start":{"line":104,"column":4},"end":{"line":114,"column":83}},"32":{"start":{"line":113,"column":55},"end":{"line":113,"column":79}},"33":{"start":{"line":114,"column":55},"end":{"line":114,"column":79}},"34":{"start":{"line":118,"column":4},"end":{"line":118,"column":67}},"35":{"start":{"line":122,"column":23},"end":{"line":122,"column":56}},"36":{"start":{"line":125,"column":4},"end":{"line":125,"column":24}},"37":{"start":{"line":127,"column":4},"end":{"line":135,"column":5}},"38":{"start":{"line":128,"column":6},"end":{"line":133,"column":7}},"39":{"start":{"line":129,"column":8},"end":{"line":132,"column":9}},"40":{"start":{"line":130,"column":10},"end":{"line":130,"column":44}},"41":{"start":{"line":131,"column":10},"end":{"line":131,"column":14}},"42":{"start":{"line":134,"column":6},"end":{"line":134,"column":30}},"43":{"start":{"line":137,"column":4},"end":{"line":148,"column":5}},"44":{"start":{"line":139,"column":8},"end":{"line":139,"column":31}},"45":{"start":{"line":142,"column":8},"end":{"line":142,"column":58}},"46":{"start":{"line":145,"column":8},"end":{"line":147,"column":50}},"47":{"start":{"line":152,"column":4},"end":{"line":152,"column":71}},"48":{"start":{"line":155,"column":2},"end":{"line":155,"column":95}},"49":{"start":{"line":159,"column":2},"end":{"line":159,"column":49}},"50":{"start":{"line":161,"column":19},"end":{"line":161,"column":21}},"51":{"start":{"line":163,"column":31},"end":{"line":163,"column":60}},"52":{"start":{"line":164,"column":30},"end":{"line":164,"column":46}},"53":{"start":{"line":166,"column":15},"end":{"line":174,"column":7}},"54":{"start":{"line":167,"column":8},"end":{"line":173,"column":10}},"55":{"start":{"line":175,"column":15},"end":{"line":175,"column":18}},"56":{"start":{"line":176,"column":15},"end":{"line":176,"column":49}},"57":{"start":{"line":177,"column":15},"end":{"line":177,"column":18}},"58":{"start":{"line":178,"column":15},"end":{"line":178,"column":49}},"59":{"start":{"line":179,"column":15},"end":{"line":181,"column":5}},"60":{"start":{"line":180,"column":8},"end":{"line":180,"column":83}},"61":{"start":{"line":182,"column":15},"end":{"line":184,"column":7}},"62":{"start":{"line":183,"column":8},"end":{"line":183,"column":73}},"63":{"start":{"line":185,"column":15},"end":{"line":185,"column":18}},"64":{"start":{"line":186,"column":15},"end":{"line":186,"column":49}},"65":{"start":{"line":187,"column":15},"end":{"line":201,"column":7}},"66":{"start":{"line":188,"column":8},"end":{"line":200,"column":10}},"67":{"start":{"line":202,"column":16},"end":{"line":202,"column":19}},"68":{"start":{"line":203,"column":16},"end":{"line":203,"column":50}},"69":{"start":{"line":204,"column":16},"end":{"line":212,"column":7}},"70":{"start":{"line":205,"column":8},"end":{"line":211,"column":17}},"71":{"start":{"line":213,"column":16},"end":{"line":222,"column":7}},"72":{"start":{"line":214,"column":8},"end":{"line":221,"column":23}},"73":{"start":{"line":223,"column":16},"end":{"line":231,"column":7}},"74":{"start":{"line":224,"column":8},"end":{"line":230,"column":17}},"75":{"start":{"line":232,"column":16},"end":{"line":232,"column":19}},"76":{"start":{"line":233,"column":16},"end":{"line":233,"column":50}},"77":{"start":{"line":234,"column":16},"end":{"line":241,"column":7}},"78":{"start":{"line":235,"column":8},"end":{"line":240,"column":10}},"79":{"start":{"line":242,"column":16},"end":{"line":248,"column":7}},"80":{"start":{"line":243,"column":8},"end":{"line":247,"column":10}},"81":{"start":{"line":249,"column":16},"end":{"line":249,"column":19}},"82":{"start":{"line":250,"column":16},"end":{"line":250,"column":50}},"83":{"start":{"line":251,"column":16},"end":{"line":251,"column":19}},"84":{"start":{"line":252,"column":16},"end":{"line":252,"column":50}},"85":{"start":{"line":253,"column":16},"end":{"line":253,"column":19}},"86":{"start":{"line":254,"column":16},"end":{"line":254,"column":50}},"87":{"start":{"line":255,"column":16},"end":{"line":261,"column":7}},"88":{"start":{"line":256,"column":8},"end":{"line":260,"column":10}},"89":{"start":{"line":262,"column":16},"end":{"line":262,"column":19}},"90":{"start":{"line":263,"column":16},"end":{"line":263,"column":50}},"91":{"start":{"line":264,"column":16},"end":{"line":264,"column":19}},"92":{"start":{"line":265,"column":16},"end":{"line":265,"column":50}},"93":{"start":{"line":266,"column":16},"end":{"line":266,"column":19}},"94":{"start":{"line":267,"column":16},"end":{"line":267,"column":50}},"95":{"start":{"line":268,"column":16},"end":{"line":268,"column":19}},"96":{"start":{"line":269,"column":16},"end":{"line":269,"column":50}},"97":{"start":{"line":270,"column":16},"end":{"line":270,"column":19}},"98":{"start":{"line":271,"column":16},"end":{"line":271,"column":50}},"99":{"start":{"line":272,"column":16},"end":{"line":280,"column":7}},"100":{"start":{"line":277,"column":8},"end":{"line":279,"column":25}},"101":{"start":{"line":281,"column":16},"end":{"line":283,"column":7}},"102":{"start":{"line":282,"column":8},"end":{"line":282,"column":70}},"103":{"start":{"line":284,"column":16},"end":{"line":290,"column":7}},"104":{"start":{"line":285,"column":8},"end":{"line":289,"column":10}},"105":{"start":{"line":291,"column":16},"end":{"line":291,"column":36}},"106":{"start":{"line":292,"column":16},"end":{"line":292,"column":50}},"107":{"start":{"line":293,"column":16},"end":{"line":293,"column":20}},"108":{"start":{"line":294,"column":16},"end":{"line":294,"column":51}},"109":{"start":{"line":295,"column":16},"end":{"line":295,"column":20}},"110":{"start":{"line":296,"column":16},"end":{"line":296,"column":51}},"111":{"start":{"line":297,"column":16},"end":{"line":297,"column":20}},"112":{"start":{"line":298,"column":16},"end":{"line":298,"column":51}},"113":{"start":{"line":299,"column":16},"end":{"line":299,"column":19}},"114":{"start":{"line":300,"column":16},"end":{"line":300,"column":50}},"115":{"start":{"line":301,"column":16},"end":{"line":301,"column":22}},"116":{"start":{"line":302,"column":16},"end":{"line":302,"column":53}},"117":{"start":{"line":303,"column":16},"end":{"line":303,"column":24}},"118":{"start":{"line":304,"column":16},"end":{"line":304,"column":55}},"119":{"start":{"line":305,"column":16},"end":{"line":305,"column":37}},"120":{"start":{"line":306,"column":16},"end":{"line":306,"column":84}},"121":{"start":{"line":307,"column":16},"end":{"line":307,"column":51}},"122":{"start":{"line":308,"column":16},"end":{"line":308,"column":20}},"123":{"start":{"line":309,"column":16},"end":{"line":309,"column":51}},"124":{"start":{"line":310,"column":16},"end":{"line":310,"column":22}},"125":{"start":{"line":311,"column":16},"end":{"line":311,"column":53}},"126":{"start":{"line":312,"column":16},"end":{"line":312,"column":20}},"127":{"start":{"line":313,"column":16},"end":{"line":313,"column":51}},"128":{"start":{"line":314,"column":16},"end":{"line":314,"column":24}},"129":{"start":{"line":315,"column":16},"end":{"line":315,"column":55}},"130":{"start":{"line":316,"column":16},"end":{"line":316,"column":24}},"131":{"start":{"line":317,"column":16},"end":{"line":317,"column":55}},"132":{"start":{"line":318,"column":16},"end":{"line":318,"column":47}},"133":{"start":{"line":319,"column":16},"end":{"line":319,"column":20}},"134":{"start":{"line":320,"column":16},"end":{"line":320,"column":51}},"135":{"start":{"line":321,"column":16},"end":{"line":321,"column":20}},"136":{"start":{"line":322,"column":16},"end":{"line":322,"column":51}},"137":{"start":{"line":323,"column":16},"end":{"line":323,"column":20}},"138":{"start":{"line":324,"column":16},"end":{"line":324,"column":51}},"139":{"start":{"line":325,"column":16},"end":{"line":325,"column":47}},"140":{"start":{"line":325,"column":33},"end":{"line":325,"column":45}},"141":{"start":{"line":326,"column":16},"end":{"line":326,"column":50}},"142":{"start":{"line":327,"column":16},"end":{"line":327,"column":69}},"143":{"start":{"line":327,"column":39},"end":{"line":327,"column":67}},"144":{"start":{"line":328,"column":16},"end":{"line":328,"column":19}},"145":{"start":{"line":329,"column":16},"end":{"line":329,"column":50}},"146":{"start":{"line":330,"column":16},"end":{"line":330,"column":20}},"147":{"start":{"line":331,"column":16},"end":{"line":331,"column":51}},"148":{"start":{"line":332,"column":16},"end":{"line":332,"column":55}},"149":{"start":{"line":332,"column":37},"end":{"line":332,"column":53}},"150":{"start":{"line":333,"column":16},"end":{"line":333,"column":24}},"151":{"start":{"line":334,"column":16},"end":{"line":334,"column":55}},"152":{"start":{"line":335,"column":16},"end":{"line":335,"column":24}},"153":{"start":{"line":336,"column":16},"end":{"line":336,"column":55}},"154":{"start":{"line":337,"column":16},"end":{"line":337,"column":47}},"155":{"start":{"line":338,"column":16},"end":{"line":338,"column":19}},"156":{"start":{"line":339,"column":16},"end":{"line":339,"column":50}},"157":{"start":{"line":340,"column":16},"end":{"line":347,"column":7}},"158":{"start":{"line":341,"column":8},"end":{"line":346,"column":10}},"159":{"start":{"line":348,"column":16},"end":{"line":348,"column":46}},"160":{"start":{"line":349,"column":16},"end":{"line":349,"column":20}},"161":{"start":{"line":350,"column":16},"end":{"line":350,"column":51}},"162":{"start":{"line":351,"column":16},"end":{"line":351,"column":58}},"163":{"start":{"line":351,"column":34},"end":{"line":351,"column":56}},"164":{"start":{"line":352,"column":16},"end":{"line":352,"column":19}},"165":{"start":{"line":353,"column":16},"end":{"line":353,"column":50}},"166":{"start":{"line":354,"column":16},"end":{"line":354,"column":45}},"167":{"start":{"line":354,"column":29},"end":{"line":354,"column":43}},"168":{"start":{"line":355,"column":16},"end":{"line":355,"column":55}},"169":{"start":{"line":356,"column":16},"end":{"line":356,"column":19}},"170":{"start":{"line":357,"column":16},"end":{"line":357,"column":50}},"171":{"start":{"line":358,"column":16},"end":{"line":358,"column":19}},"172":{"start":{"line":359,"column":17},"end":{"line":359,"column":51}},"173":{"start":{"line":360,"column":17},"end":{"line":360,"column":20}},"174":{"start":{"line":361,"column":17},"end":{"line":361,"column":51}},"175":{"start":{"line":362,"column":17},"end":{"line":370,"column":7}},"176":{"start":{"line":363,"column":8},"end":{"line":369,"column":10}},"177":{"start":{"line":365,"column":38},"end":{"line":365,"column":49}},"178":{"start":{"line":371,"column":17},"end":{"line":371,"column":20}},"179":{"start":{"line":372,"column":17},"end":{"line":372,"column":51}},"180":{"start":{"line":373,"column":17},"end":{"line":381,"column":7}},"181":{"start":{"line":374,"column":8},"end":{"line":378,"column":9}},"182":{"start":{"line":375,"column":10},"end":{"line":377,"column":12}},"183":{"start":{"line":380,"column":8},"end":{"line":380,"column":28}},"184":{"start":{"line":382,"column":17},"end":{"line":382,"column":42}},"185":{"start":{"line":382,"column":30},"end":{"line":382,"column":40}},"186":{"start":{"line":383,"column":17},"end":{"line":383,"column":20}},"187":{"start":{"line":384,"column":17},"end":{"line":384,"column":51}},"188":{"start":{"line":385,"column":17},"end":{"line":385,"column":44}},"189":{"start":{"line":385,"column":30},"end":{"line":385,"column":42}},"190":{"start":{"line":386,"column":17},"end":{"line":386,"column":20}},"191":{"start":{"line":387,"column":17},"end":{"line":387,"column":51}},"192":{"start":{"line":388,"column":17},"end":{"line":388,"column":44}},"193":{"start":{"line":388,"column":30},"end":{"line":388,"column":42}},"194":{"start":{"line":389,"column":17},"end":{"line":389,"column":20}},"195":{"start":{"line":390,"column":17},"end":{"line":390,"column":51}},"196":{"start":{"line":391,"column":17},"end":{"line":391,"column":44}},"197":{"start":{"line":391,"column":30},"end":{"line":391,"column":42}},"198":{"start":{"line":392,"column":17},"end":{"line":392,"column":20}},"199":{"start":{"line":393,"column":17},"end":{"line":393,"column":51}},"200":{"start":{"line":394,"column":17},"end":{"line":394,"column":44}},"201":{"start":{"line":394,"column":30},"end":{"line":394,"column":42}},"202":{"start":{"line":395,"column":17},"end":{"line":395,"column":20}},"203":{"start":{"line":396,"column":17},"end":{"line":396,"column":51}},"204":{"start":{"line":397,"column":17},"end":{"line":397,"column":44}},"205":{"start":{"line":397,"column":30},"end":{"line":397,"column":42}},"206":{"start":{"line":398,"column":17},"end":{"line":398,"column":20}},"207":{"start":{"line":399,"column":17},"end":{"line":399,"column":51}},"208":{"start":{"line":400,"column":17},"end":{"line":400,"column":44}},"209":{"start":{"line":400,"column":30},"end":{"line":400,"column":42}},"210":{"start":{"line":401,"column":17},"end":{"line":401,"column":20}},"211":{"start":{"line":402,"column":17},"end":{"line":402,"column":51}},"212":{"start":{"line":403,"column":17},"end":{"line":403,"column":44}},"213":{"start":{"line":403,"column":30},"end":{"line":403,"column":42}},"214":{"start":{"line":404,"column":17},"end":{"line":404,"column":20}},"215":{"start":{"line":405,"column":17},"end":{"line":405,"column":51}},"216":{"start":{"line":406,"column":17},"end":{"line":406,"column":20}},"217":{"start":{"line":407,"column":17},"end":{"line":407,"column":51}},"218":{"start":{"line":408,"column":17},"end":{"line":410,"column":7}},"219":{"start":{"line":409,"column":8},"end":{"line":409,"column":57}},"220":{"start":{"line":411,"column":17},"end":{"line":411,"column":25}},"221":{"start":{"line":412,"column":17},"end":{"line":412,"column":65}},"222":{"start":{"line":413,"column":17},"end":{"line":413,"column":29}},"223":{"start":{"line":414,"column":17},"end":{"line":414,"column":76}},"224":{"start":{"line":415,"column":17},"end":{"line":415,"column":20}},"225":{"start":{"line":416,"column":17},"end":{"line":416,"column":51}},"226":{"start":{"line":417,"column":17},"end":{"line":417,"column":77}},"227":{"start":{"line":417,"column":30},"end":{"line":417,"column":75}},"228":{"start":{"line":418,"column":17},"end":{"line":418,"column":51}},"229":{"start":{"line":419,"column":17},"end":{"line":419,"column":48}},"230":{"start":{"line":419,"column":34},"end":{"line":419,"column":46}},"231":{"start":{"line":420,"column":17},"end":{"line":420,"column":24}},"232":{"start":{"line":421,"column":17},"end":{"line":421,"column":63}},"233":{"start":{"line":422,"column":17},"end":{"line":422,"column":4079}},"234":{"start":{"line":423,"column":17},"end":{"line":423,"column":6851}},"235":{"start":{"line":424,"column":17},"end":{"line":424,"column":486}},"236":{"start":{"line":425,"column":17},"end":{"line":425,"column":833}},"237":{"start":{"line":426,"column":17},"end":{"line":426,"column":3382}},"238":{"start":{"line":427,"column":17},"end":{"line":427,"column":5733}},"239":{"start":{"line":428,"column":17},"end":{"line":428,"column":103}},"240":{"start":{"line":429,"column":17},"end":{"line":429,"column":189}},"241":{"start":{"line":430,"column":17},"end":{"line":430,"column":3942}},"242":{"start":{"line":431,"column":17},"end":{"line":431,"column":6617}},"243":{"start":{"line":432,"column":17},"end":{"line":432,"column":1180}},"244":{"start":{"line":433,"column":17},"end":{"line":433,"column":2007}},"245":{"start":{"line":434,"column":17},"end":{"line":434,"column":2083}},"246":{"start":{"line":435,"column":17},"end":{"line":435,"column":3529}},"247":{"start":{"line":436,"column":17},"end":{"line":436,"column":493}},"248":{"start":{"line":437,"column":17},"end":{"line":437,"column":857}},"249":{"start":{"line":438,"column":17},"end":{"line":438,"column":106}},"250":{"start":{"line":439,"column":17},"end":{"line":439,"column":195}},"251":{"start":{"line":440,"column":17},"end":{"line":440,"column":74}},"252":{"start":{"line":441,"column":17},"end":{"line":441,"column":144}},"253":{"start":{"line":442,"column":17},"end":{"line":442,"column":64}},"254":{"start":{"line":443,"column":17},"end":{"line":443,"column":128}},"255":{"start":{"line":444,"column":17},"end":{"line":444,"column":24}},"256":{"start":{"line":445,"column":17},"end":{"line":445,"column":55}},"257":{"start":{"line":446,"column":17},"end":{"line":446,"column":23}},"258":{"start":{"line":447,"column":17},"end":{"line":447,"column":54}},"259":{"start":{"line":448,"column":17},"end":{"line":448,"column":24}},"260":{"start":{"line":449,"column":17},"end":{"line":449,"column":55}},"261":{"start":{"line":450,"column":17},"end":{"line":450,"column":24}},"262":{"start":{"line":451,"column":17},"end":{"line":451,"column":55}},"263":{"start":{"line":452,"column":17},"end":{"line":452,"column":24}},"264":{"start":{"line":453,"column":17},"end":{"line":453,"column":55}},"265":{"start":{"line":454,"column":17},"end":{"line":454,"column":27}},"266":{"start":{"line":455,"column":17},"end":{"line":455,"column":58}},"267":{"start":{"line":456,"column":17},"end":{"line":456,"column":27}},"268":{"start":{"line":457,"column":17},"end":{"line":457,"column":58}},"269":{"start":{"line":458,"column":17},"end":{"line":458,"column":26}},"270":{"start":{"line":459,"column":17},"end":{"line":459,"column":57}},"271":{"start":{"line":460,"column":17},"end":{"line":460,"column":25}},"272":{"start":{"line":461,"column":17},"end":{"line":461,"column":56}},"273":{"start":{"line":462,"column":17},"end":{"line":462,"column":21}},"274":{"start":{"line":463,"column":17},"end":{"line":463,"column":52}},"275":{"start":{"line":464,"column":17},"end":{"line":464,"column":23}},"276":{"start":{"line":465,"column":17},"end":{"line":465,"column":54}},"277":{"start":{"line":466,"column":17},"end":{"line":466,"column":23}},"278":{"start":{"line":467,"column":17},"end":{"line":467,"column":54}},"279":{"start":{"line":468,"column":17},"end":{"line":468,"column":25}},"280":{"start":{"line":469,"column":17},"end":{"line":469,"column":56}},"281":{"start":{"line":470,"column":17},"end":{"line":470,"column":26}},"282":{"start":{"line":471,"column":17},"end":{"line":471,"column":57}},"283":{"start":{"line":472,"column":17},"end":{"line":472,"column":24}},"284":{"start":{"line":473,"column":17},"end":{"line":473,"column":55}},"285":{"start":{"line":474,"column":17},"end":{"line":474,"column":26}},"286":{"start":{"line":475,"column":17},"end":{"line":475,"column":57}},"287":{"start":{"line":476,"column":17},"end":{"line":476,"column":22}},"288":{"start":{"line":477,"column":17},"end":{"line":477,"column":53}},"289":{"start":{"line":478,"column":17},"end":{"line":478,"column":27}},"290":{"start":{"line":479,"column":17},"end":{"line":479,"column":58}},"291":{"start":{"line":480,"column":17},"end":{"line":480,"column":21}},"292":{"start":{"line":481,"column":17},"end":{"line":481,"column":52}},"293":{"start":{"line":482,"column":17},"end":{"line":482,"column":25}},"294":{"start":{"line":483,"column":17},"end":{"line":483,"column":56}},"295":{"start":{"line":484,"column":17},"end":{"line":484,"column":29}},"296":{"start":{"line":485,"column":17},"end":{"line":485,"column":60}},"297":{"start":{"line":486,"column":17},"end":{"line":486,"column":21}},"298":{"start":{"line":487,"column":17},"end":{"line":487,"column":52}},"299":{"start":{"line":488,"column":17},"end":{"line":488,"column":22}},"300":{"start":{"line":489,"column":17},"end":{"line":489,"column":53}},"301":{"start":{"line":490,"column":17},"end":{"line":490,"column":23}},"302":{"start":{"line":491,"column":17},"end":{"line":491,"column":54}},"303":{"start":{"line":492,"column":17},"end":{"line":492,"column":25}},"304":{"start":{"line":493,"column":17},"end":{"line":493,"column":56}},"305":{"start":{"line":494,"column":17},"end":{"line":494,"column":24}},"306":{"start":{"line":495,"column":17},"end":{"line":495,"column":55}},"307":{"start":{"line":496,"column":17},"end":{"line":496,"column":25}},"308":{"start":{"line":497,"column":17},"end":{"line":497,"column":56}},"309":{"start":{"line":498,"column":17},"end":{"line":498,"column":23}},"310":{"start":{"line":499,"column":17},"end":{"line":499,"column":54}},"311":{"start":{"line":500,"column":17},"end":{"line":500,"column":24}},"312":{"start":{"line":501,"column":17},"end":{"line":501,"column":55}},"313":{"start":{"line":502,"column":17},"end":{"line":502,"column":23}},"314":{"start":{"line":503,"column":17},"end":{"line":503,"column":54}},"315":{"start":{"line":504,"column":17},"end":{"line":504,"column":22}},"316":{"start":{"line":505,"column":17},"end":{"line":505,"column":53}},"317":{"start":{"line":506,"column":17},"end":{"line":506,"column":25}},"318":{"start":{"line":507,"column":17},"end":{"line":507,"column":56}},"319":{"start":{"line":508,"column":17},"end":{"line":508,"column":22}},"320":{"start":{"line":509,"column":17},"end":{"line":509,"column":53}},"321":{"start":{"line":510,"column":17},"end":{"line":510,"column":23}},"322":{"start":{"line":511,"column":17},"end":{"line":511,"column":54}},"323":{"start":{"line":512,"column":17},"end":{"line":512,"column":24}},"324":{"start":{"line":513,"column":17},"end":{"line":513,"column":55}},"325":{"start":{"line":514,"column":17},"end":{"line":514,"column":23}},"326":{"start":{"line":515,"column":17},"end":{"line":515,"column":54}},"327":{"start":{"line":516,"column":17},"end":{"line":516,"column":20}},"328":{"start":{"line":517,"column":17},"end":{"line":517,"column":51}},"329":{"start":{"line":519,"column":20},"end":{"line":519,"column":21}},"330":{"start":{"line":520,"column":21},"end":{"line":520,"column":22}},"331":{"start":{"line":521,"column":28},"end":{"line":521,"column":52}},"332":{"start":{"line":522,"column":23},"end":{"line":522,"column":24}},"333":{"start":{"line":523,"column":28},"end":{"line":523,"column":30}},"334":{"start":{"line":524,"column":24},"end":{"line":524,"column":25}},"335":{"start":{"line":528,"column":2},"end":{"line":534,"column":3}},"336":{"start":{"line":529,"column":4},"end":{"line":531,"column":5}},"337":{"start":{"line":530,"column":6},"end":{"line":530,"column":86}},"338":{"start":{"line":533,"column":4},"end":{"line":533,"column":70}},"339":{"start":{"line":537,"column":4},"end":{"line":537,"column":54}},"340":{"start":{"line":541,"column":4},"end":{"line":541,"column":58}},"341":{"start":{"line":545,"column":4},"end":{"line":547,"column":55}},"342":{"start":{"line":549,"column":4},"end":{"line":553,"column":6}},"343":{"start":{"line":557,"column":4},"end":{"line":559,"column":55}},"344":{"start":{"line":561,"column":4},"end":{"line":561,"column":50}},"345":{"start":{"line":565,"column":4},"end":{"line":565,"column":67}},"346":{"start":{"line":569,"column":4},"end":{"line":569,"column":87}},"347":{"start":{"line":573,"column":4},"end":{"line":573,"column":27}},"348":{"start":{"line":577,"column":4},"end":{"line":577,"column":27}},"349":{"start":{"line":581,"column":4},"end":{"line":581,"column":55}},"350":{"start":{"line":585,"column":18},"end":{"line":585,"column":42}},"351":{"start":{"line":588,"column":4},"end":{"line":616,"column":5}},"352":{"start":{"line":589,"column":6},"end":{"line":589,"column":21}},"353":{"start":{"line":591,"column":6},"end":{"line":591,"column":18}},"354":{"start":{"line":592,"column":6},"end":{"line":594,"column":7}},"355":{"start":{"line":593,"column":8},"end":{"line":593,"column":12}},"356":{"start":{"line":596,"column":6},"end":{"line":596,"column":39}},"357":{"start":{"line":597,"column":6},"end":{"line":600,"column":8}},"358":{"start":{"line":602,"column":6},"end":{"line":611,"column":7}},"359":{"start":{"line":603,"column":8},"end":{"line":608,"column":9}},"360":{"start":{"line":604,"column":10},"end":{"line":604,"column":25}},"361":{"start":{"line":605,"column":10},"end":{"line":605,"column":29}},"362":{"start":{"line":607,"column":10},"end":{"line":607,"column":27}},"363":{"start":{"line":610,"column":8},"end":{"line":610,"column":12}},"364":{"start":{"line":613,"column":6},"end":{"line":613,"column":41}},"365":{"start":{"line":615,"column":6},"end":{"line":615,"column":21}},"366":{"start":{"line":620,"column":26},"end":{"line":620,"column":57}},"367":{"start":{"line":621,"column":24},"end":{"line":621,"column":53}},"368":{"start":{"line":623,"column":4},"end":{"line":634,"column":6}},"369":{"start":{"line":638,"column":4},"end":{"line":638,"column":49}},"370":{"start":{"line":638,"column":40},"end":{"line":638,"column":47}},"371":{"start":{"line":640,"column":4},"end":{"line":643,"column":5}},"372":{"start":{"line":641,"column":6},"end":{"line":641,"column":35}},"373":{"start":{"line":642,"column":6},"end":{"line":642,"column":31}},"374":{"start":{"line":645,"column":4},"end":{"line":645,"column":39}},"375":{"start":{"line":649,"column":4},"end":{"line":649,"column":62}},"376":{"start":{"line":653,"column":4},"end":{"line":658,"column":6}},"377":{"start":{"line":664,"column":4},"end":{"line":664,"column":21}},"378":{"start":{"line":665,"column":4},"end":{"line":665,"column":23}},"379":{"start":{"line":666,"column":4},"end":{"line":762,"column":5}},"380":{"start":{"line":667,"column":6},"end":{"line":667,"column":23}},"381":{"start":{"line":668,"column":6},"end":{"line":668,"column":42}},"382":{"start":{"line":669,"column":6},"end":{"line":681,"column":7}},"383":{"start":{"line":670,"column":8},"end":{"line":670,"column":27}},"384":{"start":{"line":671,"column":8},"end":{"line":677,"column":9}},"385":{"start":{"line":672,"column":10},"end":{"line":672,"column":24}},"386":{"start":{"line":673,"column":10},"end":{"line":673,"column":18}},"387":{"start":{"line":675,"column":10},"end":{"line":675,"column":27}},"388":{"start":{"line":676,"column":10},"end":{"line":676,"column":26}},"389":{"start":{"line":679,"column":8},"end":{"line":679,"column":25}},"390":{"start":{"line":680,"column":8},"end":{"line":680,"column":24}},"391":{"start":{"line":682,"column":6},"end":{"line":684,"column":7}},"392":{"start":{"line":683,"column":8},"end":{"line":683,"column":18}},"393":{"start":{"line":685,"column":6},"end":{"line":758,"column":7}},"394":{"start":{"line":686,"column":8},"end":{"line":686,"column":25}},"395":{"start":{"line":687,"column":8},"end":{"line":687,"column":36}},"396":{"start":{"line":688,"column":8},"end":{"line":700,"column":9}},"397":{"start":{"line":689,"column":10},"end":{"line":689,"column":29}},"398":{"start":{"line":690,"column":10},"end":{"line":696,"column":11}},"399":{"start":{"line":691,"column":12},"end":{"line":691,"column":26}},"400":{"start":{"line":692,"column":12},"end":{"line":692,"column":20}},"401":{"start":{"line":694,"column":12},"end":{"line":694,"column":29}},"402":{"start":{"line":695,"column":12},"end":{"line":695,"column":28}},"403":{"start":{"line":698,"column":10},"end":{"line":698,"column":27}},"404":{"start":{"line":699,"column":10},"end":{"line":699,"column":26}},"405":{"start":{"line":701,"column":8},"end":{"line":703,"column":9}},"406":{"start":{"line":702,"column":10},"end":{"line":702,"column":20}},"407":{"start":{"line":704,"column":8},"end":{"line":754,"column":9}},"408":{"start":{"line":705,"column":10},"end":{"line":705,"column":18}},"409":{"start":{"line":706,"column":10},"end":{"line":706,"column":27}},"410":{"start":{"line":707,"column":10},"end":{"line":707,"column":31}},"411":{"start":{"line":708,"column":10},"end":{"line":720,"column":11}},"412":{"start":{"line":709,"column":12},"end":{"line":709,"column":31}},"413":{"start":{"line":710,"column":12},"end":{"line":716,"column":13}},"414":{"start":{"line":711,"column":14},"end":{"line":711,"column":28}},"415":{"start":{"line":712,"column":14},"end":{"line":712,"column":22}},"416":{"start":{"line":714,"column":14},"end":{"line":714,"column":31}},"417":{"start":{"line":715,"column":14},"end":{"line":715,"column":30}},"418":{"start":{"line":718,"column":12},"end":{"line":718,"column":29}},"419":{"start":{"line":719,"column":12},"end":{"line":719,"column":28}},"420":{"start":{"line":721,"column":10},"end":{"line":742,"column":11}},"421":{"start":{"line":722,"column":12},"end":{"line":739,"column":13}},"422":{"start":{"line":723,"column":14},"end":{"line":723,"column":26}},"423":{"start":{"line":724,"column":14},"end":{"line":724,"column":31}},"424":{"start":{"line":725,"column":14},"end":{"line":725,"column":35}},"425":{"start":{"line":726,"column":14},"end":{"line":738,"column":15}},"426":{"start":{"line":727,"column":16},"end":{"line":727,"column":35}},"427":{"start":{"line":728,"column":16},"end":{"line":734,"column":17}},"428":{"start":{"line":729,"column":18},"end":{"line":729,"column":32}},"429":{"start":{"line":730,"column":18},"end":{"line":730,"column":26}},"430":{"start":{"line":732,"column":18},"end":{"line":732,"column":35}},"431":{"start":{"line":733,"column":18},"end":{"line":733,"column":34}},"432":{"start":{"line":736,"column":16},"end":{"line":736,"column":33}},"433":{"start":{"line":737,"column":16},"end":{"line":737,"column":32}},"434":{"start":{"line":741,"column":12},"end":{"line":741,"column":28}},"435":{"start":{"line":743,"column":10},"end":{"line":750,"column":11}},"436":{"start":{"line":744,"column":12},"end":{"line":744,"column":30}},"437":{"start":{"line":745,"column":12},"end":{"line":745,"column":36}},"438":{"start":{"line":746,"column":12},"end":{"line":746,"column":20}},"439":{"start":{"line":748,"column":12},"end":{"line":748,"column":29}},"440":{"start":{"line":749,"column":12},"end":{"line":749,"column":28}},"441":{"start":{"line":752,"column":10},"end":{"line":752,"column":27}},"442":{"start":{"line":753,"column":10},"end":{"line":753,"column":26}},"443":{"start":{"line":756,"column":8},"end":{"line":756,"column":25}},"444":{"start":{"line":757,"column":8},"end":{"line":757,"column":24}},"445":{"start":{"line":760,"column":6},"end":{"line":760,"column":23}},"446":{"start":{"line":761,"column":6},"end":{"line":761,"column":22}},"447":{"start":{"line":764,"column":4},"end":{"line":764,"column":14}},"448":{"start":{"line":770,"column":4},"end":{"line":770,"column":21}},"449":{"start":{"line":771,"column":4},"end":{"line":777,"column":5}},"450":{"start":{"line":772,"column":6},"end":{"line":772,"column":18}},"451":{"start":{"line":773,"column":6},"end":{"line":773,"column":20}},"452":{"start":{"line":775,"column":6},"end":{"line":775,"column":22}},"453":{"start":{"line":776,"column":6},"end":{"line":776,"column":54}},"454":{"start":{"line":776,"column":35},"end":{"line":776,"column":52}},"455":{"start":{"line":778,"column":4},"end":{"line":809,"column":5}},"456":{"start":{"line":779,"column":6},"end":{"line":779,"column":32}},"457":{"start":{"line":780,"column":6},"end":{"line":805,"column":7}},"458":{"start":{"line":781,"column":8},"end":{"line":787,"column":9}},"459":{"start":{"line":782,"column":10},"end":{"line":782,"column":22}},"460":{"start":{"line":783,"column":10},"end":{"line":783,"column":24}},"461":{"start":{"line":785,"column":10},"end":{"line":785,"column":26}},"462":{"start":{"line":786,"column":10},"end":{"line":786,"column":58}},"463":{"start":{"line":786,"column":39},"end":{"line":786,"column":56}},"464":{"start":{"line":788,"column":8},"end":{"line":801,"column":9}},"465":{"start":{"line":789,"column":10},"end":{"line":789,"column":30}},"466":{"start":{"line":790,"column":10},"end":{"line":797,"column":11}},"467":{"start":{"line":791,"column":12},"end":{"line":791,"column":30}},"468":{"start":{"line":792,"column":12},"end":{"line":792,"column":28}},"469":{"start":{"line":793,"column":12},"end":{"line":793,"column":20}},"470":{"start":{"line":795,"column":12},"end":{"line":795,"column":29}},"471":{"start":{"line":796,"column":12},"end":{"line":796,"column":28}},"472":{"start":{"line":799,"column":10},"end":{"line":799,"column":27}},"473":{"start":{"line":800,"column":10},"end":{"line":800,"column":26}},"474":{"start":{"line":803,"column":8},"end":{"line":803,"column":25}},"475":{"start":{"line":804,"column":8},"end":{"line":804,"column":24}},"476":{"start":{"line":807,"column":6},"end":{"line":807,"column":23}},"477":{"start":{"line":808,"column":6},"end":{"line":808,"column":22}},"478":{"start":{"line":811,"column":4},"end":{"line":811,"column":14}},"479":{"start":{"line":817,"column":4},"end":{"line":817,"column":21}},"480":{"start":{"line":818,"column":4},"end":{"line":818,"column":30}},"481":{"start":{"line":819,"column":4},"end":{"line":832,"column":5}},"482":{"start":{"line":820,"column":6},"end":{"line":820,"column":26}},"483":{"start":{"line":821,"column":6},"end":{"line":828,"column":7}},"484":{"start":{"line":822,"column":8},"end":{"line":822,"column":26}},"485":{"start":{"line":823,"column":8},"end":{"line":823,"column":24}},"486":{"start":{"line":824,"column":8},"end":{"line":824,"column":16}},"487":{"start":{"line":826,"column":8},"end":{"line":826,"column":25}},"488":{"start":{"line":827,"column":8},"end":{"line":827,"column":24}},"489":{"start":{"line":830,"column":6},"end":{"line":830,"column":23}},"490":{"start":{"line":831,"column":6},"end":{"line":831,"column":22}},"491":{"start":{"line":834,"column":4},"end":{"line":834,"column":14}},"492":{"start":{"line":840,"column":4},"end":{"line":840,"column":21}},"493":{"start":{"line":841,"column":4},"end":{"line":841,"column":35}},"494":{"start":{"line":842,"column":4},"end":{"line":908,"column":5}},"495":{"start":{"line":843,"column":6},"end":{"line":843,"column":25}},"496":{"start":{"line":844,"column":6},"end":{"line":904,"column":7}},"497":{"start":{"line":845,"column":8},"end":{"line":845,"column":25}},"498":{"start":{"line":846,"column":8},"end":{"line":846,"column":38}},"499":{"start":{"line":847,"column":8},"end":{"line":859,"column":9}},"500":{"start":{"line":848,"column":10},"end":{"line":848,"column":29}},"501":{"start":{"line":849,"column":10},"end":{"line":855,"column":11}},"502":{"start":{"line":850,"column":12},"end":{"line":850,"column":26}},"503":{"start":{"line":851,"column":12},"end":{"line":851,"column":20}},"504":{"start":{"line":853,"column":12},"end":{"line":853,"column":29}},"505":{"start":{"line":854,"column":12},"end":{"line":854,"column":28}},"506":{"start":{"line":857,"column":10},"end":{"line":857,"column":27}},"507":{"start":{"line":858,"column":10},"end":{"line":858,"column":26}},"508":{"start":{"line":860,"column":8},"end":{"line":862,"column":9}},"509":{"start":{"line":861,"column":10},"end":{"line":861,"column":20}},"510":{"start":{"line":863,"column":8},"end":{"line":900,"column":9}},"511":{"start":{"line":864,"column":10},"end":{"line":870,"column":11}},"512":{"start":{"line":865,"column":12},"end":{"line":865,"column":24}},"513":{"start":{"line":866,"column":12},"end":{"line":866,"column":26}},"514":{"start":{"line":868,"column":12},"end":{"line":868,"column":28}},"515":{"start":{"line":869,"column":12},"end":{"line":869,"column":60}},"516":{"start":{"line":869,"column":41},"end":{"line":869,"column":58}},"517":{"start":{"line":871,"column":10},"end":{"line":896,"column":11}},"518":{"start":{"line":872,"column":12},"end":{"line":872,"column":31}},"519":{"start":{"line":873,"column":12},"end":{"line":892,"column":13}},"520":{"start":{"line":874,"column":14},"end":{"line":874,"column":47}},"521":{"start":{"line":875,"column":14},"end":{"line":888,"column":15}},"522":{"start":{"line":876,"column":16},"end":{"line":876,"column":36}},"523":{"start":{"line":877,"column":16},"end":{"line":884,"column":17}},"524":{"start":{"line":878,"column":18},"end":{"line":878,"column":36}},"525":{"start":{"line":879,"column":18},"end":{"line":879,"column":42}},"526":{"start":{"line":880,"column":18},"end":{"line":880,"column":26}},"527":{"start":{"line":882,"column":18},"end":{"line":882,"column":35}},"528":{"start":{"line":883,"column":18},"end":{"line":883,"column":34}},"529":{"start":{"line":886,"column":16},"end":{"line":886,"column":33}},"530":{"start":{"line":887,"column":16},"end":{"line":887,"column":32}},"531":{"start":{"line":890,"column":14},"end":{"line":890,"column":31}},"532":{"start":{"line":891,"column":14},"end":{"line":891,"column":30}},"533":{"start":{"line":894,"column":12},"end":{"line":894,"column":29}},"534":{"start":{"line":895,"column":12},"end":{"line":895,"column":28}},"535":{"start":{"line":898,"column":10},"end":{"line":898,"column":27}},"536":{"start":{"line":899,"column":10},"end":{"line":899,"column":26}},"537":{"start":{"line":902,"column":8},"end":{"line":902,"column":25}},"538":{"start":{"line":903,"column":8},"end":{"line":903,"column":24}},"539":{"start":{"line":906,"column":6},"end":{"line":906,"column":23}},"540":{"start":{"line":907,"column":6},"end":{"line":907,"column":22}},"541":{"start":{"line":910,"column":4},"end":{"line":910,"column":14}},"542":{"start":{"line":916,"column":4},"end":{"line":916,"column":21}},"543":{"start":{"line":917,"column":4},"end":{"line":917,"column":37}},"544":{"start":{"line":918,"column":4},"end":{"line":1000,"column":5}},"545":{"start":{"line":919,"column":6},"end":{"line":919,"column":14}},"546":{"start":{"line":920,"column":6},"end":{"line":920,"column":23}},"547":{"start":{"line":921,"column":6},"end":{"line":921,"column":25}},"548":{"start":{"line":922,"column":6},"end":{"line":952,"column":7}},"549":{"start":{"line":923,"column":8},"end":{"line":929,"column":9}},"550":{"start":{"line":924,"column":10},"end":{"line":924,"column":23}},"551":{"start":{"line":925,"column":10},"end":{"line":925,"column":24}},"552":{"start":{"line":927,"column":10},"end":{"line":927,"column":26}},"553":{"start":{"line":928,"column":10},"end":{"line":928,"column":59}},"554":{"start":{"line":928,"column":39},"end":{"line":928,"column":57}},"555":{"start":{"line":930,"column":8},"end":{"line":948,"column":9}},"556":{"start":{"line":931,"column":10},"end":{"line":931,"column":29}},"557":{"start":{"line":932,"column":10},"end":{"line":944,"column":11}},"558":{"start":{"line":933,"column":12},"end":{"line":933,"column":45}},"559":{"start":{"line":934,"column":12},"end":{"line":940,"column":13}},"560":{"start":{"line":935,"column":14},"end":{"line":935,"column":36}},"561":{"start":{"line":936,"column":14},"end":{"line":936,"column":22}},"562":{"start":{"line":938,"column":14},"end":{"line":938,"column":31}},"563":{"start":{"line":939,"column":14},"end":{"line":939,"column":30}},"564":{"start":{"line":942,"column":12},"end":{"line":942,"column":29}},"565":{"start":{"line":943,"column":12},"end":{"line":943,"column":28}},"566":{"start":{"line":946,"column":10},"end":{"line":946,"column":27}},"567":{"start":{"line":947,"column":10},"end":{"line":947,"column":26}},"568":{"start":{"line":950,"column":8},"end":{"line":950,"column":25}},"569":{"start":{"line":951,"column":8},"end":{"line":951,"column":24}},"570":{"start":{"line":953,"column":6},"end":{"line":988,"column":7}},"571":{"start":{"line":954,"column":8},"end":{"line":954,"column":20}},"572":{"start":{"line":955,"column":8},"end":{"line":955,"column":25}},"573":{"start":{"line":956,"column":8},"end":{"line":956,"column":27}},"574":{"start":{"line":957,"column":8},"end":{"line":987,"column":9}},"575":{"start":{"line":958,"column":10},"end":{"line":964,"column":11}},"576":{"start":{"line":959,"column":12},"end":{"line":959,"column":25}},"577":{"start":{"line":960,"column":12},"end":{"line":960,"column":26}},"578":{"start":{"line":962,"column":12},"end":{"line":962,"column":28}},"579":{"start":{"line":963,"column":12},"end":{"line":963,"column":61}},"580":{"start":{"line":963,"column":41},"end":{"line":963,"column":59}},"581":{"start":{"line":965,"column":10},"end":{"line":983,"column":11}},"582":{"start":{"line":966,"column":12},"end":{"line":966,"column":31}},"583":{"start":{"line":967,"column":12},"end":{"line":979,"column":13}},"584":{"start":{"line":968,"column":14},"end":{"line":968,"column":47}},"585":{"start":{"line":969,"column":14},"end":{"line":975,"column":15}},"586":{"start":{"line":970,"column":16},"end":{"line":970,"column":38}},"587":{"start":{"line":971,"column":16},"end":{"line":971,"column":24}},"588":{"start":{"line":973,"column":16},"end":{"line":973,"column":33}},"589":{"start":{"line":974,"column":16},"end":{"line":974,"column":32}},"590":{"start":{"line":977,"column":14},"end":{"line":977,"column":31}},"591":{"start":{"line":978,"column":14},"end":{"line":978,"column":30}},"592":{"start":{"line":981,"column":12},"end":{"line":981,"column":29}},"593":{"start":{"line":982,"column":12},"end":{"line":982,"column":28}},"594":{"start":{"line":985,"column":10},"end":{"line":985,"column":27}},"595":{"start":{"line":986,"column":10},"end":{"line":986,"column":26}},"596":{"start":{"line":989,"column":6},"end":{"line":996,"column":7}},"597":{"start":{"line":990,"column":8},"end":{"line":990,"column":26}},"598":{"start":{"line":991,"column":8},"end":{"line":991,"column":29}},"599":{"start":{"line":992,"column":8},"end":{"line":992,"column":16}},"600":{"start":{"line":994,"column":8},"end":{"line":994,"column":25}},"601":{"start":{"line":995,"column":8},"end":{"line":995,"column":24}},"602":{"start":{"line":998,"column":6},"end":{"line":998,"column":23}},"603":{"start":{"line":999,"column":6},"end":{"line":999,"column":22}},"604":{"start":{"line":1002,"column":4},"end":{"line":1002,"column":14}},"605":{"start":{"line":1008,"column":4},"end":{"line":1008,"column":21}},"606":{"start":{"line":1009,"column":4},"end":{"line":1009,"column":39}},"607":{"start":{"line":1010,"column":4},"end":{"line":1040,"column":5}},"608":{"start":{"line":1011,"column":6},"end":{"line":1011,"column":23}},"609":{"start":{"line":1012,"column":6},"end":{"line":1012,"column":25}},"610":{"start":{"line":1013,"column":6},"end":{"line":1025,"column":7}},"611":{"start":{"line":1014,"column":8},"end":{"line":1014,"column":34}},"612":{"start":{"line":1015,"column":8},"end":{"line":1021,"column":9}},"613":{"start":{"line":1016,"column":10},"end":{"line":1016,"column":24}},"614":{"start":{"line":1017,"column":10},"end":{"line":1017,"column":18}},"615":{"start":{"line":1019,"column":10},"end":{"line":1019,"column":27}},"616":{"start":{"line":1020,"column":10},"end":{"line":1020,"column":26}},"617":{"start":{"line":1023,"column":8},"end":{"line":1023,"column":25}},"618":{"start":{"line":1024,"column":8},"end":{"line":1024,"column":24}},"619":{"start":{"line":1026,"column":6},"end":{"line":1028,"column":7}},"620":{"start":{"line":1027,"column":8},"end":{"line":1027,"column":18}},"621":{"start":{"line":1029,"column":6},"end":{"line":1036,"column":7}},"622":{"start":{"line":1030,"column":8},"end":{"line":1030,"column":26}},"623":{"start":{"line":1031,"column":8},"end":{"line":1031,"column":29}},"624":{"start":{"line":1032,"column":8},"end":{"line":1032,"column":16}},"625":{"start":{"line":1034,"column":8},"end":{"line":1034,"column":25}},"626":{"start":{"line":1035,"column":8},"end":{"line":1035,"column":24}},"627":{"start":{"line":1038,"column":6},"end":{"line":1038,"column":23}},"628":{"start":{"line":1039,"column":6},"end":{"line":1039,"column":22}},"629":{"start":{"line":1042,"column":4},"end":{"line":1042,"column":14}},"630":{"start":{"line":1048,"column":4},"end":{"line":1048,"column":21}},"631":{"start":{"line":1049,"column":4},"end":{"line":1049,"column":38}},"632":{"start":{"line":1050,"column":4},"end":{"line":1096,"column":5}},"633":{"start":{"line":1051,"column":6},"end":{"line":1051,"column":14}},"634":{"start":{"line":1052,"column":6},"end":{"line":1052,"column":23}},"635":{"start":{"line":1053,"column":6},"end":{"line":1053,"column":25}},"636":{"start":{"line":1054,"column":6},"end":{"line":1066,"column":7}},"637":{"start":{"line":1055,"column":8},"end":{"line":1055,"column":42}},"638":{"start":{"line":1056,"column":8},"end":{"line":1062,"column":9}},"639":{"start":{"line":1057,"column":10},"end":{"line":1057,"column":24}},"640":{"start":{"line":1058,"column":10},"end":{"line":1058,"column":18}},"641":{"start":{"line":1060,"column":10},"end":{"line":1060,"column":27}},"642":{"start":{"line":1061,"column":10},"end":{"line":1061,"column":26}},"643":{"start":{"line":1064,"column":8},"end":{"line":1064,"column":25}},"644":{"start":{"line":1065,"column":8},"end":{"line":1065,"column":24}},"645":{"start":{"line":1067,"column":6},"end":{"line":1084,"column":7}},"646":{"start":{"line":1068,"column":8},"end":{"line":1068,"column":20}},"647":{"start":{"line":1069,"column":8},"end":{"line":1069,"column":25}},"648":{"start":{"line":1070,"column":8},"end":{"line":1070,"column":27}},"649":{"start":{"line":1071,"column":8},"end":{"line":1083,"column":9}},"650":{"start":{"line":1072,"column":10},"end":{"line":1072,"column":44}},"651":{"start":{"line":1073,"column":10},"end":{"line":1079,"column":11}},"652":{"start":{"line":1074,"column":12},"end":{"line":1074,"column":26}},"653":{"start":{"line":1075,"column":12},"end":{"line":1075,"column":20}},"654":{"start":{"line":1077,"column":12},"end":{"line":1077,"column":29}},"655":{"start":{"line":1078,"column":12},"end":{"line":1078,"column":28}},"656":{"start":{"line":1081,"column":10},"end":{"line":1081,"column":27}},"657":{"start":{"line":1082,"column":10},"end":{"line":1082,"column":26}},"658":{"start":{"line":1085,"column":6},"end":{"line":1092,"column":7}},"659":{"start":{"line":1086,"column":8},"end":{"line":1086,"column":26}},"660":{"start":{"line":1087,"column":8},"end":{"line":1087,"column":29}},"661":{"start":{"line":1088,"column":8},"end":{"line":1088,"column":16}},"662":{"start":{"line":1090,"column":8},"end":{"line":1090,"column":25}},"663":{"start":{"line":1091,"column":8},"end":{"line":1091,"column":24}},"664":{"start":{"line":1094,"column":6},"end":{"line":1094,"column":23}},"665":{"start":{"line":1095,"column":6},"end":{"line":1095,"column":22}},"666":{"start":{"line":1098,"column":4},"end":{"line":1098,"column":14}},"667":{"start":{"line":1104,"column":4},"end":{"line":1104,"column":21}},"668":{"start":{"line":1105,"column":4},"end":{"line":1105,"column":31}},"669":{"start":{"line":1106,"column":4},"end":{"line":1143,"column":5}},"670":{"start":{"line":1107,"column":6},"end":{"line":1107,"column":25}},"671":{"start":{"line":1108,"column":6},"end":{"line":1139,"column":7}},"672":{"start":{"line":1109,"column":8},"end":{"line":1115,"column":9}},"673":{"start":{"line":1110,"column":10},"end":{"line":1110,"column":23}},"674":{"start":{"line":1111,"column":10},"end":{"line":1111,"column":24}},"675":{"start":{"line":1113,"column":10},"end":{"line":1113,"column":26}},"676":{"start":{"line":1114,"column":10},"end":{"line":1114,"column":59}},"677":{"start":{"line":1114,"column":39},"end":{"line":1114,"column":57}},"678":{"start":{"line":1116,"column":8},"end":{"line":1135,"column":9}},"679":{"start":{"line":1117,"column":10},"end":{"line":1117,"column":29}},"680":{"start":{"line":1118,"column":10},"end":{"line":1131,"column":11}},"681":{"start":{"line":1119,"column":12},"end":{"line":1119,"column":47}},"682":{"start":{"line":1120,"column":12},"end":{"line":1127,"column":13}},"683":{"start":{"line":1121,"column":14},"end":{"line":1121,"column":32}},"684":{"start":{"line":1122,"column":14},"end":{"line":1122,"column":35}},"685":{"start":{"line":1123,"column":14},"end":{"line":1123,"column":22}},"686":{"start":{"line":1125,"column":14},"end":{"line":1125,"column":31}},"687":{"start":{"line":1126,"column":14},"end":{"line":1126,"column":30}},"688":{"start":{"line":1129,"column":12},"end":{"line":1129,"column":29}},"689":{"start":{"line":1130,"column":12},"end":{"line":1130,"column":28}},"690":{"start":{"line":1133,"column":10},"end":{"line":1133,"column":27}},"691":{"start":{"line":1134,"column":10},"end":{"line":1134,"column":26}},"692":{"start":{"line":1137,"column":8},"end":{"line":1137,"column":25}},"693":{"start":{"line":1138,"column":8},"end":{"line":1138,"column":24}},"694":{"start":{"line":1141,"column":6},"end":{"line":1141,"column":23}},"695":{"start":{"line":1142,"column":6},"end":{"line":1142,"column":22}},"696":{"start":{"line":1144,"column":4},"end":{"line":1146,"column":5}},"697":{"start":{"line":1145,"column":6},"end":{"line":1145,"column":41}},"698":{"start":{"line":1148,"column":4},"end":{"line":1148,"column":14}},"699":{"start":{"line":1154,"column":4},"end":{"line":1154,"column":21}},"700":{"start":{"line":1155,"column":4},"end":{"line":1155,"column":37}},"701":{"start":{"line":1156,"column":4},"end":{"line":1175,"column":5}},"702":{"start":{"line":1157,"column":6},"end":{"line":1157,"column":25}},"703":{"start":{"line":1158,"column":6},"end":{"line":1171,"column":7}},"704":{"start":{"line":1159,"column":8},"end":{"line":1159,"column":43}},"705":{"start":{"line":1160,"column":8},"end":{"line":1167,"column":9}},"706":{"start":{"line":1161,"column":10},"end":{"line":1161,"column":28}},"707":{"start":{"line":1162,"column":10},"end":{"line":1162,"column":31}},"708":{"start":{"line":1163,"column":10},"end":{"line":1163,"column":18}},"709":{"start":{"line":1165,"column":10},"end":{"line":1165,"column":27}},"710":{"start":{"line":1166,"column":10},"end":{"line":1166,"column":26}},"711":{"start":{"line":1169,"column":8},"end":{"line":1169,"column":25}},"712":{"start":{"line":1170,"column":8},"end":{"line":1170,"column":24}},"713":{"start":{"line":1173,"column":6},"end":{"line":1173,"column":23}},"714":{"start":{"line":1174,"column":6},"end":{"line":1174,"column":22}},"715":{"start":{"line":1176,"column":4},"end":{"line":1178,"column":5}},"716":{"start":{"line":1177,"column":6},"end":{"line":1177,"column":41}},"717":{"start":{"line":1180,"column":4},"end":{"line":1180,"column":14}},"718":{"start":{"line":1186,"column":4},"end":{"line":1192,"column":5}},"719":{"start":{"line":1187,"column":6},"end":{"line":1187,"column":19}},"720":{"start":{"line":1188,"column":6},"end":{"line":1188,"column":20}},"721":{"start":{"line":1190,"column":6},"end":{"line":1190,"column":22}},"722":{"start":{"line":1191,"column":6},"end":{"line":1191,"column":55}},"723":{"start":{"line":1191,"column":35},"end":{"line":1191,"column":53}},"724":{"start":{"line":1193,"column":4},"end":{"line":1210,"column":5}},"725":{"start":{"line":1194,"column":6},"end":{"line":1200,"column":7}},"726":{"start":{"line":1195,"column":8},"end":{"line":1195,"column":21}},"727":{"start":{"line":1196,"column":8},"end":{"line":1196,"column":22}},"728":{"start":{"line":1198,"column":8},"end":{"line":1198,"column":24}},"729":{"start":{"line":1199,"column":8},"end":{"line":1199,"column":57}},"730":{"start":{"line":1199,"column":37},"end":{"line":1199,"column":55}},"731":{"start":{"line":1201,"column":6},"end":{"line":1209,"column":7}},"732":{"start":{"line":1202,"column":8},"end":{"line":1208,"column":9}},"733":{"start":{"line":1203,"column":10},"end":{"line":1203,"column":23}},"734":{"start":{"line":1204,"column":10},"end":{"line":1204,"column":24}},"735":{"start":{"line":1206,"column":10},"end":{"line":1206,"column":26}},"736":{"start":{"line":1207,"column":10},"end":{"line":1207,"column":59}},"737":{"start":{"line":1207,"column":39},"end":{"line":1207,"column":57}},"738":{"start":{"line":1212,"column":4},"end":{"line":1212,"column":14}},"739":{"start":{"line":1218,"column":4},"end":{"line":1218,"column":21}},"740":{"start":{"line":1219,"column":4},"end":{"line":1219,"column":38}},"741":{"start":{"line":1220,"column":4},"end":{"line":1239,"column":5}},"742":{"start":{"line":1221,"column":6},"end":{"line":1221,"column":25}},"743":{"start":{"line":1222,"column":6},"end":{"line":1235,"column":7}},"744":{"start":{"line":1223,"column":8},"end":{"line":1223,"column":41}},"745":{"start":{"line":1224,"column":8},"end":{"line":1231,"column":9}},"746":{"start":{"line":1225,"column":10},"end":{"line":1225,"column":28}},"747":{"start":{"line":1226,"column":10},"end":{"line":1226,"column":31}},"748":{"start":{"line":1227,"column":10},"end":{"line":1227,"column":18}},"749":{"start":{"line":1229,"column":10},"end":{"line":1229,"column":27}},"750":{"start":{"line":1230,"column":10},"end":{"line":1230,"column":26}},"751":{"start":{"line":1233,"column":8},"end":{"line":1233,"column":25}},"752":{"start":{"line":1234,"column":8},"end":{"line":1234,"column":24}},"753":{"start":{"line":1237,"column":6},"end":{"line":1237,"column":23}},"754":{"start":{"line":1238,"column":6},"end":{"line":1238,"column":22}},"755":{"start":{"line":1240,"column":4},"end":{"line":1242,"column":5}},"756":{"start":{"line":1241,"column":6},"end":{"line":1241,"column":40}},"757":{"start":{"line":1244,"column":4},"end":{"line":1244,"column":14}},"758":{"start":{"line":1250,"column":4},"end":{"line":1256,"column":5}},"759":{"start":{"line":1251,"column":6},"end":{"line":1251,"column":19}},"760":{"start":{"line":1252,"column":6},"end":{"line":1252,"column":20}},"761":{"start":{"line":1254,"column":6},"end":{"line":1254,"column":22}},"762":{"start":{"line":1255,"column":6},"end":{"line":1255,"column":55}},"763":{"start":{"line":1255,"column":35},"end":{"line":1255,"column":53}},"764":{"start":{"line":1257,"column":4},"end":{"line":1274,"column":5}},"765":{"start":{"line":1258,"column":6},"end":{"line":1264,"column":7}},"766":{"start":{"line":1259,"column":8},"end":{"line":1259,"column":21}},"767":{"start":{"line":1260,"column":8},"end":{"line":1260,"column":22}},"768":{"start":{"line":1262,"column":8},"end":{"line":1262,"column":24}},"769":{"start":{"line":1263,"column":8},"end":{"line":1263,"column":57}},"770":{"start":{"line":1263,"column":37},"end":{"line":1263,"column":55}},"771":{"start":{"line":1265,"column":6},"end":{"line":1273,"column":7}},"772":{"start":{"line":1266,"column":8},"end":{"line":1272,"column":9}},"773":{"start":{"line":1267,"column":10},"end":{"line":1267,"column":23}},"774":{"start":{"line":1268,"column":10},"end":{"line":1268,"column":24}},"775":{"start":{"line":1270,"column":10},"end":{"line":1270,"column":26}},"776":{"start":{"line":1271,"column":10},"end":{"line":1271,"column":59}},"777":{"start":{"line":1271,"column":39},"end":{"line":1271,"column":57}},"778":{"start":{"line":1276,"column":4},"end":{"line":1276,"column":14}},"779":{"start":{"line":1282,"column":4},"end":{"line":1282,"column":35}},"780":{"start":{"line":1283,"column":4},"end":{"line":1342,"column":5}},"781":{"start":{"line":1284,"column":6},"end":{"line":1284,"column":44}},"782":{"start":{"line":1285,"column":6},"end":{"line":1341,"column":7}},"783":{"start":{"line":1286,"column":8},"end":{"line":1286,"column":35}},"784":{"start":{"line":1287,"column":8},"end":{"line":1340,"column":9}},"785":{"start":{"line":1288,"column":10},"end":{"line":1288,"column":50}},"786":{"start":{"line":1289,"column":10},"end":{"line":1339,"column":11}},"787":{"start":{"line":1290,"column":12},"end":{"line":1290,"column":56}},"788":{"start":{"line":1291,"column":12},"end":{"line":1338,"column":13}},"789":{"start":{"line":1292,"column":14},"end":{"line":1292,"column":31}},"790":{"start":{"line":1293,"column":14},"end":{"line":1299,"column":15}},"791":{"start":{"line":1294,"column":16},"end":{"line":1294,"column":29}},"792":{"start":{"line":1295,"column":16},"end":{"line":1295,"column":30}},"793":{"start":{"line":1297,"column":16},"end":{"line":1297,"column":32}},"794":{"start":{"line":1298,"column":16},"end":{"line":1298,"column":65}},"795":{"start":{"line":1298,"column":45},"end":{"line":1298,"column":63}},"796":{"start":{"line":1300,"column":14},"end":{"line":1337,"column":15}},"797":{"start":{"line":1301,"column":16},"end":{"line":1301,"column":35}},"798":{"start":{"line":1302,"column":16},"end":{"line":1333,"column":17}},"799":{"start":{"line":1303,"column":18},"end":{"line":1303,"column":51}},"800":{"start":{"line":1304,"column":18},"end":{"line":1329,"column":19}},"801":{"start":{"line":1305,"column":20},"end":{"line":1305,"column":39}},"802":{"start":{"line":1306,"column":20},"end":{"line":1325,"column":21}},"803":{"start":{"line":1307,"column":22},"end":{"line":1313,"column":23}},"804":{"start":{"line":1308,"column":24},"end":{"line":1308,"column":37}},"805":{"start":{"line":1309,"column":24},"end":{"line":1309,"column":38}},"806":{"start":{"line":1311,"column":24},"end":{"line":1311,"column":40}},"807":{"start":{"line":1312,"column":24},"end":{"line":1312,"column":73}},"808":{"start":{"line":1312,"column":53},"end":{"line":1312,"column":71}},"809":{"start":{"line":1314,"column":22},"end":{"line":1321,"column":23}},"810":{"start":{"line":1315,"column":24},"end":{"line":1315,"column":42}},"811":{"start":{"line":1316,"column":24},"end":{"line":1316,"column":41}},"812":{"start":{"line":1317,"column":24},"end":{"line":1317,"column":32}},"813":{"start":{"line":1319,"column":24},"end":{"line":1319,"column":41}},"814":{"start":{"line":1320,"column":24},"end":{"line":1320,"column":40}},"815":{"start":{"line":1323,"column":22},"end":{"line":1323,"column":39}},"816":{"start":{"line":1324,"column":22},"end":{"line":1324,"column":38}},"817":{"start":{"line":1327,"column":20},"end":{"line":1327,"column":37}},"818":{"start":{"line":1328,"column":20},"end":{"line":1328,"column":36}},"819":{"start":{"line":1331,"column":18},"end":{"line":1331,"column":35}},"820":{"start":{"line":1332,"column":18},"end":{"line":1332,"column":34}},"821":{"start":{"line":1335,"column":16},"end":{"line":1335,"column":33}},"822":{"start":{"line":1336,"column":16},"end":{"line":1336,"column":32}},"823":{"start":{"line":1344,"column":4},"end":{"line":1344,"column":14}},"824":{"start":{"line":1350,"column":4},"end":{"line":1350,"column":21}},"825":{"start":{"line":1351,"column":4},"end":{"line":1351,"column":35}},"826":{"start":{"line":1352,"column":4},"end":{"line":1417,"column":5}},"827":{"start":{"line":1353,"column":6},"end":{"line":1353,"column":23}},"828":{"start":{"line":1354,"column":6},"end":{"line":1354,"column":24}},"829":{"start":{"line":1355,"column":6},"end":{"line":1355,"column":23}},"830":{"start":{"line":1356,"column":6},"end":{"line":1356,"column":25}},"831":{"start":{"line":1357,"column":6},"end":{"line":1398,"column":7}},"832":{"start":{"line":1358,"column":8},"end":{"line":1358,"column":25}},"833":{"start":{"line":1359,"column":8},"end":{"line":1359,"column":38}},"834":{"start":{"line":1360,"column":8},"end":{"line":1372,"column":9}},"835":{"start":{"line":1361,"column":10},"end":{"line":1361,"column":29}},"836":{"start":{"line":1362,"column":10},"end":{"line":1368,"column":11}},"837":{"start":{"line":1363,"column":12},"end":{"line":1363,"column":26}},"838":{"start":{"line":1364,"column":12},"end":{"line":1364,"column":20}},"839":{"start":{"line":1366,"column":12},"end":{"line":1366,"column":29}},"840":{"start":{"line":1367,"column":12},"end":{"line":1367,"column":28}},"841":{"start":{"line":1370,"column":10},"end":{"line":1370,"column":27}},"842":{"start":{"line":1371,"column":10},"end":{"line":1371,"column":26}},"843":{"start":{"line":1373,"column":8},"end":{"line":1375,"column":9}},"844":{"start":{"line":1374,"column":10},"end":{"line":1374,"column":20}},"845":{"start":{"line":1376,"column":8},"end":{"line":1394,"column":9}},"846":{"start":{"line":1377,"column":10},"end":{"line":1383,"column":11}},"847":{"start":{"line":1378,"column":12},"end":{"line":1378,"column":24}},"848":{"start":{"line":1379,"column":12},"end":{"line":1379,"column":26}},"849":{"start":{"line":1381,"column":12},"end":{"line":1381,"column":28}},"850":{"start":{"line":1382,"column":12},"end":{"line":1382,"column":60}},"851":{"start":{"line":1382,"column":41},"end":{"line":1382,"column":58}},"852":{"start":{"line":1384,"column":10},"end":{"line":1390,"column":11}},"853":{"start":{"line":1385,"column":12},"end":{"line":1385,"column":30}},"854":{"start":{"line":1386,"column":12},"end":{"line":1386,"column":20}},"855":{"start":{"line":1388,"column":12},"end":{"line":1388,"column":29}},"856":{"start":{"line":1389,"column":12},"end":{"line":1389,"column":28}},"857":{"start":{"line":1392,"column":10},"end":{"line":1392,"column":27}},"858":{"start":{"line":1393,"column":10},"end":{"line":1393,"column":26}},"859":{"start":{"line":1396,"column":8},"end":{"line":1396,"column":25}},"860":{"start":{"line":1397,"column":8},"end":{"line":1397,"column":24}},"861":{"start":{"line":1399,"column":6},"end":{"line":1399,"column":24}},"862":{"start":{"line":1400,"column":6},"end":{"line":1405,"column":7}},"863":{"start":{"line":1401,"column":8},"end":{"line":1401,"column":23}},"864":{"start":{"line":1403,"column":8},"end":{"line":1403,"column":25}},"865":{"start":{"line":1404,"column":8},"end":{"line":1404,"column":24}},"866":{"start":{"line":1406,"column":6},"end":{"line":1413,"column":7}},"867":{"start":{"line":1407,"column":8},"end":{"line":1407,"column":26}},"868":{"start":{"line":1408,"column":8},"end":{"line":1408,"column":25}},"869":{"start":{"line":1409,"column":8},"end":{"line":1409,"column":16}},"870":{"start":{"line":1411,"column":8},"end":{"line":1411,"column":25}},"871":{"start":{"line":1412,"column":8},"end":{"line":1412,"column":24}},"872":{"start":{"line":1415,"column":6},"end":{"line":1415,"column":23}},"873":{"start":{"line":1416,"column":6},"end":{"line":1416,"column":22}},"874":{"start":{"line":1419,"column":4},"end":{"line":1419,"column":14}},"875":{"start":{"line":1425,"column":4},"end":{"line":1425,"column":21}},"876":{"start":{"line":1426,"column":4},"end":{"line":1426,"column":46}},"877":{"start":{"line":1427,"column":4},"end":{"line":1446,"column":5}},"878":{"start":{"line":1428,"column":6},"end":{"line":1428,"column":25}},"879":{"start":{"line":1429,"column":6},"end":{"line":1442,"column":7}},"880":{"start":{"line":1430,"column":8},"end":{"line":1430,"column":34}},"881":{"start":{"line":1431,"column":8},"end":{"line":1438,"column":9}},"882":{"start":{"line":1432,"column":10},"end":{"line":1432,"column":28}},"883":{"start":{"line":1433,"column":10},"end":{"line":1433,"column":31}},"884":{"start":{"line":1434,"column":10},"end":{"line":1434,"column":18}},"885":{"start":{"line":1436,"column":10},"end":{"line":1436,"column":27}},"886":{"start":{"line":1437,"column":10},"end":{"line":1437,"column":26}},"887":{"start":{"line":1440,"column":8},"end":{"line":1440,"column":25}},"888":{"start":{"line":1441,"column":8},"end":{"line":1441,"column":24}},"889":{"start":{"line":1444,"column":6},"end":{"line":1444,"column":23}},"890":{"start":{"line":1445,"column":6},"end":{"line":1445,"column":22}},"891":{"start":{"line":1448,"column":4},"end":{"line":1448,"column":14}},"892":{"start":{"line":1454,"column":4},"end":{"line":1460,"column":5}},"893":{"start":{"line":1455,"column":6},"end":{"line":1455,"column":19}},"894":{"start":{"line":1456,"column":6},"end":{"line":1456,"column":20}},"895":{"start":{"line":1458,"column":6},"end":{"line":1458,"column":22}},"896":{"start":{"line":1459,"column":6},"end":{"line":1459,"column":55}},"897":{"start":{"line":1459,"column":35},"end":{"line":1459,"column":53}},"898":{"start":{"line":1461,"column":4},"end":{"line":1469,"column":5}},"899":{"start":{"line":1462,"column":6},"end":{"line":1468,"column":7}},"900":{"start":{"line":1463,"column":8},"end":{"line":1463,"column":21}},"901":{"start":{"line":1464,"column":8},"end":{"line":1464,"column":22}},"902":{"start":{"line":1466,"column":8},"end":{"line":1466,"column":24}},"903":{"start":{"line":1467,"column":8},"end":{"line":1467,"column":57}},"904":{"start":{"line":1467,"column":37},"end":{"line":1467,"column":55}},"905":{"start":{"line":1471,"column":4},"end":{"line":1471,"column":14}},"906":{"start":{"line":1477,"column":4},"end":{"line":1483,"column":5}},"907":{"start":{"line":1478,"column":6},"end":{"line":1478,"column":37}},"908":{"start":{"line":1479,"column":6},"end":{"line":1479,"column":20}},"909":{"start":{"line":1481,"column":6},"end":{"line":1481,"column":22}},"910":{"start":{"line":1482,"column":6},"end":{"line":1482,"column":55}},"911":{"start":{"line":1482,"column":35},"end":{"line":1482,"column":53}},"912":{"start":{"line":1485,"column":4},"end":{"line":1485,"column":14}},"913":{"start":{"line":1491,"column":4},"end":{"line":1491,"column":22}},"914":{"start":{"line":1492,"column":4},"end":{"line":1498,"column":5}},"915":{"start":{"line":1493,"column":6},"end":{"line":1493,"column":19}},"916":{"start":{"line":1494,"column":6},"end":{"line":1494,"column":20}},"917":{"start":{"line":1496,"column":6},"end":{"line":1496,"column":22}},"918":{"start":{"line":1497,"column":6},"end":{"line":1497,"column":55}},"919":{"start":{"line":1497,"column":35},"end":{"line":1497,"column":53}},"920":{"start":{"line":1499,"column":4},"end":{"line":1546,"column":5}},"921":{"start":{"line":1500,"column":6},"end":{"line":1506,"column":7}},"922":{"start":{"line":1501,"column":8},"end":{"line":1501,"column":21}},"923":{"start":{"line":1502,"column":8},"end":{"line":1502,"column":22}},"924":{"start":{"line":1504,"column":8},"end":{"line":1504,"column":24}},"925":{"start":{"line":1505,"column":8},"end":{"line":1505,"column":57}},"926":{"start":{"line":1505,"column":37},"end":{"line":1505,"column":55}},"927":{"start":{"line":1507,"column":6},"end":{"line":1545,"column":7}},"928":{"start":{"line":1508,"column":8},"end":{"line":1514,"column":9}},"929":{"start":{"line":1509,"column":10},"end":{"line":1509,"column":23}},"930":{"start":{"line":1510,"column":10},"end":{"line":1510,"column":24}},"931":{"start":{"line":1512,"column":10},"end":{"line":1512,"column":26}},"932":{"start":{"line":1513,"column":10},"end":{"line":1513,"column":59}},"933":{"start":{"line":1513,"column":39},"end":{"line":1513,"column":57}},"934":{"start":{"line":1515,"column":8},"end":{"line":1544,"column":9}},"935":{"start":{"line":1516,"column":10},"end":{"line":1522,"column":11}},"936":{"start":{"line":1517,"column":12},"end":{"line":1517,"column":25}},"937":{"start":{"line":1518,"column":12},"end":{"line":1518,"column":26}},"938":{"start":{"line":1520,"column":12},"end":{"line":1520,"column":28}},"939":{"start":{"line":1521,"column":12},"end":{"line":1521,"column":61}},"940":{"start":{"line":1521,"column":41},"end":{"line":1521,"column":59}},"941":{"start":{"line":1523,"column":10},"end":{"line":1543,"column":11}},"942":{"start":{"line":1524,"column":12},"end":{"line":1530,"column":13}},"943":{"start":{"line":1525,"column":14},"end":{"line":1525,"column":27}},"944":{"start":{"line":1526,"column":14},"end":{"line":1526,"column":28}},"945":{"start":{"line":1528,"column":14},"end":{"line":1528,"column":30}},"946":{"start":{"line":1529,"column":14},"end":{"line":1529,"column":63}},"947":{"start":{"line":1529,"column":43},"end":{"line":1529,"column":61}},"948":{"start":{"line":1531,"column":12},"end":{"line":1542,"column":13}},"949":{"start":{"line":1532,"column":14},"end":{"line":1538,"column":15}},"950":{"start":{"line":1533,"column":16},"end":{"line":1533,"column":29}},"951":{"start":{"line":1534,"column":16},"end":{"line":1534,"column":30}},"952":{"start":{"line":1536,"column":16},"end":{"line":1536,"column":32}},"953":{"start":{"line":1537,"column":16},"end":{"line":1537,"column":65}},"954":{"start":{"line":1537,"column":45},"end":{"line":1537,"column":63}},"955":{"start":{"line":1539,"column":14},"end":{"line":1541,"column":15}},"956":{"start":{"line":1540,"column":16},"end":{"line":1540,"column":35}},"957":{"start":{"line":1547,"column":4},"end":{"line":1547,"column":22}},"958":{"start":{"line":1548,"column":4},"end":{"line":1551,"column":5}},"959":{"start":{"line":1549,"column":6},"end":{"line":1549,"column":22}},"960":{"start":{"line":1550,"column":6},"end":{"line":1550,"column":55}},"961":{"start":{"line":1550,"column":35},"end":{"line":1550,"column":53}},"962":{"start":{"line":1553,"column":4},"end":{"line":1553,"column":14}},"963":{"start":{"line":1559,"column":4},"end":{"line":1565,"column":5}},"964":{"start":{"line":1560,"column":6},"end":{"line":1560,"column":37}},"965":{"start":{"line":1561,"column":6},"end":{"line":1561,"column":20}},"966":{"start":{"line":1563,"column":6},"end":{"line":1563,"column":22}},"967":{"start":{"line":1564,"column":6},"end":{"line":1564,"column":55}},"968":{"start":{"line":1564,"column":35},"end":{"line":1564,"column":53}},"969":{"start":{"line":1567,"column":4},"end":{"line":1567,"column":14}},"970":{"start":{"line":1573,"column":4},"end":{"line":1573,"column":22}},"971":{"start":{"line":1574,"column":4},"end":{"line":1580,"column":5}},"972":{"start":{"line":1575,"column":6},"end":{"line":1575,"column":19}},"973":{"start":{"line":1576,"column":6},"end":{"line":1576,"column":20}},"974":{"start":{"line":1578,"column":6},"end":{"line":1578,"column":22}},"975":{"start":{"line":1579,"column":6},"end":{"line":1579,"column":55}},"976":{"start":{"line":1579,"column":35},"end":{"line":1579,"column":53}},"977":{"start":{"line":1581,"column":4},"end":{"line":1616,"column":5}},"978":{"start":{"line":1582,"column":6},"end":{"line":1588,"column":7}},"979":{"start":{"line":1583,"column":8},"end":{"line":1583,"column":21}},"980":{"start":{"line":1584,"column":8},"end":{"line":1584,"column":25}},"981":{"start":{"line":1586,"column":8},"end":{"line":1586,"column":24}},"982":{"start":{"line":1587,"column":8},"end":{"line":1587,"column":57}},"983":{"start":{"line":1587,"column":37},"end":{"line":1587,"column":55}},"984":{"start":{"line":1589,"column":6},"end":{"line":1615,"column":7}},"985":{"start":{"line":1590,"column":8},"end":{"line":1596,"column":9}},"986":{"start":{"line":1591,"column":10},"end":{"line":1591,"column":23}},"987":{"start":{"line":1592,"column":10},"end":{"line":1592,"column":24}},"988":{"start":{"line":1594,"column":10},"end":{"line":1594,"column":26}},"989":{"start":{"line":1595,"column":10},"end":{"line":1595,"column":59}},"990":{"start":{"line":1595,"column":39},"end":{"line":1595,"column":57}},"991":{"start":{"line":1597,"column":8},"end":{"line":1614,"column":9}},"992":{"start":{"line":1598,"column":10},"end":{"line":1604,"column":11}},"993":{"start":{"line":1599,"column":12},"end":{"line":1599,"column":25}},"994":{"start":{"line":1600,"column":12},"end":{"line":1600,"column":26}},"995":{"start":{"line":1602,"column":12},"end":{"line":1602,"column":28}},"996":{"start":{"line":1603,"column":12},"end":{"line":1603,"column":61}},"997":{"start":{"line":1603,"column":41},"end":{"line":1603,"column":59}},"998":{"start":{"line":1605,"column":10},"end":{"line":1613,"column":11}},"999":{"start":{"line":1606,"column":12},"end":{"line":1612,"column":13}},"1000":{"start":{"line":1607,"column":14},"end":{"line":1607,"column":27}},"1001":{"start":{"line":1608,"column":14},"end":{"line":1608,"column":28}},"1002":{"start":{"line":1610,"column":14},"end":{"line":1610,"column":30}},"1003":{"start":{"line":1611,"column":14},"end":{"line":1611,"column":63}},"1004":{"start":{"line":1611,"column":43},"end":{"line":1611,"column":61}},"1005":{"start":{"line":1617,"column":4},"end":{"line":1617,"column":22}},"1006":{"start":{"line":1618,"column":4},"end":{"line":1621,"column":5}},"1007":{"start":{"line":1619,"column":6},"end":{"line":1619,"column":22}},"1008":{"start":{"line":1620,"column":6},"end":{"line":1620,"column":55}},"1009":{"start":{"line":1620,"column":35},"end":{"line":1620,"column":53}},"1010":{"start":{"line":1623,"column":4},"end":{"line":1623,"column":14}},"1011":{"start":{"line":1629,"column":4},"end":{"line":1629,"column":22}},"1012":{"start":{"line":1630,"column":4},"end":{"line":1630,"column":37}},"1013":{"start":{"line":1631,"column":4},"end":{"line":1633,"column":5}},"1014":{"start":{"line":1632,"column":6},"end":{"line":1632,"column":40}},"1015":{"start":{"line":1634,"column":4},"end":{"line":1634,"column":22}},"1016":{"start":{"line":1635,"column":4},"end":{"line":1638,"column":5}},"1017":{"start":{"line":1636,"column":6},"end":{"line":1636,"column":22}},"1018":{"start":{"line":1637,"column":6},"end":{"line":1637,"column":55}},"1019":{"start":{"line":1637,"column":35},"end":{"line":1637,"column":53}},"1020":{"start":{"line":1640,"column":4},"end":{"line":1640,"column":14}},"1021":{"start":{"line":1646,"column":4},"end":{"line":1646,"column":21}},"1022":{"start":{"line":1647,"column":4},"end":{"line":1653,"column":5}},"1023":{"start":{"line":1648,"column":6},"end":{"line":1648,"column":19}},"1024":{"start":{"line":1649,"column":6},"end":{"line":1649,"column":23}},"1025":{"start":{"line":1651,"column":6},"end":{"line":1651,"column":22}},"1026":{"start":{"line":1652,"column":6},"end":{"line":1652,"column":55}},"1027":{"start":{"line":1652,"column":35},"end":{"line":1652,"column":53}},"1028":{"start":{"line":1654,"column":4},"end":{"line":1741,"column":5}},"1029":{"start":{"line":1655,"column":6},"end":{"line":1655,"column":14}},"1030":{"start":{"line":1656,"column":6},"end":{"line":1656,"column":23}},"1031":{"start":{"line":1657,"column":6},"end":{"line":1657,"column":23}},"1032":{"start":{"line":1658,"column":6},"end":{"line":1658,"column":24}},"1033":{"start":{"line":1659,"column":6},"end":{"line":1665,"column":7}},"1034":{"start":{"line":1660,"column":8},"end":{"line":1660,"column":21}},"1035":{"start":{"line":1661,"column":8},"end":{"line":1661,"column":25}},"1036":{"start":{"line":1663,"column":8},"end":{"line":1663,"column":24}},"1037":{"start":{"line":1664,"column":8},"end":{"line":1664,"column":57}},"1038":{"start":{"line":1664,"column":37},"end":{"line":1664,"column":55}},"1039":{"start":{"line":1666,"column":6},"end":{"line":1666,"column":24}},"1040":{"start":{"line":1667,"column":6},"end":{"line":1672,"column":7}},"1041":{"start":{"line":1668,"column":8},"end":{"line":1668,"column":23}},"1042":{"start":{"line":1670,"column":8},"end":{"line":1670,"column":25}},"1043":{"start":{"line":1671,"column":8},"end":{"line":1671,"column":24}},"1044":{"start":{"line":1673,"column":6},"end":{"line":1685,"column":7}},"1045":{"start":{"line":1674,"column":8},"end":{"line":1674,"column":40}},"1046":{"start":{"line":1675,"column":8},"end":{"line":1681,"column":9}},"1047":{"start":{"line":1676,"column":10},"end":{"line":1676,"column":24}},"1048":{"start":{"line":1677,"column":10},"end":{"line":1677,"column":18}},"1049":{"start":{"line":1679,"column":10},"end":{"line":1679,"column":27}},"1050":{"start":{"line":1680,"column":10},"end":{"line":1680,"column":26}},"1051":{"start":{"line":1683,"column":8},"end":{"line":1683,"column":25}},"1052":{"start":{"line":1684,"column":8},"end":{"line":1684,"column":24}},"1053":{"start":{"line":1686,"column":6},"end":{"line":1718,"column":7}},"1054":{"start":{"line":1687,"column":8},"end":{"line":1687,"column":20}},"1055":{"start":{"line":1688,"column":8},"end":{"line":1688,"column":25}},"1056":{"start":{"line":1689,"column":8},"end":{"line":1689,"column":25}},"1057":{"start":{"line":1690,"column":8},"end":{"line":1690,"column":26}},"1058":{"start":{"line":1691,"column":8},"end":{"line":1697,"column":9}},"1059":{"start":{"line":1692,"column":10},"end":{"line":1692,"column":23}},"1060":{"start":{"line":1693,"column":10},"end":{"line":1693,"column":27}},"1061":{"start":{"line":1695,"column":10},"end":{"line":1695,"column":26}},"1062":{"start":{"line":1696,"column":10},"end":{"line":1696,"column":59}},"1063":{"start":{"line":1696,"column":39},"end":{"line":1696,"column":57}},"1064":{"start":{"line":1698,"column":8},"end":{"line":1698,"column":26}},"1065":{"start":{"line":1699,"column":8},"end":{"line":1704,"column":9}},"1066":{"start":{"line":1700,"column":10},"end":{"line":1700,"column":25}},"1067":{"start":{"line":1702,"column":10},"end":{"line":1702,"column":27}},"1068":{"start":{"line":1703,"column":10},"end":{"line":1703,"column":26}},"1069":{"start":{"line":1705,"column":8},"end":{"line":1717,"column":9}},"1070":{"start":{"line":1706,"column":10},"end":{"line":1706,"column":42}},"1071":{"start":{"line":1707,"column":10},"end":{"line":1713,"column":11}},"1072":{"start":{"line":1708,"column":12},"end":{"line":1708,"column":26}},"1073":{"start":{"line":1709,"column":12},"end":{"line":1709,"column":20}},"1074":{"start":{"line":1711,"column":12},"end":{"line":1711,"column":29}},"1075":{"start":{"line":1712,"column":12},"end":{"line":1712,"column":28}},"1076":{"start":{"line":1715,"column":10},"end":{"line":1715,"column":27}},"1077":{"start":{"line":1716,"column":10},"end":{"line":1716,"column":26}},"1078":{"start":{"line":1719,"column":6},"end":{"line":1737,"column":7}},"1079":{"start":{"line":1720,"column":8},"end":{"line":1726,"column":9}},"1080":{"start":{"line":1721,"column":10},"end":{"line":1721,"column":23}},"1081":{"start":{"line":1722,"column":10},"end":{"line":1722,"column":27}},"1082":{"start":{"line":1724,"column":10},"end":{"line":1724,"column":26}},"1083":{"start":{"line":1725,"column":10},"end":{"line":1725,"column":59}},"1084":{"start":{"line":1725,"column":39},"end":{"line":1725,"column":57}},"1085":{"start":{"line":1727,"column":8},"end":{"line":1733,"column":9}},"1086":{"start":{"line":1728,"column":10},"end":{"line":1728,"column":28}},"1087":{"start":{"line":1729,"column":10},"end":{"line":1729,"column":18}},"1088":{"start":{"line":1731,"column":10},"end":{"line":1731,"co
[...]
,"C:\\Users\\john\\projects\\peggy\\lib\\compiler\\passes\\report-duplicate-labels.js": {"path":"C:\\Users\\john\\projects\\peggy\\lib\\compiler\\passes\\report-duplicate-labels.js","statementMap":{"0":{"start":{"line":3,"column":21},"end":{"line":3,"column":51}},"1":{"start":{"line":4,"column":16},"end":{"line":4,"column":37}},"2":{"start":{"line":9,"column":18},"end":{"line":9,"column":20}},"3":{"start":{"line":11,"column":4},"end":{"line":13,"column":7}},"4":{"start":{"line":12,"column":6},"end":{"line":12,"column":30}},"5":{"start":{"line":15,"column":4},"end":{"line":15,"column":17}},"6":{"start":{"line":19,"column":4},"end":{"line":19,"column":42}},"7":{"start":{"line":22,"column":16},"end":{"line":57,"column":4}},"8":{"start":{"line":24,"column":6},"end":{"line":24,"column":34}},"9":{"start":{"line":28,"column":6},"end":{"line":30,"column":9}},"10":{"start":{"line":29,"column":8},"end":{"line":29,"column":42}},"11":{"start":{"line":36,"column":6},"end":{"line":43,"column":7}},"12":{"start":{"line":37,"column":8},"end":{"line":42,"column":10}},"13":{"start":{"line":45,"column":6},"end":{"line":45,"column":34}},"14":{"start":{"line":47,"column":6},"end":{"line":47,"column":38}},"15":{"start":{"line":59,"column":2},"end":{"line":59,"column":13}},"16":{"start":{"line":62,"column":0},"end":{"line":62,"column":39}}},"fnMap":{"0":{"name":"reportDuplicateLabels","decl":{"start":{"line":7,"column":9},"end":{"line":7,"column":30}},"loc":{"start":{"line":7,"column":36},"end":{"line":60,"column":1}},"line":7},"1":{"name":"cloneEnv","decl":{"start":{"line":8,"column":11},"end":{"line":8,"column":19}},"loc":{"start":{"line":8,"column":25},"end":{"line":16,"column":3}},"line":8},"2":{"name":"(anonymous_2)","decl":{"start":{"line":11,"column":29},"end":{"line":11,"column":30}},"loc":{"start":{"line":11,"column":37},"end":{"line":13,"column":5}},"line":11},"3":{"name":"checkExpressionWithClonedEnv","decl":{"start":{"line":18,"column":11},"end":{"line":18,"column":39}},"loc":{"start":{"line":18,"column":51},"end":{"line":20,"column":3}},"line":18},"4":{"name":"(anonymous_4)","decl":{"start":{"line":23,"column":4},"end":{"line":23,"column":5}},"loc":{"start":{"line":23,"column":15},"end":{"line":25,"column":5}},"line":23},"5":{"name":"(anonymous_5)","decl":{"start":{"line":27,"column":4},"end":{"line":27,"column":5}},"loc":{"start":{"line":27,"column":22},"end":{"line":31,"column":5}},"line":27},"6":{"name":"(anonymous_6)","decl":{"start":{"line":28,"column":32},"end":{"line":28,"column":33}},"loc":{"start":{"line":28,"column":47},"end":{"line":30,"column":7}},"line":28},"7":{"name":"(anonymous_7)","decl":{"start":{"line":35,"column":4},"end":{"line":35,"column":5}},"loc":{"start":{"line":35,"column":23},"end":{"line":48,"column":5}},"line":35}},"branchMap":{"0":{"loc":{"start":{"line":36,"column":6},"end":{"line":43,"column":7}},"type":"if","locations":[{"start":{"line":36,"column":6},"end":{"line":43,"column":7}},{"start":{"line":36,"column":6},"end":{"line":43,"column":7}}],"line":36}},"s":{"0":5,"1":5,"2":1785,"3":1785,"4":177,"5":1785,"6":1316,"7":1227,"8":1484,"9":190,"10":469,"11":641,"12":2,"13":639,"14":639,"15":1227,"16":5},"f":{"0":1227,"1":1785,"2":177,"3":1316,"4":1484,"5":190,"6":469,"7":641},"b":{"0":[2,639]},"_coverageSchema":"1a1c01bbd47fc00a2c39e90264f33305004495a9","hash":"5d08f5b6104be894fb72814a241ab304368c18b3"}
,"C:\\Users\\john\\projects\\peggy\\lib\\compiler\\passes\\report-duplicate-rules.js": {"path":"C:\\Users\\john\\projects\\peggy\\lib\\compiler\\passes\\report-duplicate-rules.js","statementMap":{"0":{"start":{"line":3,"column":21},"end":{"line":3,"column":51}},"1":{"start":{"line":4,"column":16},"end":{"line":4,"column":37}},"2":{"start":{"line":8,"column":16},"end":{"line":8,"column":18}},"3":{"start":{"line":10,"column":16},"end":{"line":23,"column":4}},"4":{"start":{"line":12,"column":6},"end":{"line":19,"column":7}},"5":{"start":{"line":13,"column":8},"end":{"line":18,"column":10}},"6":{"start":{"line":21,"column":6},"end":{"line":21,"column":39}},"7":{"start":{"line":25,"column":2},"end":{"line":25,"column":13}},"8":{"start":{"line":28,"column":0},"end":{"line":28,"column":38}}},"fnMap":{"0":{"name":"reportDuplicateRules","decl":{"start":{"line":7,"column":9},"end":{"line":7,"column":29}},"loc":{"start":{"line":7,"column":35},"end":{"line":26,"column":1}},"line":7},"1":{"name":"(anonymous_1)","decl":{"start":{"line":11,"column":4},"end":{"line":11,"column":5}},"loc":{"start":{"line":11,"column":15},"end":{"line":22,"column":5}},"line":11}},"branchMap":{"0":{"loc":{"start":{"line":12,"column":6},"end":{"line":19,"column":7}},"type":"if","locations":[{"start":{"line":12,"column":6},"end":{"line":19,"column":7}},{"start":{"line":12,"column":6},"end":{"line":19,"column":7}}],"line":12}},"s":{"0":5,"1":5,"2":1212,"3":1212,"4":1470,"5":1,"6":1469,"7":1212,"8":5},"f":{"0":1212,"1":1470},"b":{"0":[1,1469]},"_coverageSchema":"1a1c01bbd47fc00a2c39e90264f33305004495a9","hash":"701220c8c7355907feb5d5f677fc0572a79b7fe7"}
,"C:\\Users\\john\\projects\\peggy\\lib\\compiler\\passes\\report-infinite-recursion.js": {"path":"C:\\Users\\john\\projects\\peggy\\lib\\compiler\\passes\\report-infinite-recursion.js","statementMap":{"0":{"start":{"line":3,"column":21},"end":{"line":3,"column":51}},"1":{"start":{"line":4,"column":13},"end":{"line":4,"column":31}},"2":{"start":{"line":5,"column":16},"end":{"line":5,"column":37}},"3":{"start":{"line":18,"column":23},"end":{"line":18,"column":25}},"4":{"start":{"line":20,"column":16},"end":{"line":49,"column":4}},"5":{"start":{"line":22,"column":6},"end":{"line":22,"column":35}},"6":{"start":{"line":23,"column":6},"end":{"line":23,"column":29}},"7":{"start":{"line":24,"column":6},"end":{"line":24,"column":34}},"8":{"start":{"line":28,"column":6},"end":{"line":32,"column":9}},"9":{"start":{"line":29,"column":8},"end":{"line":29,"column":23}},"10":{"start":{"line":31,"column":8},"end":{"line":31,"column":59}},"11":{"start":{"line":36,"column":6},"end":{"line":45,"column":7}},"12":{"start":{"line":37,"column":8},"end":{"line":37,"column":37}},"13":{"start":{"line":39,"column":8},"end":{"line":44,"column":10}},"14":{"start":{"line":47,"column":6},"end":{"line":47,"column":43}},"15":{"start":{"line":51,"column":2},"end":{"line":51,"column":13}},"16":{"start":{"line":54,"column":0},"end":{"line":54,"column":41}}},"fnMap":{"0":{"name":"reportInfiniteRecursion","decl":{"start":{"line":17,"column":9},"end":{"line":17,"column":32}},"loc":{"start":{"line":17,"column":38},"end":{"line":52,"column":1}},"line":17},"1":{"name":"(anonymous_1)","decl":{"start":{"line":21,"column":4},"end":{"line":21,"column":5}},"loc":{"start":{"line":21,"column":15},"end":{"line":25,"column":5}},"line":21},"2":{"name":"(anonymous_2)","decl":{"start":{"line":27,"column":4},"end":{"line":27,"column":5}},"loc":{"start":{"line":27,"column":19},"end":{"line":33,"column":5}},"line":27},"3":{"name":"(anonymous_3)","decl":{"start":{"line":28,"column":26},"end":{"line":28,"column":27}},"loc":{"start":{"line":28,"column":37},"end":{"line":32,"column":7}},"line":28},"4":{"name":"(anonymous_4)","decl":{"start":{"line":35,"column":4},"end":{"line":35,"column":5}},"loc":{"start":{"line":35,"column":19},"end":{"line":48,"column":5}},"line":35}},"branchMap":{"0":{"loc":{"start":{"line":36,"column":6},"end":{"line":45,"column":7}},"type":"if","locations":[{"start":{"line":36,"column":6},"end":{"line":45,"column":7}},{"start":{"line":36,"column":6},"end":{"line":45,"column":7}}],"line":36}},"s":{"0":5,"1":5,"2":5,"3":1254,"4":1254,"5":1902,"6":1902,"7":1875,"8":875,"9":1173,"10":1149,"11":415,"12":26,"13":26,"14":389,"15":1254,"16":5},"f":{"0":1254,"1":1902,"2":875,"3":1173,"4":415},"b":{"0":[26,389]},"_coverageSchema":"1a1c01bbd47fc00a2c39e90264f33305004495a9","hash":"ee5b6cd92b65e405ebc209ef7520b432662add1c"}
,"C:\\Users\\john\\projects\\peggy\\lib\\compiler\\passes\\report-infinite-repetition.js": {"path":"C:\\Users\\john\\projects\\peggy\\lib\\compiler\\passes\\report-infinite-repetition.js","statementMap":{"0":{"start":{"line":3,"column":21},"end":{"line":3,"column":51}},"1":{"start":{"line":4,"column":13},"end":{"line":4,"column":31}},"2":{"start":{"line":5,"column":16},"end":{"line":5,"column":37}},"3":{"start":{"line":10,"column":16},"end":{"line":28,"column":4}},"4":{"start":{"line":12,"column":6},"end":{"line":17,"column":7}},"5":{"start":{"line":13,"column":8},"end":{"line":16,"column":10}},"6":{"start":{"line":21,"column":6},"end":{"line":26,"column":7}},"7":{"start":{"line":22,"column":8},"end":{"line":25,"column":10}},"8":{"start":{"line":30,"column":2},"end":{"line":30,"column":13}},"9":{"start":{"line":33,"column":0},"end":{"line":33,"column":42}}},"fnMap":{"0":{"name":"reportInfiniteRepetition","decl":{"start":{"line":9,"column":9},"end":{"line":9,"column":33}},"loc":{"start":{"line":9,"column":39},"end":{"line":31,"column":1}},"line":9},"1":{"name":"(anonymous_1)","decl":{"start":{"line":11,"column":4},"end":{"line":11,"column":5}},"loc":{"start":{"line":11,"column":23},"end":{"line":18,"column":5}},"line":11},"2":{"name":"(anonymous_2)","decl":{"start":{"line":20,"column":4},"end":{"line":20,"column":5}},"loc":{"start":{"line":20,"column":22},"end":{"line":27,"column":5}},"line":20}},"branchMap":{"0":{"loc":{"start":{"line":12,"column":6},"end":{"line":17,"column":7}},"type":"if","locations":[{"start":{"line":12,"column":6},"end":{"line":17,"column":7}},{"start":{"line":12,"column":6},"end":{"line":17,"column":7}}],"line":12},"1":{"loc":{"start":{"line":21,"column":6},"end":{"line":26,"column":7}},"type":"if","locations":[{"start":{"line":21,"column":6},"end":{"line":26,"column":7}},{"start":{"line":21,"column":6},"end":{"line":26,"column":7}}],"line":21}},"s":{"0":5,"1":5,"2":5,"3":1249,"4":158,"5":23,"6":57,"7":1,"8":1249,"9":5},"f":{"0":1249,"1":158,"2":57},"b":{"0":[23,135],"1":[1,56]},"_coverageSchema":"1a1c01bbd47fc00a2c39e90264f33305004495a9","hash":"63e9145b8bb39e11907ba63611eac16b2c03c59e"}
,"C:\\Users\\john\\projects\\peggy\\lib\\compiler\\passes\\report-undefined-rules.js": {"path":"C:\\Users\\john\\projects\\peggy\\lib\\compiler\\passes\\report-undefined-rules.js","statementMap":{"0":{"start":{"line":3,"column":21},"end":{"line":3,"column":51}},"1":{"start":{"line":4,"column":13},"end":{"line":4,"column":31}},"2":{"start":{"line":5,"column":16},"end":{"line":5,"column":37}},"3":{"start":{"line":9,"column":16},"end":{"line":18,"column":4}},"4":{"start":{"line":11,"column":6},"end":{"line":16,"column":7}},"5":{"start":{"line":12,"column":8},"end":{"line":15,"column":10}},"6":{"start":{"line":20,"column":2},"end":{"line":20,"column":13}},"7":{"start":{"line":23,"column":0},"end":{"line":23,"column":38}}},"fnMap":{"0":{"name":"reportUndefinedRules","decl":{"start":{"line":8,"column":9},"end":{"line":8,"column":29}},"loc":{"start":{"line":8,"column":35},"end":{"line":21,"column":1}},"line":8},"1":{"name":"(anonymous_1)","decl":{"start":{"line":10,"column":4},"end":{"line":10,"column":5}},"loc":{"start":{"line":10,"column":19},"end":{"line":17,"column":5}},"line":10}},"branchMap":{"0":{"loc":{"start":{"line":11,"column":6},"end":{"line":16,"column":7}},"type":"if","locations":[{"start":{"line":11,"column":6},"end":{"line":16,"column":7}},{"start":{"line":11,"column":6},"end":{"line":16,"column":7}}],"line":11}},"s":{"0":5,"1":5,"2":5,"3":1213,"4":386,"5":2,"6":1213,"7":5},"f":{"0":1213,"1":386},"b":{"0":[2,384]},"_coverageSchema":"1a1c01bbd47fc00a2c39e90264f33305004495a9","hash":"312a9814afc106c8a45cda19f8574a9a1b1e4460"}
,"C:\\Users\\john\\projects\\peggy\\test\\unit\\compiler\\passes\\helpers.js": {"path":"C:\\Users\\john\\projects\\peggy\\test\\unit\\compiler\\passes\\helpers.js","statementMap":{"0":{"start":{"line":3,"column":15},"end":{"line":3,"column":48}},"1":{"start":{"line":5,"column":0},"end":{"line":88,"column":2}},"2":{"start":{"line":6,"column":20},"end":{"line":6,"column":34}},"3":{"start":{"line":8,"column":2},"end":{"line":58,"column":5}},"4":{"start":{"line":9,"column":4},"end":{"line":9,"column":51}},"5":{"start":{"line":13,"column":8},"end":{"line":13,"column":75}},"6":{"start":{"line":17,"column":8},"end":{"line":17,"column":59}},"7":{"start":{"line":20,"column":6},"end":{"line":44,"column":7}},"8":{"start":{"line":21,"column":8},"end":{"line":21,"column":46}},"9":{"start":{"line":21,"column":31},"end":{"line":21,"column":44}},"10":{"start":{"line":23,"column":8},"end":{"line":23,"column":60}},"11":{"start":{"line":23,"column":45},"end":{"line":23,"column":58}},"12":{"start":{"line":24,"column":8},"end":{"line":26,"column":9}},"13":{"start":{"line":24,"column":21},"end":{"line":24,"column":22}},"14":{"start":{"line":25,"column":10},"end":{"line":25,"column":64}},"15":{"start":{"line":25,"column":49},"end":{"line":25,"column":62}},"16":{"start":{"line":28,"column":8},"end":{"line":28,"column":20}},"17":{"start":{"line":29,"column":13},"end":{"line":44,"column":7}},"18":{"start":{"line":30,"column":8},"end":{"line":30,"column":47}},"19":{"start":{"line":30,"column":32},"end":{"line":30,"column":45}},"20":{"start":{"line":32,"column":21},"end":{"line":32,"column":39}},"21":{"start":{"line":33,"column":8},"end":{"line":39,"column":9}},"22":{"start":{"line":33,"column":21},"end":{"line":33,"column":22}},"23":{"start":{"line":34,"column":22},"end":{"line":34,"column":29}},"24":{"start":{"line":36,"column":10},"end":{"line":36,"column":48}},"25":{"start":{"line":36,"column":33},"end":{"line":36,"column":46}},"26":{"start":{"line":38,"column":10},"end":{"line":38,"column":68}},"27":{"start":{"line":38,"column":53},"end":{"line":38,"column":66}},"28":{"start":{"line":41,"column":8},"end":{"line":41,"column":20}},"29":{"start":{"line":43,"column":8},"end":{"line":43,"column":31}},"30":{"start":{"line":47,"column":16},"end":{"line":47,"column":37}},"31":{"start":{"line":49,"column":4},"end":{"line":49,"column":45}},"32":{"start":{"line":51,"column":4},"end":{"line":57,"column":6}},"33":{"start":{"line":60,"column":2},"end":{"line":87,"column":5}},"34":{"start":{"line":61,"column":16},"end":{"line":61,"column":37}},"35":{"start":{"line":65,"column":4},"end":{"line":71,"column":5}},"36":{"start":{"line":66,"column":6},"end":{"line":66,"column":38}},"37":{"start":{"line":67,"column":6},"end":{"line":67,"column":20}},"38":{"start":{"line":69,"column":6},"end":{"line":69,"column":17}},"39":{"start":{"line":70,"column":6},"end":{"line":70,"column":21}},"40":{"start":{"line":73,"column":4},"end":{"line":79,"column":6}},"41":{"start":{"line":81,"column":4},"end":{"line":86,"column":5}},"42":{"start":{"line":82,"column":6},"end":{"line":85,"column":9}},"43":{"start":{"line":83,"column":8},"end":{"line":84,"column":42}}},"fnMap":{"0":{"name":"(anonymous_0)","decl":{"start":{"line":5,"column":17},"end":{"line":5,"column":18}},"loc":{"start":{"line":5,"column":39},"end":{"line":88,"column":1}},"line":5},"1":{"name":"(anonymous_1)","decl":{"start":{"line":8,"column":35},"end":{"line":8,"column":36}},"loc":{"start":{"line":8,"column":69},"end":{"line":58,"column":3}},"line":8},"2":{"name":"matchProps","decl":{"start":{"line":11,"column":13},"end":{"line":11,"column":23}},"loc":{"start":{"line":11,"column":38},"end":{"line":45,"column":5}},"line":11},"3":{"name":"isArray","decl":{"start":{"line":12,"column":15},"end":{"line":12,"column":22}},"loc":{"start":{"line":12,"column":30},"end":{"line":14,"column":7}},"line":12},"4":{"name":"isObject","decl":{"start":{"line":16,"column":15},"end":{"line":16,"column":23}},"loc":{"start":{"line":16,"column":31},"end":{"line":18,"column":7}},"line":16},"5":{"name":"(anonymous_5)","decl":{"start":{"line":60,"column":37},"end":{"line":60,"column":38}},"loc":{"start":{"line":60,"column":62},"end":{"line":87,"column":3}},"line":60},"6":{"name":"(anonymous_6)","decl":{"start":{"line":82,"column":33},"end":{"line":82,"column":34}},"loc":{"start":{"line":82,"column":40},"end":{"line":85,"column":7}},"line":82}},"branchMap":{"0":{"loc":{"start":{"line":9,"column":14},"end":{"line":9,"column":50}},"type":"cond-expr","locations":[{"start":{"line":9,"column":38},"end":{"line":9,"column":45}},{"start":{"line":9,"column":48},"end":{"line":9,"column":50}}],"line":9},"1":{"loc":{"start":{"line":17,"column":15},"end":{"line":17,"column":58}},"type":"binary-expr","locations":[{"start":{"line":17,"column":15},"end":{"line":17,"column":29}},{"start":{"line":17,"column":33},"end":{"line":17,"column":58}}],"line":17},"2":{"loc":{"start":{"line":20,"column":6},"end":{"line":44,"column":7}},"type":"if","locations":[{"start":{"line":20,"column":6},"end":{"line":44,"column":7}},{"start":{"line":20,"column":6},"end":{"line":44,"column":7}}],"line":20},"3":{"loc":{"start":{"line":21,"column":8},"end":{"line":21,"column":46}},"type":"if","locations":[{"start":{"line":21,"column":8},"end":{"line":21,"column":46}},{"start":{"line":21,"column":8},"end":{"line":21,"column":46}}],"line":21},"4":{"loc":{"start":{"line":23,"column":8},"end":{"line":23,"column":60}},"type":"if","locations":[{"start":{"line":23,"column":8},"end":{"line":23,"column":60}},{"start":{"line":23,"column":8},"end":{"line":23,"column":60}}],"line":23},"5":{"loc":{"start":{"line":25,"column":10},"end":{"line":25,"column":64}},"type":"if","locations":[{"start":{"line":25,"column":10},"end":{"line":25,"column":64}},{"start":{"line":25,"column":10},"end":{"line":25,"column":64}}],"line":25},"6":{"loc":{"start":{"line":29,"column":13},"end":{"line":44,"column":7}},"type":"if","locations":[{"start":{"line":29,"column":13},"end":{"line":44,"column":7}},{"start":{"line":29,"column":13},"end":{"line":44,"column":7}}],"line":29},"7":{"loc":{"start":{"line":30,"column":8},"end":{"line":30,"column":47}},"type":"if","locations":[{"start":{"line":30,"column":8},"end":{"line":30,"column":47}},{"start":{"line":30,"column":8},"end":{"line":30,"column":47}}],"line":30},"8":{"loc":{"start":{"line":36,"column":10},"end":{"line":36,"column":48}},"type":"if","locations":[{"start":{"line":36,"column":10},"end":{"line":36,"column":48}},{"start":{"line":36,"column":10},"end":{"line":36,"column":48}}],"line":36},"9":{"loc":{"start":{"line":38,"column":10},"end":{"line":38,"column":68}},"type":"if","locations":[{"start":{"line":38,"column":10},"end":{"line":38,"column":68}},{"start":{"line":38,"column":10},"end":{"line":38,"column":68}}],"line":38},"10":{"loc":{"start":{"line":81,"column":4},"end":{"line":86,"column":5}},"type":"if","locations":[{"start":{"line":81,"column":4},"end":{"line":86,"column":5}},{"start":{"line":81,"column":4},"end":{"line":86,"column":5}}],"line":81},"11":{"loc":{"start":{"line":81,"column":8},"end":{"line":81,"column":38}},"type":"binary-expr","locations":[{"start":{"line":81,"column":8},"end":{"line":81,"column":15}},{"start":{"line":81,"column":19},"end":{"line":81,"column":38}}],"line":81}},"s":{"0":7,"1":7,"2":7,"3":7,"4":51,"5":877,"6":807,"7":798,"8":79,"9":0,"10":79,"11":0,"12":79,"13":79,"14":654,"15":0,"16":79,"17":719,"18":88,"19":0,"20":88,"21":88,"22":88,"23":93,"24":93,"25":0,"26":93,"27":0,"28":88,"29":631,"30":51,"31":51,"32":51,"33":7,"34":99,"35":99,"36":99,"37":45,"38":54,"39":54,"40":99,"41":99,"42":8,"43":16},"f":{"0":7,"1":51,"2":798,"3":877,"4":807,"5":99,"6":16},"b":{"0":[2,49],"1":[807,807],"2":[79,719],"3":[0,79],"4":[0,79],"5":[0,654],"6":[88,631],"7":[0,88],"8":[0,93],"9":[0,93],"10":[8,91],"11":[99,54]},"_coverageSchema":"1a1c01bbd47fc00a2c39e90264f33305004495a9","hash":"4bd4fc11572442b37490763e1c1ceeb7e859e996"}
}
