TN:
SF:lib\grammar-error.js
FN:5,(anonymous_0)
FNF:1
FNH:1
FNDA:55,(anonymous_0)
DA:6,55
DA:7,55
DA:8,55
DA:10,55
DA:11,55
DA:16,9
LF:6
LH:6
BRDA:10,0,0,55
BRDA:10,0,1,0
BRF:2
BRH:1
end_of_record
TN:
SF:lib\parser.js
FN:25,extractOptional
FN:29,extractList
FN:30,(anonymous_2)
FN:33,buildList
FN:38,peg$subclass
FN:39,C
FN:44,peg$SyntaxError
FN:58,(anonymous_7)
FN:60,(anonymous_8)
FN:64,(anonymous_9)
FN:65,(anonymous_10)
FN:74,(anonymous_11)
FN:78,(anonymous_12)
FN:82,(anonymous_13)
FN:87,hex
FN:91,literalEscape
FN:99,(anonymous_16)
FN:100,(anonymous_17)
FN:103,classEscape
FN:113,(anonymous_19)
FN:114,(anonymous_20)
FN:117,describeExpectation
FN:121,describeExpected
FN:151,describeFound
FN:158,peg$parse
FN:166,(anonymous_25)
FN:179,(anonymous_26)
FN:182,(anonymous_27)
FN:187,(anonymous_28)
FN:204,(anonymous_29)
FN:213,(anonymous_30)
FN:223,(anonymous_31)
FN:234,(anonymous_32)
FN:242,(anonymous_33)
FN:255,(anonymous_34)
FN:272,(anonymous_35)
FN:281,(anonymous_36)
FN:284,(anonymous_37)
FN:325,(anonymous_38)
FN:327,(anonymous_39)
FN:332,(anonymous_40)
FN:340,(anonymous_41)
FN:351,(anonymous_42)
FN:354,(anonymous_43)
FN:362,(anonymous_44)
FN:365,(anonymous_45)
FN:373,(anonymous_46)
FN:382,(anonymous_47)
FN:385,(anonymous_48)
FN:388,(anonymous_49)
FN:391,(anonymous_50)
FN:394,(anonymous_51)
FN:397,(anonymous_52)
FN:400,(anonymous_53)
FN:403,(anonymous_54)
FN:408,(anonymous_55)
FN:417,(anonymous_56)
FN:419,(anonymous_57)
FN:536,text
FN:540,location
FN:544,expected
FN:556,error
FN:564,peg$literalExpectation
FN:568,peg$classExpectation
FN:572,peg$anyExpectation
FN:576,peg$endExpectation
FN:580,peg$otherExpectation
FN:584,peg$computePosDetails
FN:619,peg$computeLocation
FN:637,peg$fail
FN:648,peg$buildSimpleError
FN:652,peg$buildStructuredError
FN:661,peg$parseGrammar
FN:767,peg$parseTopLevelInitializer
FN:814,peg$parseInitializer
FN:837,peg$parseRule
FN:913,peg$parseChoiceExpression
FN:1005,peg$parseActionExpression
FN:1045,peg$parseSequenceExpression
FN:1101,peg$parseLabeledExpression
FN:1151,peg$parsePrefixedExpression
FN:1183,peg$parsePrefixedOperator
FN:1215,peg$parseSuffixedExpression
FN:1247,peg$parseSuffixedOperator
FN:1279,peg$parsePrimaryExpression
FN:1347,peg$parseRuleReferenceExpression
FN:1422,peg$parseSemanticPredicateExpression
FN:1451,peg$parseSemanticPredicateOperator
FN:1474,peg$parseSourceCharacter
FN:1488,peg$parseWhiteSpace
FN:1556,peg$parseLineTerminator
FN:1570,peg$parseLineTerminatorSequence
FN:1626,peg$parseComment
FN:1643,peg$parseMultiLineComment
FN:1746,peg$parseMultiLineCommentNoLineTerminator
FN:1855,peg$parseSingleLineComment
FN:1934,peg$parseIdentifier
FN:1966,peg$parseIdentifierName
FN:2000,peg$parseIdentifierStart
FN:2050,peg$parseIdentifierPart
FN:2085,peg$parseUnicodeLetter
FN:2108,peg$parseUnicodeCombiningMark
FN:2119,peg$parseReservedWord
FN:2136,peg$parseKeyword
FN:2219,peg$parseFutureReservedWord
FN:2245,peg$parseBooleanLiteral
FN:2256,peg$parseLiteralMatcher
FN:2294,peg$parseStringLiteral
FN:2387,peg$parseDoubleStringCharacter
FN:2464,peg$parseSingleStringCharacter
FN:2541,peg$parseCharacterClassMatcher
FN:2629,peg$parseClassCharacterRange
FN:2664,peg$parseClassCharacter
FN:2741,peg$parseLineContinuation
FN:2770,peg$parseEscapeSequence
FN:2817,peg$parseCharacterEscapeSequence
FN:2828,peg$parseSingleEscapeCharacter
FN:2950,peg$parseNonEscapeCharacter
FN:2985,peg$parseEscapeCharacter
FN:3014,peg$parseHexEscapeSequence
FN:3063,peg$parseUnicodeEscapeSequence
FN:3124,peg$parseDecimalDigit
FN:3138,peg$parseHexDigit
FN:3152,peg$parseAnyMatcher
FN:3172,peg$parseCodeBlock
FN:3219,peg$parseCode
FN:3442,peg$parseLl
FN:3456,peg$parseLm
FN:3470,peg$parseLo
FN:3484,peg$parseLt
FN:3498,peg$parseLu
FN:3512,peg$parseMc
FN:3526,peg$parseMn
FN:3540,peg$parseNd
FN:3554,peg$parseNl
FN:3568,peg$parsePc
FN:3582,peg$parseZs
FN:3596,peg$parseBreakToken
FN:3633,peg$parseCaseToken
FN:3670,peg$parseCatchToken
FN:3707,peg$parseClassToken
FN:3744,peg$parseConstToken
FN:3781,peg$parseContinueToken
FN:3818,peg$parseDebuggerToken
FN:3855,peg$parseDefaultToken
FN:3892,peg$parseDeleteToken
FN:3929,peg$parseDoToken
FN:3966,peg$parseElseToken
FN:4003,peg$parseEnumToken
FN:4040,peg$parseExportToken
FN:4077,peg$parseExtendsToken
FN:4114,peg$parseFalseToken
FN:4151,peg$parseFinallyToken
FN:4188,peg$parseForToken
FN:4225,peg$parseFunctionToken
FN:4262,peg$parseIfToken
FN:4299,peg$parseImportToken
FN:4336,peg$parseInstanceofToken
FN:4373,peg$parseInToken
FN:4410,peg$parseNewToken
FN:4447,peg$parseNullToken
FN:4484,peg$parseReturnToken
FN:4521,peg$parseSuperToken
FN:4558,peg$parseSwitchToken
FN:4595,peg$parseThisToken
FN:4632,peg$parseThrowToken
FN:4669,peg$parseTrueToken
FN:4706,peg$parseTryToken
FN:4743,peg$parseTypeofToken
FN:4780,peg$parseVarToken
FN:4817,peg$parseVoidToken
FN:4854,peg$parseWhileToken
FN:4891,peg$parseWithToken
FN:4928,peg$parse__
FN:4953,peg$parse_
FN:4972,peg$parseEOS
FN:5043,peg$parseEOF
FNF:177
FNH:165
FNDA:3012,extractOptional
FNDA:2752,extractList
FNDA:3443,(anonymous_2)
FNDA:1246,buildList
FNDA:12,peg$subclass
FNDA:12,C
FNDA:24,peg$SyntaxError
FNDA:23,(anonymous_7)
FNDA:234,(anonymous_8)
FNDA:0,(anonymous_9)
FNDA:0,(anonymous_10)
FNDA:0,(anonymous_11)
FNDA:0,(anonymous_12)
FNDA:275,(anonymous_13)
FNDA:0,hex
FNDA:257,literalEscape
FNDA:0,(anonymous_16)
FNDA:0,(anonymous_17)
FNDA:0,classEscape
FNDA:0,(anonymous_19)
FNDA:0,(anonymous_20)
FNDA:509,describeExpectation
FNDA:23,describeExpected
FNDA:23,describeFound
FNDA:1530,peg$parse
FNDA:1506,(anonymous_25)
FNDA:3,(anonymous_26)
FNDA:118,(anonymous_27)
FNDA:1795,(anonymous_28)
FNDA:2741,(anonymous_29)
FNDA:3134,(anonymous_30)
FNDA:3134,(anonymous_31)
FNDA:880,(anonymous_32)
FNDA:210,(anonymous_33)
FNDA:399,(anonymous_34)
FNDA:939,(anonymous_35)
FNDA:915,(anonymous_36)
FNDA:864,(anonymous_37)
FNDA:1516,(anonymous_38)
FNDA:4644,(anonymous_39)
FNDA:151,(anonymous_40)
FNDA:5264,(anonymous_41)
FNDA:5433,(anonymous_42)
FNDA:6509,(anonymous_43)
FNDA:257,(anonymous_44)
FNDA:283,(anonymous_45)
FNDA:116,(anonymous_46)
FNDA:14,(anonymous_47)
FNDA:2,(anonymous_48)
FNDA:2,(anonymous_49)
FNDA:2,(anonymous_50)
FNDA:78,(anonymous_51)
FNDA:34,(anonymous_52)
FNDA:2,(anonymous_53)
FNDA:2,(anonymous_54)
FNDA:11,(anonymous_55)
FNDA:140,(anonymous_56)
FNDA:1463,(anonymous_57)
FNDA:6510,text
FNDA:14098,location
FNDA:0,expected
FNDA:1,error
FNDA:130050,peg$literalExpectation
FNDA:22950,peg$classExpectation
FNDA:1530,peg$anyExpectation
FNDA:0,peg$endExpectation
FNDA:12240,peg$otherExpectation
FNDA:28244,peg$computePosDetails
FNDA:14122,peg$computeLocation
FNDA:220808,peg$fail
FNDA:1,peg$buildSimpleError
FNDA:23,peg$buildStructuredError
FNDA:1530,peg$parseGrammar
FNDA:1530,peg$parseTopLevelInitializer
FNDA:1530,peg$parseInitializer
FNDA:3325,peg$parseRule
FNDA:2758,peg$parseChoiceExpression
FNDA:3152,peg$parseActionExpression
FNDA:3152,peg$parseSequenceExpression
FNDA:7541,peg$parseLabeledExpression
FNDA:7541,peg$parsePrefixedExpression
FNDA:7541,peg$parsePrefixedOperator
FNDA:7974,peg$parseSuffixedExpression
FNDA:4389,peg$parseSuffixedOperator
FNDA:15548,peg$parsePrimaryExpression
FNDA:9886,peg$parseRuleReferenceExpression
FNDA:8971,peg$parseSemanticPredicateExpression
FNDA:8971,peg$parseSemanticPredicateOperator
FNDA:37333,peg$parseSourceCharacter
FNDA:47398,peg$parseWhiteSpace
FNDA:6636,peg$parseLineTerminator
FNDA:36759,peg$parseLineTerminatorSequence
FNDA:33254,peg$parseComment
FNDA:33254,peg$parseMultiLineComment
FNDA:1911,peg$parseMultiLineCommentNoLineTerminator
FNDA:35128,peg$parseSingleLineComment
FNDA:7541,peg$parseIdentifier
FNDA:20752,peg$parseIdentifierName
FNDA:36743,peg$parseIdentifierStart
FNDA:15991,peg$parseIdentifierPart
FNDA:36743,peg$parseUnicodeLetter
FNDA:4659,peg$parseUnicodeCombiningMark
FNDA:7541,peg$parseReservedWord
FNDA:7541,peg$parseKeyword
FNDA:7541,peg$parseFutureReservedWord
FNDA:7541,peg$parseBooleanLiteral
FNDA:15548,peg$parseLiteralMatcher
FNDA:18676,peg$parseStringLiteral
FNDA:36,peg$parseDoubleStringCharacter
FNDA:11510,peg$parseSingleStringCharacter
FNDA:10284,peg$parseCharacterClassMatcher
FNDA:547,peg$parseClassCharacterRange
FNDA:1094,peg$parseClassCharacter
FNDA:5991,peg$parseLineContinuation
FNDA:164,peg$parseEscapeSequence
FNDA:164,peg$parseCharacterEscapeSequence
FNDA:198,peg$parseSingleEscapeCharacter
FNDA:34,peg$parseNonEscapeCharacter
FNDA:34,peg$parseEscapeCharacter
FNDA:24,peg$parseHexEscapeSequence
FNDA:23,peg$parseUnicodeEscapeSequence
FNDA:38,peg$parseDecimalDigit
FNDA:36,peg$parseHexDigit
FNDA:10026,peg$parseAnyMatcher
FNDA:5648,peg$parseCodeBlock
FNDA:1592,peg$parseCode
FNDA:36239,peg$parseLl
FNDA:20823,peg$parseLm
FNDA:20823,peg$parseLo
FNDA:20823,peg$parseLt
FNDA:36743,peg$parseLu
FNDA:4656,peg$parseMc
FNDA:4659,peg$parseMn
FNDA:4656,peg$parseNd
FNDA:20823,peg$parseNl
FNDA:4653,peg$parsePc
FNDA:36748,peg$parseZs
FNDA:7541,peg$parseBreakToken
FNDA:7541,peg$parseCaseToken
FNDA:7541,peg$parseCatchToken
FNDA:7541,peg$parseClassToken
FNDA:7541,peg$parseConstToken
FNDA:7541,peg$parseContinueToken
FNDA:7541,peg$parseDebuggerToken
FNDA:7541,peg$parseDefaultToken
FNDA:7541,peg$parseDeleteToken
FNDA:7541,peg$parseDoToken
FNDA:7541,peg$parseElseToken
FNDA:7541,peg$parseEnumToken
FNDA:7541,peg$parseExportToken
FNDA:7541,peg$parseExtendsToken
FNDA:7541,peg$parseFalseToken
FNDA:7541,peg$parseFinallyToken
FNDA:7541,peg$parseForToken
FNDA:7541,peg$parseFunctionToken
FNDA:7541,peg$parseIfToken
FNDA:7541,peg$parseImportToken
FNDA:7541,peg$parseInstanceofToken
FNDA:7541,peg$parseInToken
FNDA:7541,peg$parseNewToken
FNDA:7541,peg$parseNullToken
FNDA:7541,peg$parseReturnToken
FNDA:7541,peg$parseSuperToken
FNDA:7541,peg$parseSwitchToken
FNDA:7541,peg$parseThisToken
FNDA:7541,peg$parseThrowToken
FNDA:7541,peg$parseTrueToken
FNDA:7541,peg$parseTryToken
FNDA:7541,peg$parseTypeofToken
FNDA:7541,peg$parseVarToken
FNDA:7541,peg$parseVoidToken
FNDA:7541,peg$parseWhileToken
FNDA:7541,peg$parseWithToken
FNDA:33211,peg$parse__
FNDA:1907,peg$parse_
FNDA:1923,peg$parseEOS
FNDA:1505,peg$parseEOF
DA:8,12
DA:14,12
DA:20,12
DA:26,3012
DA:30,3443
DA:34,1246
DA:39,12
DA:40,12
DA:41,12
DA:45,24
DA:46,24
DA:47,24
DA:48,24
DA:49,24
DA:51,24
DA:52,24
DA:56,12
DA:58,12
DA:59,23
DA:61,234
DA:65,0
DA:66,0
DA:71,0
DA:75,0
DA:79,0
DA:83,275
DA:88,0
DA:92,257
DA:99,0
DA:100,0
DA:104,0
DA:113,0
DA:114,0
DA:118,509
DA:122,23
DA:125,23
DA:127,23
DA:128,23
DA:129,486
DA:130,230
DA:131,230
DA:134,23
DA:137,23
DA:139,0
DA:142,0
DA:145,23
DA:152,23
DA:155,23
DA:159,1530
DA:161,1530
DA:163,1530
DA:164,1530
DA:166,1530
DA:167,1506
DA:175,1530
DA:176,1530
DA:177,1530
DA:178,1530
DA:179,1530
DA:180,3
DA:182,1530
DA:183,118
DA:185,1530
DA:186,1530
DA:187,1530
DA:188,1795
DA:202,1530
DA:203,1530
DA:204,1530
DA:205,2741
DA:213,1530
DA:214,3134
DA:223,1530
DA:224,3134
DA:232,1530
DA:233,1530
DA:234,1530
DA:235,880
DA:242,1530
DA:243,210
DA:249,1530
DA:250,1530
DA:251,1530
DA:252,1530
DA:253,1530
DA:254,1530
DA:255,1530
DA:256,399
DA:262,1530
DA:263,1530
DA:264,1530
DA:265,1530
DA:266,1530
DA:267,1530
DA:268,1530
DA:269,1530
DA:270,1530
DA:271,1530
DA:272,1530
DA:277,939
DA:281,1530
DA:282,915
DA:284,1530
DA:285,864
DA:291,1530
DA:292,1530
DA:293,1530
DA:294,1530
DA:295,1530
DA:296,1530
DA:297,1530
DA:298,1530
DA:299,1530
DA:300,1530
DA:301,1530
DA:302,1530
DA:303,1530
DA:304,1530
DA:305,1530
DA:306,1530
DA:307,1530
DA:308,1530
DA:309,1530
DA:310,1530
DA:311,1530
DA:312,1530
DA:313,1530
DA:314,1530
DA:315,1530
DA:316,1530
DA:317,1530
DA:318,1530
DA:319,1530
DA:320,1530
DA:321,1530
DA:322,1530
DA:323,1530
DA:324,1530
DA:325,1530
DA:326,1530
DA:327,4644
DA:328,1530
DA:329,1530
DA:330,1530
DA:331,1530
DA:332,1530
DA:333,1530
DA:334,1530
DA:335,1530
DA:336,1530
DA:337,1530
DA:338,1530
DA:339,1530
DA:340,1530
DA:341,5264
DA:348,1530
DA:349,1530
DA:350,1530
DA:351,5433
DA:352,1530
DA:353,1530
DA:354,6509
DA:355,1530
DA:356,1530
DA:357,1530
DA:358,1530
DA:359,1530
DA:360,1530
DA:361,1530
DA:362,1530
DA:363,257
DA:365,283
DA:371,1530
DA:372,1530
DA:373,1530
DA:374,116
DA:375,1
DA:380,115
DA:382,1530
DA:383,1530
DA:384,1530
DA:385,1530
DA:386,1530
DA:387,1530
DA:388,1530
DA:389,1530
DA:390,1530
DA:391,1530
DA:392,1530
DA:393,1530
DA:394,1530
DA:395,1530
DA:396,1530
DA:397,1530
DA:398,1530
DA:399,1530
DA:400,1530
DA:401,1530
DA:402,1530
DA:403,1530
DA:404,1530
DA:405,1530
DA:406,1530
DA:407,1530
DA:408,1530
DA:409,11
DA:411,1530
DA:412,1530
DA:413,1530
DA:414,1530
DA:415,1530
DA:416,1530
DA:417,1530
DA:418,1530
DA:419,1530
DA:420,1530
DA:421,1530
DA:422,1530
DA:423,1530
DA:424,1530
DA:425,1530
DA:426,1530
DA:427,1530
DA:428,1530
DA:429,1530
DA:430,1530
DA:431,1530
DA:432,1530
DA:433,1530
DA:434,1530
DA:435,1530
DA:436,1530
DA:437,1530
DA:438,1530
DA:439,1530
DA:440,1530
DA:441,1530
DA:442,1530
DA:443,1530
DA:444,1530
DA:445,1530
DA:446,1530
DA:447,1530
DA:448,1530
DA:449,1530
DA:450,1530
DA:451,1530
DA:452,1530
DA:453,1530
DA:454,1530
DA:455,1530
DA:456,1530
DA:457,1530
DA:458,1530
DA:459,1530
DA:460,1530
DA:461,1530
DA:462,1530
DA:463,1530
DA:464,1530
DA:465,1530
DA:466,1530
DA:467,1530
DA:468,1530
DA:469,1530
DA:470,1530
DA:471,1530
DA:472,1530
DA:473,1530
DA:474,1530
DA:475,1530
DA:476,1530
DA:477,1530
DA:478,1530
DA:479,1530
DA:480,1530
DA:481,1530
DA:482,1530
DA:483,1530
DA:484,1530
DA:485,1530
DA:486,1530
DA:487,1530
DA:488,1530
DA:489,1530
DA:490,1530
DA:491,1530
DA:492,1530
DA:493,1530
DA:494,1530
DA:495,1530
DA:496,1530
DA:497,1530
DA:498,1530
DA:499,1530
DA:500,1530
DA:501,1530
DA:502,1530
DA:503,1530
DA:504,1530
DA:505,1530
DA:506,1530
DA:507,1530
DA:508,1530
DA:509,1530
DA:510,1530
DA:511,1530
DA:512,1530
DA:513,1530
DA:514,1530
DA:515,1530
DA:516,1530
DA:517,1530
DA:519,1530
DA:520,1530
DA:521,1530
DA:522,1530
DA:523,1530
DA:524,1530
DA:528,1530
DA:529,0
DA:530,0
DA:533,0
DA:537,6510
DA:541,14098
DA:545,0
DA:549,0
DA:557,1
DA:561,1
DA:565,130050
DA:569,22950
DA:573,1530
DA:577,0
DA:581,12240
DA:585,28244
DA:588,28244
DA:589,19080
DA:591,9164
DA:592,9164
DA:593,51008
DA:596,9164
DA:597,9164
DA:602,9164
DA:603,60172
DA:604,675
DA:605,675
DA:607,59497
DA:610,60172
DA:613,9164
DA:615,9164
DA:620,14122
DA:621,14122
DA:623,14122
DA:638,220808
DA:640,176854
DA:641,11822
DA:642,11822
DA:645,176854
DA:649,1
DA:653,23
DA:664,1530
DA:665,1530
DA:666,1530
DA:667,1530
DA:668,1530
DA:669,1530
DA:670,3
DA:671,3
DA:672,3
DA:673,3
DA:675,0
DA:676,0
DA:679,1527
DA:680,1527
DA:682,1530
DA:683,1527
DA:685,1530
DA:686,1530
DA:687,1530
DA:688,1530
DA:689,118
DA:690,118
DA:691,118
DA:692,118
DA:694,0
DA:695,0
DA:698,1412
DA:699,1412
DA:701,1530
DA:702,1412
DA:704,1530
DA:705,1530
DA:706,1530
DA:707,1530
DA:708,1529
DA:709,1506
DA:710,1506
DA:711,1506
DA:712,1506
DA:714,0
DA:715,0
DA:718,23
DA:719,23
DA:721,1529
DA:722,1506
DA:723,1795
DA:724,1795
DA:725,1795
DA:726,1795
DA:727,289
DA:728,289
DA:729,289
DA:730,289
DA:732,0
DA:733,0
DA:736,1506
DA:737,1506
DA:741,23
DA:743,1529
DA:744,1506
DA:745,1506
DA:746,1506
DA:748,23
DA:749,23
DA:752,0
DA:753,0
DA:756,0
DA:757,0
DA:760,0
DA:761,0
DA:764,1529
DA:770,1530
DA:771,1530
DA:772,120
DA:773,120
DA:775,1410
DA:776,1410
DA:778,1530
DA:779,120
DA:780,120
DA:781,3
DA:782,3
DA:783,3
DA:785,0
DA:786,0
DA:788,3
DA:789,3
DA:790,3
DA:791,3
DA:792,3
DA:793,3
DA:795,0
DA:796,0
DA:799,0
DA:800,0
DA:803,117
DA:804,117
DA:807,1410
DA:808,1410
DA:811,1530
DA:817,1530
DA:818,1530
DA:819,1530
DA:820,118
DA:821,118
DA:822,118
DA:823,118
DA:824,118
DA:826,0
DA:827,0
DA:830,1412
DA:831,1412
DA:834,1530
DA:840,3325
DA:841,3325
DA:842,3325
DA:843,1819
DA:844,1819
DA:845,1819
DA:846,1819
DA:847,1819
DA:848,23
DA:849,23
DA:850,23
DA:851,23
DA:853,0
DA:854,0
DA:857,1796
DA:858,1796
DA:860,1819
DA:861,1796
DA:863,1819
DA:864,1819
DA:865,1819
DA:866,1819
DA:868,0
DA:869,0
DA:871,1819
DA:872,1819
DA:873,1819
DA:874,1819
DA:875,1818
DA:876,1802
DA:877,1802
DA:878,1795
DA:879,1795
DA:880,1795
DA:882,7
DA:883,7
DA:886,16
DA:887,16
DA:890,0
DA:891,0
DA:894,0
DA:895,0
DA:898,0
DA:899,0
DA:902,0
DA:903,0
DA:906,1506
DA:907,1506
DA:910,3324
DA:916,2758
DA:917,2758
DA:918,2757
DA:919,2741
DA:920,2741
DA:921,2741
DA:922,2741
DA:923,2741
DA:924,256
DA:925,256
DA:927,2485
DA:928,2485
DA:930,2741
DA:931,256
DA:932,256
DA:933,256
DA:934,256
DA:935,255
DA:936,255
DA:938,1
DA:939,1
DA:942,0
DA:943,0
DA:946,2485
DA:947,2485
DA:950,0
DA:951,0
DA:953,2741
DA:954,393
DA:955,393
DA:956,393
DA:957,393
DA:958,393
DA:959,138
DA:960,138
DA:962,255
DA:963,255
DA:965,393
DA:966,138
DA:967,138
DA:968,138
DA:969,138
DA:970,138
DA:971,138
DA:973,0
DA:974,0
DA:977,0
DA:978,0
DA:981,255
DA:982,255
DA:985,0
DA:986,0
DA:989,2741
DA:990,2741
DA:991,2741
DA:992,2741
DA:994,0
DA:995,0
DA:998,16
DA:999,16
DA:1002,2757
DA:1008,3152
DA:1009,3152
DA:1010,3151
DA:1011,3134
DA:1012,3134
DA:1013,3134
DA:1014,3134
DA:1015,3134
DA:1016,478
DA:1017,478
DA:1019,2656
DA:1020,2656
DA:1023,0
DA:1024,0
DA:1026,3134
DA:1027,2656
DA:1029,3134
DA:1030,3134
DA:1031,3134
DA:1032,3134
DA:1034,0
DA:1035,0
DA:1038,17
DA:1039,17
DA:1042,3151
DA:1048,3152
DA:1049,3152
DA:1050,3151
DA:1051,3134
DA:1052,3134
DA:1053,3134
DA:1054,3134
DA:1055,3134
DA:1056,3134
DA:1057,991
DA:1058,991
DA:1060,2143
DA:1061,2143
DA:1064,0
DA:1065,0
DA:1067,3134
DA:1068,1255
DA:1069,1255
DA:1070,1255
DA:1071,1255
DA:1072,1255
DA:1073,1255
DA:1074,264
DA:1075,264
DA:1077,991
DA:1078,991
DA:1081,0
DA:1082,0
DA:1085,3134
DA:1086,3134
DA:1087,3134
DA:1088,3134
DA:1090,0
DA:1091,0
DA:1094,17
DA:1095,17
DA:1098,3151
DA:1104,7541
DA:1105,7541
DA:1106,7541
DA:1107,1516
DA:1108,1516
DA:1109,1516
DA:1110,880
DA:1111,880
DA:1113,636
DA:1114,636
DA:1116,1516
DA:1117,880
DA:1118,880
DA:1119,880
DA:1120,880
DA:1121,880
DA:1122,880
DA:1123,880
DA:1125,0
DA:1126,0
DA:1129,0
DA:1130,0
DA:1133,636
DA:1134,636
DA:1137,0
DA:1138,0
DA:1141,6025
DA:1142,6025
DA:1144,7541
DA:1145,6661
DA:1148,7540
DA:1154,7541
DA:1155,7541
DA:1156,7541
DA:1157,643
DA:1158,643
DA:1159,643
DA:1160,643
DA:1161,210
DA:1162,210
DA:1163,210
DA:1165,433
DA:1166,433
DA:1169,0
DA:1170,0
DA:1173,6898
DA:1174,6898
DA:1176,7541
DA:1177,7331
DA:1180,7540
DA:1186,7541
DA:1187,48
DA:1188,48
DA:1190,7493
DA:1191,7493
DA:1193,7541
DA:1194,7493
DA:1195,288
DA:1196,288
DA:1198,7205
DA:1199,7205
DA:1201,7493
DA:1202,7205
DA:1203,307
DA:1204,307
DA:1206,6898
DA:1207,6898
DA:1212,7541
DA:1218,7974
DA:1219,7974
DA:1220,7973
DA:1221,4389
DA:1222,4389
DA:1223,4389
DA:1224,4389
DA:1225,399
DA:1226,399
DA:1227,399
DA:1229,3990
DA:1230,3990
DA:1233,0
DA:1234,0
DA:1237,3584
DA:1238,3584
DA:1240,7973
DA:1241,7574
DA:1244,7973
DA:1250,4389
DA:1251,103
DA:1252,103
DA:1254,4286
DA:1255,4286
DA:1257,4389
DA:1258,4286
DA:1259,167
DA:1260,167
DA:1262,4119
DA:1263,4119
DA:1265,4286
DA:1266,4119
DA:1267,129
DA:1268,129
DA:1270,3990
DA:1271,3990
DA:1276,4389
DA:1282,15548
DA:1283,15548
DA:1284,10284
DA:1285,10283
DA:1286,10026
DA:1287,10026
DA:1288,9886
DA:1289,9886
DA:1290,8971
DA:1291,8971
DA:1292,8107
DA:1293,8107
DA:1294,939
DA:1295,939
DA:1297,7168
DA:1298,7168
DA:1300,8107
DA:1301,939
DA:1302,939
DA:1303,939
DA:1304,939
DA:1305,939
DA:1306,939
DA:1307,939
DA:1308,939
DA:1309,939
DA:1311,0
DA:1312,0
DA:1314,939
DA:1315,939
DA:1316,939
DA:1317,939
DA:1319,0
DA:1320,0
DA:1323,0
DA:1324,0
DA:1327,0
DA:1328,0
DA:1331,0
DA:1332,0
DA:1335,7168
DA:1336,7168
DA:1344,15547
DA:1350,9886
DA:1351,9886
DA:1352,9886
DA:1353,1309
DA:1354,1309
DA:1355,1309
DA:1356,1309
DA:1357,1309
DA:1358,1309
DA:1359,1309
DA:1360,1309
DA:1361,146
DA:1362,146
DA:1363,146
DA:1364,146
DA:1366,0
DA:1367,0
DA:1370,1163
DA:1371,1163
DA:1373,1309
DA:1374,1163
DA:1376,1309
DA:1377,1309
DA:1378,394
DA:1379,394
DA:1381,915
DA:1382,915
DA:1384,1309
DA:1385,394
DA:1386,394
DA:1388,915
DA:1389,915
DA:1392,0
DA:1393,0
DA:1396,0
DA:1397,0
DA:1399,1309
DA:1400,1309
DA:1401,915
DA:1403,394
DA:1404,394
DA:1406,1309
DA:1407,915
DA:1408,915
DA:1409,915
DA:1411,394
DA:1412,394
DA:1415,8577
DA:1416,8577
DA:1419,9886
DA:1425,8971
DA:1426,8971
DA:1427,8971
DA:1428,864
DA:1429,864
DA:1430,864
DA:1431,864
DA:1432,864
DA:1433,864
DA:1434,864
DA:1436,0
DA:1437,0
DA:1440,0
DA:1441,0
DA:1444,8107
DA:1445,8107
DA:1448,8971
DA:1454,8971
DA:1455,432
DA:1456,432
DA:1458,8539
DA:1459,8539
DA:1461,8971
DA:1462,8539
DA:1463,432
DA:1464,432
DA:1466,8107
DA:1467,8107
DA:1471,8971
DA:1477,37333
DA:1478,37320
DA:1479,37320
DA:1481,13
DA:1482,13
DA:1485,37333
DA:1491,47398
DA:1492,47398
DA:1493,1
DA:1494,1
DA:1496,47397
DA:1497,47397
DA:1499,47398
DA:1500,47397
DA:1501,1
DA:1502,1
DA:1504,47396
DA:1505,47396
DA:1507,47397
DA:1508,47396
DA:1509,1
DA:1510,1
DA:1512,47395
DA:1513,47395
DA:1515,47396
DA:1516,47395
DA:1517,10645
DA:1518,10645
DA:1520,36750
DA:1521,36750
DA:1523,47395
DA:1524,36750
DA:1525,1
DA:1526,1
DA:1528,36749
DA:1529,36749
DA:1531,36750
DA:1532,36749
DA:1533,1
DA:1534,1
DA:1536,36748
DA:1537,36748
DA:1539,36749
DA:1540,36748
DA:1547,47398
DA:1548,47398
DA:1549,36747
DA:1550,36747
DA:1553,47398
DA:1559,6636
DA:1560,42
DA:1561,42
DA:1563,6594
DA:1564,6594
DA:1567,6636
DA:1573,36759
DA:1574,36759
DA:1575,1930
DA:1576,1930
DA:1578,34829
DA:1579,34829
DA:1581,36759
DA:1582,34829
DA:1583,65
DA:1584,65
DA:1586,34764
DA:1587,34764
DA:1589,34829
DA:1590,34764
DA:1591,1
DA:1592,1
DA:1594,34763
DA:1595,34763
DA:1597,34764
DA:1598,34763
DA:1599,1
DA:1600,1
DA:1602,34762
DA:1603,34762
DA:1605,34763
DA:1606,34762
DA:1607,1
DA:1608,1
DA:1610,34761
DA:1611,34761
DA:1617,36759
DA:1618,36759
DA:1619,34761
DA:1620,34761
DA:1623,36759
DA:1629,33254
DA:1630,33254
DA:1631,33254
DA:1632,33221
DA:1634,33254
DA:1635,33254
DA:1636,33211
DA:1637,33211
DA:1640,33254
DA:1646,33254
DA:1647,33254
DA:1648,33
DA:1649,33
DA:1651,33221
DA:1652,33221
DA:1654,33254
DA:1655,33
DA:1656,33
DA:1657,33
DA:1658,33
DA:1659,33
DA:1660,8
DA:1661,8
DA:1663,25
DA:1664,25
DA:1666,33
DA:1667,33
DA:1668,25
DA:1670,8
DA:1671,8
DA:1673,33
DA:1674,25
DA:1675,25
DA:1676,25
DA:1677,25
DA:1679,0
DA:1680,0
DA:1683,8
DA:1684,8
DA:1686,33
DA:1687,93
DA:1688,93
DA:1689,93
DA:1690,93
DA:1691,93
DA:1692,25
DA:1693,25
DA:1695,68
DA:1696,68
DA:1698,93
DA:1699,93
DA:1700,68
DA:1702,25
DA:1703,25
DA:1705,93
DA:1706,68
DA:1707,68
DA:1708,68
DA:1709,68
DA:1711,0
DA:1712,0
DA:1715,25
DA:1716,25
DA:1719,33
DA:1720,33
DA:1721,33
DA:1722,33
DA:1724,0
DA:1725,0
DA:1727,33
DA:1728,33
DA:1729,33
DA:1731,0
DA:1732,0
DA:1735,0
DA:1736,0
DA:1739,33221
DA:1740,33221
DA:1743,33254
DA:1749,1911
DA:1750,1911
DA:1751,5
DA:1752,5
DA:1754,1906
DA:1755,1906
DA:1757,1911
DA:1758,5
DA:1759,5
DA:1760,5
DA:1761,5
DA:1762,5
DA:1763,1
DA:1764,1
DA:1766,4
DA:1767,4
DA:1769,5
DA:1770,4
DA:1772,5
DA:1773,5
DA:1774,3
DA:1776,2
DA:1777,2
DA:1779,5
DA:1780,3
DA:1781,3
DA:1782,3
DA:1783,3
DA:1785,0
DA:1786,0
DA:1789,2
DA:1790,2
DA:1792,5
DA:1793,13
DA:1794,13
DA:1795,13
DA:1796,13
DA:1797,13
DA:1798,3
DA:1799,3
DA:1801,10
DA:1802,10
DA:1804,13
DA:1805,10
DA:1807,13
DA:1808,13
DA:1809,10
DA:1811,3
DA:1812,3
DA:1814,13
DA:1815,10
DA:1816,10
DA:1817,10
DA:1818,10
DA:1820,0
DA:1821,0
DA:1824,3
DA:1825,3
DA:1828,5
DA:1829,5
DA:1830,4
DA:1831,4
DA:1833,1
DA:1834,1
DA:1836,5
DA:1837,4
DA:1838,4
DA:1840,1
DA:1841,1
DA:1844,0
DA:1845,0
DA:1848,1906
DA:1849,1906
DA:1852,1911
DA:1858,35128
DA:1859,35128
DA:1860,11
DA:1861,11
DA:1863,35117
DA:1864,35117
DA:1866,35128
DA:1867,11
DA:1868,11
DA:1869,11
DA:1870,11
DA:1871,11
DA:1872,11
DA:1873,11
DA:1874,9
DA:1876,2
DA:1877,2
DA:1879,11
DA:1880,9
DA:1881,9
DA:1882,9
DA:1883,9
DA:1885,0
DA:1886,0
DA:1889,2
DA:1890,2
DA:1892,11
DA:1893,60
DA:1894,60
DA:1895,60
DA:1896,60
DA:1897,60
DA:1898,60
DA:1899,60
DA:1900,51
DA:1902,9
DA:1903,9
DA:1905,60
DA:1906,51
DA:1907,51
DA:1908,51
DA:1909,51
DA:1911,0
DA:1912,0
DA:1915,9
DA:1916,9
DA:1919,11
DA:1920,11
DA:1921,11
DA:1923,0
DA:1924,0
DA:1927,35117
DA:1928,35117
DA:1931,35128
DA:1937,7541
DA:1938,7541
DA:1939,7541
DA:1940,7541
DA:1941,7541
DA:1942,7541
DA:1943,7541
DA:1945,0
DA:1946,0
DA:1948,7541
DA:1949,7541
DA:1950,7541
DA:1951,1516
DA:1952,1516
DA:1953,1516
DA:1955,6025
DA:1956,6025
DA:1959,0
DA:1960,0
DA:1963,7541
DA:1969,20752
DA:1970,20752
DA:1971,20752
DA:1972,20752
DA:1973,4644
DA:1974,4644
DA:1975,4644
DA:1976,11347
DA:1977,11347
DA:1979,4644
DA:1980,4644
DA:1981,4644
DA:1982,4644
DA:1984,0
DA:1985,0
DA:1988,16108
DA:1989,16108
DA:1991,20752
DA:1992,20752
DA:1993,16108
DA:1994,16108
DA:1997,20752
DA:2003,36743
DA:2004,36743
DA:2005,20823
DA:2006,50
DA:2007,50
DA:2009,20773
DA:2010,20773
DA:2012,20823
DA:2013,20773
DA:2014,3
DA:2015,3
DA:2017,20770
DA:2018,20770
DA:2020,20773
DA:2021,20770
DA:2022,20770
DA:2023,3
DA:2024,3
DA:2026,20767
DA:2027,20767
DA:2029,20770
DA:2030,3
DA:2031,3
DA:2032,3
DA:2033,3
DA:2034,3
DA:2036,0
DA:2037,0
DA:2040,20767
DA:2041,20767
DA:2047,36743
DA:2053,15991
DA:2054,15991
DA:2055,4659
DA:2056,4659
DA:2057,4656
DA:2058,4656
DA:2059,4653
DA:2060,4653
DA:2061,4650
DA:2062,3
DA:2063,3
DA:2065,4647
DA:2066,4647
DA:2068,4650
DA:2069,4647
DA:2070,3
DA:2071,3
DA:2073,4644
DA:2074,4644
DA:2082,15991
DA:2088,36743
DA:2089,36743
DA:2090,36239
DA:2091,36239
DA:2092,20823
DA:2093,20823
DA:2094,20823
DA:2095,20823
DA:2096,20823
DA:2097,20823
DA:2098,20823
DA:2105,36743
DA:2111,4659
DA:2112,4659
DA:2113,4656
DA:2116,4659
DA:2122,7541
DA:2123,7541
DA:2124,7541
DA:2125,7541
DA:2126,7541
DA:2127,7541
DA:2128,7541
DA:2133,7541
DA:2139,7541
DA:2140,7541
DA:2141,7541
DA:2142,7541
DA:2143,7541
DA:2144,7541
DA:2145,7541
DA:2146,7541
DA:2147,7541
DA:2148,7541
DA:2149,7541
DA:2150,7541
DA:2151,7541
DA:2152,7541
DA:2153,7541
DA:2154,7541
DA:2155,7541
DA:2156,7541
DA:2157,7541
DA:2158,7541
DA:2159,7541
DA:2160,7541
DA:2161,7541
DA:2162,7541
DA:2163,7541
DA:2164,7541
DA:2165,7541
DA:2166,7541
DA:2167,7541
DA:2168,7541
DA:2169,7541
DA:2170,7541
DA:2171,7541
DA:2172,7541
DA:2173,7541
DA:2174,7541
DA:2175,7541
DA:2176,7541
DA:2177,7541
DA:2178,7541
DA:2179,7541
DA:2180,7541
DA:2181,7541
DA:2182,7541
DA:2183,7541
DA:2184,7541
DA:2185,7541
DA:2186,7541
DA:2187,7541
DA:2188,7541
DA:2189,7541
DA:2216,7541
DA:2222,7541
DA:2223,7541
DA:2224,7541
DA:2225,7541
DA:2226,7541
DA:2227,7541
DA:2228,7541
DA:2229,7541
DA:2230,7541
DA:2231,7541
DA:2232,7541
DA:2233,7541
DA:2234,7541
DA:2242,7541
DA:2248,7541
DA:2249,7541
DA:2250,7541
DA:2253,7541
DA:2259,15548
DA:2260,15548
DA:2261,15548
DA:2262,15548
DA:2263,5264
DA:2264,22
DA:2265,22
DA:2267,5242
DA:2268,5242
DA:2270,5264
DA:2271,5242
DA:2273,5264
DA:2274,5264
DA:2275,5264
DA:2276,5264
DA:2278,0
DA:2279,0
DA:2282,10284
DA:2283,10284
DA:2285,15548
DA:2286,15548
DA:2287,10284
DA:2288,10284
DA:2291,15548
DA:2297,18676
DA:2298,18676
DA:2299,18676
DA:2300,20
DA:2301,20
DA:2303,18656
DA:2304,18656
DA:2306,18676
DA:2307,20
DA:2308,20
DA:2309,20
DA:2310,16
DA:2311,16
DA:2313,20
DA:2314,20
DA:2315,14
DA:2316,14
DA:2318,6
DA:2319,6
DA:2321,20
DA:2322,14
DA:2323,14
DA:2324,14
DA:2326,6
DA:2327,6
DA:2330,0
DA:2331,0
DA:2334,18656
DA:2335,18656
DA:2337,18676
DA:2338,18662
DA:2339,18662
DA:2340,5435
DA:2341,5435
DA:2343,13227
DA:2344,13227
DA:2346,18662
DA:2347,5435
DA:2348,5435
DA:2349,5435
DA:2350,6075
DA:2351,6075
DA:2353,5435
DA:2354,5435
DA:2355,5419
DA:2356,5419
DA:2358,16
DA:2359,16
DA:2361,5435
DA:2362,5419
DA:2363,5419
DA:2364,5419
DA:2366,16
DA:2367,16
DA:2370,0
DA:2371,0
DA:2374,13227
DA:2375,13227
DA:2378,18676
DA:2379,18676
DA:2380,13243
DA:2381,13243
DA:2384,18676
DA:2390,36
DA:2391,36
DA:2392,36
DA:2393,36
DA:2394,14
DA:2395,14
DA:2397,22
DA:2398,22
DA:2400,36
DA:2401,22
DA:2402,6
DA:2403,6
DA:2405,16
DA:2406,16
DA:2408,22
DA:2409,16
DA:2412,36
DA:2413,36
DA:2414,14
DA:2416,22
DA:2417,22
DA:2419,36
DA:2420,14
DA:2421,14
DA:2422,10
DA:2423,10
DA:2424,10
DA:2426,4
DA:2427,4
DA:2430,22
DA:2431,22
DA:2433,36
DA:2434,26
DA:2435,26
DA:2436,6
DA:2437,6
DA:2439,20
DA:2440,20
DA:2442,26
DA:2443,6
DA:2444,6
DA:2445,4
DA:2446,4
DA:2447,4
DA:2449,2
DA:2450,2
DA:2453,20
DA:2454,20
DA:2456,26
DA:2457,22
DA:2461,36
DA:2467,11510
DA:2468,11510
DA:2469,11510
DA:2470,11510
DA:2471,5419
DA:2472,5419
DA:2474,6091
DA:2475,6091
DA:2477,11510
DA:2478,6091
DA:2479,142
DA:2480,142
DA:2482,5949
DA:2483,5949
DA:2485,6091
DA:2486,5949
DA:2489,11510
DA:2490,11510
DA:2491,5939
DA:2493,5571
DA:2494,5571
DA:2496,11510
DA:2497,5939
DA:2498,5939
DA:2499,5935
DA:2500,5935
DA:2501,5935
DA:2503,4
DA:2504,4
DA:2507,5571
DA:2508,5571
DA:2510,11510
DA:2511,5575
DA:2512,5575
DA:2513,142
DA:2514,142
DA:2516,5433
DA:2517,5433
DA:2519,5575
DA:2520,142
DA:2521,142
DA:2522,136
DA:2523,136
DA:2524,136
DA:2526,6
DA:2527,6
DA:2530,5433
DA:2531,5433
DA:2533,5575
DA:2534,5439
DA:2538,11510
DA:2544,10284
DA:2545,10284
DA:2546,10284
DA:2547,262
DA:2548,262
DA:2550,10022
DA:2551,10022
DA:2553,10284
DA:2554,262
DA:2555,20
DA:2556,20
DA:2558,242
DA:2559,242
DA:2561,262
DA:2562,242
DA:2564,262
DA:2565,262
DA:2566,262
DA:2567,261
DA:2568,156
DA:2570,261
DA:2571,285
DA:2572,285
DA:2573,285
DA:2574,275
DA:2577,261
DA:2578,261
DA:2579,257
DA:2580,257
DA:2582,4
DA:2583,4
DA:2585,261
DA:2586,257
DA:2587,20
DA:2588,20
DA:2590,237
DA:2591,237
DA:2593,257
DA:2594,237
DA:2596,257
DA:2597,257
DA:2598,257
DA:2599,257
DA:2601,0
DA:2602,0
DA:2605,4
DA:2606,4
DA:2609,0
DA:2610,0
DA:2613,0
DA:2614,0
DA:2617,10022
DA:2618,10022
DA:2620,10283
DA:2621,10283
DA:2622,10026
DA:2623,10026
DA:2626,10283
DA:2632,547
DA:2633,547
DA:2634,547
DA:2635,286
DA:2636,116
DA:2637,116
DA:2639,170
DA:2640,170
DA:2642,286
DA:2643,116
DA:2644,116
DA:2645,116
DA:2646,116
DA:2647,115
DA:2649,0
DA:2650,0
DA:2653,170
DA:2654,170
DA:2657,261
DA:2658,261
DA:2661,546
DA:2667,1094
DA:2668,1094
DA:2669,1094
DA:2670,1094
DA:2671,514
DA:2672,514
DA:2674,580
DA:2675,580
DA:2677,1094
DA:2678,580
DA:2679,16
DA:2680,16
DA:2682,564
DA:2683,564
DA:2685,580
DA:2686,564
DA:2689,1094
DA:2690,1094
DA:2691,560
DA:2693,534
DA:2694,534
DA:2696,1094
DA:2697,560
DA:2698,560
DA:2699,556
DA:2700,556
DA:2701,556
DA:2703,4
DA:2704,4
DA:2707,534
DA:2708,534
DA:2710,1094
DA:2711,538
DA:2712,538
DA:2713,16
DA:2714,16
DA:2716,522
DA:2717,522
DA:2719,538
DA:2720,16
DA:2721,16
DA:2722,8
DA:2723,8
DA:2724,8
DA:2726,8
DA:2727,8
DA:2730,522
DA:2731,522
DA:2733,538
DA:2734,530
DA:2738,1094
DA:2744,5991
DA:2745,5991
DA:2746,16
DA:2747,16
DA:2749,5975
DA:2750,5975
DA:2752,5991
DA:2753,16
DA:2754,16
DA:2755,14
DA:2756,14
DA:2757,14
DA:2759,2
DA:2760,2
DA:2763,5975
DA:2764,5975
DA:2767,5991
DA:2773,164
DA:2774,164
DA:2775,26
DA:2776,26
DA:2777,4
DA:2778,4
DA:2780,22
DA:2781,22
DA:2783,26
DA:2784,4
DA:2785,4
DA:2786,4
DA:2787,4
DA:2788,4
DA:2789,2
DA:2791,2
DA:2792,2
DA:2794,4
DA:2795,2
DA:2796,2
DA:2797,2
DA:2799,2
DA:2800,2
DA:2803,22
DA:2804,22
DA:2806,26
DA:2807,24
DA:2808,24
DA:2809,20
DA:2814,164
DA:2820,164
DA:2821,164
DA:2822,34
DA:2825,164
DA:2831,198
DA:2832,4
DA:2833,4
DA:2835,194
DA:2836,194
DA:2838,198
DA:2839,194
DA:2840,4
DA:2841,4
DA:2843,190
DA:2844,190
DA:2846,194
DA:2847,190
DA:2848,2
DA:2849,2
DA:2851,188
DA:2852,188
DA:2854,190
DA:2855,188
DA:2856,188
DA:2857,2
DA:2858,2
DA:2860,186
DA:2861,186
DA:2863,188
DA:2864,2
DA:2865,2
DA:2867,188
DA:2868,188
DA:2869,186
DA:2870,186
DA:2871,2
DA:2872,2
DA:2874,184
DA:2875,184
DA:2877,186
DA:2878,2
DA:2879,2
DA:2881,186
DA:2882,186
DA:2883,184
DA:2884,184
DA:2885,78
DA:2886,78
DA:2888,106
DA:2889,106
DA:2891,184
DA:2892,78
DA:2893,78
DA:2895,184
DA:2896,184
DA:2897,106
DA:2898,106
DA:2899,34
DA:2900,34
DA:2902,72
DA:2903,72
DA:2905,106
DA:2906,34
DA:2907,34
DA:2909,106
DA:2910,106
DA:2911,72
DA:2912,72
DA:2913,2
DA:2914,2
DA:2916,70
DA:2917,70
DA:2919,72
DA:2920,2
DA:2921,2
DA:2923,72
DA:2924,72
DA:2925,70
DA:2926,70
DA:2927,2
DA:2928,2
DA:2930,68
DA:2931,68
DA:2933,70
DA:2934,2
DA:2935,2
DA:2937,70
DA:2947,198
DA:2953,34
DA:2954,34
DA:2955,34
DA:2956,34
DA:2957,34
DA:2958,22
DA:2960,34
DA:2961,34
DA:2962,8
DA:2964,26
DA:2965,26
DA:2967,34
DA:2968,8
DA:2969,8
DA:2970,8
DA:2971,8
DA:2972,8
DA:2974,0
DA:2975,0
DA:2978,26
DA:2979,26
DA:2982,34
DA:2988,34
DA:2989,34
DA:2990,34
DA:2991,34
DA:2992,30
DA:2993,4
DA:2994,4
DA:2996,26
DA:2997,26
DA:2999,30
DA:3000,26
DA:3001,4
DA:3002,4
DA:3004,22
DA:3005,22
DA:3011,34
DA:3017,24
DA:3018,24
DA:3019,4
DA:3020,4
DA:3022,20
DA:3023,20
DA:3025,24
DA:3026,4
DA:3027,4
DA:3028,4
DA:3029,4
DA:3030,4
DA:3031,4
DA:3032,4
DA:3033,4
DA:3035,0
DA:3036,0
DA:3039,0
DA:3040,0
DA:3042,4
DA:3043,4
DA:3045,0
DA:3047,4
DA:3048,4
DA:3049,4
DA:3050,4
DA:3052,0
DA:3053,0
DA:3056,20
DA:3057,20
DA:3060,24
DA:3066,23
DA:3067,23
DA:3068,7
DA:3069,7
DA:3071,16
DA:3072,16
DA:3074,23
DA:3075,7
DA:3076,7
DA:3077,7
DA:3078,7
DA:3079,7
DA:3080,7
DA:3081,7
DA:3082,7
DA:3083,7
DA:3084,7
DA:3085,7
DA:3086,7
DA:3088,0
DA:3089,0
DA:3092,0
DA:3093,0
DA:3096,0
DA:3097,0
DA:3100,0
DA:3101,0
DA:3103,7
DA:3104,7
DA:3106,0
DA:3108,7
DA:3109,7
DA:3110,7
DA:3111,7
DA:3113,0
DA:3114,0
DA:3117,16
DA:3118,16
DA:3121,23
DA:3127,38
DA:3128,6
DA:3129,6
DA:3131,32
DA:3132,32
DA:3135,38
DA:3141,36
DA:3142,36
DA:3143,36
DA:3145,0
DA:3146,0
DA:3149,36
DA:3155,10026
DA:3156,10026
DA:3157,140
DA:3158,140
DA:3160,9886
DA:3161,9886
DA:3163,10026
DA:3164,140
DA:3165,140
DA:3167,10026
DA:3169,10026
DA:3175,5648
DA:3176,5648
DA:3177,5648
DA:3178,1464
DA:3179,1464
DA:3181,4184
DA:3182,4184
DA:3184,5648
DA:3185,1464
DA:3186,1464
DA:3187,1464
DA:3188,1463
DA:3189,1463
DA:3191,1
DA:3192,1
DA:3194,1464
DA:3195,1463
DA:3196,1463
DA:3197,1463
DA:3199,1
DA:3200,1
DA:3203,0
DA:3204,0
DA:3207,4184
DA:3208,4184
DA:3210,5648
DA:3211,5648
DA:3212,4185
DA:3213,4185
DA:3216,5648
DA:3222,1592
DA:3223,1592
DA:3224,1592
DA:3225,1592
DA:3226,1592
DA:3227,1592
DA:3228,1592
DA:3229,5
DA:3230,5
DA:3232,1587
DA:3233,1587
DA:3235,1592
DA:3236,1592
DA:3237,1587
DA:3239,5
DA:3240,5
DA:3242,1592
DA:3243,1587
DA:3244,1587
DA:3245,1587
DA:3246,1587
DA:3248,0
DA:3249,0
DA:3252,5
DA:3253,5
DA:3255,1592
DA:3256,1587
DA:3257,29291
DA:3258,29291
DA:3259,29291
DA:3260,29291
DA:3261,29291
DA:3262,1587
DA:3263,1587
DA:3265,27704
DA:3266,27704
DA:3268,29291
DA:3269,29291
DA:3270,27704
DA:3272,1587
DA:3273,1587
DA:3275,29291
DA:3276,27704
DA:3277,27704
DA:3278,27704
DA:3279,27704
DA:3281,0
DA:3282,0
DA:3285,1587
DA:3286,1587
DA:3290,5
DA:3292,1592
DA:3293,5
DA:3294,5
DA:3295,3
DA:3296,3
DA:3298,2
DA:3299,2
DA:3301,5
DA:3302,3
DA:3303,3
DA:3304,3
DA:3305,3
DA:3306,3
DA:3308,0
DA:3309,0
DA:3311,3
DA:3312,3
DA:3313,3
DA:3315,0
DA:3316,0
DA:3319,0
DA:3320,0
DA:3323,2
DA:3324,2
DA:3327,1592
DA:3328,1838
DA:3329,1838
DA:3330,1838
DA:3331,1838
DA:3332,1838
DA:3333,1838
DA:3334,1714
DA:3335,1714
DA:3337,124
DA:3338,124
DA:3340,1838
DA:3341,1838
DA:3342,124
DA:3344,1714
DA:3345,1714
DA:3347,1838
DA:3348,124
DA:3349,124
DA:3350,123
DA:3351,123
DA:3353,1
DA:3354,1
DA:3357,1714
DA:3358,1714
DA:3360,1838
DA:3361,123
DA:3362,1354
DA:3363,1354
DA:3364,1354
DA:3365,1354
DA:3366,1354
DA:3367,123
DA:3368,123
DA:3370,1231
DA:3371,1231
DA:3373,1354
DA:3374,1354
DA:3375,1231
DA:3377,123
DA:3378,123
DA:3380,1354
DA:3381,1231
DA:3382,1231
DA:3383,1231
DA:3384,1231
DA:3386,0
DA:3387,0
DA:3390,123
DA:3391,123
DA:3395,1715
DA:3397,1838
DA:3398,1715
DA:3399,1715
DA:3400,125
DA:3401,125
DA:3403,1590
DA:3404,1590
DA:3406,1715
DA:3407,125
DA:3408,125
DA:3409,125
DA:3410,125
DA:3411,125
DA:3413,0
DA:3414,0
DA:3416,125
DA:3417,125
DA:3418,125
DA:3420,0
DA:3421,0
DA:3424,0
DA:3425,0
DA:3428,1590
DA:3429,1590
DA:3433,1592
DA:3434,1592
DA:3436,0
DA:3439,1592
DA:3445,36239
DA:3446,15416
DA:3447,15416
DA:3449,20823
DA:3450,20823
DA:3453,36239
DA:3459,20823
DA:3460,0
DA:3461,0
DA:3463,20823
DA:3464,20823
DA:3467,20823
DA:3473,20823
DA:3474,0
DA:3475,0
DA:3477,20823
DA:3478,20823
DA:3481,20823
DA:3487,20823
DA:3488,0
DA:3489,0
DA:3491,20823
DA:3492,20823
DA:3495,20823
DA:3501,36743
DA:3502,504
DA:3503,504
DA:3505,36239
DA:3506,36239
DA:3509,36743
DA:3515,4656
DA:3516,0
DA:3517,0
DA:3519,4656
DA:3520,4656
DA:3523,4656
DA:3529,4659
DA:3530,3
DA:3531,3
DA:3533,4656
DA:3534,4656
DA:3537,4659
DA:3543,4656
DA:3544,3
DA:3545,3
DA:3547,4653
DA:3548,4653
DA:3551,4656
DA:3557,20823
DA:3558,0
DA:3559,0
DA:3561,20823
DA:3562,20823
DA:3565,20823
DA:3571,4653
DA:3572,3
DA:3573,3
DA:3575,4650
DA:3576,4650
DA:3579,4653
DA:3585,36748
DA:3586,1
DA:3587,1
DA:3589,36747
DA:3590,36747
DA:3593,36748
DA:3599,7541
DA:3600,7541
DA:3601,0
DA:3602,0
DA:3604,7541
DA:3605,7541
DA:3607,7541
DA:3608,0
DA:3609,0
DA:3610,0
DA:3611,0
DA:3612,0
DA:3613,0
DA:3615,0
DA:3616,0
DA:3618,0
DA:3619,0
DA:3620,0
DA:3622,0
DA:3623,0
DA:3626,7541
DA:3627,7541
DA:3630,7541
DA:3636,7541
DA:3637,7541
DA:3638,0
DA:3639,0
DA:3641,7541
DA:3642,7541
DA:3644,7541
DA:3645,0
DA:3646,0
DA:3647,0
DA:3648,0
DA:3649,0
DA:3650,0
DA:3652,0
DA:3653,0
DA:3655,0
DA:3656,0
DA:3657,0
DA:3659,0
DA:3660,0
DA:3663,7541
DA:3664,7541
DA:3667,7541
DA:3673,7541
DA:3674,7541
DA:3675,0
DA:3676,0
DA:3678,7541
DA:3679,7541
DA:3681,7541
DA:3682,0
DA:3683,0
DA:3684,0
DA:3685,0
DA:3686,0
DA:3687,0
DA:3689,0
DA:3690,0
DA:3692,0
DA:3693,0
DA:3694,0
DA:3696,0
DA:3697,0
DA:3700,7541
DA:3701,7541
DA:3704,7541
DA:3710,7541
DA:3711,7541
DA:3712,0
DA:3713,0
DA:3715,7541
DA:3716,7541
DA:3718,7541
DA:3719,0
DA:3720,0
DA:3721,0
DA:3722,0
DA:3723,0
DA:3724,0
DA:3726,0
DA:3727,0
DA:3729,0
DA:3730,0
DA:3731,0
DA:3733,0
DA:3734,0
DA:3737,7541
DA:3738,7541
DA:3741,7541
DA:3747,7541
DA:3748,7541
DA:3749,0
DA:3750,0
DA:3752,7541
DA:3753,7541
DA:3755,7541
DA:3756,0
DA:3757,0
DA:3758,0
DA:3759,0
DA:3760,0
DA:3761,0
DA:3763,0
DA:3764,0
DA:3766,0
DA:3767,0
DA:3768,0
DA:3770,0
DA:3771,0
DA:3774,7541
DA:3775,7541
DA:3778,7541
DA:3784,7541
DA:3785,7541
DA:3786,0
DA:3787,0
DA:3789,7541
DA:3790,7541
DA:3792,7541
DA:3793,0
DA:3794,0
DA:3795,0
DA:3796,0
DA:3797,0
DA:3798,0
DA:3800,0
DA:3801,0
DA:3803,0
DA:3804,0
DA:3805,0
DA:3807,0
DA:3808,0
DA:3811,7541
DA:3812,7541
DA:3815,7541
DA:3821,7541
DA:3822,7541
DA:3823,0
DA:3824,0
DA:3826,7541
DA:3827,7541
DA:3829,7541
DA:3830,0
DA:3831,0
DA:3832,0
DA:3833,0
DA:3834,0
DA:3835,0
DA:3837,0
DA:3838,0
DA:3840,0
DA:3841,0
DA:3842,0
DA:3844,0
DA:3845,0
DA:3848,7541
DA:3849,7541
DA:3852,7541
DA:3858,7541
DA:3859,7541
DA:3860,0
DA:3861,0
DA:3863,7541
DA:3864,7541
DA:3866,7541
DA:3867,0
DA:3868,0
DA:3869,0
DA:3870,0
DA:3871,0
DA:3872,0
DA:3874,0
DA:3875,0
DA:3877,0
DA:3878,0
DA:3879,0
DA:3881,0
DA:3882,0
DA:3885,7541
DA:3886,7541
DA:3889,7541
DA:3895,7541
DA:3896,7541
DA:3897,0
DA:3898,0
DA:3900,7541
DA:3901,7541
DA:3903,7541
DA:3904,0
DA:3905,0
DA:3906,0
DA:3907,0
DA:3908,0
DA:3909,0
DA:3911,0
DA:3912,0
DA:3914,0
DA:3915,0
DA:3916,0
DA:3918,0
DA:3919,0
DA:3922,7541
DA:3923,7541
DA:3926,7541
DA:3932,7541
DA:3933,7541
DA:3934,0
DA:3935,0
DA:3937,7541
DA:3938,7541
DA:3940,7541
DA:3941,0
DA:3942,0
DA:3943,0
DA:3944,0
DA:3945,0
DA:3946,0
DA:3948,0
DA:3949,0
DA:3951,0
DA:3952,0
DA:3953,0
DA:3955,0
DA:3956,0
DA:3959,7541
DA:3960,7541
DA:3963,7541
DA:3969,7541
DA:3970,7541
DA:3971,0
DA:3972,0
DA:3974,7541
DA:3975,7541
DA:3977,7541
DA:3978,0
DA:3979,0
DA:3980,0
DA:3981,0
DA:3982,0
DA:3983,0
DA:3985,0
DA:3986,0
DA:3988,0
DA:3989,0
DA:3990,0
DA:3992,0
DA:3993,0
DA:3996,7541
DA:3997,7541
DA:4000,7541
DA:4006,7541
DA:4007,7541
DA:4008,0
DA:4009,0
DA:4011,7541
DA:4012,7541
DA:4014,7541
DA:4015,0
DA:4016,0
DA:4017,0
DA:4018,0
DA:4019,0
DA:4020,0
DA:4022,0
DA:4023,0
DA:4025,0
DA:4026,0
DA:4027,0
DA:4029,0
DA:4030,0
DA:4033,7541
DA:4034,7541
DA:4037,7541
DA:4043,7541
DA:4044,7541
DA:4045,0
DA:4046,0
DA:4048,7541
DA:4049,7541
DA:4051,7541
DA:4052,0
DA:4053,0
DA:4054,0
DA:4055,0
DA:4056,0
DA:4057,0
DA:4059,0
DA:4060,0
DA:4062,0
DA:4063,0
DA:4064,0
DA:4066,0
DA:4067,0
DA:4070,7541
DA:4071,7541
DA:4074,7541
DA:4080,7541
DA:4081,7541
DA:4082,0
DA:4083,0
DA:4085,7541
DA:4086,7541
DA:4088,7541
DA:4089,0
DA:4090,0
DA:4091,0
DA:4092,0
DA:4093,0
DA:4094,0
DA:4096,0
DA:4097,0
DA:4099,0
DA:4100,0
DA:4101,0
DA:4103,0
DA:4104,0
DA:4107,7541
DA:4108,7541
DA:4111,7541
DA:4117,7541
DA:4118,7541
DA:4119,0
DA:4120,0
DA:4122,7541
DA:4123,7541
DA:4125,7541
DA:4126,0
DA:4127,0
DA:4128,0
DA:4129,0
DA:4130,0
DA:4131,0
DA:4133,0
DA:4134,0
DA:4136,0
DA:4137,0
DA:4138,0
DA:4140,0
DA:4141,0
DA:4144,7541
DA:4145,7541
DA:4148,7541
DA:4154,7541
DA:4155,7541
DA:4156,0
DA:4157,0
DA:4159,7541
DA:4160,7541
DA:4162,7541
DA:4163,0
DA:4164,0
DA:4165,0
DA:4166,0
DA:4167,0
DA:4168,0
DA:4170,0
DA:4171,0
DA:4173,0
DA:4174,0
DA:4175,0
DA:4177,0
DA:4178,0
DA:4181,7541
DA:4182,7541
DA:4185,7541
DA:4191,7541
DA:4192,7541
DA:4193,0
DA:4194,0
DA:4196,7541
DA:4197,7541
DA:4199,7541
DA:4200,0
DA:4201,0
DA:4202,0
DA:4203,0
DA:4204,0
DA:4205,0
DA:4207,0
DA:4208,0
DA:4210,0
DA:4211,0
DA:4212,0
DA:4214,0
DA:4215,0
DA:4218,7541
DA:4219,7541
DA:4222,7541
DA:4228,7541
DA:4229,7541
DA:4230,0
DA:4231,0
DA:4233,7541
DA:4234,7541
DA:4236,7541
DA:4237,0
DA:4238,0
DA:4239,0
DA:4240,0
DA:4241,0
DA:4242,0
DA:4244,0
DA:4245,0
DA:4247,0
DA:4248,0
DA:4249,0
DA:4251,0
DA:4252,0
DA:4255,7541
DA:4256,7541
DA:4259,7541
DA:4265,7541
DA:4266,7541
DA:4267,0
DA:4268,0
DA:4270,7541
DA:4271,7541
DA:4273,7541
DA:4274,0
DA:4275,0
DA:4276,0
DA:4277,0
DA:4278,0
DA:4279,0
DA:4281,0
DA:4282,0
DA:4284,0
DA:4285,0
DA:4286,0
DA:4288,0
DA:4289,0
DA:4292,7541
DA:4293,7541
DA:4296,7541
DA:4302,7541
DA:4303,7541
DA:4304,0
DA:4305,0
DA:4307,7541
DA:4308,7541
DA:4310,7541
DA:4311,0
DA:4312,0
DA:4313,0
DA:4314,0
DA:4315,0
DA:4316,0
DA:4318,0
DA:4319,0
DA:4321,0
DA:4322,0
DA:4323,0
DA:4325,0
DA:4326,0
DA:4329,7541
DA:4330,7541
DA:4333,7541
DA:4339,7541
DA:4340,7541
DA:4341,0
DA:4342,0
DA:4344,7541
DA:4345,7541
DA:4347,7541
DA:4348,0
DA:4349,0
DA:4350,0
DA:4351,0
DA:4352,0
DA:4353,0
DA:4355,0
DA:4356,0
DA:4358,0
DA:4359,0
DA:4360,0
DA:4362,0
DA:4363,0
DA:4366,7541
DA:4367,7541
DA:4370,7541
DA:4376,7541
DA:4377,7541
DA:4378,0
DA:4379,0
DA:4381,7541
DA:4382,7541
DA:4384,7541
DA:4385,0
DA:4386,0
DA:4387,0
DA:4388,0
DA:4389,0
DA:4390,0
DA:4392,0
DA:4393,0
DA:4395,0
DA:4396,0
DA:4397,0
DA:4399,0
DA:4400,0
DA:4403,7541
DA:4404,7541
DA:4407,7541
DA:4413,7541
DA:4414,7541
DA:4415,0
DA:4416,0
DA:4418,7541
DA:4419,7541
DA:4421,7541
DA:4422,0
DA:4423,0
DA:4424,0
DA:4425,0
DA:4426,0
DA:4427,0
DA:4429,0
DA:4430,0
DA:4432,0
DA:4433,0
DA:4434,0
DA:4436,0
DA:4437,0
DA:4440,7541
DA:4441,7541
DA:4444,7541
DA:4450,7541
DA:4451,7541
DA:4452,0
DA:4453,0
DA:4455,7541
DA:4456,7541
DA:4458,7541
DA:4459,0
DA:4460,0
DA:4461,0
DA:4462,0
DA:4463,0
DA:4464,0
DA:4466,0
DA:4467,0
DA:4469,0
DA:4470,0
DA:4471,0
DA:4473,0
DA:4474,0
DA:4477,7541
DA:4478,7541
DA:4481,7541
DA:4487,7541
DA:4488,7541
DA:4489,0
DA:4490,0
DA:4492,7541
DA:4493,7541
DA:4495,7541
DA:4496,0
DA:4497,0
DA:4498,0
DA:4499,0
DA:4500,0
DA:4501,0
DA:4503,0
DA:4504,0
DA:4506,0
DA:4507,0
DA:4508,0
DA:4510,0
DA:4511,0
DA:4514,7541
DA:4515,7541
DA:4518,7541
DA:4524,7541
DA:4525,7541
DA:4526,0
DA:4527,0
DA:4529,7541
DA:4530,7541
DA:4532,7541
DA:4533,0
DA:4534,0
DA:4535,0
DA:4536,0
DA:4537,0
DA:4538,0
DA:4540,0
DA:4541,0
DA:4543,0
DA:4544,0
DA:4545,0
DA:4547,0
DA:4548,0
DA:4551,7541
DA:4552,7541
DA:4555,7541
DA:4561,7541
DA:4562,7541
DA:4563,0
DA:4564,0
DA:4566,7541
DA:4567,7541
DA:4569,7541
DA:4570,0
DA:4571,0
DA:4572,0
DA:4573,0
DA:4574,0
DA:4575,0
DA:4577,0
DA:4578,0
DA:4580,0
DA:4581,0
DA:4582,0
DA:4584,0
DA:4585,0
DA:4588,7541
DA:4589,7541
DA:4592,7541
DA:4598,7541
DA:4599,7541
DA:4600,0
DA:4601,0
DA:4603,7541
DA:4604,7541
DA:4606,7541
DA:4607,0
DA:4608,0
DA:4609,0
DA:4610,0
DA:4611,0
DA:4612,0
DA:4614,0
DA:4615,0
DA:4617,0
DA:4618,0
DA:4619,0
DA:4621,0
DA:4622,0
DA:4625,7541
DA:4626,7541
DA:4629,7541
DA:4635,7541
DA:4636,7541
DA:4637,0
DA:4638,0
DA:4640,7541
DA:4641,7541
DA:4643,7541
DA:4644,0
DA:4645,0
DA:4646,0
DA:4647,0
DA:4648,0
DA:4649,0
DA:4651,0
DA:4652,0
DA:4654,0
DA:4655,0
DA:4656,0
DA:4658,0
DA:4659,0
DA:4662,7541
DA:4663,7541
DA:4666,7541
DA:4672,7541
DA:4673,7541
DA:4674,0
DA:4675,0
DA:4677,7541
DA:4678,7541
DA:4680,7541
DA:4681,0
DA:4682,0
DA:4683,0
DA:4684,0
DA:4685,0
DA:4686,0
DA:4688,0
DA:4689,0
DA:4691,0
DA:4692,0
DA:4693,0
DA:4695,0
DA:4696,0
DA:4699,7541
DA:4700,7541
DA:4703,7541
DA:4709,7541
DA:4710,7541
DA:4711,0
DA:4712,0
DA:4714,7541
DA:4715,7541
DA:4717,7541
DA:4718,0
DA:4719,0
DA:4720,0
DA:4721,0
DA:4722,0
DA:4723,0
DA:4725,0
DA:4726,0
DA:4728,0
DA:4729,0
DA:4730,0
DA:4732,0
DA:4733,0
DA:4736,7541
DA:4737,7541
DA:4740,7541
DA:4746,7541
DA:4747,7541
DA:4748,0
DA:4749,0
DA:4751,7541
DA:4752,7541
DA:4754,7541
DA:4755,0
DA:4756,0
DA:4757,0
DA:4758,0
DA:4759,0
DA:4760,0
DA:4762,0
DA:4763,0
DA:4765,0
DA:4766,0
DA:4767,0
DA:4769,0
DA:4770,0
DA:4773,7541
DA:4774,7541
DA:4777,7541
DA:4783,7541
DA:4784,7541
DA:4785,0
DA:4786,0
DA:4788,7541
DA:4789,7541
DA:4791,7541
DA:4792,0
DA:4793,0
DA:4794,0
DA:4795,0
DA:4796,0
DA:4797,0
DA:4799,0
DA:4800,0
DA:4802,0
DA:4803,0
DA:4804,0
DA:4806,0
DA:4807,0
DA:4810,7541
DA:4811,7541
DA:4814,7541
DA:4820,7541
DA:4821,7541
DA:4822,0
DA:4823,0
DA:4825,7541
DA:4826,7541
DA:4828,7541
DA:4829,0
DA:4830,0
DA:4831,0
DA:4832,0
DA:4833,0
DA:4834,0
DA:4836,0
DA:4837,0
DA:4839,0
DA:4840,0
DA:4841,0
DA:4843,0
DA:4844,0
DA:4847,7541
DA:4848,7541
DA:4851,7541
DA:4857,7541
DA:4858,7541
DA:4859,0
DA:4860,0
DA:4862,7541
DA:4863,7541
DA:4865,7541
DA:4866,0
DA:4867,0
DA:4868,0
DA:4869,0
DA:4870,0
DA:4871,0
DA:4873,0
DA:4874,0
DA:4876,0
DA:4877,0
DA:4878,0
DA:4880,0
DA:4881,0
DA:4884,7541
DA:4885,7541
DA:4888,7541
DA:4894,7541
DA:4895,7541
DA:4896,0
DA:4897,0
DA:4899,7541
DA:4900,7541
DA:4902,7541
DA:4903,0
DA:4904,0
DA:4905,0
DA:4906,0
DA:4907,0
DA:4908,0
DA:4910,0
DA:4911,0
DA:4913,0
DA:4914,0
DA:4915,0
DA:4917,0
DA:4918,0
DA:4921,7541
DA:4922,7541
DA:4925,7541
DA:4931,33211
DA:4932,33211
DA:4933,33211
DA:4934,22803
DA:4935,22803
DA:4936,21272
DA:4939,33211
DA:4940,12269
DA:4941,12269
DA:4942,12269
DA:4943,12033
DA:4944,12033
DA:4945,11982
DA:4950,33211
DA:4956,1907
DA:4957,1907
DA:4958,1907
DA:4959,1902
DA:4961,1907
DA:4962,11
DA:4963,11
DA:4964,11
DA:4965,9
DA:4969,1907
DA:4975,1923
DA:4976,1923
DA:4977,1923
DA:4978,1923
DA:4979,16
DA:4980,16
DA:4982,1907
DA:4983,1907
DA:4985,1923
DA:4986,16
DA:4987,16
DA:4989,1907
DA:4990,1907
DA:4993,0
DA:4994,0
DA:4996,1923
DA:4997,1907
DA:4998,1907
DA:4999,1907
DA:5000,1907
DA:5001,1907
DA:5002,1906
DA:5004,1907
DA:5005,1907
DA:5006,1907
DA:5007,402
DA:5008,402
DA:5010,1505
DA:5011,1505
DA:5014,0
DA:5015,0
DA:5018,0
DA:5019,0
DA:5021,1907
DA:5022,1505
DA:5023,1505
DA:5024,1505
DA:5025,1505
DA:5026,1505
DA:5027,1498
DA:5028,1498
DA:5030,7
DA:5031,7
DA:5034,0
DA:5035,0
DA:5040,1923
DA:5046,1505
DA:5047,1505
DA:5048,1505
DA:5049,7
DA:5050,7
DA:5052,1498
DA:5053,1498
DA:5055,1505
DA:5056,1505
DA:5057,1498
DA:5059,7
DA:5060,7
DA:5063,1505
DA:5066,1530
DA:5068,1529
DA:5069,1506
DA:5071,23
DA:5072,0
DA:5075,23
DA:5085,12
LF:3109
LH:2358
BRDA:26,0,0,121
BRDA:26,0,1,2891
BRDA:51,1,0,24
BRDA:51,1,1,0
BRDA:66,2,0,0
BRDA:66,2,1,0
BRDA:71,3,0,0
BRDA:71,3,1,0
BRDA:127,4,0,23
BRDA:127,4,1,0
BRDA:129,5,0,230
BRDA:129,5,1,256
BRDA:137,6,0,0
BRDA:137,6,1,0
BRDA:137,6,2,23
BRDA:152,7,0,23
BRDA:152,7,1,0
BRDA:159,8,0,0
BRDA:159,8,1,1530
BRDA:191,9,0,23
BRDA:191,9,1,1772
BRDA:205,10,0,255
BRDA:205,10,1,2486
BRDA:214,11,0,478
BRDA:214,11,1,2656
BRDA:224,12,0,991
BRDA:224,12,1,2143
BRDA:277,13,0,651
BRDA:277,13,1,288
BRDA:277,14,0,939
BRDA:277,14,1,604
BRDA:374,15,0,1
BRDA:374,15,1,115
BRDA:528,16,0,0
BRDA:528,16,1,1530
BRDA:529,17,0,0
BRDA:529,17,1,0
BRDA:545,18,0,0
BRDA:545,18,1,0
BRDA:557,19,0,0
BRDA:557,19,1,1
BRDA:588,20,0,19080
BRDA:588,20,1,9164
BRDA:603,21,0,675
BRDA:603,21,1,59497
BRDA:638,22,0,43954
BRDA:638,22,1,176854
BRDA:640,23,0,11822
BRDA:640,23,1,165032
BRDA:666,24,0,1530
BRDA:666,24,1,0
BRDA:669,25,0,3
BRDA:669,25,1,1527
BRDA:671,26,0,3
BRDA:671,26,1,0
BRDA:682,27,0,1527
BRDA:682,27,1,3
BRDA:685,28,0,1530
BRDA:685,28,1,0
BRDA:688,29,0,118
BRDA:688,29,1,1412
BRDA:690,30,0,118
BRDA:690,30,1,0
BRDA:701,31,0,1412
BRDA:701,31,1,118
BRDA:704,32,0,1530
BRDA:704,32,1,0
BRDA:708,33,0,1506
BRDA:708,33,1,23
BRDA:710,34,0,1506
BRDA:710,34,1,0
BRDA:721,35,0,1506
BRDA:721,35,1,23
BRDA:726,36,0,289
BRDA:726,36,1,1506
BRDA:728,37,0,289
BRDA:728,37,1,0
BRDA:743,38,0,1506
BRDA:743,38,1,23
BRDA:771,39,0,120
BRDA:771,39,1,1410
BRDA:776,40,0,1410
BRDA:776,40,1,0
BRDA:778,41,0,120
BRDA:778,41,1,1410
BRDA:780,42,0,3
BRDA:780,42,1,117
BRDA:781,43,0,3
BRDA:781,43,1,0
BRDA:786,44,0,0
BRDA:786,44,1,0
BRDA:788,45,0,3
BRDA:788,45,1,0
BRDA:790,46,0,3
BRDA:790,46,1,0
BRDA:819,47,0,118
BRDA:819,47,1,1412
BRDA:821,48,0,118
BRDA:821,48,1,0
BRDA:842,49,0,1819
BRDA:842,49,1,1506
BRDA:844,50,0,1819
BRDA:844,50,1,0
BRDA:847,51,0,23
BRDA:847,51,1,1796
BRDA:849,52,0,23
BRDA:849,52,1,0
BRDA:860,53,0,1796
BRDA:860,53,1,23
BRDA:863,54,0,1819
BRDA:863,54,1,0
BRDA:864,55,0,1819
BRDA:864,55,1,0
BRDA:869,56,0,0
BRDA:869,56,1,0
BRDA:871,57,0,1819
BRDA:871,57,1,0
BRDA:873,58,0,1819
BRDA:873,58,1,0
BRDA:875,59,0,1802
BRDA:875,59,1,16
BRDA:877,60,0,1795
BRDA:877,60,1,7
BRDA:918,61,0,2741
BRDA:918,61,1,16
BRDA:922,62,0,2741
BRDA:922,62,1,0
BRDA:923,63,0,256
BRDA:923,63,1,2485
BRDA:928,64,0,2485
BRDA:928,64,1,0
BRDA:930,65,0,256
BRDA:930,65,1,2485
BRDA:932,66,0,256
BRDA:932,66,1,0
BRDA:934,67,0,255
BRDA:934,67,1,1
BRDA:957,68,0,393
BRDA:957,68,1,0
BRDA:958,69,0,138
BRDA:958,69,1,255
BRDA:963,70,0,255
BRDA:963,70,1,0
BRDA:965,71,0,138
BRDA:965,71,1,255
BRDA:967,72,0,138
BRDA:967,72,1,0
BRDA:969,73,0,138
BRDA:969,73,1,0
BRDA:989,74,0,2741
BRDA:989,74,1,0
BRDA:1010,75,0,3134
BRDA:1010,75,1,17
BRDA:1013,76,0,3134
BRDA:1013,76,1,0
BRDA:1015,77,0,478
BRDA:1015,77,1,2656
BRDA:1026,78,0,2656
BRDA:1026,78,1,478
BRDA:1029,79,0,3134
BRDA:1029,79,1,0
BRDA:1050,80,0,3134
BRDA:1050,80,1,17
BRDA:1054,81,0,3134
BRDA:1054,81,1,0
BRDA:1056,82,0,991
BRDA:1056,82,1,2143
BRDA:1071,83,0,1255
BRDA:1071,83,1,0
BRDA:1073,84,0,264
BRDA:1073,84,1,991
BRDA:1085,85,0,3134
BRDA:1085,85,1,0
BRDA:1106,86,0,1516
BRDA:1106,86,1,6025
BRDA:1108,87,0,1516
BRDA:1108,87,1,0
BRDA:1109,88,0,880
BRDA:1109,88,1,636
BRDA:1114,89,0,636
BRDA:1114,89,1,0
BRDA:1116,90,0,880
BRDA:1116,90,1,636
BRDA:1118,91,0,880
BRDA:1118,91,1,0
BRDA:1120,92,0,880
BRDA:1120,92,1,0
BRDA:1144,93,0,6661
BRDA:1144,93,1,880
BRDA:1156,94,0,643
BRDA:1156,94,1,6898
BRDA:1158,95,0,643
BRDA:1158,95,1,0
BRDA:1160,96,0,210
BRDA:1160,96,1,433
BRDA:1176,97,0,7331
BRDA:1176,97,1,210
BRDA:1186,98,0,48
BRDA:1186,98,1,7493
BRDA:1191,99,0,7493
BRDA:1191,99,1,0
BRDA:1193,100,0,7493
BRDA:1193,100,1,48
BRDA:1194,101,0,288
BRDA:1194,101,1,7205
BRDA:1199,102,0,7205
BRDA:1199,102,1,0
BRDA:1201,103,0,7205
BRDA:1201,103,1,288
BRDA:1202,104,0,307
BRDA:1202,104,1,6898
BRDA:1207,105,0,6898
BRDA:1207,105,1,0
BRDA:1220,106,0,4389
BRDA:1220,106,1,3584
BRDA:1222,107,0,4389
BRDA:1222,107,1,0
BRDA:1224,108,0,399
BRDA:1224,108,1,3990
BRDA:1240,109,0,7574
BRDA:1240,109,1,399
BRDA:1250,110,0,103
BRDA:1250,110,1,4286
BRDA:1255,111,0,4286
BRDA:1255,111,1,0
BRDA:1257,112,0,4286
BRDA:1257,112,1,103
BRDA:1258,113,0,167
BRDA:1258,113,1,4119
BRDA:1263,114,0,4119
BRDA:1263,114,1,0
BRDA:1265,115,0,4119
BRDA:1265,115,1,167
BRDA:1266,116,0,129
BRDA:1266,116,1,3990
BRDA:1271,117,0,3990
BRDA:1271,117,1,0
BRDA:1283,118,0,10284
BRDA:1283,118,1,5264
BRDA:1285,119,0,10026
BRDA:1285,119,1,257
BRDA:1287,120,0,9886
BRDA:1287,120,1,140
BRDA:1289,121,0,8971
BRDA:1289,121,1,915
BRDA:1291,122,0,8107
BRDA:1291,122,1,864
BRDA:1293,123,0,939
BRDA:1293,123,1,7168
BRDA:1298,124,0,7168
BRDA:1298,124,1,0
BRDA:1300,125,0,939
BRDA:1300,125,1,7168
BRDA:1302,126,0,939
BRDA:1302,126,1,0
BRDA:1304,127,0,939
BRDA:1304,127,1,0
BRDA:1306,128,0,939
BRDA:1306,128,1,0
BRDA:1307,129,0,939
BRDA:1307,129,1,0
BRDA:1312,130,0,0
BRDA:1312,130,1,0
BRDA:1314,131,0,939
BRDA:1314,131,1,0
BRDA:1352,132,0,1309
BRDA:1352,132,1,8577
BRDA:1357,133,0,1309
BRDA:1357,133,1,0
BRDA:1360,134,0,146
BRDA:1360,134,1,1163
BRDA:1362,135,0,146
BRDA:1362,135,1,0
BRDA:1373,136,0,1163
BRDA:1373,136,1,146
BRDA:1376,137,0,1309
BRDA:1376,137,1,0
BRDA:1377,138,0,394
BRDA:1377,138,1,915
BRDA:1382,139,0,0
BRDA:1382,139,1,915
BRDA:1384,140,0,394
BRDA:1384,140,1,915
BRDA:1400,141,0,915
BRDA:1400,141,1,394
BRDA:1406,142,0,915
BRDA:1406,142,1,394
BRDA:1427,143,0,864
BRDA:1427,143,1,8107
BRDA:1429,144,0,864
BRDA:1429,144,1,0
BRDA:1431,145,0,864
BRDA:1431,145,1,0
BRDA:1454,146,0,432
BRDA:1454,146,1,8539
BRDA:1459,147,0,8539
BRDA:1459,147,1,0
BRDA:1461,148,0,8539
BRDA:1461,148,1,432
BRDA:1462,149,0,432
BRDA:1462,149,1,8107
BRDA:1467,150,0,8107
BRDA:1467,150,1,0
BRDA:1477,151,0,37320
BRDA:1477,151,1,13
BRDA:1482,152,0,0
BRDA:1482,152,1,13
BRDA:1492,153,0,1
BRDA:1492,153,1,47397
BRDA:1497,154,0,0
BRDA:1497,154,1,47397
BRDA:1499,155,0,47397
BRDA:1499,155,1,1
BRDA:1500,156,0,1
BRDA:1500,156,1,47396
BRDA:1505,157,0,0
BRDA:1505,157,1,47396
BRDA:1507,158,0,47396
BRDA:1507,158,1,1
BRDA:1508,159,0,1
BRDA:1508,159,1,47395
BRDA:1513,160,0,0
BRDA:1513,160,1,47395
BRDA:1515,161,0,47395
BRDA:1515,161,1,1
BRDA:1516,162,0,10645
BRDA:1516,162,1,36750
BRDA:1521,163,0,0
BRDA:1521,163,1,36750
BRDA:1523,164,0,36750
BRDA:1523,164,1,10645
BRDA:1524,165,0,1
BRDA:1524,165,1,36749
BRDA:1529,166,0,0
BRDA:1529,166,1,36749
BRDA:1531,167,0,36749
BRDA:1531,167,1,1
BRDA:1532,168,0,1
BRDA:1532,168,1,36748
BRDA:1537,169,0,0
BRDA:1537,169,1,36748
BRDA:1539,170,0,36748
BRDA:1539,170,1,1
BRDA:1548,171,0,36747
BRDA:1548,171,1,10651
BRDA:1550,172,0,35152
BRDA:1550,172,1,1595
BRDA:1559,173,0,42
BRDA:1559,173,1,6594
BRDA:1564,174,0,0
BRDA:1564,174,1,6594
BRDA:1574,175,0,1930
BRDA:1574,175,1,34829
BRDA:1579,176,0,0
BRDA:1579,176,1,34829
BRDA:1581,177,0,34829
BRDA:1581,177,1,1930
BRDA:1582,178,0,65
BRDA:1582,178,1,34764
BRDA:1587,179,0,0
BRDA:1587,179,1,34764
BRDA:1589,180,0,34764
BRDA:1589,180,1,65
BRDA:1590,181,0,1
BRDA:1590,181,1,34763
BRDA:1595,182,0,0
BRDA:1595,182,1,34763
BRDA:1597,183,0,34763
BRDA:1597,183,1,1
BRDA:1598,184,0,1
BRDA:1598,184,1,34762
BRDA:1603,185,0,0
BRDA:1603,185,1,34762
BRDA:1605,186,0,34762
BRDA:1605,186,1,1
BRDA:1606,187,0,1
BRDA:1606,187,1,34761
BRDA:1611,188,0,0
BRDA:1611,188,1,34761
BRDA:1618,189,0,34761
BRDA:1618,189,1,1998
BRDA:1620,190,0,33304
BRDA:1620,190,1,1457
BRDA:1631,191,0,33221
BRDA:1631,191,1,33
BRDA:1635,192,0,33211
BRDA:1635,192,1,43
BRDA:1637,193,0,31756
BRDA:1637,193,1,1455
BRDA:1647,194,0,33
BRDA:1647,194,1,33221
BRDA:1652,195,0,0
BRDA:1652,195,1,33221
BRDA:1654,196,0,33
BRDA:1654,196,1,33221
BRDA:1659,197,0,8
BRDA:1659,197,1,25
BRDA:1664,198,0,0
BRDA:1664,198,1,25
BRDA:1667,199,0,25
BRDA:1667,199,1,8
BRDA:1673,200,0,25
BRDA:1673,200,1,8
BRDA:1675,201,0,25
BRDA:1675,201,1,0
BRDA:1691,202,0,25
BRDA:1691,202,1,68
BRDA:1696,203,0,0
BRDA:1696,203,1,68
BRDA:1699,204,0,68
BRDA:1699,204,1,25
BRDA:1705,205,0,68
BRDA:1705,205,1,25
BRDA:1707,206,0,68
BRDA:1707,206,1,0
BRDA:1719,207,0,33
BRDA:1719,207,1,0
BRDA:1720,208,0,33
BRDA:1720,208,1,0
BRDA:1725,209,0,0
BRDA:1725,209,1,0
BRDA:1727,210,0,33
BRDA:1727,210,1,0
BRDA:1750,211,0,5
BRDA:1750,211,1,1906
BRDA:1755,212,0,1906
BRDA:1755,212,1,0
BRDA:1757,213,0,5
BRDA:1757,213,1,1906
BRDA:1762,214,0,1
BRDA:1762,214,1,4
BRDA:1767,215,0,0
BRDA:1767,215,1,4
BRDA:1769,216,0,4
BRDA:1769,216,1,1
BRDA:1773,217,0,3
BRDA:1773,217,1,2
BRDA:1779,218,0,3
BRDA:1779,218,1,2
BRDA:1781,219,0,3
BRDA:1781,219,1,0
BRDA:1797,220,0,3
BRDA:1797,220,1,10
BRDA:1802,221,0,0
BRDA:1802,221,1,10
BRDA:1804,222,0,10
BRDA:1804,222,1,3
BRDA:1808,223,0,10
BRDA:1808,223,1,3
BRDA:1814,224,0,10
BRDA:1814,224,1,3
BRDA:1816,225,0,10
BRDA:1816,225,1,0
BRDA:1828,226,0,5
BRDA:1828,226,1,0
BRDA:1829,227,0,4
BRDA:1829,227,1,1
BRDA:1834,228,0,1
BRDA:1834,228,1,0
BRDA:1836,229,0,4
BRDA:1836,229,1,1
BRDA:1859,230,0,11
BRDA:1859,230,1,35117
BRDA:1864,231,0,1906
BRDA:1864,231,1,33211
BRDA:1866,232,0,11
BRDA:1866,232,1,35117
BRDA:1873,233,0,9
BRDA:1873,233,1,2
BRDA:1879,234,0,9
BRDA:1879,234,1,2
BRDA:1881,235,0,9
BRDA:1881,235,1,0
BRDA:1899,236,0,51
BRDA:1899,236,1,9
BRDA:1905,237,0,51
BRDA:1905,237,1,9
BRDA:1907,238,0,51
BRDA:1907,238,1,0
BRDA:1919,239,0,11
BRDA:1919,239,1,0
BRDA:1942,240,0,7541
BRDA:1942,240,1,0
BRDA:1948,241,0,7541
BRDA:1948,241,1,0
BRDA:1950,242,0,1516
BRDA:1950,242,1,6025
BRDA:1972,243,0,4644
BRDA:1972,243,1,16108
BRDA:1979,244,0,4644
BRDA:1979,244,1,0
BRDA:1992,245,0,16108
BRDA:1992,245,1,4644
BRDA:1994,246,0,16108
BRDA:1994,246,1,0
BRDA:2004,247,0,20823
BRDA:2004,247,1,15920
BRDA:2005,248,0,50
BRDA:2005,248,1,20773
BRDA:2010,249,0,0
BRDA:2010,249,1,20773
BRDA:2012,250,0,20773
BRDA:2012,250,1,50
BRDA:2013,251,0,3
BRDA:2013,251,1,20770
BRDA:2018,252,0,0
BRDA:2018,252,1,20770
BRDA:2020,253,0,20770
BRDA:2020,253,1,3
BRDA:2022,254,0,3
BRDA:2022,254,1,20767
BRDA:2027,255,0,0
BRDA:2027,255,1,20767
BRDA:2029,256,0,3
BRDA:2029,256,1,20767
BRDA:2031,257,0,3
BRDA:2031,257,1,0
BRDA:2054,258,0,4659
BRDA:2054,258,1,11332
BRDA:2056,259,0,4656
BRDA:2056,259,1,3
BRDA:2058,260,0,4653
BRDA:2058,260,1,3
BRDA:2060,261,0,4650
BRDA:2060,261,1,3
BRDA:2061,262,0,3
BRDA:2061,262,1,4647
BRDA:2066,263,0,0
BRDA:2066,263,1,4647
BRDA:2068,264,0,4647
BRDA:2068,264,1,3
BRDA:2069,265,0,3
BRDA:2069,265,1,4644
BRDA:2074,266,0,0
BRDA:2074,266,1,4644
BRDA:2089,267,0,36239
BRDA:2089,267,1,504
BRDA:2091,268,0,20823
BRDA:2091,268,1,15416
BRDA:2093,269,0,20823
BRDA:2093,269,1,0
BRDA:2095,270,0,20823
BRDA:2095,270,1,0
BRDA:2097,271,0,20823
BRDA:2097,271,1,0
BRDA:2112,272,0,4656
BRDA:2112,272,1,3
BRDA:2123,273,0,7541
BRDA:2123,273,1,0
BRDA:2125,274,0,7541
BRDA:2125,274,1,0
BRDA:2127,275,0,7541
BRDA:2127,275,1,0
BRDA:2140,276,0,7541
BRDA:2140,276,1,0
BRDA:2142,277,0,7541
BRDA:2142,277,1,0
BRDA:2144,278,0,7541
BRDA:2144,278,1,0
BRDA:2146,279,0,7541
BRDA:2146,279,1,0
BRDA:2148,280,0,7541
BRDA:2148,280,1,0
BRDA:2150,281,0,7541
BRDA:2150,281,1,0
BRDA:2152,282,0,7541
BRDA:2152,282,1,0
BRDA:2154,283,0,7541
BRDA:2154,283,1,0
BRDA:2156,284,0,7541
BRDA:2156,284,1,0
BRDA:2158,285,0,7541
BRDA:2158,285,1,0
BRDA:2160,286,0,7541
BRDA:2160,286,1,0
BRDA:2162,287,0,7541
BRDA:2162,287,1,0
BRDA:2164,288,0,7541
BRDA:2164,288,1,0
BRDA:2166,289,0,7541
BRDA:2166,289,1,0
BRDA:2168,290,0,7541
BRDA:2168,290,1,0
BRDA:2170,291,0,7541
BRDA:2170,291,1,0
BRDA:2172,292,0,7541
BRDA:2172,292,1,0
BRDA:2174,293,0,7541
BRDA:2174,293,1,0
BRDA:2176,294,0,7541
BRDA:2176,294,1,0
BRDA:2178,295,0,7541
BRDA:2178,295,1,0
BRDA:2180,296,0,7541
BRDA:2180,296,1,0
BRDA:2182,297,0,7541
BRDA:2182,297,1,0
BRDA:2184,298,0,7541
BRDA:2184,298,1,0
BRDA:2186,299,0,7541
BRDA:2186,299,1,0
BRDA:2188,300,0,7541
BRDA:2188,300,1,0
BRDA:2223,301,0,7541
BRDA:2223,301,1,0
BRDA:2225,302,0,7541
BRDA:2225,302,1,0
BRDA:2227,303,0,7541
BRDA:2227,303,1,0
BRDA:2229,304,0,7541
BRDA:2229,304,1,0
BRDA:2231,305,0,7541
BRDA:2231,305,1,0
BRDA:2233,306,0,7541
BRDA:2233,306,1,0
BRDA:2249,307,0,7541
BRDA:2249,307,1,0
BRDA:2262,308,0,5264
BRDA:2262,308,1,10284
BRDA:2263,309,0,22
BRDA:2263,309,1,5242
BRDA:2268,310,0,0
BRDA:2268,310,1,5242
BRDA:2270,311,0,5242
BRDA:2270,311,1,22
BRDA:2273,312,0,5264
BRDA:2273,312,1,0
BRDA:2286,313,0,10284
BRDA:2286,313,1,5264
BRDA:2288,314,0,10284
BRDA:2288,314,1,0
BRDA:2299,315,0,20
BRDA:2299,315,1,18656
BRDA:2304,316,0,0
BRDA:2304,316,1,18656
BRDA:2306,317,0,20
BRDA:2306,317,1,18656
BRDA:2313,318,0,20
BRDA:2313,318,1,0
BRDA:2314,319,0,14
BRDA:2314,319,1,6
BRDA:2319,320,0,0
BRDA:2319,320,1,6
BRDA:2321,321,0,14
BRDA:2321,321,1,6
BRDA:2337,322,0,18662
BRDA:2337,322,1,14
BRDA:2339,323,0,5435
BRDA:2339,323,1,13227
BRDA:2344,324,0,0
BRDA:2344,324,1,13227
BRDA:2346,325,0,5435
BRDA:2346,325,1,13227
BRDA:2353,326,0,5435
BRDA:2353,326,1,0
BRDA:2354,327,0,5419
BRDA:2354,327,1,16
BRDA:2359,328,0,0
BRDA:2359,328,1,16
BRDA:2361,329,0,5419
BRDA:2361,329,1,16
BRDA:2379,330,0,13243
BRDA:2379,330,1,5433
BRDA:2381,331,0,1796
BRDA:2381,331,1,11447
BRDA:2393,332,0,14
BRDA:2393,332,1,22
BRDA:2398,333,0,0
BRDA:2398,333,1,22
BRDA:2400,334,0,22
BRDA:2400,334,1,14
BRDA:2401,335,0,6
BRDA:2401,335,1,16
BRDA:2406,336,0,0
BRDA:2406,336,1,16
BRDA:2408,337,0,16
BRDA:2408,337,1,6
BRDA:2413,338,0,14
BRDA:2413,338,1,22
BRDA:2419,339,0,14
BRDA:2419,339,1,22
BRDA:2421,340,0,10
BRDA:2421,340,1,4
BRDA:2433,341,0,26
BRDA:2433,341,1,10
BRDA:2435,342,0,6
BRDA:2435,342,1,20
BRDA:2440,343,0,0
BRDA:2440,343,1,20
BRDA:2442,344,0,6
BRDA:2442,344,1,20
BRDA:2444,345,0,4
BRDA:2444,345,1,2
BRDA:2456,346,0,22
BRDA:2456,346,1,4
BRDA:2470,347,0,5419
BRDA:2470,347,1,6091
BRDA:2475,348,0,0
BRDA:2475,348,1,6091
BRDA:2477,349,0,6091
BRDA:2477,349,1,5419
BRDA:2478,350,0,142
BRDA:2478,350,1,5949
BRDA:2483,351,0,0
BRDA:2483,351,1,5949
BRDA:2485,352,0,5949
BRDA:2485,352,1,142
BRDA:2490,353,0,5939
BRDA:2490,353,1,5571
BRDA:2496,354,0,5939
BRDA:2496,354,1,5571
BRDA:2498,355,0,5935
BRDA:2498,355,1,4
BRDA:2510,356,0,5575
BRDA:2510,356,1,5935
BRDA:2512,357,0,142
BRDA:2512,357,1,5433
BRDA:2517,358,0,0
BRDA:2517,358,1,5433
BRDA:2519,359,0,142
BRDA:2519,359,1,5433
BRDA:2521,360,0,136
BRDA:2521,360,1,6
BRDA:2533,361,0,5439
BRDA:2533,361,1,136
BRDA:2546,362,0,262
BRDA:2546,362,1,10022
BRDA:2551,363,0,0
BRDA:2551,363,1,10022
BRDA:2553,364,0,262
BRDA:2553,364,1,10022
BRDA:2554,365,0,20
BRDA:2554,365,1,242
BRDA:2559,366,0,0
BRDA:2559,366,1,242
BRDA:2561,367,0,242
BRDA:2561,367,1,20
BRDA:2564,368,0,262
BRDA:2564,368,1,0
BRDA:2567,369,0,156
BRDA:2567,369,1,105
BRDA:2573,370,0,275
BRDA:2573,370,1,10
BRDA:2577,371,0,261
BRDA:2577,371,1,0
BRDA:2578,372,0,257
BRDA:2578,372,1,4
BRDA:2583,373,0,0
BRDA:2583,373,1,4
BRDA:2585,374,0,257
BRDA:2585,374,1,4
BRDA:2586,375,0,20
BRDA:2586,375,1,237
BRDA:2591,376,0,0
BRDA:2591,376,1,237
BRDA:2593,377,0,237
BRDA:2593,377,1,20
BRDA:2596,378,0,257
BRDA:2596,378,1,0
BRDA:2621,379,0,10026
BRDA:2621,379,1,257
BRDA:2623,380,0,10026
BRDA:2623,380,1,0
BRDA:2634,381,0,286
BRDA:2634,381,1,261
BRDA:2635,382,0,116
BRDA:2635,382,1,170
BRDA:2640,383,0,0
BRDA:2640,383,1,170
BRDA:2642,384,0,116
BRDA:2642,384,1,170
BRDA:2644,385,0,116
BRDA:2644,385,1,0
BRDA:2670,386,0,514
BRDA:2670,386,1,580
BRDA:2675,387,0,0
BRDA:2675,387,1,580
BRDA:2677,388,0,580
BRDA:2677,388,1,514
BRDA:2678,389,0,16
BRDA:2678,389,1,564
BRDA:2683,390,0,0
BRDA:2683,390,1,564
BRDA:2685,391,0,564
BRDA:2685,391,1,16
BRDA:2690,392,0,560
BRDA:2690,392,1,534
BRDA:2696,393,0,560
BRDA:2696,393,1,534
BRDA:2698,394,0,556
BRDA:2698,394,1,4
BRDA:2710,395,0,538
BRDA:2710,395,1,556
BRDA:2712,396,0,16
BRDA:2712,396,1,522
BRDA:2717,397,0,0
BRDA:2717,397,1,522
BRDA:2719,398,0,16
BRDA:2719,398,1,522
BRDA:2721,399,0,8
BRDA:2721,399,1,8
BRDA:2733,400,0,530
BRDA:2733,400,1,8
BRDA:2745,401,0,16
BRDA:2745,401,1,5975
BRDA:2750,402,0,0
BRDA:2750,402,1,5975
BRDA:2752,403,0,16
BRDA:2752,403,1,5975
BRDA:2754,404,0,14
BRDA:2754,404,1,2
BRDA:2774,405,0,26
BRDA:2774,405,1,138
BRDA:2776,406,0,4
BRDA:2776,406,1,22
BRDA:2781,407,0,0
BRDA:2781,407,1,22
BRDA:2783,408,0,4
BRDA:2783,408,1,22
BRDA:2788,409,0,2
BRDA:2788,409,1,2
BRDA:2794,410,0,2
BRDA:2794,410,1,2
BRDA:2806,411,0,24
BRDA:2806,411,1,2
BRDA:2808,412,0,20
BRDA:2808,412,1,4
BRDA:2821,413,0,34
BRDA:2821,413,1,130
BRDA:2831,414,0,4
BRDA:2831,414,1,194
BRDA:2836,415,0,0
BRDA:2836,415,1,194
BRDA:2838,416,0,194
BRDA:2838,416,1,4
BRDA:2839,417,0,4
BRDA:2839,417,1,190
BRDA:2844,418,0,0
BRDA:2844,418,1,190
BRDA:2846,419,0,190
BRDA:2846,419,1,4
BRDA:2847,420,0,2
BRDA:2847,420,1,188
BRDA:2852,421,0,0
BRDA:2852,421,1,188
BRDA:2854,422,0,188
BRDA:2854,422,1,2
BRDA:2856,423,0,2
BRDA:2856,423,1,186
BRDA:2861,424,0,0
BRDA:2861,424,1,186
BRDA:2863,425,0,2
BRDA:2863,425,1,186
BRDA:2868,426,0,186
BRDA:2868,426,1,2
BRDA:2870,427,0,2
BRDA:2870,427,1,184
BRDA:2875,428,0,0
BRDA:2875,428,1,184
BRDA:2877,429,0,2
BRDA:2877,429,1,184
BRDA:2882,430,0,184
BRDA:2882,430,1,2
BRDA:2884,431,0,78
BRDA:2884,431,1,106
BRDA:2889,432,0,0
BRDA:2889,432,1,106
BRDA:2891,433,0,78
BRDA:2891,433,1,106
BRDA:2896,434,0,106
BRDA:2896,434,1,78
BRDA:2898,435,0,34
BRDA:2898,435,1,72
BRDA:2903,436,0,0
BRDA:2903,436,1,72
BRDA:2905,437,0,34
BRDA:2905,437,1,72
BRDA:2910,438,0,72
BRDA:2910,438,1,34
BRDA:2912,439,0,2
BRDA:2912,439,1,70
BRDA:2917,440,0,0
BRDA:2917,440,1,70
BRDA:2919,441,0,2
BRDA:2919,441,1,70
BRDA:2924,442,0,70
BRDA:2924,442,1,2
BRDA:2926,443,0,2
BRDA:2926,443,1,68
BRDA:2931,444,0,0
BRDA:2931,444,1,68
BRDA:2933,445,0,2
BRDA:2933,445,1,68
BRDA:2957,446,0,22
BRDA:2957,446,1,12
BRDA:2961,447,0,8
BRDA:2961,447,1,26
BRDA:2967,448,0,8
BRDA:2967,448,1,26
BRDA:2969,449,0,8
BRDA:2969,449,1,0
BRDA:2989,450,0,34
BRDA:2989,450,1,0
BRDA:2991,451,0,30
BRDA:2991,451,1,4
BRDA:2992,452,0,4
BRDA:2992,452,1,26
BRDA:2997,453,0,0
BRDA:2997,453,1,26
BRDA:2999,454,0,26
BRDA:2999,454,1,4
BRDA:3000,455,0,4
BRDA:3000,455,1,22
BRDA:3005,456,0,0
BRDA:3005,456,1,22
BRDA:3018,457,0,4
BRDA:3018,457,1,20
BRDA:3023,458,0,0
BRDA:3023,458,1,20
BRDA:3025,459,0,4
BRDA:3025,459,1,20
BRDA:3029,460,0,4
BRDA:3029,460,1,0
BRDA:3031,461,0,4
BRDA:3031,461,1,0
BRDA:3042,462,0,4
BRDA:3042,462,1,0
BRDA:3047,463,0,4
BRDA:3047,463,1,0
BRDA:3067,464,0,7
BRDA:3067,464,1,16
BRDA:3072,465,0,0
BRDA:3072,465,1,16
BRDA:3074,466,0,7
BRDA:3074,466,1,16
BRDA:3078,467,0,7
BRDA:3078,467,1,0
BRDA:3080,468,0,7
BRDA:3080,468,1,0
BRDA:3082,469,0,7
BRDA:3082,469,1,0
BRDA:3084,470,0,7
BRDA:3084,470,1,0
BRDA:3103,471,0,7
BRDA:3103,471,1,0
BRDA:3108,472,0,7
BRDA:3108,472,1,0
BRDA:3127,473,0,6
BRDA:3127,473,1,32
BRDA:3132,474,0,0
BRDA:3132,474,1,32
BRDA:3141,475,0,36
BRDA:3141,475,1,0
BRDA:3146,476,0,0
BRDA:3146,476,1,0
BRDA:3156,477,0,140
BRDA:3156,477,1,9886
BRDA:3161,478,0,9886
BRDA:3161,478,1,0
BRDA:3163,479,0,140
BRDA:3163,479,1,9886
BRDA:3177,480,0,1464
BRDA:3177,480,1,4184
BRDA:3182,481,0,0
BRDA:3182,481,1,4184
BRDA:3184,482,0,1464
BRDA:3184,482,1,4184
BRDA:3186,483,0,1464
BRDA:3186,483,1,0
BRDA:3187,484,0,1463
BRDA:3187,484,1,1
BRDA:3192,485,0,0
BRDA:3192,485,1,1
BRDA:3194,486,0,1463
BRDA:3194,486,1,1
BRDA:3211,487,0,4185
BRDA:3211,487,1,1463
BRDA:3213,488,0,4185
BRDA:3213,488,1,0
BRDA:3228,489,0,5
BRDA:3228,489,1,1587
BRDA:3233,490,0,0
BRDA:3233,490,1,1587
BRDA:3236,491,0,1587
BRDA:3236,491,1,5
BRDA:3242,492,0,1587
BRDA:3242,492,1,5
BRDA:3244,493,0,1587
BRDA:3244,493,1,0
BRDA:3255,494,0,1587
BRDA:3255,494,1,5
BRDA:3261,495,0,1587
BRDA:3261,495,1,27704
BRDA:3266,496,0,0
BRDA:3266,496,1,27704
BRDA:3269,497,0,27704
BRDA:3269,497,1,1587
BRDA:3275,498,0,27704
BRDA:3275,498,1,1587
BRDA:3277,499,0,27704
BRDA:3277,499,1,0
BRDA:3292,500,0,5
BRDA:3292,500,1,1587
BRDA:3294,501,0,3
BRDA:3294,501,1,2
BRDA:3299,502,0,0
BRDA:3299,502,1,2
BRDA:3301,503,0,3
BRDA:3301,503,1,2
BRDA:3303,504,0,3
BRDA:3303,504,1,0
BRDA:3304,505,0,3
BRDA:3304,505,1,0
BRDA:3309,506,0,0
BRDA:3309,506,1,0
BRDA:3311,507,0,3
BRDA:3311,507,1,0
BRDA:3333,508,0,1714
BRDA:3333,508,1,124
BRDA:3338,509,0,0
BRDA:3338,509,1,124
BRDA:3341,510,0,124
BRDA:3341,510,1,1714
BRDA:3347,511,0,124
BRDA:3347,511,1,1714
BRDA:3349,512,0,123
BRDA:3349,512,1,1
BRDA:3360,513,0,123
BRDA:3360,513,1,1715
BRDA:3366,514,0,123
BRDA:3366,514,1,1231
BRDA:3371,515,0,0
BRDA:3371,515,1,1231
BRDA:3374,516,0,1231
BRDA:3374,516,1,123
BRDA:3380,517,0,1231
BRDA:3380,517,1,123
BRDA:3382,518,0,1231
BRDA:3382,518,1,0
BRDA:3397,519,0,1715
BRDA:3397,519,1,123
BRDA:3399,520,0,125
BRDA:3399,520,1,1590
BRDA:3404,521,0,0
BRDA:3404,521,1,1590
BRDA:3406,522,0,125
BRDA:3406,522,1,1590
BRDA:3408,523,0,125
BRDA:3408,523,1,0
BRDA:3409,524,0,125
BRDA:3409,524,1,0
BRDA:3414,525,0,0
BRDA:3414,525,1,0
BRDA:3416,526,0,125
BRDA:3416,526,1,0
BRDA:3433,527,0,1592
BRDA:3433,527,1,0
BRDA:3445,528,0,15416
BRDA:3445,528,1,20823
BRDA:3450,529,0,0
BRDA:3450,529,1,20823
BRDA:3459,530,0,0
BRDA:3459,530,1,20823
BRDA:3464,531,0,0
BRDA:3464,531,1,20823
BRDA:3473,532,0,0
BRDA:3473,532,1,20823
BRDA:3478,533,0,0
BRDA:3478,533,1,20823
BRDA:3487,534,0,0
BRDA:3487,534,1,20823
BRDA:3492,535,0,0
BRDA:3492,535,1,20823
BRDA:3501,536,0,504
BRDA:3501,536,1,36239
BRDA:3506,537,0,0
BRDA:3506,537,1,36239
BRDA:3515,538,0,0
BRDA:3515,538,1,4656
BRDA:3520,539,0,0
BRDA:3520,539,1,4656
BRDA:3529,540,0,3
BRDA:3529,540,1,4656
BRDA:3534,541,0,0
BRDA:3534,541,1,4656
BRDA:3543,542,0,3
BRDA:3543,542,1,4653
BRDA:3548,543,0,0
BRDA:3548,543,1,4653
BRDA:3557,544,0,0
BRDA:3557,544,1,20823
BRDA:3562,545,0,0
BRDA:3562,545,1,20823
BRDA:3571,546,0,3
BRDA:3571,546,1,4650
BRDA:3576,547,0,0
BRDA:3576,547,1,4650
BRDA:3585,548,0,1
BRDA:3585,548,1,36747
BRDA:3590,549,0,0
BRDA:3590,549,1,36747
BRDA:3600,550,0,0
BRDA:3600,550,1,7541
BRDA:3605,551,0,0
BRDA:3605,551,1,7541
BRDA:3607,552,0,0
BRDA:3607,552,1,7541
BRDA:3612,553,0,0
BRDA:3612,553,1,0
BRDA:3618,554,0,0
BRDA:3618,554,1,0
BRDA:3637,555,0,0
BRDA:3637,555,1,7541
BRDA:3642,556,0,0
BRDA:3642,556,1,7541
BRDA:3644,557,0,0
BRDA:3644,557,1,7541
BRDA:3649,558,0,0
BRDA:3649,558,1,0
BRDA:3655,559,0,0
BRDA:3655,559,1,0
BRDA:3674,560,0,0
BRDA:3674,560,1,7541
BRDA:3679,561,0,0
BRDA:3679,561,1,7541
BRDA:3681,562,0,0
BRDA:3681,562,1,7541
BRDA:3686,563,0,0
BRDA:3686,563,1,0
BRDA:3692,564,0,0
BRDA:3692,564,1,0
BRDA:3711,565,0,0
BRDA:3711,565,1,7541
BRDA:3716,566,0,0
BRDA:3716,566,1,7541
BRDA:3718,567,0,0
BRDA:3718,567,1,7541
BRDA:3723,568,0,0
BRDA:3723,568,1,0
BRDA:3729,569,0,0
BRDA:3729,569,1,0
BRDA:3748,570,0,0
BRDA:3748,570,1,7541
BRDA:3753,571,0,0
BRDA:3753,571,1,7541
BRDA:3755,572,0,0
BRDA:3755,572,1,7541
BRDA:3760,573,0,0
BRDA:3760,573,1,0
BRDA:3766,574,0,0
BRDA:3766,574,1,0
BRDA:3785,575,0,0
BRDA:3785,575,1,7541
BRDA:3790,576,0,0
BRDA:3790,576,1,7541
BRDA:3792,577,0,0
BRDA:3792,577,1,7541
BRDA:3797,578,0,0
BRDA:3797,578,1,0
BRDA:3803,579,0,0
BRDA:3803,579,1,0
BRDA:3822,580,0,0
BRDA:3822,580,1,7541
BRDA:3827,581,0,0
BRDA:3827,581,1,7541
BRDA:3829,582,0,0
BRDA:3829,582,1,7541
BRDA:3834,583,0,0
BRDA:3834,583,1,0
BRDA:3840,584,0,0
BRDA:3840,584,1,0
BRDA:3859,585,0,0
BRDA:3859,585,1,7541
BRDA:3864,586,0,0
BRDA:3864,586,1,7541
BRDA:3866,587,0,0
BRDA:3866,587,1,7541
BRDA:3871,588,0,0
BRDA:3871,588,1,0
BRDA:3877,589,0,0
BRDA:3877,589,1,0
BRDA:3896,590,0,0
BRDA:3896,590,1,7541
BRDA:3901,591,0,0
BRDA:3901,591,1,7541
BRDA:3903,592,0,0
BRDA:3903,592,1,7541
BRDA:3908,593,0,0
BRDA:3908,593,1,0
BRDA:3914,594,0,0
BRDA:3914,594,1,0
BRDA:3933,595,0,0
BRDA:3933,595,1,7541
BRDA:3938,596,0,0
BRDA:3938,596,1,7541
BRDA:3940,597,0,0
BRDA:3940,597,1,7541
BRDA:3945,598,0,0
BRDA:3945,598,1,0
BRDA:3951,599,0,0
BRDA:3951,599,1,0
BRDA:3970,600,0,0
BRDA:3970,600,1,7541
BRDA:3975,601,0,0
BRDA:3975,601,1,7541
BRDA:3977,602,0,0
BRDA:3977,602,1,7541
BRDA:3982,603,0,0
BRDA:3982,603,1,0
BRDA:3988,604,0,0
BRDA:3988,604,1,0
BRDA:4007,605,0,0
BRDA:4007,605,1,7541
BRDA:4012,606,0,0
BRDA:4012,606,1,7541
BRDA:4014,607,0,0
BRDA:4014,607,1,7541
BRDA:4019,608,0,0
BRDA:4019,608,1,0
BRDA:4025,609,0,0
BRDA:4025,609,1,0
BRDA:4044,610,0,0
BRDA:4044,610,1,7541
BRDA:4049,611,0,0
BRDA:4049,611,1,7541
BRDA:4051,612,0,0
BRDA:4051,612,1,7541
BRDA:4056,613,0,0
BRDA:4056,613,1,0
BRDA:4062,614,0,0
BRDA:4062,614,1,0
BRDA:4081,615,0,0
BRDA:4081,615,1,7541
BRDA:4086,616,0,0
BRDA:4086,616,1,7541
BRDA:4088,617,0,0
BRDA:4088,617,1,7541
BRDA:4093,618,0,0
BRDA:4093,618,1,0
BRDA:4099,619,0,0
BRDA:4099,619,1,0
BRDA:4118,620,0,0
BRDA:4118,620,1,7541
BRDA:4123,621,0,0
BRDA:4123,621,1,7541
BRDA:4125,622,0,0
BRDA:4125,622,1,7541
BRDA:4130,623,0,0
BRDA:4130,623,1,0
BRDA:4136,624,0,0
BRDA:4136,624,1,0
BRDA:4155,625,0,0
BRDA:4155,625,1,7541
BRDA:4160,626,0,0
BRDA:4160,626,1,7541
BRDA:4162,627,0,0
BRDA:4162,627,1,7541
BRDA:4167,628,0,0
BRDA:4167,628,1,0
BRDA:4173,629,0,0
BRDA:4173,629,1,0
BRDA:4192,630,0,0
BRDA:4192,630,1,7541
BRDA:4197,631,0,0
BRDA:4197,631,1,7541
BRDA:4199,632,0,0
BRDA:4199,632,1,7541
BRDA:4204,633,0,0
BRDA:4204,633,1,0
BRDA:4210,634,0,0
BRDA:4210,634,1,0
BRDA:4229,635,0,0
BRDA:4229,635,1,7541
BRDA:4234,636,0,0
BRDA:4234,636,1,7541
BRDA:4236,637,0,0
BRDA:4236,637,1,7541
BRDA:4241,638,0,0
BRDA:4241,638,1,0
BRDA:4247,639,0,0
BRDA:4247,639,1,0
BRDA:4266,640,0,0
BRDA:4266,640,1,7541
BRDA:4271,641,0,0
BRDA:4271,641,1,7541
BRDA:4273,642,0,0
BRDA:4273,642,1,7541
BRDA:4278,643,0,0
BRDA:4278,643,1,0
BRDA:4284,644,0,0
BRDA:4284,644,1,0
BRDA:4303,645,0,0
BRDA:4303,645,1,7541
BRDA:4308,646,0,0
BRDA:4308,646,1,7541
BRDA:4310,647,0,0
BRDA:4310,647,1,7541
BRDA:4315,648,0,0
BRDA:4315,648,1,0
BRDA:4321,649,0,0
BRDA:4321,649,1,0
BRDA:4340,650,0,0
BRDA:4340,650,1,7541
BRDA:4345,651,0,0
BRDA:4345,651,1,7541
BRDA:4347,652,0,0
BRDA:4347,652,1,7541
BRDA:4352,653,0,0
BRDA:4352,653,1,0
BRDA:4358,654,0,0
BRDA:4358,654,1,0
BRDA:4377,655,0,0
BRDA:4377,655,1,7541
BRDA:4382,656,0,0
BRDA:4382,656,1,7541
BRDA:4384,657,0,0
BRDA:4384,657,1,7541
BRDA:4389,658,0,0
BRDA:4389,658,1,0
BRDA:4395,659,0,0
BRDA:4395,659,1,0
BRDA:4414,660,0,0
BRDA:4414,660,1,7541
BRDA:4419,661,0,0
BRDA:4419,661,1,7541
BRDA:4421,662,0,0
BRDA:4421,662,1,7541
BRDA:4426,663,0,0
BRDA:4426,663,1,0
BRDA:4432,664,0,0
BRDA:4432,664,1,0
BRDA:4451,665,0,0
BRDA:4451,665,1,7541
BRDA:4456,666,0,0
BRDA:4456,666,1,7541
BRDA:4458,667,0,0
BRDA:4458,667,1,7541
BRDA:4463,668,0,0
BRDA:4463,668,1,0
BRDA:4469,669,0,0
BRDA:4469,669,1,0
BRDA:4488,670,0,0
BRDA:4488,670,1,7541
BRDA:4493,671,0,0
BRDA:4493,671,1,7541
BRDA:4495,672,0,0
BRDA:4495,672,1,7541
BRDA:4500,673,0,0
BRDA:4500,673,1,0
BRDA:4506,674,0,0
BRDA:4506,674,1,0
BRDA:4525,675,0,0
BRDA:4525,675,1,7541
BRDA:4530,676,0,0
BRDA:4530,676,1,7541
BRDA:4532,677,0,0
BRDA:4532,677,1,7541
BRDA:4537,678,0,0
BRDA:4537,678,1,0
BRDA:4543,679,0,0
BRDA:4543,679,1,0
BRDA:4562,680,0,0
BRDA:4562,680,1,7541
BRDA:4567,681,0,0
BRDA:4567,681,1,7541
BRDA:4569,682,0,0
BRDA:4569,682,1,7541
BRDA:4574,683,0,0
BRDA:4574,683,1,0
BRDA:4580,684,0,0
BRDA:4580,684,1,0
BRDA:4599,685,0,0
BRDA:4599,685,1,7541
BRDA:4604,686,0,0
BRDA:4604,686,1,7541
BRDA:4606,687,0,0
BRDA:4606,687,1,7541
BRDA:4611,688,0,0
BRDA:4611,688,1,0
BRDA:4617,689,0,0
BRDA:4617,689,1,0
BRDA:4636,690,0,0
BRDA:4636,690,1,7541
BRDA:4641,691,0,0
BRDA:4641,691,1,7541
BRDA:4643,692,0,0
BRDA:4643,692,1,7541
BRDA:4648,693,0,0
BRDA:4648,693,1,0
BRDA:4654,694,0,0
BRDA:4654,694,1,0
BRDA:4673,695,0,0
BRDA:4673,695,1,7541
BRDA:4678,696,0,0
BRDA:4678,696,1,7541
BRDA:4680,697,0,0
BRDA:4680,697,1,7541
BRDA:4685,698,0,0
BRDA:4685,698,1,0
BRDA:4691,699,0,0
BRDA:4691,699,1,0
BRDA:4710,700,0,0
BRDA:4710,700,1,7541
BRDA:4715,701,0,0
BRDA:4715,701,1,7541
BRDA:4717,702,0,0
BRDA:4717,702,1,7541
BRDA:4722,703,0,0
BRDA:4722,703,1,0
BRDA:4728,704,0,0
BRDA:4728,704,1,0
BRDA:4747,705,0,0
BRDA:4747,705,1,7541
BRDA:4752,706,0,0
BRDA:4752,706,1,7541
BRDA:4754,707,0,0
BRDA:4754,707,1,7541
BRDA:4759,708,0,0
BRDA:4759,708,1,0
BRDA:4765,709,0,0
BRDA:4765,709,1,0
BRDA:4784,710,0,0
BRDA:4784,710,1,7541
BRDA:4789,711,0,0
BRDA:4789,711,1,7541
BRDA:4791,712,0,0
BRDA:4791,712,1,7541
BRDA:4796,713,0,0
BRDA:4796,713,1,0
BRDA:4802,714,0,0
BRDA:4802,714,1,0
BRDA:4821,715,0,0
BRDA:4821,715,1,7541
BRDA:4826,716,0,0
BRDA:4826,716,1,7541
BRDA:4828,717,0,0
BRDA:4828,717,1,7541
BRDA:4833,718,0,0
BRDA:4833,718,1,0
BRDA:4839,719,0,0
BRDA:4839,719,1,0
BRDA:4858,720,0,0
BRDA:4858,720,1,7541
BRDA:4863,721,0,0
BRDA:4863,721,1,7541
BRDA:4865,722,0,0
BRDA:4865,722,1,7541
BRDA:4870,723,0,0
BRDA:4870,723,1,0
BRDA:4876,724,0,0
BRDA:4876,724,1,0
BRDA:4895,725,0,0
BRDA:4895,725,1,7541
BRDA:4900,726,0,0
BRDA:4900,726,1,7541
BRDA:4902,727,0,0
BRDA:4902,727,1,7541
BRDA:4907,728,0,0
BRDA:4907,728,1,0
BRDA:4913,729,0,0
BRDA:4913,729,1,0
BRDA:4933,730,0,22803
BRDA:4933,730,1,10408
BRDA:4935,731,0,21272
BRDA:4935,731,1,1531
BRDA:4942,732,0,12033
BRDA:4942,732,1,236
BRDA:4944,733,0,11982
BRDA:4944,733,1,51
BRDA:4958,734,0,1902
BRDA:4958,734,1,5
BRDA:4964,735,0,9
BRDA:4964,735,1,2
BRDA:4977,736,0,1923
BRDA:4977,736,1,0
BRDA:4978,737,0,16
BRDA:4978,737,1,1907
BRDA:4983,738,0,1907
BRDA:4983,738,1,0
BRDA:4985,739,0,16
BRDA:4985,739,1,1907
BRDA:4996,740,0,1907
BRDA:4996,740,1,16
BRDA:4999,741,0,1907
BRDA:4999,741,1,0
BRDA:5001,742,0,1906
BRDA:5001,742,1,1
BRDA:5004,743,0,1907
BRDA:5004,743,1,0
BRDA:5006,744,0,402
BRDA:5006,744,1,1505
BRDA:5021,745,0,1505
BRDA:5021,745,1,402
BRDA:5024,746,0,1505
BRDA:5024,746,1,0
BRDA:5026,747,0,1498
BRDA:5026,747,1,7
BRDA:5048,748,0,7
BRDA:5048,748,1,1498
BRDA:5053,749,0,0
BRDA:5053,749,1,1498
BRDA:5056,750,0,1498
BRDA:5056,750,1,7
BRDA:5068,751,0,1506
BRDA:5068,751,1,23
BRDA:5068,752,0,1529
BRDA:5068,752,1,1506
BRDA:5071,753,0,0
BRDA:5071,753,1,23
BRDA:5071,754,0,23
BRDA:5071,754,1,0
BRDA:5077,755,0,23
BRDA:5077,755,1,0
BRDA:5078,756,0,23
BRDA:5078,756,1,0
BRF:1515
BRH:993
end_of_record
TN:
SF:lib\peg.js
FN:24,(anonymous_0)
FN:27,convertPasses
FN:30,(anonymous_2)
FN:32,(anonymous_3)
FN:44,(anonymous_4)
FNF:5
FNH:5
FNDA:1213,(anonymous_0)
FNDA:1213,convertPasses
FNDA:3639,(anonymous_2)
FNDA:9704,(anonymous_3)
FNDA:8,(anonymous_4)
DA:3,4
DA:4,4
DA:5,4
DA:6,4
DA:8,4
DA:25,1213
DA:28,1213
DA:30,1213
DA:31,3639
DA:32,9704
DA:35,1213
DA:38,1213
DA:39,1213
DA:44,1213
DA:46,1213
DA:54,4
LF:16
LH:16
BRDA:25,0,0,1171
BRDA:25,0,1,42
BRDA:38,1,0,6
BRDA:38,1,1,1207
BRF:4
BRH:4
end_of_record
TN:
SF:lib\version.js
FNF:0
FNH:0
DA:4,4
LF:1
LH:1
BRF:0
BRH:0
end_of_record
TN:
SF:lib\compiler\asts.js
FN:7,(anonymous_0)
FN:17,(anonymous_1)
FN:27,(anonymous_2)
FN:28,consumesTrue
FN:29,consumesFalse
FN:31,consumesExpression
FN:39,(anonymous_6)
FN:45,(anonymous_7)
FN:60,(anonymous_8)
FN:64,(anonymous_9)
FNF:10
FNH:10
FNDA:1229,(anonymous_0)
FNDA:2307,(anonymous_1)
FNDA:1364,(anonymous_2)
FNDA:181,consumesTrue
FNDA:412,consumesFalse
FNDA:1442,consumesExpression
FNDA:160,(anonymous_6)
FNDA:312,(anonymous_7)
FNDA:454,(anonymous_8)
FNDA:1055,(anonymous_9)
DA:3,8
DA:6,8
DA:8,1229
DA:9,4170
DA:10,1227
DA:14,2
DA:18,2307
DA:19,3447
DA:20,2307
DA:24,0
DA:28,181
DA:29,412
DA:32,1442
DA:35,1364
DA:40,160
DA:46,312
DA:61,454
DA:65,1055
DA:72,1364
DA:76,8
LF:20
LH:19
BRDA:9,0,0,1227
BRDA:9,0,1,2943
BRDA:19,1,0,2307
BRDA:19,1,1,1140
BRF:4
BRH:4
end_of_record
TN:
SF:lib\compiler\index.js
FN:13,processOptions
FN:16,(anonymous_1)
FN:20,(anonymous_2)
FN:60,(anonymous_3)
FN:74,(anonymous_4)
FN:75,(anonymous_5)
FNF:6
FNH:6
FNDA:1212,processOptions
FNDA:3479,(anonymous_1)
FNDA:9696,(anonymous_2)
FNDA:1212,(anonymous_3)
FNDA:3634,(anonymous_4)
FNDA:9688,(anonymous_5)
DA:3,4
DA:4,4
DA:5,4
DA:6,4
DA:7,4
DA:8,4
DA:9,4
DA:10,4
DA:11,4
DA:14,1212
DA:16,1212
DA:17,3479
DA:20,1212
DA:21,9696
DA:22,6225
DA:26,1212
DA:29,4
DA:61,1212
DA:63,1212
DA:74,1212
DA:75,9688
DA:78,1211
DA:80,1210
DA:83,1
DA:86,0
DA:91,4
LF:26
LH:25
BRDA:21,0,0,6225
BRDA:21,0,1,3471
BRDA:61,1,0,1212
BRDA:61,1,1,0
BRDA:78,2,0,1210
BRDA:78,2,1,1
BRDA:78,2,2,0
BRF:7
BRH:5
end_of_record
TN:
SF:lib\compiler\js.js
FN:3,hex
FN:7,(anonymous_1)
FN:24,(anonymous_2)
FN:25,(anonymous_3)
FN:26,(anonymous_4)
FN:27,(anonymous_5)
FN:30,(anonymous_6)
FN:47,(anonymous_7)
FN:48,(anonymous_8)
FN:49,(anonymous_9)
FN:50,(anonymous_10)
FNF:11
FNH:4
FNDA:28,hex
FNDA:6455,(anonymous_1)
FNDA:0,(anonymous_2)
FNDA:28,(anonymous_3)
FNDA:0,(anonymous_4)
FNDA:0,(anonymous_5)
FNDA:181,(anonymous_6)
FNDA:0,(anonymous_7)
FNDA:0,(anonymous_8)
FNDA:0,(anonymous_9)
FNDA:0,(anonymous_10)
DA:3,28
DA:6,5
DA:14,6455
DA:24,0
DA:25,28
DA:26,0
DA:27,0
DA:34,181
DA:47,0
DA:48,0
DA:49,0
DA:50,0
DA:54,5
LF:13
LH:6
BRF:0
BRH:0
end_of_record
TN:
SF:lib\compiler\opcodes.js
FNF:0
FNH:0
DA:4,5
DA:54,5
LF:2
LH:2
BRF:0
BRH:0
end_of_record
TN:
SF:lib\compiler\visitor.js
FN:5,(anonymous_0)
FN:6,visit
FN:10,visitNop
FN:14,visitExpression
FN:20,visitChildren
FN:21,(anonymous_5)
FN:24,(anonymous_6)
FN:31,(anonymous_7)
FN:42,(anonymous_8)
FN:70,(anonymous_9)
FNF:10
FNH:10
FNDA:8806,(anonymous_0)
FNDA:49330,visit
FNDA:10340,visitNop
FNDA:8287,visitExpression
FNDA:17612,visitChildren
FNDA:2993,(anonymous_5)
FNDA:6831,(anonymous_6)
FNDA:6183,(anonymous_7)
FNDA:7521,(anonymous_8)
FNDA:193732,(anonymous_9)
DA:4,11
DA:7,49330
DA:15,8287
DA:17,8287
DA:21,17612
DA:22,2993
DA:24,2993
DA:25,6831
DA:30,8806
DA:32,6183
DA:34,6183
DA:35,0
DA:38,6183
DA:39,575
DA:42,6183
DA:43,7521
DA:70,8806
DA:71,193732
DA:72,120426
DA:76,8806
DA:80,11
LF:21
LH:20
BRDA:34,0,0,0
BRDA:34,0,1,6183
BRDA:38,1,0,575
BRDA:38,1,1,5608
BRDA:71,2,0,120426
BRDA:71,2,1,73306
BRF:6
BRH:5
end_of_record
TN:
SF:lib\compiler\passes\generate-bytecode.js
FN:190,generateBytecode
FN:193,addConst
FN:199,addFunctionConst
FN:205,cloneEnv
FN:208,(anonymous_4)
FN:215,buildSequence
FN:219,buildCondition
FN:227,buildLoop
FN:231,buildCall
FN:232,(anonymous_9)
FN:237,buildSimplePredicate
FN:263,buildSemanticPredicate
FN:283,buildAppendLoop
FN:291,(anonymous_13)
FN:297,(anonymous_14)
FN:305,(anonymous_15)
FN:322,(anonymous_16)
FN:323,buildAlternativesCode
FN:346,(anonymous_18)
FN:374,(anonymous_19)
FN:375,buildElementsCode
FN:433,(anonymous_21)
FN:445,(anonymous_22)
FN:461,(anonymous_23)
FN:465,(anonymous_24)
FN:469,(anonymous_25)
FN:484,(anonymous_26)
FN:499,(anonymous_27)
FN:517,(anonymous_28)
FN:525,(anonymous_29)
FN:529,(anonymous_30)
FN:533,(anonymous_31)
FN:537,(anonymous_32)
FN:571,(anonymous_33)
FN:574,(anonymous_34)
FN:583,(anonymous_35)
FN:605,(anonymous_36)
FNF:37
FNH:37
FNDA:1259,generateBytecode
FNDA:4919,addConst
FNDA:898,addFunctionConst
FNDA:2410,cloneEnv
FNDA:322,(anonymous_4)
FNDA:9163,buildSequence
FNDA:5205,buildCondition
FNDA:245,buildLoop
FNDA:784,buildCall
FNDA:284,(anonymous_9)
FNDA:148,buildSimplePredicate
FNDA:376,buildSemanticPredicate
FNDA:245,buildAppendLoop
FNDA:1259,(anonymous_13)
FNDA:1521,(anonymous_14)
FNDA:18,(anonymous_15)
FNDA:189,(anonymous_16)
FNDA:467,buildAlternativesCode
FNDA:408,(anonymous_18)
FNDA:806,(anonymous_19)
FNDA:2622,buildElementsCode
FNDA:629,(anonymous_21)
FNDA:41,(anonymous_22)
FNDA:66,(anonymous_23)
FNDA:82,(anonymous_24)
FNDA:90,(anonymous_25)
FNDA:123,(anonymous_26)
FNDA:122,(anonymous_27)
FNDA:382,(anonymous_28)
FNDA:188,(anonymous_29)
FNDA:188,(anonymous_30)
FNDA:385,(anonymous_31)
FNDA:1864,(anonymous_32)
FNDA:117,(anonymous_33)
FNDA:130,(anonymous_34)
FNDA:130,(anonymous_35)
FNDA:67,(anonymous_36)
DA:3,5
DA:4,5
DA:5,5
DA:6,5
DA:191,1259
DA:194,4919
DA:196,4919
DA:200,898
DA:206,2410
DA:208,2410
DA:209,322
DA:212,2410
DA:216,9163
DA:220,5205
DA:228,245
DA:232,784
DA:234,784
DA:238,148
DA:264,376
DA:266,376
DA:284,245
DA:290,1259
DA:292,1259
DA:294,1259
DA:298,1521
DA:306,18
DA:314,18
DA:324,467
DA:343,189
DA:347,408
DA:348,408
DA:350,408
DA:355,408
DA:357,408
DA:376,2622
DA:378,1816
DA:380,1816
DA:401,806
DA:402,114
DA:407,114
DA:418,692
DA:423,806
DA:434,629
DA:436,629
DA:438,629
DA:446,41
DA:462,66
DA:466,82
DA:470,90
DA:485,123
DA:491,123
DA:500,122
DA:506,122
DA:518,382
DA:526,188
DA:530,188
DA:534,385
DA:538,1864
DA:539,1838
DA:545,1838
DA:555,1838
DA:565,26
DA:567,26
DA:572,117
DA:575,130
DA:582,117
DA:584,130
DA:589,117
DA:590,117
DA:598,117
DA:606,67
DA:608,67
DA:616,1259
DA:619,5
LF:74
LH:74
BRDA:196,0,0,4549
BRDA:196,0,1,370
BRDA:248,1,0,82
BRDA:248,1,1,66
BRDA:251,2,0,82
BRDA:251,2,1,66
BRDA:256,3,0,82
BRDA:256,3,1,66
BRDA:273,4,0,188
BRDA:273,4,1,188
BRDA:277,5,0,188
BRDA:277,5,1,188
BRDA:330,6,0,278
BRDA:330,6,1,189
BRDA:348,7,0,408
BRDA:348,7,1,114
BRDA:351,8,0,294
BRDA:351,8,1,114
BRDA:357,9,0,294
BRDA:357,9,1,114
BRDA:376,10,0,1816
BRDA:376,10,1,806
BRDA:394,11,0,1010
BRDA:394,11,1,806
BRDA:401,12,0,114
BRDA:401,12,1,692
BRDA:538,13,0,1838
BRDA:538,13,1,26
BRDA:541,14,0,10
BRDA:541,14,1,1828
BRDA:556,15,0,10
BRDA:556,15,1,1828
BRDA:559,16,0,10
BRDA:559,16,1,1828
BRDA:573,17,0,9
BRDA:573,17,1,108
BRDA:575,18,0,51
BRDA:575,18,1,79
BRDA:581,19,0,9
BRDA:581,19,1,108
BRDA:584,20,0,51
BRDA:584,20,1,79
BRF:42
BRH:42
end_of_record
TN:
SF:lib\compiler\passes\generate-js.js
FN:9,generateJS
FN:11,indent2
FN:12,indent10
FN:14,generateTables
FN:22,(anonymous_4)
FN:25,(anonymous_5)
FN:32,(anonymous_6)
FN:36,generateRuleHeader
FN:92,generateRuleFooter
FN:130,generateInterpreter
FN:133,generateCondition
FN:154,generateLoop
FN:173,generateCall
FN:406,generateRuleFunction
FN:410,c
FN:411,s
FN:417,(anonymous_16)
FN:425,(anonymous_17)
FN:441,(anonymous_18)
FN:445,(anonymous_19)
FN:450,compile
FN:456,compileCondition
FN:490,compileLoop
FN:509,compileCall
FN:515,(anonymous_24)
FN:743,generateToplevel
FN:943,(anonymous_26)
FN:956,(anonymous_27)
FN:993,(anonymous_28)
FN:1169,(anonymous_29)
FN:1209,generateWrapper
FN:1210,generateGeneratedByComment
FN:1218,generateParserObject
FN:1235,generateParserExports
FN:1253,(anonymous_34)
FN:1266,(anonymous_35)
FN:1278,(anonymous_36)
FN:1298,(anonymous_37)
FN:1308,(anonymous_38)
FN:1328,(anonymous_39)
FN:1330,(anonymous_40)
FN:1333,(anonymous_41)
FN:1351,(anonymous_42)
FN:1365,(anonymous_43)
FN:1368,(anonymous_44)
FN:1371,(anonymous_45)
FN:1375,(anonymous_46)
FNF:47
FNH:34
FNDA:1210,generateJS
FNDA:15142,indent2
FNDA:5202,indent10
FNDA:1210,generateTables
FNDA:702,(anonymous_4)
FNDA:24284,(anonymous_5)
FNDA:2275,(anonymous_6)
FNDA:1343,generateRuleHeader
FNDA:1343,generateRuleFooter
FNDA:578,generateInterpreter
FNDA:4046,generateCondition
FNDA:578,generateLoop
FNDA:578,generateCall
FNDA:765,generateRuleFunction
FNDA:2636,c
FNDA:17724,s
FNDA:6429,(anonymous_16)
FNDA:5338,(anonymous_17)
FNDA:2012,(anonymous_18)
FNDA:338,(anonymous_19)
FNDA:6212,compile
FNDA:2826,compileCondition
FNDA:153,compileLoop
FNDA:390,compileCall
FNDA:132,(anonymous_24)
FNDA:1210,generateToplevel
FNDA:579,(anonymous_26)
FNDA:635,(anonymous_27)
FNDA:348,(anonymous_28)
FNDA:765,(anonymous_29)
FNDA:1210,generateWrapper
FNDA:1210,generateGeneratedByComment
FNDA:1210,generateParserObject
FNDA:0,generateParserExports
FNDA:1210,(anonymous_34)
FNDA:0,(anonymous_35)
FNDA:0,(anonymous_36)
FNDA:0,(anonymous_37)
FNDA:0,(anonymous_38)
FNDA:0,(anonymous_39)
FNDA:0,(anonymous_40)
FNDA:0,(anonymous_41)
FNDA:0,(anonymous_42)
FNDA:0,(anonymous_43)
FNDA:0,(anonymous_44)
FNDA:0,(anonymous_45)
FNDA:0,(anonymous_46)
DA:3,4
DA:4,4
DA:5,4
DA:6,4
DA:11,15142
DA:12,5202
DA:15,1210
DA:16,578
DA:23,702
DA:25,24284
DA:32,2275
DA:37,1343
DA:39,1343
DA:41,1343
DA:42,640
DA:52,1343
DA:53,638
DA:62,638
DA:63,318
DA:82,638
DA:89,1343
DA:93,1343
DA:95,1343
DA:96,638
DA:102,1343
DA:103,640
DA:122,1343
DA:127,1343
DA:131,578
DA:134,4046
DA:135,4046
DA:136,4046
DA:138,4046
DA:155,578
DA:156,578
DA:158,578
DA:174,578
DA:175,578
DA:177,578
DA:192,578
DA:200,578
DA:201,288
DA:212,290
DA:223,578
DA:225,578
DA:400,578
DA:401,578
DA:403,578
DA:407,765
DA:408,765
DA:410,2636
DA:411,17724
DA:413,765
DA:418,6429
DA:420,6429
DA:422,6429
DA:426,5338
DA:427,4024
DA:429,1314
DA:431,1314
DA:432,2306
DA:435,1314
DA:437,1314
DA:442,2012
DA:446,338
DA:451,6212
DA:452,6212
DA:453,6212
DA:457,2826
DA:458,2826
DA:459,2826
DA:460,2826
DA:463,2826
DA:464,2826
DA:465,2826
DA:466,2826
DA:468,2826
DA:469,2468
DA:470,2468
DA:471,2468
DA:472,2468
DA:474,2468
DA:475,0
DA:481,2826
DA:482,2826
DA:483,2826
DA:484,2468
DA:485,2468
DA:487,2826
DA:491,153
DA:492,153
DA:493,153
DA:495,153
DA:496,153
DA:497,153
DA:498,153
DA:500,153
DA:501,0
DA:504,153
DA:505,153
DA:506,153
DA:510,390
DA:511,390
DA:513,390
DA:515,132
DA:518,390
DA:519,390
DA:520,390
DA:523,6212
DA:524,13292
DA:526,12
DA:527,12
DA:528,12
DA:531,684
DA:532,684
DA:533,684
DA:536,256
DA:537,256
DA:538,256
DA:541,44
DA:542,44
DA:543,44
DA:546,1328
DA:547,1328
DA:548,1328
DA:551,153
DA:552,153
DA:553,153
DA:556,1575
DA:557,1575
DA:558,1575
DA:561,1052
DA:562,1052
DA:563,1052
DA:566,538
DA:567,538
DA:568,538
DA:571,612
DA:572,612
DA:573,612
DA:574,612
DA:575,612
DA:578,153
DA:579,153
DA:580,153
DA:581,153
DA:584,386
DA:587,386
DA:588,386
DA:591,20
DA:594,20
DA:595,20
DA:598,184
DA:599,184
DA:602,248
DA:603,248
DA:606,1274
DA:607,1274
DA:610,153
DA:611,153
DA:614,34
DA:615,34
DA:618,1022
DA:628,1022
DA:631,4
DA:638,4
DA:641,60
DA:645,60
DA:648,98
DA:653,98
DA:658,98
DA:659,98
DA:662,1022
DA:663,1022
DA:668,1022
DA:669,1022
DA:672,1136
DA:673,1136
DA:674,1136
DA:675,1136
DA:678,206
DA:679,206
DA:680,206
DA:683,184
DA:684,184
DA:685,184
DA:688,390
DA:689,390
DA:692,288
DA:693,288
DA:694,288
DA:697,88
DA:698,88
DA:699,88
DA:702,88
DA:703,88
DA:704,88
DA:707,0
DA:711,6212
DA:714,765
DA:716,765
DA:718,765
DA:719,352
DA:722,765
DA:723,1850
DA:726,765
DA:728,765
DA:732,765
DA:733,765
DA:738,765
DA:740,765
DA:744,1210
DA:746,1210
DA:747,0
DA:748,0
DA:751,1210
DA:874,1210
DA:875,578
DA:932,1210
DA:940,1210
DA:941,578
DA:943,579
DA:947,578
DA:949,578
DA:954,632
DA:956,635
DA:959,632
DA:961,632
DA:967,1210
DA:969,1210
DA:971,1210
DA:982,1210
DA:983,577
DA:989,1210
DA:990,578
DA:991,288
DA:993,348
DA:997,288
DA:1003,578
DA:1009,1210
DA:1014,1210
DA:1015,578
DA:1025,632
DA:1036,1210
DA:1165,1210
DA:1166,578
DA:1167,578
DA:1169,632
DA:1170,765
DA:1171,765
DA:1175,1210
DA:1176,115
DA:1177,115
DA:1180,1210
DA:1181,578
DA:1183,632
DA:1186,1210
DA:1206,1210
DA:1211,1210
DA:1219,1210
DA:1236,0
DA:1252,1210
DA:1254,1210
DA:1267,0
DA:1268,0
DA:1270,0
DA:1277,0
DA:1278,0
DA:1279,0
DA:1285,0
DA:1288,0
DA:1295,0
DA:1299,0
DA:1300,0
DA:1302,0
DA:1307,0
DA:1308,0
DA:1309,0
DA:1315,0
DA:1318,0
DA:1325,0
DA:1329,0
DA:1330,0
DA:1331,0
DA:1333,0
DA:1336,0
DA:1338,0
DA:1352,0
DA:1366,0
DA:1367,0
DA:1368,0
DA:1369,0
DA:1371,0
DA:1374,0
DA:1375,0
DA:1377,0
DA:1379,0
DA:1388,0
DA:1389,0
DA:1395,0
DA:1407,0
DA:1411,1210
DA:1414,1210
DA:1417,4
LF:304
LH:260
BRDA:15,0,0,578
BRDA:15,0,1,632
BRDA:41,1,0,640
BRDA:41,1,1,703
BRDA:52,2,0,638
BRDA:52,2,1,705
BRDA:62,3,0,318
BRDA:62,3,1,320
BRDA:95,4,0,638
BRDA:95,4,1,705
BRDA:102,5,0,640
BRDA:102,5,1,703
BRDA:200,6,0,288
BRDA:200,6,1,290
BRDA:420,7,0,1850
BRDA:420,7,1,4579
BRDA:426,8,0,4024
BRDA:426,8,1,1314
BRDA:468,9,0,2468
BRDA:468,9,1,358
BRDA:474,10,0,0
BRDA:474,10,1,2468
BRDA:483,11,0,2468
BRDA:483,11,1,358
BRDA:500,12,0,0
BRDA:500,12,1,153
BRDA:524,13,0,12
BRDA:524,13,1,684
BRDA:524,13,2,256
BRDA:524,13,3,44
BRDA:524,13,4,1328
BRDA:524,13,5,153
BRDA:524,13,6,1575
BRDA:524,13,7,1052
BRDA:524,13,8,538
BRDA:524,13,9,612
BRDA:524,13,10,153
BRDA:524,13,11,386
BRDA:524,13,12,20
BRDA:524,13,13,184
BRDA:524,13,14,248
BRDA:524,13,15,1274
BRDA:524,13,16,153
BRDA:524,13,17,34
BRDA:524,13,18,1022
BRDA:524,13,19,4
BRDA:524,13,20,60
BRDA:524,13,21,98
BRDA:524,13,22,1022
BRDA:524,13,23,1136
BRDA:524,13,24,206
BRDA:524,13,25,184
BRDA:524,13,26,390
BRDA:524,13,27,288
BRDA:524,13,28,88
BRDA:524,13,29,88
BRDA:524,13,30,0
BRDA:619,14,0,12
BRDA:619,14,1,1010
BRDA:649,15,0,0
BRDA:649,15,1,98
BRDA:654,16,0,0
BRDA:654,16,1,98
BRDA:664,17,0,12
BRDA:664,17,1,1010
BRDA:718,18,0,352
BRDA:718,18,1,413
BRDA:746,19,0,0
BRDA:746,19,1,1210
BRDA:874,20,0,578
BRDA:874,20,1,632
BRDA:940,21,0,578
BRDA:940,21,1,632
BRDA:982,22,0,577
BRDA:982,22,1,633
BRDA:989,23,0,578
BRDA:989,23,1,632
BRDA:990,24,0,288
BRDA:990,24,1,290
BRDA:1014,25,0,578
BRDA:1014,25,1,632
BRDA:1165,26,0,578
BRDA:1165,26,1,632
BRDA:1175,27,0,115
BRDA:1175,27,1,1095
BRDA:1180,28,0,578
BRDA:1180,28,1,632
BRDA:1219,29,0,578
BRDA:1219,29,1,632
BRDA:1236,30,0,0
BRDA:1236,30,1,0
BRDA:1277,31,0,0
BRDA:1277,31,1,0
BRDA:1307,32,0,0
BRDA:1307,32,1,0
BRDA:1388,33,0,0
BRDA:1388,33,1,0
BRF:97
BRH:83
end_of_record
TN:
SF:lib\compiler\passes\remove-proxy-rules.js
FN:6,removeProxyRules
FN:7,isProxyRule
FN:11,replaceRuleRefs
FN:13,(anonymous_3)
FN:25,(anonymous_4)
FN:36,(anonymous_5)
FNF:6
FNH:6
FNDA:1213,removeProxyRules
FNDA:1474,isProxyRule
FNDA:28,replaceRuleRefs
FNDA:72,(anonymous_3)
FNDA:1474,(anonymous_4)
FNDA:1,(anonymous_5)
DA:3,5
DA:8,1474
DA:12,28
DA:14,72
DA:15,10
DA:20,28
DA:23,1213
DA:25,1213
DA:26,1474
DA:27,28
DA:28,28
DA:29,1
DA:34,1213
DA:36,1213
DA:39,5
LF:15
LH:15
BRDA:8,0,0,1474
BRDA:8,0,1,1474
BRDA:14,1,0,10
BRDA:14,1,1,62
BRDA:26,2,0,28
BRDA:26,2,1,1446
BRDA:28,3,0,1
BRDA:28,3,1,27
BRF:8
BRH:8
end_of_record
TN:
SF:lib\compiler\passes\report-duplicate-labels.js
FN:7,reportDuplicateLabels
FN:8,cloneEnv
FN:11,(anonymous_2)
FN:18,checkExpressionWithClonedEnv
FN:23,(anonymous_4)
FN:27,(anonymous_5)
FN:28,(anonymous_6)
FN:35,(anonymous_7)
FNF:8
FNH:8
FNDA:1227,reportDuplicateLabels
FNDA:1785,cloneEnv
FNDA:177,(anonymous_2)
FNDA:1316,checkExpressionWithClonedEnv
FNDA:1484,(anonymous_4)
FNDA:190,(anonymous_5)
FNDA:469,(anonymous_6)
FNDA:641,(anonymous_7)
DA:3,5
DA:4,5
DA:9,1785
DA:11,1785
DA:12,177
DA:15,1785
DA:19,1316
DA:22,1227
DA:24,1484
DA:28,190
DA:29,469
DA:36,641
DA:37,2
DA:45,639
DA:47,639
DA:59,1227
DA:62,5
LF:17
LH:17
BRDA:36,0,0,2
BRDA:36,0,1,639
BRF:2
BRH:2
end_of_record
TN:
SF:lib\compiler\passes\report-duplicate-rules.js
FN:7,reportDuplicateRules
FN:11,(anonymous_1)
FNF:2
FNH:2
FNDA:1212,reportDuplicateRules
FNDA:1470,(anonymous_1)
DA:3,5
DA:4,5
DA:8,1212
DA:10,1212
DA:12,1470
DA:13,1
DA:21,1469
DA:25,1212
DA:28,5
LF:9
LH:9
BRDA:12,0,0,1
BRDA:12,0,1,1469
BRF:2
BRH:2
end_of_record
TN:
SF:lib\compiler\passes\report-infinite-recursion.js
FN:17,reportInfiniteRecursion
FN:21,(anonymous_1)
FN:27,(anonymous_2)
FN:28,(anonymous_3)
FN:35,(anonymous_4)
FNF:5
FNH:5
FNDA:1254,reportInfiniteRecursion
FNDA:1902,(anonymous_1)
FNDA:875,(anonymous_2)
FNDA:1173,(anonymous_3)
FNDA:415,(anonymous_4)
DA:3,5
DA:4,5
DA:5,5
DA:18,1254
DA:20,1254
DA:22,1902
DA:23,1902
DA:24,1875
DA:28,875
DA:29,1173
DA:31,1149
DA:36,415
DA:37,26
DA:39,26
DA:47,389
DA:51,1254
DA:54,5
LF:17
LH:17
BRDA:36,0,0,26
BRDA:36,0,1,389
BRF:2
BRH:2
end_of_record
TN:
SF:lib\compiler\passes\report-infinite-repetition.js
FN:9,reportInfiniteRepetition
FN:11,(anonymous_1)
FN:20,(anonymous_2)
FNF:3
FNH:3
FNDA:1249,reportInfiniteRepetition
FNDA:158,(anonymous_1)
FNDA:57,(anonymous_2)
DA:3,5
DA:4,5
DA:5,5
DA:10,1249
DA:12,158
DA:13,23
DA:21,57
DA:22,1
DA:30,1249
DA:33,5
LF:10
LH:10
BRDA:12,0,0,23
BRDA:12,0,1,135
BRDA:21,1,0,1
BRDA:21,1,1,56
BRF:4
BRH:4
end_of_record
TN:
SF:lib\compiler\passes\report-undefined-rules.js
FN:8,reportUndefinedRules
FN:10,(anonymous_1)
FNF:2
FNH:2
FNDA:1213,reportUndefinedRules
FNDA:386,(anonymous_1)
DA:3,5
DA:4,5
DA:5,5
DA:9,1213
DA:11,386
DA:12,2
DA:20,1213
DA:23,5
LF:8
LH:8
BRDA:11,0,0,2
BRDA:11,0,1,384
BRF:2
BRH:2
end_of_record
TN:
SF:test\unit\compiler\passes\helpers.js
FN:5,(anonymous_0)
FN:8,(anonymous_1)
FN:11,matchProps
FN:12,isArray
FN:16,isObject
FN:60,(anonymous_5)
FN:82,(anonymous_6)
FNF:7
FNH:7
FNDA:7,(anonymous_0)
FNDA:51,(anonymous_1)
FNDA:798,matchProps
FNDA:877,isArray
FNDA:807,isObject
FNDA:99,(anonymous_5)
FNDA:16,(anonymous_6)
DA:3,7
DA:5,7
DA:6,7
DA:8,7
DA:9,51
DA:13,877
DA:17,807
DA:20,798
DA:21,79
DA:23,79
DA:24,79
DA:25,654
DA:28,79
DA:29,719
DA:30,88
DA:32,88
DA:33,88
DA:34,93
DA:36,93
DA:38,93
DA:41,88
DA:43,631
DA:47,51
DA:49,51
DA:51,51
DA:60,7
DA:61,99
DA:65,99
DA:66,99
DA:67,45
DA:69,54
DA:70,54
DA:73,99
DA:81,99
DA:82,8
DA:83,16
LF:36
LH:36
BRDA:9,0,0,2
BRDA:9,0,1,49
BRDA:17,1,0,807
BRDA:17,1,1,807
BRDA:20,2,0,79
BRDA:20,2,1,719
BRDA:21,3,0,0
BRDA:21,3,1,79
BRDA:23,4,0,0
BRDA:23,4,1,79
BRDA:25,5,0,0
BRDA:25,5,1,654
BRDA:29,6,0,88
BRDA:29,6,1,631
BRDA:30,7,0,0
BRDA:30,7,1,88
BRDA:36,8,0,0
BRDA:36,8,1,93
BRDA:38,9,0,0
BRDA:38,9,1,93
BRDA:81,10,0,8
BRDA:81,10,1,91
BRDA:81,11,0,99
BRDA:81,11,1,54
BRF:24
BRH:18
end_of_record
