TN:
SF:lib\grammar-error.js
FN:5,(anonymous_0)
FNF:1
FNH:1
FNDA:57,(anonymous_0)
DA:6,57
DA:7,57
DA:8,57
DA:10,57
DA:11,57
DA:16,10
LF:6
LH:6
BRDA:10,0,0,57
BRDA:10,0,1,0
BRF:2
BRH:1
end_of_record
TN:
SF:lib\parser.js
FN:25,extractOptional
FN:29,extractList
FN:30,(anonymous_2)
FN:33,buildList
FN:38,peg$subclass
FN:39,C
FN:44,peg$SyntaxError
FN:58,(anonymous_7)
FN:60,(anonymous_8)
FN:64,(anonymous_9)
FN:65,(anonymous_10)
FN:74,(anonymous_11)
FN:78,(anonymous_12)
FN:82,(anonymous_13)
FN:87,hex
FN:91,literalEscape
FN:99,(anonymous_16)
FN:100,(anonymous_17)
FN:103,classEscape
FN:113,(anonymous_19)
FN:114,(anonymous_20)
FN:117,describeExpectation
FN:121,describeExpected
FN:151,describeFound
FN:158,peg$parse
FN:167,(anonymous_25)
FN:180,(anonymous_26)
FN:183,(anonymous_27)
FN:188,(anonymous_28)
FN:205,(anonymous_29)
FN:214,(anonymous_30)
FN:224,(anonymous_31)
FN:235,(anonymous_32)
FN:247,(anonymous_33)
FN:257,(anonymous_34)
FN:270,(anonymous_35)
FN:287,(anonymous_36)
FN:296,(anonymous_37)
FN:299,(anonymous_38)
FN:341,(anonymous_39)
FN:346,(anonymous_40)
FN:354,(anonymous_41)
FN:365,(anonymous_42)
FN:368,(anonymous_43)
FN:376,(anonymous_44)
FN:379,(anonymous_45)
FN:387,(anonymous_46)
FN:396,(anonymous_47)
FN:399,(anonymous_48)
FN:402,(anonymous_49)
FN:405,(anonymous_50)
FN:408,(anonymous_51)
FN:411,(anonymous_52)
FN:414,(anonymous_53)
FN:417,(anonymous_54)
FN:422,(anonymous_55)
FN:431,(anonymous_56)
FN:549,text
FN:553,location
FN:557,expected
FN:569,error
FN:577,peg$literalExpectation
FN:581,peg$classExpectation
FN:585,peg$anyExpectation
FN:589,peg$endExpectation
FN:593,peg$otherExpectation
FN:597,peg$computePosDetails
FN:632,peg$computeLocation
FN:651,peg$fail
FN:662,peg$buildSimpleError
FN:666,peg$buildStructuredError
FN:675,peg$parseGrammar
FN:780,peg$parseTopLevelInitializer
FN:826,peg$parseInitializer
FN:848,peg$parseRule
FN:923,peg$parseChoiceExpression
FN:1014,peg$parseActionExpression
FN:1053,peg$parseSequenceExpression
FN:1108,peg$parseLabeledExpression
FN:1171,peg$parseLabelColon
FN:1204,peg$parsePrefixedExpression
FN:1235,peg$parsePrefixedOperator
FN:1267,peg$parseSuffixedExpression
FN:1298,peg$parseSuffixedOperator
FN:1330,peg$parsePrimaryExpression
FN:1397,peg$parseRuleReferenceExpression
FN:1471,peg$parseSemanticPredicateExpression
FN:1499,peg$parseSemanticPredicateOperator
FN:1522,peg$parseSourceCharacter
FN:1536,peg$parseWhiteSpace
FN:1604,peg$parseLineTerminator
FN:1618,peg$parseLineTerminatorSequence
FN:1674,peg$parseComment
FN:1691,peg$parseMultiLineComment
FN:1794,peg$parseMultiLineCommentNoLineTerminator
FN:1903,peg$parseSingleLineComment
FN:1982,peg$parseIdentifier
FN:2012,peg$parseIdentifierName
FN:2045,peg$parseIdentifierStart
FN:2094,peg$parseIdentifierPart
FN:2129,peg$parseUnicodeLetter
FN:2152,peg$parseUnicodeCombiningMark
FN:2163,peg$parseReservedWord
FN:2180,peg$parseKeyword
FN:2263,peg$parseFutureReservedWord
FN:2289,peg$parseBooleanLiteral
FN:2300,peg$parseLiteralMatcher
FN:2337,peg$parseStringLiteral
FN:2428,peg$parseDoubleStringCharacter
FN:2503,peg$parseSingleStringCharacter
FN:2578,peg$parseCharacterClassMatcher
FN:2665,peg$parseClassCharacterRange
FN:2699,peg$parseClassCharacter
FN:2773,peg$parseLineContinuation
FN:2801,peg$parseEscapeSequence
FN:2847,peg$parseCharacterEscapeSequence
FN:2858,peg$parseSingleEscapeCharacter
FN:2980,peg$parseNonEscapeCharacter
FN:3014,peg$parseEscapeCharacter
FN:3043,peg$parseHexEscapeSequence
FN:3091,peg$parseUnicodeEscapeSequence
FN:3151,peg$parseDecimalDigit
FN:3165,peg$parseHexDigit
FN:3179,peg$parseAnyMatcher
FN:3199,peg$parseCodeBlock
FN:3244,peg$parseCode
FN:3467,peg$parseLl
FN:3481,peg$parseLm
FN:3495,peg$parseLo
FN:3509,peg$parseLt
FN:3523,peg$parseLu
FN:3537,peg$parseMc
FN:3551,peg$parseMn
FN:3565,peg$parseNd
FN:3579,peg$parseNl
FN:3593,peg$parsePc
FN:3607,peg$parseZs
FN:3621,peg$parseBreakToken
FN:3658,peg$parseCaseToken
FN:3695,peg$parseCatchToken
FN:3732,peg$parseClassToken
FN:3769,peg$parseConstToken
FN:3806,peg$parseContinueToken
FN:3843,peg$parseDebuggerToken
FN:3880,peg$parseDefaultToken
FN:3917,peg$parseDeleteToken
FN:3954,peg$parseDoToken
FN:3991,peg$parseElseToken
FN:4028,peg$parseEnumToken
FN:4065,peg$parseExportToken
FN:4102,peg$parseExtendsToken
FN:4139,peg$parseFalseToken
FN:4176,peg$parseFinallyToken
FN:4213,peg$parseForToken
FN:4250,peg$parseFunctionToken
FN:4287,peg$parseIfToken
FN:4324,peg$parseImportToken
FN:4361,peg$parseInstanceofToken
FN:4398,peg$parseInToken
FN:4435,peg$parseNewToken
FN:4472,peg$parseNullToken
FN:4509,peg$parseReturnToken
FN:4546,peg$parseSuperToken
FN:4583,peg$parseSwitchToken
FN:4620,peg$parseThisToken
FN:4657,peg$parseThrowToken
FN:4694,peg$parseTrueToken
FN:4731,peg$parseTryToken
FN:4768,peg$parseTypeofToken
FN:4805,peg$parseVarToken
FN:4842,peg$parseVoidToken
FN:4879,peg$parseWhileToken
FN:4916,peg$parseWithToken
FN:4953,peg$parse__
FN:4978,peg$parse_
FN:4997,peg$parseEOS
FN:5068,peg$parseEOF
FNF:177
FNH:165
FNDA:3242,extractOptional
FNDA:3170,extractList
FNDA:3979,(anonymous_2)
FNDA:1549,buildList
FNDA:13,peg$subclass
FNDA:13,C
FNDA:40,peg$SyntaxError
FNDA:23,(anonymous_7)
FNDA:250,(anonymous_8)
FNDA:0,(anonymous_9)
FNDA:0,(anonymous_10)
FNDA:0,(anonymous_11)
FNDA:0,(anonymous_12)
FNDA:269,(anonymous_13)
FNDA:0,hex
FNDA:272,literalEscape
FNDA:0,(anonymous_16)
FNDA:0,(anonymous_17)
FNDA:0,classEscape
FNDA:0,(anonymous_19)
FNDA:0,(anonymous_20)
FNDA:519,describeExpectation
FNDA:23,describeExpected
FNDA:23,describeFound
FNDA:1661,peg$parse
FNDA:1621,(anonymous_25)
FNDA:3,(anonymous_26)
FNDA:118,(anonymous_27)
FNDA:1942,(anonymous_28)
FNDA:3002,(anonymous_29)
FNDA:3420,(anonymous_30)
FNDA:3420,(anonymous_31)
FNDA:298,(anonymous_32)
FNDA:885,(anonymous_33)
FNDA:211,(anonymous_34)
FNDA:440,(anonymous_35)
FNDA:1053,(anonymous_36)
FNDA:987,(anonymous_37)
FNDA:900,(anonymous_38)
FNDA:5027,(anonymous_39)
FNDA:167,(anonymous_40)
FNDA:6348,(anonymous_41)
FNDA:6517,(anonymous_42)
FNDA:7675,(anonymous_43)
FNDA:274,(anonymous_44)
FNDA:300,(anonymous_45)
FNDA:133,(anonymous_46)
FNDA:14,(anonymous_47)
FNDA:2,(anonymous_48)
FNDA:2,(anonymous_49)
FNDA:2,(anonymous_50)
FNDA:94,(anonymous_51)
FNDA:42,(anonymous_52)
FNDA:2,(anonymous_53)
FNDA:2,(anonymous_54)
FNDA:11,(anonymous_55)
FNDA:140,(anonymous_56)
FNDA:7676,text
FNDA:16967,location
FNDA:0,expected
FNDA:17,error
FNDA:142846,peg$literalExpectation
FNDA:24915,peg$classExpectation
FNDA:1661,peg$anyExpectation
FNDA:0,peg$endExpectation
FNDA:13288,peg$otherExpectation
FNDA:34014,peg$computePosDetails
FNDA:17007,peg$computeLocation
FNDA:251694,peg$fail
FNDA:17,peg$buildSimpleError
FNDA:23,peg$buildStructuredError
FNDA:1661,peg$parseGrammar
FNDA:1661,peg$parseTopLevelInitializer
FNDA:1661,peg$parseInitializer
FNDA:3603,peg$parseRule
FNDA:3035,peg$parseChoiceExpression
FNDA:3454,peg$parseActionExpression
FNDA:3454,peg$parseSequenceExpression
FNDA:8509,peg$parseLabeledExpression
FNDA:8511,peg$parseLabelColon
FNDA:8511,peg$parsePrefixedExpression
FNDA:8511,peg$parsePrefixedOperator
FNDA:8962,peg$parseSuffixedExpression
FNDA:5071,peg$parseSuffixedOperator
FNDA:17483,peg$parsePrimaryExpression
FNDA:10720,peg$parseRuleReferenceExpression
FNDA:9733,peg$parseSemanticPredicateExpression
FNDA:9733,peg$parseSemanticPredicateOperator
FNDA:41099,peg$parseSourceCharacter
FNDA:53622,peg$parseWhiteSpace
FNDA:9698,peg$parseLineTerminator
FNDA:40426,peg$parseLineTerminatorSequence
FNDA:36617,peg$parseComment
FNDA:36617,peg$parseMultiLineComment
FNDA:2058,peg$parseMultiLineCommentNoLineTerminator
FNDA:38638,peg$parseSingleLineComment
FNDA:8511,peg$parseIdentifier
FNDA:22834,peg$parseIdentifierName
FNDA:40519,peg$parseIdentifierStart
FNDA:17685,peg$parseIdentifierPart
FNDA:40519,peg$parseUnicodeLetter
FNDA:5093,peg$parseUnicodeCombiningMark
FNDA:8511,peg$parseReservedWord
FNDA:8511,peg$parseKeyword
FNDA:8511,peg$parseFutureReservedWord
FNDA:8511,peg$parseBooleanLiteral
FNDA:17483,peg$parseLiteralMatcher
FNDA:20910,peg$parseStringLiteral
FNDA:36,peg$parseDoubleStringCharacter
FNDA:13750,peg$parseSingleStringCharacter
FNDA:11135,peg$parseCharacterClassMatcher
FNDA:581,peg$parseClassCharacterRange
FNDA:1162,peg$parseClassCharacter
FNDA:7109,peg$parseLineContinuation
FNDA:188,peg$parseEscapeSequence
FNDA:188,peg$parseCharacterEscapeSequence
FNDA:222,peg$parseSingleEscapeCharacter
FNDA:34,peg$parseNonEscapeCharacter
FNDA:34,peg$parseEscapeCharacter
FNDA:24,peg$parseHexEscapeSequence
FNDA:23,peg$parseUnicodeEscapeSequence
FNDA:38,peg$parseDecimalDigit
FNDA:36,peg$parseHexDigit
FNDA:10860,peg$parseAnyMatcher
FNDA:6101,peg$parseCodeBlock
FNDA:1631,peg$parseCode
FNDA:40015,peg$parseLl
FNDA:22956,peg$parseLm
FNDA:22956,peg$parseLo
FNDA:22956,peg$parseLt
FNDA:40519,peg$parseLu
FNDA:5090,peg$parseMc
FNDA:5093,peg$parseMn
FNDA:5090,peg$parseNd
FNDA:22956,peg$parseNl
FNDA:5036,peg$parsePc
FNDA:40415,peg$parseZs
FNDA:8511,peg$parseBreakToken
FNDA:8511,peg$parseCaseToken
FNDA:8511,peg$parseCatchToken
FNDA:8511,peg$parseClassToken
FNDA:8511,peg$parseConstToken
FNDA:8511,peg$parseContinueToken
FNDA:8511,peg$parseDebuggerToken
FNDA:8511,peg$parseDefaultToken
FNDA:8511,peg$parseDeleteToken
FNDA:8511,peg$parseDoToken
FNDA:8511,peg$parseElseToken
FNDA:8511,peg$parseEnumToken
FNDA:8511,peg$parseExportToken
FNDA:8511,peg$parseExtendsToken
FNDA:8511,peg$parseFalseToken
FNDA:8511,peg$parseFinallyToken
FNDA:8511,peg$parseForToken
FNDA:8511,peg$parseFunctionToken
FNDA:8511,peg$parseIfToken
FNDA:8511,peg$parseImportToken
FNDA:8511,peg$parseInstanceofToken
FNDA:8511,peg$parseInToken
FNDA:8511,peg$parseNewToken
FNDA:8511,peg$parseNullToken
FNDA:8511,peg$parseReturnToken
FNDA:8511,peg$parseSuperToken
FNDA:8511,peg$parseSwitchToken
FNDA:8511,peg$parseThisToken
FNDA:8511,peg$parseThrowToken
FNDA:8511,peg$parseTrueToken
FNDA:8511,peg$parseTryToken
FNDA:8511,peg$parseTypeofToken
FNDA:8511,peg$parseVarToken
FNDA:8511,peg$parseVoidToken
FNDA:8511,peg$parseWhileToken
FNDA:8511,peg$parseWithToken
FNDA:36529,peg$parse__
FNDA:2054,peg$parse_
FNDA:2070,peg$parseEOS
FNDA:1619,peg$parseEOF
DA:8,13
DA:14,13
DA:20,13
DA:26,3242
DA:30,3979
DA:34,1549
DA:39,13
DA:40,13
DA:41,13
DA:45,40
DA:46,40
DA:47,40
DA:48,40
DA:49,40
DA:51,40
DA:52,40
DA:56,13
DA:58,13
DA:59,23
DA:61,250
DA:65,0
DA:66,0
DA:71,0
DA:75,0
DA:79,0
DA:83,269
DA:88,0
DA:92,272
DA:99,0
DA:100,0
DA:104,0
DA:113,0
DA:114,0
DA:118,519
DA:122,23
DA:125,23
DA:127,23
DA:128,23
DA:129,496
DA:130,240
DA:131,240
DA:134,23
DA:137,23
DA:139,0
DA:142,0
DA:145,23
DA:152,23
DA:155,23
DA:159,1661
DA:161,1661
DA:162,1661
DA:164,1661
DA:165,1661
DA:167,1661
DA:168,1621
DA:176,1661
DA:177,1661
DA:178,1661
DA:179,1661
DA:180,1661
DA:181,3
DA:183,1661
DA:184,118
DA:186,1661
DA:187,1661
DA:188,1661
DA:189,1942
DA:203,1661
DA:204,1661
DA:205,1661
DA:206,3002
DA:214,1661
DA:215,3420
DA:224,1661
DA:225,3420
DA:233,1661
DA:234,1661
DA:235,1661
DA:236,298
DA:237,16
DA:239,282
DA:247,1661
DA:248,885
DA:255,1661
DA:256,1661
DA:257,1661
DA:258,211
DA:264,1661
DA:265,1661
DA:266,1661
DA:267,1661
DA:268,1661
DA:269,1661
DA:270,1661
DA:271,440
DA:277,1661
DA:278,1661
DA:279,1661
DA:280,1661
DA:281,1661
DA:282,1661
DA:283,1661
DA:284,1661
DA:285,1661
DA:286,1661
DA:287,1661
DA:292,1053
DA:296,1661
DA:297,987
DA:299,1661
DA:300,900
DA:306,1661
DA:307,1661
DA:308,1661
DA:309,1661
DA:310,1661
DA:311,1661
DA:312,1661
DA:313,1661
DA:314,1661
DA:315,1661
DA:316,1661
DA:317,1661
DA:318,1661
DA:319,1661
DA:320,1661
DA:321,1661
DA:322,1661
DA:323,1661
DA:324,1661
DA:325,1661
DA:326,1661
DA:327,1661
DA:328,1661
DA:329,1661
DA:330,1661
DA:331,1661
DA:332,1661
DA:333,1661
DA:334,1661
DA:335,1661
DA:336,1661
DA:337,1661
DA:338,1661
DA:339,1661
DA:340,1661
DA:341,5027
DA:342,1661
DA:343,1661
DA:344,1661
DA:345,1661
DA:346,1661
DA:347,1661
DA:348,1661
DA:349,1661
DA:350,1661
DA:351,1661
DA:352,1661
DA:353,1661
DA:354,1661
DA:355,6348
DA:362,1661
DA:363,1661
DA:364,1661
DA:365,6517
DA:366,1661
DA:367,1661
DA:368,7675
DA:369,1661
DA:370,1661
DA:371,1661
DA:372,1661
DA:373,1661
DA:374,1661
DA:375,1661
DA:376,1661
DA:377,274
DA:379,300
DA:385,1661
DA:386,1661
DA:387,1661
DA:388,133
DA:389,1
DA:394,132
DA:396,1661
DA:397,1661
DA:398,1661
DA:399,1661
DA:400,1661
DA:401,1661
DA:402,1661
DA:403,1661
DA:404,1661
DA:405,1661
DA:406,1661
DA:407,1661
DA:408,1661
DA:409,1661
DA:410,1661
DA:411,1661
DA:412,1661
DA:413,1661
DA:414,1661
DA:415,1661
DA:416,1661
DA:417,1661
DA:418,1661
DA:419,1661
DA:420,1661
DA:421,1661
DA:422,1661
DA:423,11
DA:425,1661
DA:426,1661
DA:427,1661
DA:428,1661
DA:429,1661
DA:430,1661
DA:431,1661
DA:432,1661
DA:433,1661
DA:434,1661
DA:435,1661
DA:436,1661
DA:437,1661
DA:438,1661
DA:439,1661
DA:440,1661
DA:441,1661
DA:442,1661
DA:443,1661
DA:444,1661
DA:445,1661
DA:446,1661
DA:447,1661
DA:448,1661
DA:449,1661
DA:450,1661
DA:451,1661
DA:452,1661
DA:453,1661
DA:454,1661
DA:455,1661
DA:456,1661
DA:457,1661
DA:458,1661
DA:459,1661
DA:460,1661
DA:461,1661
DA:462,1661
DA:463,1661
DA:464,1661
DA:465,1661
DA:466,1661
DA:467,1661
DA:468,1661
DA:469,1661
DA:470,1661
DA:471,1661
DA:472,1661
DA:473,1661
DA:474,1661
DA:475,1661
DA:476,1661
DA:477,1661
DA:478,1661
DA:479,1661
DA:480,1661
DA:481,1661
DA:482,1661
DA:483,1661
DA:484,1661
DA:485,1661
DA:486,1661
DA:487,1661
DA:488,1661
DA:489,1661
DA:490,1661
DA:491,1661
DA:492,1661
DA:493,1661
DA:494,1661
DA:495,1661
DA:496,1661
DA:497,1661
DA:498,1661
DA:499,1661
DA:500,1661
DA:501,1661
DA:502,1661
DA:503,1661
DA:504,1661
DA:505,1661
DA:506,1661
DA:507,1661
DA:508,1661
DA:509,1661
DA:510,1661
DA:511,1661
DA:512,1661
DA:513,1661
DA:514,1661
DA:515,1661
DA:516,1661
DA:517,1661
DA:518,1661
DA:519,1661
DA:520,1661
DA:521,1661
DA:522,1661
DA:523,1661
DA:524,1661
DA:525,1661
DA:526,1661
DA:527,1661
DA:528,1661
DA:529,1661
DA:530,1661
DA:532,1661
DA:533,1661
DA:534,1661
DA:535,1661
DA:536,1661
DA:537,1661
DA:541,1661
DA:542,0
DA:543,0
DA:546,0
DA:550,7676
DA:554,16967
DA:558,0
DA:562,0
DA:570,17
DA:574,17
DA:578,142846
DA:582,24915
DA:586,1661
DA:590,0
DA:594,13288
DA:598,34014
DA:601,34014
DA:602,22985
DA:604,11029
DA:605,11029
DA:606,55718
DA:609,11029
DA:610,11029
DA:615,11029
DA:616,66747
DA:617,716
DA:618,716
DA:620,66031
DA:623,66747
DA:626,11029
DA:628,11029
DA:633,17007
DA:634,17007
DA:636,17007
DA:652,251694
DA:654,201374
DA:655,13164
DA:656,13164
DA:659,201374
DA:663,17
DA:667,23
DA:678,1661
DA:679,1661
DA:680,1661
DA:681,1661
DA:682,1661
DA:683,1661
DA:684,3
DA:685,3
DA:686,3
DA:687,3
DA:689,0
DA:690,0
DA:693,1658
DA:694,1658
DA:696,1661
DA:697,1658
DA:699,1661
DA:700,1661
DA:701,1661
DA:702,1661
DA:703,118
DA:704,118
DA:705,118
DA:706,118
DA:708,0
DA:709,0
DA:712,1543
DA:713,1543
DA:715,1661
DA:716,1543
DA:718,1661
DA:719,1661
DA:720,1661
DA:721,1661
DA:722,1644
DA:723,1621
DA:724,1621
DA:725,1621
DA:726,1621
DA:728,0
DA:729,0
DA:732,23
DA:733,23
DA:735,1644
DA:736,1621
DA:737,1942
DA:738,1942
DA:739,1942
DA:740,1942
DA:741,321
DA:742,321
DA:743,321
DA:744,321
DA:746,0
DA:747,0
DA:750,1621
DA:751,1621
DA:755,23
DA:757,1644
DA:758,1621
DA:759,1621
DA:761,23
DA:762,23
DA:765,0
DA:766,0
DA:769,0
DA:770,0
DA:773,0
DA:774,0
DA:777,1644
DA:783,1661
DA:784,1661
DA:785,120
DA:786,120
DA:788,1541
DA:789,1541
DA:791,1661
DA:792,120
DA:793,120
DA:794,3
DA:795,3
DA:796,3
DA:798,0
DA:799,0
DA:801,3
DA:802,3
DA:803,3
DA:804,3
DA:805,3
DA:807,0
DA:808,0
DA:811,0
DA:812,0
DA:815,117
DA:816,117
DA:819,1541
DA:820,1541
DA:823,1661
DA:829,1661
DA:830,1661
DA:831,1661
DA:832,118
DA:833,118
DA:834,118
DA:835,118
DA:837,0
DA:838,0
DA:841,1543
DA:842,1543
DA:845,1661
DA:851,3603
DA:852,3603
DA:853,3603
DA:854,1982
DA:855,1982
DA:856,1982
DA:857,1982
DA:858,1982
DA:859,23
DA:860,23
DA:861,23
DA:862,23
DA:864,0
DA:865,0
DA:868,1959
DA:869,1959
DA:871,1982
DA:872,1959
DA:874,1982
DA:875,1982
DA:876,1982
DA:877,1982
DA:879,0
DA:880,0
DA:882,1982
DA:883,1982
DA:884,1982
DA:885,1982
DA:886,1965
DA:887,1949
DA:888,1949
DA:889,1942
DA:890,1942
DA:892,7
DA:893,7
DA:896,16
DA:897,16
DA:900,0
DA:901,0
DA:904,0
DA:905,0
DA:908,0
DA:909,0
DA:912,0
DA:913,0
DA:916,1621
DA:917,1621
DA:920,3586
DA:926,3035
DA:927,3035
DA:928,3018
DA:929,3002
DA:930,3002
DA:931,3002
DA:932,3002
DA:933,3002
DA:934,281
DA:935,281
DA:937,2721
DA:938,2721
DA:940,3002
DA:941,281
DA:942,281
DA:943,281
DA:944,281
DA:945,280
DA:946,280
DA:948,1
DA:949,1
DA:952,0
DA:953,0
DA:956,2721
DA:957,2721
DA:960,0
DA:961,0
DA:963,3002
DA:964,418
DA:965,418
DA:966,418
DA:967,418
DA:968,418
DA:969,138
DA:970,138
DA:972,280
DA:973,280
DA:975,418
DA:976,138
DA:977,138
DA:978,138
DA:979,138
DA:980,138
DA:981,138
DA:983,0
DA:984,0
DA:987,0
DA:988,0
DA:991,280
DA:992,280
DA:995,0
DA:996,0
DA:999,3002
DA:1000,3002
DA:1001,3002
DA:1003,0
DA:1004,0
DA:1007,16
DA:1008,16
DA:1011,3018
DA:1017,3454
DA:1018,3454
DA:1019,3437
DA:1020,3420
DA:1021,3420
DA:1022,3420
DA:1023,3420
DA:1024,3420
DA:1025,481
DA:1026,481
DA:1028,2939
DA:1029,2939
DA:1032,0
DA:1033,0
DA:1035,3420
DA:1036,2939
DA:1038,3420
DA:1039,3420
DA:1040,3420
DA:1042,0
DA:1043,0
DA:1046,17
DA:1047,17
DA:1050,3437
DA:1056,3454
DA:1057,3454
DA:1058,3453
DA:1059,3436
DA:1060,3436
DA:1061,3436
DA:1062,3436
DA:1063,3436
DA:1064,3420
DA:1065,1240
DA:1066,1240
DA:1068,2180
DA:1069,2180
DA:1072,0
DA:1073,0
DA:1075,3420
DA:1076,1619
DA:1077,1619
DA:1078,1619
DA:1079,1619
DA:1080,1619
DA:1081,1619
DA:1082,379
DA:1083,379
DA:1085,1240
DA:1086,1240
DA:1089,0
DA:1090,0
DA:1093,3420
DA:1094,3420
DA:1095,3420
DA:1097,0
DA:1098,0
DA:1101,17
DA:1102,17
DA:1105,3437
DA:1111,8509
DA:1112,8509
DA:1113,300
DA:1114,300
DA:1116,8209
DA:1117,8209
DA:1119,8509
DA:1120,300
DA:1121,300
DA:1122,293
DA:1124,300
DA:1125,300
DA:1126,300
DA:1127,298
DA:1128,298
DA:1130,2
DA:1131,2
DA:1134,0
DA:1135,0
DA:1138,8209
DA:1139,8209
DA:1141,8493
DA:1142,8211
DA:1143,8211
DA:1144,8211
DA:1145,885
DA:1146,885
DA:1147,885
DA:1148,885
DA:1149,885
DA:1150,885
DA:1152,0
DA:1153,0
DA:1156,0
DA:1157,0
DA:1160,7326
DA:1161,7326
DA:1163,8211
DA:1164,7326
DA:1168,8492
DA:1174,8511
DA:1175,8511
DA:1176,8511
DA:1177,1600
DA:1178,1600
DA:1179,1600
DA:1180,892
DA:1181,892
DA:1183,708
DA:1184,708
DA:1186,1600
DA:1187,892
DA:1189,708
DA:1190,708
DA:1193,0
DA:1194,0
DA:1197,6911
DA:1198,6911
DA:1201,8511
DA:1207,8511
DA:1208,8511
DA:1209,8511
DA:1210,662
DA:1211,662
DA:1212,662
DA:1213,662
DA:1214,211
DA:1215,211
DA:1217,451
DA:1218,451
DA:1221,0
DA:1222,0
DA:1225,7849
DA:1226,7849
DA:1228,8511
DA:1229,8300
DA:1232,8510
DA:1238,8511
DA:1239,49
DA:1240,49
DA:1242,8462
DA:1243,8462
DA:1245,8511
DA:1246,8462
DA:1247,298
DA:1248,298
DA:1250,8164
DA:1251,8164
DA:1253,8462
DA:1254,8164
DA:1255,315
DA:1256,315
DA:1258,7849
DA:1259,7849
DA:1264,8511
DA:1270,8962
DA:1271,8962
DA:1272,8961
DA:1273,5071
DA:1274,5071
DA:1275,5071
DA:1276,5071
DA:1277,440
DA:1278,440
DA:1280,4631
DA:1281,4631
DA:1284,0
DA:1285,0
DA:1288,3890
DA:1289,3890
DA:1291,8961
DA:1292,8521
DA:1295,8961
DA:1301,5071
DA:1302,111
DA:1303,111
DA:1305,4960
DA:1306,4960
DA:1308,5071
DA:1309,4960
DA:1310,183
DA:1311,183
DA:1313,4777
DA:1314,4777
DA:1316,4960
DA:1317,4777
DA:1318,146
DA:1319,146
DA:1321,4631
DA:1322,4631
DA:1327,5071
DA:1333,17483
DA:1334,17483
DA:1335,11135
DA:1336,11134
DA:1337,10860
DA:1338,10860
DA:1339,10720
DA:1340,10720
DA:1341,9733
DA:1342,9733
DA:1343,8833
DA:1344,8833
DA:1345,1053
DA:1346,1053
DA:1348,7780
DA:1349,7780
DA:1351,8833
DA:1352,1053
DA:1353,1053
DA:1354,1053
DA:1355,1053
DA:1356,1053
DA:1357,1053
DA:1358,1053
DA:1359,1053
DA:1360,1053
DA:1362,0
DA:1363,0
DA:1365,1053
DA:1366,1053
DA:1367,1053
DA:1369,0
DA:1370,0
DA:1373,0
DA:1374,0
DA:1377,0
DA:1378,0
DA:1381,0
DA:1382,0
DA:1385,7780
DA:1386,7780
DA:1394,17482
DA:1400,10720
DA:1401,10720
DA:1402,10720
DA:1403,1445
DA:1404,1445
DA:1405,1445
DA:1406,1445
DA:1407,1445
DA:1408,1445
DA:1409,1445
DA:1410,1445
DA:1411,146
DA:1412,146
DA:1413,146
DA:1414,146
DA:1416,0
DA:1417,0
DA:1420,1299
DA:1421,1299
DA:1423,1445
DA:1424,1299
DA:1426,1445
DA:1427,1445
DA:1428,458
DA:1429,458
DA:1431,987
DA:1432,987
DA:1434,1445
DA:1435,458
DA:1436,458
DA:1438,987
DA:1439,987
DA:1442,0
DA:1443,0
DA:1446,0
DA:1447,0
DA:1449,1445
DA:1450,1445
DA:1451,987
DA:1453,458
DA:1454,458
DA:1456,1445
DA:1457,987
DA:1458,987
DA:1460,458
DA:1461,458
DA:1464,9275
DA:1465,9275
DA:1468,10720
DA:1474,9733
DA:1475,9733
DA:1476,9733
DA:1477,900
DA:1478,900
DA:1479,900
DA:1480,900
DA:1481,900
DA:1482,900
DA:1484,0
DA:1485,0
DA:1488,0
DA:1489,0
DA:1492,8833
DA:1493,8833
DA:1496,9733
DA:1502,9733
DA:1503,452
DA:1504,452
DA:1506,9281
DA:1507,9281
DA:1509,9733
DA:1510,9281
DA:1511,448
DA:1512,448
DA:1514,8833
DA:1515,8833
DA:1519,9733
DA:1525,41099
DA:1526,41086
DA:1527,41086
DA:1529,13
DA:1530,13
DA:1533,41099
DA:1539,53622
DA:1540,53622
DA:1541,1
DA:1542,1
DA:1544,53621
DA:1545,53621
DA:1547,53622
DA:1548,53621
DA:1549,1
DA:1550,1
DA:1552,53620
DA:1553,53620
DA:1555,53621
DA:1556,53620
DA:1557,1
DA:1558,1
DA:1560,53619
DA:1561,53619
DA:1563,53620
DA:1564,53619
DA:1565,13202
DA:1566,13202
DA:1568,40417
DA:1569,40417
DA:1571,53619
DA:1572,40417
DA:1573,1
DA:1574,1
DA:1576,40416
DA:1577,40416
DA:1579,40417
DA:1580,40416
DA:1581,1
DA:1582,1
DA:1584,40415
DA:1585,40415
DA:1587,40416
DA:1588,40415
DA:1595,53622
DA:1596,53622
DA:1597,40414
DA:1598,40414
DA:1601,53622
DA:1607,9698
DA:1608,96
DA:1609,96
DA:1611,9602
DA:1612,9602
DA:1615,9698
DA:1621,40426
DA:1622,40426
DA:1623,2120
DA:1624,2120
DA:1626,38306
DA:1627,38306
DA:1629,40426
DA:1630,38306
DA:1631,65
DA:1632,65
DA:1634,38241
DA:1635,38241
DA:1637,38306
DA:1638,38241
DA:1639,1
DA:1640,1
DA:1642,38240
DA:1643,38240
DA:1645,38241
DA:1646,38240
DA:1647,1
DA:1648,1
DA:1650,38239
DA:1651,38239
DA:1653,38240
DA:1654,38239
DA:1655,1
DA:1656,1
DA:1658,38238
DA:1659,38238
DA:1665,40426
DA:1666,40426
DA:1667,38238
DA:1668,38238
DA:1671,40426
DA:1677,36617
DA:1678,36617
DA:1679,36617
DA:1680,36584
DA:1682,36617
DA:1683,36617
DA:1684,36529
DA:1685,36529
DA:1688,36617
DA:1694,36617
DA:1695,36617
DA:1696,33
DA:1697,33
DA:1699,36584
DA:1700,36584
DA:1702,36617
DA:1703,33
DA:1704,33
DA:1705,33
DA:1706,33
DA:1707,33
DA:1708,8
DA:1709,8
DA:1711,25
DA:1712,25
DA:1714,33
DA:1715,33
DA:1716,25
DA:1718,8
DA:1719,8
DA:1721,33
DA:1722,25
DA:1723,25
DA:1724,25
DA:1725,25
DA:1727,0
DA:1728,0
DA:1731,8
DA:1732,8
DA:1734,33
DA:1735,93
DA:1736,93
DA:1737,93
DA:1738,93
DA:1739,93
DA:1740,25
DA:1741,25
DA:1743,68
DA:1744,68
DA:1746,93
DA:1747,93
DA:1748,68
DA:1750,25
DA:1751,25
DA:1753,93
DA:1754,68
DA:1755,68
DA:1756,68
DA:1757,68
DA:1759,0
DA:1760,0
DA:1763,25
DA:1764,25
DA:1767,33
DA:1768,33
DA:1769,33
DA:1770,33
DA:1772,0
DA:1773,0
DA:1775,33
DA:1776,33
DA:1777,33
DA:1779,0
DA:1780,0
DA:1783,0
DA:1784,0
DA:1787,36584
DA:1788,36584
DA:1791,36617
DA:1797,2058
DA:1798,2058
DA:1799,5
DA:1800,5
DA:1802,2053
DA:1803,2053
DA:1805,2058
DA:1806,5
DA:1807,5
DA:1808,5
DA:1809,5
DA:1810,5
DA:1811,1
DA:1812,1
DA:1814,4
DA:1815,4
DA:1817,5
DA:1818,4
DA:1820,5
DA:1821,5
DA:1822,3
DA:1824,2
DA:1825,2
DA:1827,5
DA:1828,3
DA:1829,3
DA:1830,3
DA:1831,3
DA:1833,0
DA:1834,0
DA:1837,2
DA:1838,2
DA:1840,5
DA:1841,13
DA:1842,13
DA:1843,13
DA:1844,13
DA:1845,13
DA:1846,3
DA:1847,3
DA:1849,10
DA:1850,10
DA:1852,13
DA:1853,10
DA:1855,13
DA:1856,13
DA:1857,10
DA:1859,3
DA:1860,3
DA:1862,13
DA:1863,10
DA:1864,10
DA:1865,10
DA:1866,10
DA:1868,0
DA:1869,0
DA:1872,3
DA:1873,3
DA:1876,5
DA:1877,5
DA:1878,4
DA:1879,4
DA:1881,1
DA:1882,1
DA:1884,5
DA:1885,4
DA:1886,4
DA:1888,1
DA:1889,1
DA:1892,0
DA:1893,0
DA:1896,2053
DA:1897,2053
DA:1900,2058
DA:1906,38638
DA:1907,38638
DA:1908,65
DA:1909,65
DA:1911,38573
DA:1912,38573
DA:1914,38638
DA:1915,65
DA:1916,65
DA:1917,65
DA:1918,65
DA:1919,65
DA:1920,65
DA:1921,65
DA:1922,63
DA:1924,2
DA:1925,2
DA:1927,65
DA:1928,63
DA:1929,63
DA:1930,63
DA:1931,63
DA:1933,0
DA:1934,0
DA:1937,2
DA:1938,2
DA:1940,65
DA:1941,1902
DA:1942,1902
DA:1943,1902
DA:1944,1902
DA:1945,1902
DA:1946,1902
DA:1947,1902
DA:1948,1839
DA:1950,63
DA:1951,63
DA:1953,1902
DA:1954,1839
DA:1955,1839
DA:1956,1839
DA:1957,1839
DA:1959,0
DA:1960,0
DA:1963,63
DA:1964,63
DA:1967,65
DA:1968,65
DA:1969,65
DA:1971,0
DA:1972,0
DA:1975,38573
DA:1976,38573
DA:1979,38638
DA:1985,8511
DA:1986,8511
DA:1987,8511
DA:1988,8511
DA:1989,8511
DA:1990,8511
DA:1991,8511
DA:1993,0
DA:1994,0
DA:1996,8511
DA:1997,8511
DA:1998,8511
DA:1999,1600
DA:2001,6911
DA:2002,6911
DA:2005,0
DA:2006,0
DA:2009,8511
DA:2015,22834
DA:2016,22834
DA:2017,22834
DA:2018,22834
DA:2019,5027
DA:2020,5027
DA:2021,5027
DA:2022,12658
DA:2023,12658
DA:2025,5027
DA:2026,5027
DA:2027,5027
DA:2029,0
DA:2030,0
DA:2033,17807
DA:2034,17807
DA:2036,22834
DA:2037,22834
DA:2038,17807
DA:2039,17807
DA:2042,22834
DA:2048,40519
DA:2049,40519
DA:2050,22956
DA:2051,50
DA:2052,50
DA:2054,22906
DA:2055,22906
DA:2057,22956
DA:2058,22906
DA:2059,3
DA:2060,3
DA:2062,22903
DA:2063,22903
DA:2065,22906
DA:2066,22903
DA:2067,22903
DA:2068,3
DA:2069,3
DA:2071,22900
DA:2072,22900
DA:2074,22903
DA:2075,3
DA:2076,3
DA:2077,3
DA:2078,3
DA:2080,0
DA:2081,0
DA:2084,22900
DA:2085,22900
DA:2091,40519
DA:2097,17685
DA:2098,17685
DA:2099,5093
DA:2100,5093
DA:2101,5090
DA:2102,5090
DA:2103,5036
DA:2104,5036
DA:2105,5033
DA:2106,3
DA:2107,3
DA:2109,5030
DA:2110,5030
DA:2112,5033
DA:2113,5030
DA:2114,3
DA:2115,3
DA:2117,5027
DA:2118,5027
DA:2126,17685
DA:2132,40519
DA:2133,40519
DA:2134,40015
DA:2135,40015
DA:2136,22956
DA:2137,22956
DA:2138,22956
DA:2139,22956
DA:2140,22956
DA:2141,22956
DA:2142,22956
DA:2149,40519
DA:2155,5093
DA:2156,5093
DA:2157,5090
DA:2160,5093
DA:2166,8511
DA:2167,8511
DA:2168,8511
DA:2169,8511
DA:2170,8511
DA:2171,8511
DA:2172,8511
DA:2177,8511
DA:2183,8511
DA:2184,8511
DA:2185,8511
DA:2186,8511
DA:2187,8511
DA:2188,8511
DA:2189,8511
DA:2190,8511
DA:2191,8511
DA:2192,8511
DA:2193,8511
DA:2194,8511
DA:2195,8511
DA:2196,8511
DA:2197,8511
DA:2198,8511
DA:2199,8511
DA:2200,8511
DA:2201,8511
DA:2202,8511
DA:2203,8511
DA:2204,8511
DA:2205,8511
DA:2206,8511
DA:2207,8511
DA:2208,8511
DA:2209,8511
DA:2210,8511
DA:2211,8511
DA:2212,8511
DA:2213,8511
DA:2214,8511
DA:2215,8511
DA:2216,8511
DA:2217,8511
DA:2218,8511
DA:2219,8511
DA:2220,8511
DA:2221,8511
DA:2222,8511
DA:2223,8511
DA:2224,8511
DA:2225,8511
DA:2226,8511
DA:2227,8511
DA:2228,8511
DA:2229,8511
DA:2230,8511
DA:2231,8511
DA:2232,8511
DA:2233,8511
DA:2260,8511
DA:2266,8511
DA:2267,8511
DA:2268,8511
DA:2269,8511
DA:2270,8511
DA:2271,8511
DA:2272,8511
DA:2273,8511
DA:2274,8511
DA:2275,8511
DA:2276,8511
DA:2277,8511
DA:2278,8511
DA:2286,8511
DA:2292,8511
DA:2293,8511
DA:2294,8511
DA:2297,8511
DA:2303,17483
DA:2304,17483
DA:2305,17483
DA:2306,17483
DA:2307,6348
DA:2308,22
DA:2309,22
DA:2311,6326
DA:2312,6326
DA:2314,6348
DA:2315,6326
DA:2317,6348
DA:2318,6348
DA:2319,6348
DA:2321,0
DA:2322,0
DA:2325,11135
DA:2326,11135
DA:2328,17483
DA:2329,17483
DA:2330,11135
DA:2331,11135
DA:2334,17483
DA:2340,20910
DA:2341,20910
DA:2342,20910
DA:2343,20
DA:2344,20
DA:2346,20890
DA:2347,20890
DA:2349,20910
DA:2350,20
DA:2351,20
DA:2352,20
DA:2353,16
DA:2354,16
DA:2356,20
DA:2357,20
DA:2358,14
DA:2359,14
DA:2361,6
DA:2362,6
DA:2364,20
DA:2365,14
DA:2366,14
DA:2368,6
DA:2369,6
DA:2372,0
DA:2373,0
DA:2376,20890
DA:2377,20890
DA:2379,20910
DA:2380,20896
DA:2381,20896
DA:2382,6519
DA:2383,6519
DA:2385,14377
DA:2386,14377
DA:2388,20896
DA:2389,6519
DA:2390,6519
DA:2391,6519
DA:2392,7231
DA:2393,7231
DA:2395,6519
DA:2396,6519
DA:2397,6503
DA:2398,6503
DA:2400,16
DA:2401,16
DA:2403,6519
DA:2404,6503
DA:2405,6503
DA:2407,16
DA:2408,16
DA:2411,0
DA:2412,0
DA:2415,14377
DA:2416,14377
DA:2419,20910
DA:2420,20910
DA:2421,14393
DA:2422,14393
DA:2425,20910
DA:2431,36
DA:2432,36
DA:2433,36
DA:2434,36
DA:2435,14
DA:2436,14
DA:2438,22
DA:2439,22
DA:2441,36
DA:2442,22
DA:2443,6
DA:2444,6
DA:2446,16
DA:2447,16
DA:2449,22
DA:2450,16
DA:2453,36
DA:2454,36
DA:2455,14
DA:2457,22
DA:2458,22
DA:2460,36
DA:2461,14
DA:2462,14
DA:2463,10
DA:2464,10
DA:2466,4
DA:2467,4
DA:2470,22
DA:2471,22
DA:2473,36
DA:2474,26
DA:2475,26
DA:2476,6
DA:2477,6
DA:2479,20
DA:2480,20
DA:2482,26
DA:2483,6
DA:2484,6
DA:2485,4
DA:2486,4
DA:2488,2
DA:2489,2
DA:2492,20
DA:2493,20
DA:2495,26
DA:2496,22
DA:2500,36
DA:2506,13750
DA:2507,13750
DA:2508,13750
DA:2509,13750
DA:2510,6503
DA:2511,6503
DA:2513,7247
DA:2514,7247
DA:2516,13750
DA:2517,7247
DA:2518,166
DA:2519,166
DA:2521,7081
DA:2522,7081
DA:2524,7247
DA:2525,7081
DA:2528,13750
DA:2529,13750
DA:2530,7071
DA:2532,6679
DA:2533,6679
DA:2535,13750
DA:2536,7071
DA:2537,7071
DA:2538,7067
DA:2539,7067
DA:2541,4
DA:2542,4
DA:2545,6679
DA:2546,6679
DA:2548,13750
DA:2549,6683
DA:2550,6683
DA:2551,166
DA:2552,166
DA:2554,6517
DA:2555,6517
DA:2557,6683
DA:2558,166
DA:2559,166
DA:2560,160
DA:2561,160
DA:2563,6
DA:2564,6
DA:2567,6517
DA:2568,6517
DA:2570,6683
DA:2571,6523
DA:2575,13750
DA:2581,11135
DA:2582,11135
DA:2583,11135
DA:2584,279
DA:2585,279
DA:2587,10856
DA:2588,10856
DA:2590,11135
DA:2591,279
DA:2592,20
DA:2593,20
DA:2595,259
DA:2596,259
DA:2598,279
DA:2599,259
DA:2601,279
DA:2602,279
DA:2603,279
DA:2604,278
DA:2605,156
DA:2607,278
DA:2608,302
DA:2609,302
DA:2610,302
DA:2611,292
DA:2614,278
DA:2615,278
DA:2616,274
DA:2617,274
DA:2619,4
DA:2620,4
DA:2622,278
DA:2623,274
DA:2624,21
DA:2625,21
DA:2627,253
DA:2628,253
DA:2630,274
DA:2631,253
DA:2633,274
DA:2634,274
DA:2635,274
DA:2637,0
DA:2638,0
DA:2641,4
DA:2642,4
DA:2645,0
DA:2646,0
DA:2649,0
DA:2650,0
DA:2653,10856
DA:2654,10856
DA:2656,11134
DA:2657,11134
DA:2658,10860
DA:2659,10860
DA:2662,11134
DA:2668,581
DA:2669,581
DA:2670,581
DA:2671,303
DA:2672,133
DA:2673,133
DA:2675,170
DA:2676,170
DA:2678,303
DA:2679,133
DA:2680,133
DA:2681,133
DA:2682,133
DA:2684,0
DA:2685,0
DA:2688,170
DA:2689,170
DA:2692,278
DA:2693,278
DA:2696,580
DA:2702,1162
DA:2703,1162
DA:2704,1162
DA:2705,1162
DA:2706,548
DA:2707,548
DA:2709,614
DA:2710,614
DA:2712,1162
DA:2713,614
DA:2714,16
DA:2715,16
DA:2717,598
DA:2718,598
DA:2720,614
DA:2721,598
DA:2724,1162
DA:2725,1162
DA:2726,594
DA:2728,568
DA:2729,568
DA:2731,1162
DA:2732,594
DA:2733,594
DA:2734,590
DA:2735,590
DA:2737,4
DA:2738,4
DA:2741,568
DA:2742,568
DA:2744,1162
DA:2745,572
DA:2746,572
DA:2747,16
DA:2748,16
DA:2750,556
DA:2751,556
DA:2753,572
DA:2754,16
DA:2755,16
DA:2756,8
DA:2758,8
DA:2759,8
DA:2762,556
DA:2763,556
DA:2765,572
DA:2766,564
DA:2770,1162
DA:2776,7109
DA:2777,7109
DA:2778,16
DA:2779,16
DA:2781,7093
DA:2782,7093
DA:2784,7109
DA:2785,16
DA:2786,16
DA:2787,14
DA:2788,14
DA:2790,2
DA:2791,2
DA:2794,7093
DA:2795,7093
DA:2798,7109
DA:2804,188
DA:2805,188
DA:2806,26
DA:2807,26
DA:2808,4
DA:2809,4
DA:2811,22
DA:2812,22
DA:2814,26
DA:2815,4
DA:2816,4
DA:2817,4
DA:2818,4
DA:2819,4
DA:2820,2
DA:2822,2
DA:2823,2
DA:2825,4
DA:2826,2
DA:2827,2
DA:2829,2
DA:2830,2
DA:2833,22
DA:2834,22
DA:2836,26
DA:2837,24
DA:2838,24
DA:2839,20
DA:2844,188
DA:2850,188
DA:2851,188
DA:2852,34
DA:2855,188
DA:2861,222
DA:2862,4
DA:2863,4
DA:2865,218
DA:2866,218
DA:2868,222
DA:2869,218
DA:2870,4
DA:2871,4
DA:2873,214
DA:2874,214
DA:2876,218
DA:2877,214
DA:2878,2
DA:2879,2
DA:2881,212
DA:2882,212
DA:2884,214
DA:2885,212
DA:2886,212
DA:2887,2
DA:2888,2
DA:2890,210
DA:2891,210
DA:2893,212
DA:2894,2
DA:2895,2
DA:2897,212
DA:2898,212
DA:2899,210
DA:2900,210
DA:2901,2
DA:2902,2
DA:2904,208
DA:2905,208
DA:2907,210
DA:2908,2
DA:2909,2
DA:2911,210
DA:2912,210
DA:2913,208
DA:2914,208
DA:2915,94
DA:2916,94
DA:2918,114
DA:2919,114
DA:2921,208
DA:2922,94
DA:2923,94
DA:2925,208
DA:2926,208
DA:2927,114
DA:2928,114
DA:2929,42
DA:2930,42
DA:2932,72
DA:2933,72
DA:2935,114
DA:2936,42
DA:2937,42
DA:2939,114
DA:2940,114
DA:2941,72
DA:2942,72
DA:2943,2
DA:2944,2
DA:2946,70
DA:2947,70
DA:2949,72
DA:2950,2
DA:2951,2
DA:2953,72
DA:2954,72
DA:2955,70
DA:2956,70
DA:2957,2
DA:2958,2
DA:2960,68
DA:2961,68
DA:2963,70
DA:2964,2
DA:2965,2
DA:2967,70
DA:2977,222
DA:2983,34
DA:2984,34
DA:2985,34
DA:2986,34
DA:2987,34
DA:2988,22
DA:2990,34
DA:2991,34
DA:2992,8
DA:2994,26
DA:2995,26
DA:2997,34
DA:2998,8
DA:2999,8
DA:3000,8
DA:3001,8
DA:3003,0
DA:3004,0
DA:3007,26
DA:3008,26
DA:3011,34
DA:3017,34
DA:3018,34
DA:3019,34
DA:3020,34
DA:3021,30
DA:3022,4
DA:3023,4
DA:3025,26
DA:3026,26
DA:3028,30
DA:3029,26
DA:3030,4
DA:3031,4
DA:3033,22
DA:3034,22
DA:3040,34
DA:3046,24
DA:3047,24
DA:3048,4
DA:3049,4
DA:3051,20
DA:3052,20
DA:3054,24
DA:3055,4
DA:3056,4
DA:3057,4
DA:3058,4
DA:3059,4
DA:3060,4
DA:3061,4
DA:3062,4
DA:3064,0
DA:3065,0
DA:3068,0
DA:3069,0
DA:3071,4
DA:3072,4
DA:3074,0
DA:3076,4
DA:3077,4
DA:3078,4
DA:3080,0
DA:3081,0
DA:3084,20
DA:3085,20
DA:3088,24
DA:3094,23
DA:3095,23
DA:3096,7
DA:3097,7
DA:3099,16
DA:3100,16
DA:3102,23
DA:3103,7
DA:3104,7
DA:3105,7
DA:3106,7
DA:3107,7
DA:3108,7
DA:3109,7
DA:3110,7
DA:3111,7
DA:3112,7
DA:3113,7
DA:3114,7
DA:3116,0
DA:3117,0
DA:3120,0
DA:3121,0
DA:3124,0
DA:3125,0
DA:3128,0
DA:3129,0
DA:3131,7
DA:3132,7
DA:3134,0
DA:3136,7
DA:3137,7
DA:3138,7
DA:3140,0
DA:3141,0
DA:3144,16
DA:3145,16
DA:3148,23
DA:3154,38
DA:3155,6
DA:3156,6
DA:3158,32
DA:3159,32
DA:3162,38
DA:3168,36
DA:3169,36
DA:3170,36
DA:3172,0
DA:3173,0
DA:3176,36
DA:3182,10860
DA:3183,10860
DA:3184,140
DA:3185,140
DA:3187,10720
DA:3188,10720
DA:3190,10860
DA:3191,140
DA:3192,140
DA:3194,10860
DA:3196,10860
DA:3202,6101
DA:3203,6101
DA:3204,6101
DA:3205,1503
DA:3206,1503
DA:3208,4598
DA:3209,4598
DA:3211,6101
DA:3212,1503
DA:3213,1503
DA:3214,1503
DA:3215,1502
DA:3216,1502
DA:3218,1
DA:3219,1
DA:3221,1503
DA:3222,1502
DA:3224,1
DA:3225,1
DA:3228,0
DA:3229,0
DA:3232,4598
DA:3233,4598
DA:3235,6101
DA:3236,6101
DA:3237,4599
DA:3238,4599
DA:3241,6101
DA:3247,1631
DA:3248,1631
DA:3249,1631
DA:3250,1631
DA:3251,1631
DA:3252,1631
DA:3253,1631
DA:3254,7
DA:3255,7
DA:3257,1624
DA:3258,1624
DA:3260,1631
DA:3261,1631
DA:3262,1624
DA:3264,7
DA:3265,7
DA:3267,1631
DA:3268,1624
DA:3269,1624
DA:3270,1624
DA:3271,1624
DA:3273,0
DA:3274,0
DA:3277,7
DA:3278,7
DA:3280,1631
DA:3281,1624
DA:3282,30049
DA:3283,30049
DA:3284,30049
DA:3285,30049
DA:3286,30049
DA:3287,1624
DA:3288,1624
DA:3290,28425
DA:3291,28425
DA:3293,30049
DA:3294,30049
DA:3295,28425
DA:3297,1624
DA:3298,1624
DA:3300,30049
DA:3301,28425
DA:3302,28425
DA:3303,28425
DA:3304,28425
DA:3306,0
DA:3307,0
DA:3310,1624
DA:3311,1624
DA:3315,7
DA:3317,1631
DA:3318,7
DA:3319,7
DA:3320,3
DA:3321,3
DA:3323,4
DA:3324,4
DA:3326,7
DA:3327,3
DA:3328,3
DA:3329,3
DA:3330,3
DA:3331,3
DA:3333,0
DA:3334,0
DA:3336,3
DA:3337,3
DA:3338,3
DA:3340,0
DA:3341,0
DA:3344,0
DA:3345,0
DA:3348,4
DA:3349,4
DA:3352,1631
DA:3353,1875
DA:3354,1875
DA:3355,1875
DA:3356,1875
DA:3357,1875
DA:3358,1875
DA:3359,1751
DA:3360,1751
DA:3362,124
DA:3363,124
DA:3365,1875
DA:3366,1875
DA:3367,124
DA:3369,1751
DA:3370,1751
DA:3372,1875
DA:3373,124
DA:3374,124
DA:3375,123
DA:3376,123
DA:3378,1
DA:3379,1
DA:3382,1751
DA:3383,1751
DA:3385,1875
DA:3386,123
DA:3387,1354
DA:3388,1354
DA:3389,1354
DA:3390,1354
DA:3391,1354
DA:3392,123
DA:3393,123
DA:3395,1231
DA:3396,1231
DA:3398,1354
DA:3399,1354
DA:3400,1231
DA:3402,123
DA:3403,123
DA:3405,1354
DA:3406,1231
DA:3407,1231
DA:3408,1231
DA:3409,1231
DA:3411,0
DA:3412,0
DA:3415,123
DA:3416,123
DA:3420,1752
DA:3422,1875
DA:3423,1752
DA:3424,1752
DA:3425,125
DA:3426,125
DA:3428,1627
DA:3429,1627
DA:3431,1752
DA:3432,125
DA:3433,125
DA:3434,125
DA:3435,125
DA:3436,125
DA:3438,0
DA:3439,0
DA:3441,125
DA:3442,125
DA:3443,125
DA:3445,0
DA:3446,0
DA:3449,0
DA:3450,0
DA:3453,1627
DA:3454,1627
DA:3458,1631
DA:3459,1631
DA:3461,0
DA:3464,1631
DA:3470,40015
DA:3471,17059
DA:3472,17059
DA:3474,22956
DA:3475,22956
DA:3478,40015
DA:3484,22956
DA:3485,0
DA:3486,0
DA:3488,22956
DA:3489,22956
DA:3492,22956
DA:3498,22956
DA:3499,0
DA:3500,0
DA:3502,22956
DA:3503,22956
DA:3506,22956
DA:3512,22956
DA:3513,0
DA:3514,0
DA:3516,22956
DA:3517,22956
DA:3520,22956
DA:3526,40519
DA:3527,504
DA:3528,504
DA:3530,40015
DA:3531,40015
DA:3534,40519
DA:3540,5090
DA:3541,0
DA:3542,0
DA:3544,5090
DA:3545,5090
DA:3548,5090
DA:3554,5093
DA:3555,3
DA:3556,3
DA:3558,5090
DA:3559,5090
DA:3562,5093
DA:3568,5090
DA:3569,54
DA:3570,54
DA:3572,5036
DA:3573,5036
DA:3576,5090
DA:3582,22956
DA:3583,0
DA:3584,0
DA:3586,22956
DA:3587,22956
DA:3590,22956
DA:3596,5036
DA:3597,3
DA:3598,3
DA:3600,5033
DA:3601,5033
DA:3604,5036
DA:3610,40415
DA:3611,1
DA:3612,1
DA:3614,40414
DA:3615,40414
DA:3618,40415
DA:3624,8511
DA:3625,8511
DA:3626,0
DA:3627,0
DA:3629,8511
DA:3630,8511
DA:3632,8511
DA:3633,0
DA:3634,0
DA:3635,0
DA:3636,0
DA:3637,0
DA:3638,0
DA:3640,0
DA:3641,0
DA:3643,0
DA:3644,0
DA:3645,0
DA:3647,0
DA:3648,0
DA:3651,8511
DA:3652,8511
DA:3655,8511
DA:3661,8511
DA:3662,8511
DA:3663,0
DA:3664,0
DA:3666,8511
DA:3667,8511
DA:3669,8511
DA:3670,0
DA:3671,0
DA:3672,0
DA:3673,0
DA:3674,0
DA:3675,0
DA:3677,0
DA:3678,0
DA:3680,0
DA:3681,0
DA:3682,0
DA:3684,0
DA:3685,0
DA:3688,8511
DA:3689,8511
DA:3692,8511
DA:3698,8511
DA:3699,8511
DA:3700,0
DA:3701,0
DA:3703,8511
DA:3704,8511
DA:3706,8511
DA:3707,0
DA:3708,0
DA:3709,0
DA:3710,0
DA:3711,0
DA:3712,0
DA:3714,0
DA:3715,0
DA:3717,0
DA:3718,0
DA:3719,0
DA:3721,0
DA:3722,0
DA:3725,8511
DA:3726,8511
DA:3729,8511
DA:3735,8511
DA:3736,8511
DA:3737,0
DA:3738,0
DA:3740,8511
DA:3741,8511
DA:3743,8511
DA:3744,0
DA:3745,0
DA:3746,0
DA:3747,0
DA:3748,0
DA:3749,0
DA:3751,0
DA:3752,0
DA:3754,0
DA:3755,0
DA:3756,0
DA:3758,0
DA:3759,0
DA:3762,8511
DA:3763,8511
DA:3766,8511
DA:3772,8511
DA:3773,8511
DA:3774,0
DA:3775,0
DA:3777,8511
DA:3778,8511
DA:3780,8511
DA:3781,0
DA:3782,0
DA:3783,0
DA:3784,0
DA:3785,0
DA:3786,0
DA:3788,0
DA:3789,0
DA:3791,0
DA:3792,0
DA:3793,0
DA:3795,0
DA:3796,0
DA:3799,8511
DA:3800,8511
DA:3803,8511
DA:3809,8511
DA:3810,8511
DA:3811,0
DA:3812,0
DA:3814,8511
DA:3815,8511
DA:3817,8511
DA:3818,0
DA:3819,0
DA:3820,0
DA:3821,0
DA:3822,0
DA:3823,0
DA:3825,0
DA:3826,0
DA:3828,0
DA:3829,0
DA:3830,0
DA:3832,0
DA:3833,0
DA:3836,8511
DA:3837,8511
DA:3840,8511
DA:3846,8511
DA:3847,8511
DA:3848,0
DA:3849,0
DA:3851,8511
DA:3852,8511
DA:3854,8511
DA:3855,0
DA:3856,0
DA:3857,0
DA:3858,0
DA:3859,0
DA:3860,0
DA:3862,0
DA:3863,0
DA:3865,0
DA:3866,0
DA:3867,0
DA:3869,0
DA:3870,0
DA:3873,8511
DA:3874,8511
DA:3877,8511
DA:3883,8511
DA:3884,8511
DA:3885,0
DA:3886,0
DA:3888,8511
DA:3889,8511
DA:3891,8511
DA:3892,0
DA:3893,0
DA:3894,0
DA:3895,0
DA:3896,0
DA:3897,0
DA:3899,0
DA:3900,0
DA:3902,0
DA:3903,0
DA:3904,0
DA:3906,0
DA:3907,0
DA:3910,8511
DA:3911,8511
DA:3914,8511
DA:3920,8511
DA:3921,8511
DA:3922,0
DA:3923,0
DA:3925,8511
DA:3926,8511
DA:3928,8511
DA:3929,0
DA:3930,0
DA:3931,0
DA:3932,0
DA:3933,0
DA:3934,0
DA:3936,0
DA:3937,0
DA:3939,0
DA:3940,0
DA:3941,0
DA:3943,0
DA:3944,0
DA:3947,8511
DA:3948,8511
DA:3951,8511
DA:3957,8511
DA:3958,8511
DA:3959,0
DA:3960,0
DA:3962,8511
DA:3963,8511
DA:3965,8511
DA:3966,0
DA:3967,0
DA:3968,0
DA:3969,0
DA:3970,0
DA:3971,0
DA:3973,0
DA:3974,0
DA:3976,0
DA:3977,0
DA:3978,0
DA:3980,0
DA:3981,0
DA:3984,8511
DA:3985,8511
DA:3988,8511
DA:3994,8511
DA:3995,8511
DA:3996,0
DA:3997,0
DA:3999,8511
DA:4000,8511
DA:4002,8511
DA:4003,0
DA:4004,0
DA:4005,0
DA:4006,0
DA:4007,0
DA:4008,0
DA:4010,0
DA:4011,0
DA:4013,0
DA:4014,0
DA:4015,0
DA:4017,0
DA:4018,0
DA:4021,8511
DA:4022,8511
DA:4025,8511
DA:4031,8511
DA:4032,8511
DA:4033,0
DA:4034,0
DA:4036,8511
DA:4037,8511
DA:4039,8511
DA:4040,0
DA:4041,0
DA:4042,0
DA:4043,0
DA:4044,0
DA:4045,0
DA:4047,0
DA:4048,0
DA:4050,0
DA:4051,0
DA:4052,0
DA:4054,0
DA:4055,0
DA:4058,8511
DA:4059,8511
DA:4062,8511
DA:4068,8511
DA:4069,8511
DA:4070,0
DA:4071,0
DA:4073,8511
DA:4074,8511
DA:4076,8511
DA:4077,0
DA:4078,0
DA:4079,0
DA:4080,0
DA:4081,0
DA:4082,0
DA:4084,0
DA:4085,0
DA:4087,0
DA:4088,0
DA:4089,0
DA:4091,0
DA:4092,0
DA:4095,8511
DA:4096,8511
DA:4099,8511
DA:4105,8511
DA:4106,8511
DA:4107,0
DA:4108,0
DA:4110,8511
DA:4111,8511
DA:4113,8511
DA:4114,0
DA:4115,0
DA:4116,0
DA:4117,0
DA:4118,0
DA:4119,0
DA:4121,0
DA:4122,0
DA:4124,0
DA:4125,0
DA:4126,0
DA:4128,0
DA:4129,0
DA:4132,8511
DA:4133,8511
DA:4136,8511
DA:4142,8511
DA:4143,8511
DA:4144,0
DA:4145,0
DA:4147,8511
DA:4148,8511
DA:4150,8511
DA:4151,0
DA:4152,0
DA:4153,0
DA:4154,0
DA:4155,0
DA:4156,0
DA:4158,0
DA:4159,0
DA:4161,0
DA:4162,0
DA:4163,0
DA:4165,0
DA:4166,0
DA:4169,8511
DA:4170,8511
DA:4173,8511
DA:4179,8511
DA:4180,8511
DA:4181,0
DA:4182,0
DA:4184,8511
DA:4185,8511
DA:4187,8511
DA:4188,0
DA:4189,0
DA:4190,0
DA:4191,0
DA:4192,0
DA:4193,0
DA:4195,0
DA:4196,0
DA:4198,0
DA:4199,0
DA:4200,0
DA:4202,0
DA:4203,0
DA:4206,8511
DA:4207,8511
DA:4210,8511
DA:4216,8511
DA:4217,8511
DA:4218,0
DA:4219,0
DA:4221,8511
DA:4222,8511
DA:4224,8511
DA:4225,0
DA:4226,0
DA:4227,0
DA:4228,0
DA:4229,0
DA:4230,0
DA:4232,0
DA:4233,0
DA:4235,0
DA:4236,0
DA:4237,0
DA:4239,0
DA:4240,0
DA:4243,8511
DA:4244,8511
DA:4247,8511
DA:4253,8511
DA:4254,8511
DA:4255,0
DA:4256,0
DA:4258,8511
DA:4259,8511
DA:4261,8511
DA:4262,0
DA:4263,0
DA:4264,0
DA:4265,0
DA:4266,0
DA:4267,0
DA:4269,0
DA:4270,0
DA:4272,0
DA:4273,0
DA:4274,0
DA:4276,0
DA:4277,0
DA:4280,8511
DA:4281,8511
DA:4284,8511
DA:4290,8511
DA:4291,8511
DA:4292,0
DA:4293,0
DA:4295,8511
DA:4296,8511
DA:4298,8511
DA:4299,0
DA:4300,0
DA:4301,0
DA:4302,0
DA:4303,0
DA:4304,0
DA:4306,0
DA:4307,0
DA:4309,0
DA:4310,0
DA:4311,0
DA:4313,0
DA:4314,0
DA:4317,8511
DA:4318,8511
DA:4321,8511
DA:4327,8511
DA:4328,8511
DA:4329,0
DA:4330,0
DA:4332,8511
DA:4333,8511
DA:4335,8511
DA:4336,0
DA:4337,0
DA:4338,0
DA:4339,0
DA:4340,0
DA:4341,0
DA:4343,0
DA:4344,0
DA:4346,0
DA:4347,0
DA:4348,0
DA:4350,0
DA:4351,0
DA:4354,8511
DA:4355,8511
DA:4358,8511
DA:4364,8511
DA:4365,8511
DA:4366,0
DA:4367,0
DA:4369,8511
DA:4370,8511
DA:4372,8511
DA:4373,0
DA:4374,0
DA:4375,0
DA:4376,0
DA:4377,0
DA:4378,0
DA:4380,0
DA:4381,0
DA:4383,0
DA:4384,0
DA:4385,0
DA:4387,0
DA:4388,0
DA:4391,8511
DA:4392,8511
DA:4395,8511
DA:4401,8511
DA:4402,8511
DA:4403,0
DA:4404,0
DA:4406,8511
DA:4407,8511
DA:4409,8511
DA:4410,0
DA:4411,0
DA:4412,0
DA:4413,0
DA:4414,0
DA:4415,0
DA:4417,0
DA:4418,0
DA:4420,0
DA:4421,0
DA:4422,0
DA:4424,0
DA:4425,0
DA:4428,8511
DA:4429,8511
DA:4432,8511
DA:4438,8511
DA:4439,8511
DA:4440,0
DA:4441,0
DA:4443,8511
DA:4444,8511
DA:4446,8511
DA:4447,0
DA:4448,0
DA:4449,0
DA:4450,0
DA:4451,0
DA:4452,0
DA:4454,0
DA:4455,0
DA:4457,0
DA:4458,0
DA:4459,0
DA:4461,0
DA:4462,0
DA:4465,8511
DA:4466,8511
DA:4469,8511
DA:4475,8511
DA:4476,8511
DA:4477,0
DA:4478,0
DA:4480,8511
DA:4481,8511
DA:4483,8511
DA:4484,0
DA:4485,0
DA:4486,0
DA:4487,0
DA:4488,0
DA:4489,0
DA:4491,0
DA:4492,0
DA:4494,0
DA:4495,0
DA:4496,0
DA:4498,0
DA:4499,0
DA:4502,8511
DA:4503,8511
DA:4506,8511
DA:4512,8511
DA:4513,8511
DA:4514,0
DA:4515,0
DA:4517,8511
DA:4518,8511
DA:4520,8511
DA:4521,0
DA:4522,0
DA:4523,0
DA:4524,0
DA:4525,0
DA:4526,0
DA:4528,0
DA:4529,0
DA:4531,0
DA:4532,0
DA:4533,0
DA:4535,0
DA:4536,0
DA:4539,8511
DA:4540,8511
DA:4543,8511
DA:4549,8511
DA:4550,8511
DA:4551,0
DA:4552,0
DA:4554,8511
DA:4555,8511
DA:4557,8511
DA:4558,0
DA:4559,0
DA:4560,0
DA:4561,0
DA:4562,0
DA:4563,0
DA:4565,0
DA:4566,0
DA:4568,0
DA:4569,0
DA:4570,0
DA:4572,0
DA:4573,0
DA:4576,8511
DA:4577,8511
DA:4580,8511
DA:4586,8511
DA:4587,8511
DA:4588,0
DA:4589,0
DA:4591,8511
DA:4592,8511
DA:4594,8511
DA:4595,0
DA:4596,0
DA:4597,0
DA:4598,0
DA:4599,0
DA:4600,0
DA:4602,0
DA:4603,0
DA:4605,0
DA:4606,0
DA:4607,0
DA:4609,0
DA:4610,0
DA:4613,8511
DA:4614,8511
DA:4617,8511
DA:4623,8511
DA:4624,8511
DA:4625,0
DA:4626,0
DA:4628,8511
DA:4629,8511
DA:4631,8511
DA:4632,0
DA:4633,0
DA:4634,0
DA:4635,0
DA:4636,0
DA:4637,0
DA:4639,0
DA:4640,0
DA:4642,0
DA:4643,0
DA:4644,0
DA:4646,0
DA:4647,0
DA:4650,8511
DA:4651,8511
DA:4654,8511
DA:4660,8511
DA:4661,8511
DA:4662,0
DA:4663,0
DA:4665,8511
DA:4666,8511
DA:4668,8511
DA:4669,0
DA:4670,0
DA:4671,0
DA:4672,0
DA:4673,0
DA:4674,0
DA:4676,0
DA:4677,0
DA:4679,0
DA:4680,0
DA:4681,0
DA:4683,0
DA:4684,0
DA:4687,8511
DA:4688,8511
DA:4691,8511
DA:4697,8511
DA:4698,8511
DA:4699,0
DA:4700,0
DA:4702,8511
DA:4703,8511
DA:4705,8511
DA:4706,0
DA:4707,0
DA:4708,0
DA:4709,0
DA:4710,0
DA:4711,0
DA:4713,0
DA:4714,0
DA:4716,0
DA:4717,0
DA:4718,0
DA:4720,0
DA:4721,0
DA:4724,8511
DA:4725,8511
DA:4728,8511
DA:4734,8511
DA:4735,8511
DA:4736,0
DA:4737,0
DA:4739,8511
DA:4740,8511
DA:4742,8511
DA:4743,0
DA:4744,0
DA:4745,0
DA:4746,0
DA:4747,0
DA:4748,0
DA:4750,0
DA:4751,0
DA:4753,0
DA:4754,0
DA:4755,0
DA:4757,0
DA:4758,0
DA:4761,8511
DA:4762,8511
DA:4765,8511
DA:4771,8511
DA:4772,8511
DA:4773,0
DA:4774,0
DA:4776,8511
DA:4777,8511
DA:4779,8511
DA:4780,0
DA:4781,0
DA:4782,0
DA:4783,0
DA:4784,0
DA:4785,0
DA:4787,0
DA:4788,0
DA:4790,0
DA:4791,0
DA:4792,0
DA:4794,0
DA:4795,0
DA:4798,8511
DA:4799,8511
DA:4802,8511
DA:4808,8511
DA:4809,8511
DA:4810,0
DA:4811,0
DA:4813,8511
DA:4814,8511
DA:4816,8511
DA:4817,0
DA:4818,0
DA:4819,0
DA:4820,0
DA:4821,0
DA:4822,0
DA:4824,0
DA:4825,0
DA:4827,0
DA:4828,0
DA:4829,0
DA:4831,0
DA:4832,0
DA:4835,8511
DA:4836,8511
DA:4839,8511
DA:4845,8511
DA:4846,8511
DA:4847,0
DA:4848,0
DA:4850,8511
DA:4851,8511
DA:4853,8511
DA:4854,0
DA:4855,0
DA:4856,0
DA:4857,0
DA:4858,0
DA:4859,0
DA:4861,0
DA:4862,0
DA:4864,0
DA:4865,0
DA:4866,0
DA:4868,0
DA:4869,0
DA:4872,8511
DA:4873,8511
DA:4876,8511
DA:4882,8511
DA:4883,8511
DA:4884,0
DA:4885,0
DA:4887,8511
DA:4888,8511
DA:4890,8511
DA:4891,0
DA:4892,0
DA:4893,0
DA:4894,0
DA:4895,0
DA:4896,0
DA:4898,0
DA:4899,0
DA:4901,0
DA:4902,0
DA:4903,0
DA:4905,0
DA:4906,0
DA:4909,8511
DA:4910,8511
DA:4913,8511
DA:4919,8511
DA:4920,8511
DA:4921,0
DA:4922,0
DA:4924,8511
DA:4925,8511
DA:4927,8511
DA:4928,0
DA:4929,0
DA:4930,0
DA:4931,0
DA:4932,0
DA:4933,0
DA:4935,0
DA:4936,0
DA:4938,0
DA:4939,0
DA:4940,0
DA:4942,0
DA:4943,0
DA:4946,8511
DA:4947,8511
DA:4950,8511
DA:4956,36529
DA:4957,36529
DA:4958,36529
DA:4959,24137
DA:4960,24137
DA:4961,22500
DA:4964,36529
DA:4965,14980
DA:4966,14980
DA:4967,14980
DA:4968,14219
DA:4969,14219
DA:4970,14117
DA:4975,36529
DA:4981,2054
DA:4982,2054
DA:4983,2054
DA:4984,2040
DA:4986,2054
DA:4987,59
DA:4988,59
DA:4989,59
DA:4990,18
DA:4994,2054
DA:5000,2070
DA:5001,2070
DA:5002,2070
DA:5003,2070
DA:5004,16
DA:5005,16
DA:5007,2054
DA:5008,2054
DA:5010,2070
DA:5011,16
DA:5012,16
DA:5014,2054
DA:5015,2054
DA:5018,0
DA:5019,0
DA:5021,2070
DA:5022,2054
DA:5023,2054
DA:5024,2054
DA:5025,2054
DA:5026,2054
DA:5027,2044
DA:5029,2054
DA:5030,2054
DA:5031,2054
DA:5032,435
DA:5033,435
DA:5035,1619
DA:5036,1619
DA:5039,0
DA:5040,0
DA:5043,0
DA:5044,0
DA:5046,2054
DA:5047,1619
DA:5048,1619
DA:5049,1619
DA:5050,1619
DA:5051,1619
DA:5052,1612
DA:5053,1612
DA:5055,7
DA:5056,7
DA:5059,0
DA:5060,0
DA:5065,2070
DA:5071,1619
DA:5072,1619
DA:5073,1619
DA:5074,7
DA:5075,7
DA:5077,1612
DA:5078,1612
DA:5080,1619
DA:5081,1619
DA:5082,1612
DA:5084,7
DA:5085,7
DA:5088,1619
DA:5091,1661
DA:5093,1644
DA:5094,1621
DA:5096,23
DA:5097,0
DA:5100,23
DA:5110,13
LF:3107
LH:2354
BRDA:26,0,0,121
BRDA:26,0,1,3121
BRDA:51,1,0,40
BRDA:51,1,1,0
BRDA:66,2,0,0
BRDA:66,2,1,0
BRDA:71,3,0,0
BRDA:71,3,1,0
BRDA:127,4,0,23
BRDA:127,4,1,0
BRDA:129,5,0,240
BRDA:129,5,1,256
BRDA:137,6,0,0
BRDA:137,6,1,0
BRDA:137,6,2,23
BRDA:152,7,0,22
BRDA:152,7,1,1
BRDA:159,8,0,1332
BRDA:159,8,1,329
BRDA:192,9,0,23
BRDA:192,9,1,1919
BRDA:206,10,0,280
BRDA:206,10,1,2722
BRDA:215,11,0,481
BRDA:215,11,1,2939
BRDA:225,12,0,1269
BRDA:225,12,1,2151
BRDA:225,13,0,3420
BRDA:225,13,1,2180
BRDA:225,13,2,513
BRDA:236,14,0,16
BRDA:236,14,1,282
BRDA:292,15,0,763
BRDA:292,15,1,290
BRDA:292,16,0,1053
BRDA:292,16,1,718
BRDA:388,17,0,1
BRDA:388,17,1,132
BRDA:541,18,0,0
BRDA:541,18,1,1661
BRDA:542,19,0,0
BRDA:542,19,1,0
BRDA:558,20,0,0
BRDA:558,20,1,0
BRDA:570,21,0,0
BRDA:570,21,1,17
BRDA:601,22,0,22985
BRDA:601,22,1,11029
BRDA:616,23,0,716
BRDA:616,23,1,66031
BRDA:652,24,0,50320
BRDA:652,24,1,201374
BRDA:654,25,0,13164
BRDA:654,25,1,188210
BRDA:680,26,0,1661
BRDA:680,26,1,0
BRDA:683,27,0,3
BRDA:683,27,1,1658
BRDA:685,28,0,3
BRDA:685,28,1,0
BRDA:696,29,0,1658
BRDA:696,29,1,3
BRDA:699,30,0,1661
BRDA:699,30,1,0
BRDA:702,31,0,118
BRDA:702,31,1,1543
BRDA:704,32,0,118
BRDA:704,32,1,0
BRDA:715,33,0,1543
BRDA:715,33,1,118
BRDA:718,34,0,1661
BRDA:718,34,1,0
BRDA:722,35,0,1621
BRDA:722,35,1,23
BRDA:724,36,0,1621
BRDA:724,36,1,0
BRDA:735,37,0,1621
BRDA:735,37,1,23
BRDA:740,38,0,321
BRDA:740,38,1,1621
BRDA:742,39,0,321
BRDA:742,39,1,0
BRDA:757,40,0,1621
BRDA:757,40,1,23
BRDA:784,41,0,120
BRDA:784,41,1,1541
BRDA:789,42,0,1541
BRDA:789,42,1,0
BRDA:791,43,0,120
BRDA:791,43,1,1541
BRDA:793,44,0,3
BRDA:793,44,1,117
BRDA:794,45,0,3
BRDA:794,45,1,0
BRDA:799,46,0,0
BRDA:799,46,1,0
BRDA:801,47,0,3
BRDA:801,47,1,0
BRDA:803,48,0,3
BRDA:803,48,1,0
BRDA:831,49,0,118
BRDA:831,49,1,1543
BRDA:833,50,0,118
BRDA:833,50,1,0
BRDA:853,51,0,1982
BRDA:853,51,1,1621
BRDA:855,52,0,1982
BRDA:855,52,1,0
BRDA:858,53,0,23
BRDA:858,53,1,1959
BRDA:860,54,0,23
BRDA:860,54,1,0
BRDA:871,55,0,1959
BRDA:871,55,1,23
BRDA:874,56,0,1982
BRDA:874,56,1,0
BRDA:875,57,0,1982
BRDA:875,57,1,0
BRDA:880,58,0,0
BRDA:880,58,1,0
BRDA:882,59,0,1982
BRDA:882,59,1,0
BRDA:884,60,0,1982
BRDA:884,60,1,0
BRDA:886,61,0,1949
BRDA:886,61,1,16
BRDA:888,62,0,1942
BRDA:888,62,1,7
BRDA:928,63,0,3002
BRDA:928,63,1,16
BRDA:932,64,0,3002
BRDA:932,64,1,0
BRDA:933,65,0,281
BRDA:933,65,1,2721
BRDA:938,66,0,2721
BRDA:938,66,1,0
BRDA:940,67,0,281
BRDA:940,67,1,2721
BRDA:942,68,0,281
BRDA:942,68,1,0
BRDA:944,69,0,280
BRDA:944,69,1,1
BRDA:967,70,0,418
BRDA:967,70,1,0
BRDA:968,71,0,138
BRDA:968,71,1,280
BRDA:973,72,0,280
BRDA:973,72,1,0
BRDA:975,73,0,138
BRDA:975,73,1,280
BRDA:977,74,0,138
BRDA:977,74,1,0
BRDA:979,75,0,138
BRDA:979,75,1,0
BRDA:999,76,0,3002
BRDA:999,76,1,0
BRDA:1019,77,0,3420
BRDA:1019,77,1,17
BRDA:1022,78,0,3420
BRDA:1022,78,1,0
BRDA:1024,79,0,481
BRDA:1024,79,1,2939
BRDA:1035,80,0,2939
BRDA:1035,80,1,481
BRDA:1038,81,0,3420
BRDA:1038,81,1,0
BRDA:1058,82,0,3436
BRDA:1058,82,1,17
BRDA:1062,83,0,3436
BRDA:1062,83,1,0
BRDA:1064,84,0,1240
BRDA:1064,84,1,2180
BRDA:1079,85,0,1619
BRDA:1079,85,1,0
BRDA:1081,86,0,379
BRDA:1081,86,1,1240
BRDA:1093,87,0,3420
BRDA:1093,87,1,0
BRDA:1112,88,0,300
BRDA:1112,88,1,8209
BRDA:1117,89,0,8209
BRDA:1117,89,1,0
BRDA:1119,90,0,300
BRDA:1119,90,1,8209
BRDA:1121,91,0,293
BRDA:1121,91,1,7
BRDA:1124,92,0,300
BRDA:1124,92,1,0
BRDA:1126,93,0,298
BRDA:1126,93,1,2
BRDA:1141,94,0,8211
BRDA:1141,94,1,282
BRDA:1144,95,0,885
BRDA:1144,95,1,7326
BRDA:1146,96,0,885
BRDA:1146,96,1,0
BRDA:1148,97,0,885
BRDA:1148,97,1,0
BRDA:1163,98,0,7326
BRDA:1163,98,1,885
BRDA:1176,99,0,1600
BRDA:1176,99,1,6911
BRDA:1178,100,0,1600
BRDA:1178,100,1,0
BRDA:1179,101,0,892
BRDA:1179,101,1,708
BRDA:1184,102,0,708
BRDA:1184,102,1,0
BRDA:1186,103,0,892
BRDA:1186,103,1,708
BRDA:1209,104,0,662
BRDA:1209,104,1,7849
BRDA:1211,105,0,662
BRDA:1211,105,1,0
BRDA:1213,106,0,211
BRDA:1213,106,1,451
BRDA:1228,107,0,8300
BRDA:1228,107,1,211
BRDA:1238,108,0,49
BRDA:1238,108,1,8462
BRDA:1243,109,0,8462
BRDA:1243,109,1,0
BRDA:1245,110,0,8462
BRDA:1245,110,1,49
BRDA:1246,111,0,298
BRDA:1246,111,1,8164
BRDA:1251,112,0,8164
BRDA:1251,112,1,0
BRDA:1253,113,0,8164
BRDA:1253,113,1,298
BRDA:1254,114,0,315
BRDA:1254,114,1,7849
BRDA:1259,115,0,7849
BRDA:1259,115,1,0
BRDA:1272,116,0,5071
BRDA:1272,116,1,3890
BRDA:1274,117,0,5071
BRDA:1274,117,1,0
BRDA:1276,118,0,440
BRDA:1276,118,1,4631
BRDA:1291,119,0,8521
BRDA:1291,119,1,440
BRDA:1301,120,0,111
BRDA:1301,120,1,4960
BRDA:1306,121,0,4960
BRDA:1306,121,1,0
BRDA:1308,122,0,4960
BRDA:1308,122,1,111
BRDA:1309,123,0,183
BRDA:1309,123,1,4777
BRDA:1314,124,0,4777
BRDA:1314,124,1,0
BRDA:1316,125,0,4777
BRDA:1316,125,1,183
BRDA:1317,126,0,146
BRDA:1317,126,1,4631
BRDA:1322,127,0,4631
BRDA:1322,127,1,0
BRDA:1334,128,0,11135
BRDA:1334,128,1,6348
BRDA:1336,129,0,10860
BRDA:1336,129,1,274
BRDA:1338,130,0,10720
BRDA:1338,130,1,140
BRDA:1340,131,0,9733
BRDA:1340,131,1,987
BRDA:1342,132,0,8833
BRDA:1342,132,1,900
BRDA:1344,133,0,1053
BRDA:1344,133,1,7780
BRDA:1349,134,0,7780
BRDA:1349,134,1,0
BRDA:1351,135,0,1053
BRDA:1351,135,1,7780
BRDA:1353,136,0,1053
BRDA:1353,136,1,0
BRDA:1355,137,0,1053
BRDA:1355,137,1,0
BRDA:1357,138,0,1053
BRDA:1357,138,1,0
BRDA:1358,139,0,1053
BRDA:1358,139,1,0
BRDA:1363,140,0,0
BRDA:1363,140,1,0
BRDA:1365,141,0,1053
BRDA:1365,141,1,0
BRDA:1402,142,0,1445
BRDA:1402,142,1,9275
BRDA:1407,143,0,1445
BRDA:1407,143,1,0
BRDA:1410,144,0,146
BRDA:1410,144,1,1299
BRDA:1412,145,0,146
BRDA:1412,145,1,0
BRDA:1423,146,0,1299
BRDA:1423,146,1,146
BRDA:1426,147,0,1445
BRDA:1426,147,1,0
BRDA:1427,148,0,458
BRDA:1427,148,1,987
BRDA:1432,149,0,0
BRDA:1432,149,1,987
BRDA:1434,150,0,458
BRDA:1434,150,1,987
BRDA:1450,151,0,987
BRDA:1450,151,1,458
BRDA:1456,152,0,987
BRDA:1456,152,1,458
BRDA:1476,153,0,900
BRDA:1476,153,1,8833
BRDA:1478,154,0,900
BRDA:1478,154,1,0
BRDA:1480,155,0,900
BRDA:1480,155,1,0
BRDA:1502,156,0,452
BRDA:1502,156,1,9281
BRDA:1507,157,0,9281
BRDA:1507,157,1,0
BRDA:1509,158,0,9281
BRDA:1509,158,1,452
BRDA:1510,159,0,448
BRDA:1510,159,1,8833
BRDA:1515,160,0,8833
BRDA:1515,160,1,0
BRDA:1525,161,0,41086
BRDA:1525,161,1,13
BRDA:1530,162,0,0
BRDA:1530,162,1,13
BRDA:1540,163,0,1
BRDA:1540,163,1,53621
BRDA:1545,164,0,0
BRDA:1545,164,1,53621
BRDA:1547,165,0,53621
BRDA:1547,165,1,1
BRDA:1548,166,0,1
BRDA:1548,166,1,53620
BRDA:1553,167,0,0
BRDA:1553,167,1,53620
BRDA:1555,168,0,53620
BRDA:1555,168,1,1
BRDA:1556,169,0,1
BRDA:1556,169,1,53619
BRDA:1561,170,0,0
BRDA:1561,170,1,53619
BRDA:1563,171,0,53619
BRDA:1563,171,1,1
BRDA:1564,172,0,13202
BRDA:1564,172,1,40417
BRDA:1569,173,0,0
BRDA:1569,173,1,40417
BRDA:1571,174,0,40417
BRDA:1571,174,1,13202
BRDA:1572,175,0,1
BRDA:1572,175,1,40416
BRDA:1577,176,0,0
BRDA:1577,176,1,40416
BRDA:1579,177,0,40416
BRDA:1579,177,1,1
BRDA:1580,178,0,1
BRDA:1580,178,1,40415
BRDA:1585,179,0,0
BRDA:1585,179,1,40415
BRDA:1587,180,0,40415
BRDA:1587,180,1,1
BRDA:1596,181,0,40414
BRDA:1596,181,1,13208
BRDA:1598,182,0,38683
BRDA:1598,182,1,1731
BRDA:1607,183,0,96
BRDA:1607,183,1,9602
BRDA:1612,184,0,0
BRDA:1612,184,1,9602
BRDA:1622,185,0,2120
BRDA:1622,185,1,38306
BRDA:1627,186,0,0
BRDA:1627,186,1,38306
BRDA:1629,187,0,38306
BRDA:1629,187,1,2120
BRDA:1630,188,0,65
BRDA:1630,188,1,38241
BRDA:1635,189,0,0
BRDA:1635,189,1,38241
BRDA:1637,190,0,38241
BRDA:1637,190,1,65
BRDA:1638,191,0,1
BRDA:1638,191,1,38240
BRDA:1643,192,0,0
BRDA:1643,192,1,38240
BRDA:1645,193,0,38240
BRDA:1645,193,1,1
BRDA:1646,194,0,1
BRDA:1646,194,1,38239
BRDA:1651,195,0,0
BRDA:1651,195,1,38239
BRDA:1653,196,0,38239
BRDA:1653,196,1,1
BRDA:1654,197,0,1
BRDA:1654,197,1,38238
BRDA:1659,198,0,0
BRDA:1659,198,1,38238
BRDA:1666,199,0,38238
BRDA:1666,199,1,2188
BRDA:1668,200,0,36645
BRDA:1668,200,1,1593
BRDA:1679,201,0,36584
BRDA:1679,201,1,33
BRDA:1683,202,0,36529
BRDA:1683,202,1,88
BRDA:1685,203,0,34938
BRDA:1685,203,1,1591
BRDA:1695,204,0,33
BRDA:1695,204,1,36584
BRDA:1700,205,0,0
BRDA:1700,205,1,36584
BRDA:1702,206,0,33
BRDA:1702,206,1,36584
BRDA:1707,207,0,8
BRDA:1707,207,1,25
BRDA:1712,208,0,0
BRDA:1712,208,1,25
BRDA:1715,209,0,25
BRDA:1715,209,1,8
BRDA:1721,210,0,25
BRDA:1721,210,1,8
BRDA:1723,211,0,25
BRDA:1723,211,1,0
BRDA:1739,212,0,25
BRDA:1739,212,1,68
BRDA:1744,213,0,0
BRDA:1744,213,1,68
BRDA:1747,214,0,68
BRDA:1747,214,1,25
BRDA:1753,215,0,68
BRDA:1753,215,1,25
BRDA:1755,216,0,68
BRDA:1755,216,1,0
BRDA:1767,217,0,33
BRDA:1767,217,1,0
BRDA:1768,218,0,33
BRDA:1768,218,1,0
BRDA:1773,219,0,0
BRDA:1773,219,1,0
BRDA:1775,220,0,33
BRDA:1775,220,1,0
BRDA:1798,221,0,5
BRDA:1798,221,1,2053
BRDA:1803,222,0,2053
BRDA:1803,222,1,0
BRDA:1805,223,0,5
BRDA:1805,223,1,2053
BRDA:1810,224,0,1
BRDA:1810,224,1,4
BRDA:1815,225,0,0
BRDA:1815,225,1,4
BRDA:1817,226,0,4
BRDA:1817,226,1,1
BRDA:1821,227,0,3
BRDA:1821,227,1,2
BRDA:1827,228,0,3
BRDA:1827,228,1,2
BRDA:1829,229,0,3
BRDA:1829,229,1,0
BRDA:1845,230,0,3
BRDA:1845,230,1,10
BRDA:1850,231,0,0
BRDA:1850,231,1,10
BRDA:1852,232,0,10
BRDA:1852,232,1,3
BRDA:1856,233,0,10
BRDA:1856,233,1,3
BRDA:1862,234,0,10
BRDA:1862,234,1,3
BRDA:1864,235,0,10
BRDA:1864,235,1,0
BRDA:1876,236,0,5
BRDA:1876,236,1,0
BRDA:1877,237,0,4
BRDA:1877,237,1,1
BRDA:1882,238,0,1
BRDA:1882,238,1,0
BRDA:1884,239,0,4
BRDA:1884,239,1,1
BRDA:1907,240,0,65
BRDA:1907,240,1,38573
BRDA:1912,241,0,2044
BRDA:1912,241,1,36529
BRDA:1914,242,0,65
BRDA:1914,242,1,38573
BRDA:1921,243,0,63
BRDA:1921,243,1,2
BRDA:1927,244,0,63
BRDA:1927,244,1,2
BRDA:1929,245,0,63
BRDA:1929,245,1,0
BRDA:1947,246,0,1839
BRDA:1947,246,1,63
BRDA:1953,247,0,1839
BRDA:1953,247,1,63
BRDA:1955,248,0,1839
BRDA:1955,248,1,0
BRDA:1967,249,0,65
BRDA:1967,249,1,0
BRDA:1990,250,0,8511
BRDA:1990,250,1,0
BRDA:1996,251,0,8511
BRDA:1996,251,1,0
BRDA:1998,252,0,1600
BRDA:1998,252,1,6911
BRDA:2018,253,0,5027
BRDA:2018,253,1,17807
BRDA:2025,254,0,5027
BRDA:2025,254,1,0
BRDA:2037,255,0,17807
BRDA:2037,255,1,5027
BRDA:2039,256,0,17807
BRDA:2039,256,1,0
BRDA:2049,257,0,22956
BRDA:2049,257,1,17563
BRDA:2050,258,0,50
BRDA:2050,258,1,22906
BRDA:2055,259,0,0
BRDA:2055,259,1,22906
BRDA:2057,260,0,22906
BRDA:2057,260,1,50
BRDA:2058,261,0,3
BRDA:2058,261,1,22903
BRDA:2063,262,0,0
BRDA:2063,262,1,22903
BRDA:2065,263,0,22903
BRDA:2065,263,1,3
BRDA:2067,264,0,3
BRDA:2067,264,1,22900
BRDA:2072,265,0,0
BRDA:2072,265,1,22900
BRDA:2074,266,0,3
BRDA:2074,266,1,22900
BRDA:2076,267,0,3
BRDA:2076,267,1,0
BRDA:2098,268,0,5093
BRDA:2098,268,1,12592
BRDA:2100,269,0,5090
BRDA:2100,269,1,3
BRDA:2102,270,0,5036
BRDA:2102,270,1,54
BRDA:2104,271,0,5033
BRDA:2104,271,1,3
BRDA:2105,272,0,3
BRDA:2105,272,1,5030
BRDA:2110,273,0,0
BRDA:2110,273,1,5030
BRDA:2112,274,0,5030
BRDA:2112,274,1,3
BRDA:2113,275,0,3
BRDA:2113,275,1,5027
BRDA:2118,276,0,0
BRDA:2118,276,1,5027
BRDA:2133,277,0,40015
BRDA:2133,277,1,504
BRDA:2135,278,0,22956
BRDA:2135,278,1,17059
BRDA:2137,279,0,22956
BRDA:2137,279,1,0
BRDA:2139,280,0,22956
BRDA:2139,280,1,0
BRDA:2141,281,0,22956
BRDA:2141,281,1,0
BRDA:2156,282,0,5090
BRDA:2156,282,1,3
BRDA:2167,283,0,8511
BRDA:2167,283,1,0
BRDA:2169,284,0,8511
BRDA:2169,284,1,0
BRDA:2171,285,0,8511
BRDA:2171,285,1,0
BRDA:2184,286,0,8511
BRDA:2184,286,1,0
BRDA:2186,287,0,8511
BRDA:2186,287,1,0
BRDA:2188,288,0,8511
BRDA:2188,288,1,0
BRDA:2190,289,0,8511
BRDA:2190,289,1,0
BRDA:2192,290,0,8511
BRDA:2192,290,1,0
BRDA:2194,291,0,8511
BRDA:2194,291,1,0
BRDA:2196,292,0,8511
BRDA:2196,292,1,0
BRDA:2198,293,0,8511
BRDA:2198,293,1,0
BRDA:2200,294,0,8511
BRDA:2200,294,1,0
BRDA:2202,295,0,8511
BRDA:2202,295,1,0
BRDA:2204,296,0,8511
BRDA:2204,296,1,0
BRDA:2206,297,0,8511
BRDA:2206,297,1,0
BRDA:2208,298,0,8511
BRDA:2208,298,1,0
BRDA:2210,299,0,8511
BRDA:2210,299,1,0
BRDA:2212,300,0,8511
BRDA:2212,300,1,0
BRDA:2214,301,0,8511
BRDA:2214,301,1,0
BRDA:2216,302,0,8511
BRDA:2216,302,1,0
BRDA:2218,303,0,8511
BRDA:2218,303,1,0
BRDA:2220,304,0,8511
BRDA:2220,304,1,0
BRDA:2222,305,0,8511
BRDA:2222,305,1,0
BRDA:2224,306,0,8511
BRDA:2224,306,1,0
BRDA:2226,307,0,8511
BRDA:2226,307,1,0
BRDA:2228,308,0,8511
BRDA:2228,308,1,0
BRDA:2230,309,0,8511
BRDA:2230,309,1,0
BRDA:2232,310,0,8511
BRDA:2232,310,1,0
BRDA:2267,311,0,8511
BRDA:2267,311,1,0
BRDA:2269,312,0,8511
BRDA:2269,312,1,0
BRDA:2271,313,0,8511
BRDA:2271,313,1,0
BRDA:2273,314,0,8511
BRDA:2273,314,1,0
BRDA:2275,315,0,8511
BRDA:2275,315,1,0
BRDA:2277,316,0,8511
BRDA:2277,316,1,0
BRDA:2293,317,0,8511
BRDA:2293,317,1,0
BRDA:2306,318,0,6348
BRDA:2306,318,1,11135
BRDA:2307,319,0,22
BRDA:2307,319,1,6326
BRDA:2312,320,0,0
BRDA:2312,320,1,6326
BRDA:2314,321,0,6326
BRDA:2314,321,1,22
BRDA:2317,322,0,6348
BRDA:2317,322,1,0
BRDA:2329,323,0,11135
BRDA:2329,323,1,6348
BRDA:2331,324,0,11135
BRDA:2331,324,1,0
BRDA:2342,325,0,20
BRDA:2342,325,1,20890
BRDA:2347,326,0,0
BRDA:2347,326,1,20890
BRDA:2349,327,0,20
BRDA:2349,327,1,20890
BRDA:2356,328,0,20
BRDA:2356,328,1,0
BRDA:2357,329,0,14
BRDA:2357,329,1,6
BRDA:2362,330,0,0
BRDA:2362,330,1,6
BRDA:2364,331,0,14
BRDA:2364,331,1,6
BRDA:2379,332,0,20896
BRDA:2379,332,1,14
BRDA:2381,333,0,6519
BRDA:2381,333,1,14377
BRDA:2386,334,0,0
BRDA:2386,334,1,14377
BRDA:2388,335,0,6519
BRDA:2388,335,1,14377
BRDA:2395,336,0,6519
BRDA:2395,336,1,0
BRDA:2396,337,0,6503
BRDA:2396,337,1,16
BRDA:2401,338,0,0
BRDA:2401,338,1,16
BRDA:2403,339,0,6503
BRDA:2403,339,1,16
BRDA:2420,340,0,14393
BRDA:2420,340,1,6517
BRDA:2422,341,0,1959
BRDA:2422,341,1,12434
BRDA:2434,342,0,14
BRDA:2434,342,1,22
BRDA:2439,343,0,0
BRDA:2439,343,1,22
BRDA:2441,344,0,22
BRDA:2441,344,1,14
BRDA:2442,345,0,6
BRDA:2442,345,1,16
BRDA:2447,346,0,0
BRDA:2447,346,1,16
BRDA:2449,347,0,16
BRDA:2449,347,1,6
BRDA:2454,348,0,14
BRDA:2454,348,1,22
BRDA:2460,349,0,14
BRDA:2460,349,1,22
BRDA:2462,350,0,10
BRDA:2462,350,1,4
BRDA:2473,351,0,26
BRDA:2473,351,1,10
BRDA:2475,352,0,6
BRDA:2475,352,1,20
BRDA:2480,353,0,0
BRDA:2480,353,1,20
BRDA:2482,354,0,6
BRDA:2482,354,1,20
BRDA:2484,355,0,4
BRDA:2484,355,1,2
BRDA:2495,356,0,22
BRDA:2495,356,1,4
BRDA:2509,357,0,6503
BRDA:2509,357,1,7247
BRDA:2514,358,0,0
BRDA:2514,358,1,7247
BRDA:2516,359,0,7247
BRDA:2516,359,1,6503
BRDA:2517,360,0,166
BRDA:2517,360,1,7081
BRDA:2522,361,0,0
BRDA:2522,361,1,7081
BRDA:2524,362,0,7081
BRDA:2524,362,1,166
BRDA:2529,363,0,7071
BRDA:2529,363,1,6679
BRDA:2535,364,0,7071
BRDA:2535,364,1,6679
BRDA:2537,365,0,7067
BRDA:2537,365,1,4
BRDA:2548,366,0,6683
BRDA:2548,366,1,7067
BRDA:2550,367,0,166
BRDA:2550,367,1,6517
BRDA:2555,368,0,0
BRDA:2555,368,1,6517
BRDA:2557,369,0,166
BRDA:2557,369,1,6517
BRDA:2559,370,0,160
BRDA:2559,370,1,6
BRDA:2570,371,0,6523
BRDA:2570,371,1,160
BRDA:2583,372,0,279
BRDA:2583,372,1,10856
BRDA:2588,373,0,0
BRDA:2588,373,1,10856
BRDA:2590,374,0,279
BRDA:2590,374,1,10856
BRDA:2591,375,0,20
BRDA:2591,375,1,259
BRDA:2596,376,0,0
BRDA:2596,376,1,259
BRDA:2598,377,0,259
BRDA:2598,377,1,20
BRDA:2601,378,0,279
BRDA:2601,378,1,0
BRDA:2604,379,0,156
BRDA:2604,379,1,122
BRDA:2610,380,0,292
BRDA:2610,380,1,10
BRDA:2614,381,0,278
BRDA:2614,381,1,0
BRDA:2615,382,0,274
BRDA:2615,382,1,4
BRDA:2620,383,0,0
BRDA:2620,383,1,4
BRDA:2622,384,0,274
BRDA:2622,384,1,4
BRDA:2623,385,0,21
BRDA:2623,385,1,253
BRDA:2628,386,0,0
BRDA:2628,386,1,253
BRDA:2630,387,0,253
BRDA:2630,387,1,21
BRDA:2633,388,0,274
BRDA:2633,388,1,0
BRDA:2657,389,0,10860
BRDA:2657,389,1,274
BRDA:2659,390,0,10860
BRDA:2659,390,1,0
BRDA:2670,391,0,303
BRDA:2670,391,1,278
BRDA:2671,392,0,133
BRDA:2671,392,1,170
BRDA:2676,393,0,0
BRDA:2676,393,1,170
BRDA:2678,394,0,133
BRDA:2678,394,1,170
BRDA:2680,395,0,133
BRDA:2680,395,1,0
BRDA:2705,396,0,548
BRDA:2705,396,1,614
BRDA:2710,397,0,0
BRDA:2710,397,1,614
BRDA:2712,398,0,614
BRDA:2712,398,1,548
BRDA:2713,399,0,16
BRDA:2713,399,1,598
BRDA:2718,400,0,0
BRDA:2718,400,1,598
BRDA:2720,401,0,598
BRDA:2720,401,1,16
BRDA:2725,402,0,594
BRDA:2725,402,1,568
BRDA:2731,403,0,594
BRDA:2731,403,1,568
BRDA:2733,404,0,590
BRDA:2733,404,1,4
BRDA:2744,405,0,572
BRDA:2744,405,1,590
BRDA:2746,406,0,16
BRDA:2746,406,1,556
BRDA:2751,407,0,0
BRDA:2751,407,1,556
BRDA:2753,408,0,16
BRDA:2753,408,1,556
BRDA:2755,409,0,8
BRDA:2755,409,1,8
BRDA:2765,410,0,564
BRDA:2765,410,1,8
BRDA:2777,411,0,16
BRDA:2777,411,1,7093
BRDA:2782,412,0,0
BRDA:2782,412,1,7093
BRDA:2784,413,0,16
BRDA:2784,413,1,7093
BRDA:2786,414,0,14
BRDA:2786,414,1,2
BRDA:2805,415,0,26
BRDA:2805,415,1,162
BRDA:2807,416,0,4
BRDA:2807,416,1,22
BRDA:2812,417,0,0
BRDA:2812,417,1,22
BRDA:2814,418,0,4
BRDA:2814,418,1,22
BRDA:2819,419,0,2
BRDA:2819,419,1,2
BRDA:2825,420,0,2
BRDA:2825,420,1,2
BRDA:2836,421,0,24
BRDA:2836,421,1,2
BRDA:2838,422,0,20
BRDA:2838,422,1,4
BRDA:2851,423,0,34
BRDA:2851,423,1,154
BRDA:2861,424,0,4
BRDA:2861,424,1,218
BRDA:2866,425,0,0
BRDA:2866,425,1,218
BRDA:2868,426,0,218
BRDA:2868,426,1,4
BRDA:2869,427,0,4
BRDA:2869,427,1,214
BRDA:2874,428,0,0
BRDA:2874,428,1,214
BRDA:2876,429,0,214
BRDA:2876,429,1,4
BRDA:2877,430,0,2
BRDA:2877,430,1,212
BRDA:2882,431,0,0
BRDA:2882,431,1,212
BRDA:2884,432,0,212
BRDA:2884,432,1,2
BRDA:2886,433,0,2
BRDA:2886,433,1,210
BRDA:2891,434,0,0
BRDA:2891,434,1,210
BRDA:2893,435,0,2
BRDA:2893,435,1,210
BRDA:2898,436,0,210
BRDA:2898,436,1,2
BRDA:2900,437,0,2
BRDA:2900,437,1,208
BRDA:2905,438,0,0
BRDA:2905,438,1,208
BRDA:2907,439,0,2
BRDA:2907,439,1,208
BRDA:2912,440,0,208
BRDA:2912,440,1,2
BRDA:2914,441,0,94
BRDA:2914,441,1,114
BRDA:2919,442,0,0
BRDA:2919,442,1,114
BRDA:2921,443,0,94
BRDA:2921,443,1,114
BRDA:2926,444,0,114
BRDA:2926,444,1,94
BRDA:2928,445,0,42
BRDA:2928,445,1,72
BRDA:2933,446,0,0
BRDA:2933,446,1,72
BRDA:2935,447,0,42
BRDA:2935,447,1,72
BRDA:2940,448,0,72
BRDA:2940,448,1,42
BRDA:2942,449,0,2
BRDA:2942,449,1,70
BRDA:2947,450,0,0
BRDA:2947,450,1,70
BRDA:2949,451,0,2
BRDA:2949,451,1,70
BRDA:2954,452,0,70
BRDA:2954,452,1,2
BRDA:2956,453,0,2
BRDA:2956,453,1,68
BRDA:2961,454,0,0
BRDA:2961,454,1,68
BRDA:2963,455,0,2
BRDA:2963,455,1,68
BRDA:2987,456,0,22
BRDA:2987,456,1,12
BRDA:2991,457,0,8
BRDA:2991,457,1,26
BRDA:2997,458,0,8
BRDA:2997,458,1,26
BRDA:2999,459,0,8
BRDA:2999,459,1,0
BRDA:3018,460,0,34
BRDA:3018,460,1,0
BRDA:3020,461,0,30
BRDA:3020,461,1,4
BRDA:3021,462,0,4
BRDA:3021,462,1,26
BRDA:3026,463,0,0
BRDA:3026,463,1,26
BRDA:3028,464,0,26
BRDA:3028,464,1,4
BRDA:3029,465,0,4
BRDA:3029,465,1,22
BRDA:3034,466,0,0
BRDA:3034,466,1,22
BRDA:3047,467,0,4
BRDA:3047,467,1,20
BRDA:3052,468,0,0
BRDA:3052,468,1,20
BRDA:3054,469,0,4
BRDA:3054,469,1,20
BRDA:3058,470,0,4
BRDA:3058,470,1,0
BRDA:3060,471,0,4
BRDA:3060,471,1,0
BRDA:3071,472,0,4
BRDA:3071,472,1,0
BRDA:3076,473,0,4
BRDA:3076,473,1,0
BRDA:3095,474,0,7
BRDA:3095,474,1,16
BRDA:3100,475,0,0
BRDA:3100,475,1,16
BRDA:3102,476,0,7
BRDA:3102,476,1,16
BRDA:3106,477,0,7
BRDA:3106,477,1,0
BRDA:3108,478,0,7
BRDA:3108,478,1,0
BRDA:3110,479,0,7
BRDA:3110,479,1,0
BRDA:3112,480,0,7
BRDA:3112,480,1,0
BRDA:3131,481,0,7
BRDA:3131,481,1,0
BRDA:3136,482,0,7
BRDA:3136,482,1,0
BRDA:3154,483,0,6
BRDA:3154,483,1,32
BRDA:3159,484,0,0
BRDA:3159,484,1,32
BRDA:3168,485,0,36
BRDA:3168,485,1,0
BRDA:3173,486,0,0
BRDA:3173,486,1,0
BRDA:3183,487,0,140
BRDA:3183,487,1,10720
BRDA:3188,488,0,10720
BRDA:3188,488,1,0
BRDA:3190,489,0,140
BRDA:3190,489,1,10720
BRDA:3204,490,0,1503
BRDA:3204,490,1,4598
BRDA:3209,491,0,0
BRDA:3209,491,1,4598
BRDA:3211,492,0,1503
BRDA:3211,492,1,4598
BRDA:3213,493,0,1503
BRDA:3213,493,1,0
BRDA:3214,494,0,1502
BRDA:3214,494,1,1
BRDA:3219,495,0,0
BRDA:3219,495,1,1
BRDA:3221,496,0,1502
BRDA:3221,496,1,1
BRDA:3236,497,0,4599
BRDA:3236,497,1,1502
BRDA:3238,498,0,4599
BRDA:3238,498,1,0
BRDA:3253,499,0,7
BRDA:3253,499,1,1624
BRDA:3258,500,0,0
BRDA:3258,500,1,1624
BRDA:3261,501,0,1624
BRDA:3261,501,1,7
BRDA:3267,502,0,1624
BRDA:3267,502,1,7
BRDA:3269,503,0,1624
BRDA:3269,503,1,0
BRDA:3280,504,0,1624
BRDA:3280,504,1,7
BRDA:3286,505,0,1624
BRDA:3286,505,1,28425
BRDA:3291,506,0,0
BRDA:3291,506,1,28425
BRDA:3294,507,0,28425
BRDA:3294,507,1,1624
BRDA:3300,508,0,28425
BRDA:3300,508,1,1624
BRDA:3302,509,0,28425
BRDA:3302,509,1,0
BRDA:3317,510,0,7
BRDA:3317,510,1,1624
BRDA:3319,511,0,3
BRDA:3319,511,1,4
BRDA:3324,512,0,0
BRDA:3324,512,1,4
BRDA:3326,513,0,3
BRDA:3326,513,1,4
BRDA:3328,514,0,3
BRDA:3328,514,1,0
BRDA:3329,515,0,3
BRDA:3329,515,1,0
BRDA:3334,516,0,0
BRDA:3334,516,1,0
BRDA:3336,517,0,3
BRDA:3336,517,1,0
BRDA:3358,518,0,1751
BRDA:3358,518,1,124
BRDA:3363,519,0,0
BRDA:3363,519,1,124
BRDA:3366,520,0,124
BRDA:3366,520,1,1751
BRDA:3372,521,0,124
BRDA:3372,521,1,1751
BRDA:3374,522,0,123
BRDA:3374,522,1,1
BRDA:3385,523,0,123
BRDA:3385,523,1,1752
BRDA:3391,524,0,123
BRDA:3391,524,1,1231
BRDA:3396,525,0,0
BRDA:3396,525,1,1231
BRDA:3399,526,0,1231
BRDA:3399,526,1,123
BRDA:3405,527,0,1231
BRDA:3405,527,1,123
BRDA:3407,528,0,1231
BRDA:3407,528,1,0
BRDA:3422,529,0,1752
BRDA:3422,529,1,123
BRDA:3424,530,0,125
BRDA:3424,530,1,1627
BRDA:3429,531,0,0
BRDA:3429,531,1,1627
BRDA:3431,532,0,125
BRDA:3431,532,1,1627
BRDA:3433,533,0,125
BRDA:3433,533,1,0
BRDA:3434,534,0,125
BRDA:3434,534,1,0
BRDA:3439,535,0,0
BRDA:3439,535,1,0
BRDA:3441,536,0,125
BRDA:3441,536,1,0
BRDA:3458,537,0,1631
BRDA:3458,537,1,0
BRDA:3470,538,0,17059
BRDA:3470,538,1,22956
BRDA:3475,539,0,0
BRDA:3475,539,1,22956
BRDA:3484,540,0,0
BRDA:3484,540,1,22956
BRDA:3489,541,0,0
BRDA:3489,541,1,22956
BRDA:3498,542,0,0
BRDA:3498,542,1,22956
BRDA:3503,543,0,0
BRDA:3503,543,1,22956
BRDA:3512,544,0,0
BRDA:3512,544,1,22956
BRDA:3517,545,0,0
BRDA:3517,545,1,22956
BRDA:3526,546,0,504
BRDA:3526,546,1,40015
BRDA:3531,547,0,0
BRDA:3531,547,1,40015
BRDA:3540,548,0,0
BRDA:3540,548,1,5090
BRDA:3545,549,0,0
BRDA:3545,549,1,5090
BRDA:3554,550,0,3
BRDA:3554,550,1,5090
BRDA:3559,551,0,0
BRDA:3559,551,1,5090
BRDA:3568,552,0,54
BRDA:3568,552,1,5036
BRDA:3573,553,0,0
BRDA:3573,553,1,5036
BRDA:3582,554,0,0
BRDA:3582,554,1,22956
BRDA:3587,555,0,0
BRDA:3587,555,1,22956
BRDA:3596,556,0,3
BRDA:3596,556,1,5033
BRDA:3601,557,0,0
BRDA:3601,557,1,5033
BRDA:3610,558,0,1
BRDA:3610,558,1,40414
BRDA:3615,559,0,0
BRDA:3615,559,1,40414
BRDA:3625,560,0,0
BRDA:3625,560,1,8511
BRDA:3630,561,0,0
BRDA:3630,561,1,8511
BRDA:3632,562,0,0
BRDA:3632,562,1,8511
BRDA:3637,563,0,0
BRDA:3637,563,1,0
BRDA:3643,564,0,0
BRDA:3643,564,1,0
BRDA:3662,565,0,0
BRDA:3662,565,1,8511
BRDA:3667,566,0,0
BRDA:3667,566,1,8511
BRDA:3669,567,0,0
BRDA:3669,567,1,8511
BRDA:3674,568,0,0
BRDA:3674,568,1,0
BRDA:3680,569,0,0
BRDA:3680,569,1,0
BRDA:3699,570,0,0
BRDA:3699,570,1,8511
BRDA:3704,571,0,0
BRDA:3704,571,1,8511
BRDA:3706,572,0,0
BRDA:3706,572,1,8511
BRDA:3711,573,0,0
BRDA:3711,573,1,0
BRDA:3717,574,0,0
BRDA:3717,574,1,0
BRDA:3736,575,0,0
BRDA:3736,575,1,8511
BRDA:3741,576,0,0
BRDA:3741,576,1,8511
BRDA:3743,577,0,0
BRDA:3743,577,1,8511
BRDA:3748,578,0,0
BRDA:3748,578,1,0
BRDA:3754,579,0,0
BRDA:3754,579,1,0
BRDA:3773,580,0,0
BRDA:3773,580,1,8511
BRDA:3778,581,0,0
BRDA:3778,581,1,8511
BRDA:3780,582,0,0
BRDA:3780,582,1,8511
BRDA:3785,583,0,0
BRDA:3785,583,1,0
BRDA:3791,584,0,0
BRDA:3791,584,1,0
BRDA:3810,585,0,0
BRDA:3810,585,1,8511
BRDA:3815,586,0,0
BRDA:3815,586,1,8511
BRDA:3817,587,0,0
BRDA:3817,587,1,8511
BRDA:3822,588,0,0
BRDA:3822,588,1,0
BRDA:3828,589,0,0
BRDA:3828,589,1,0
BRDA:3847,590,0,0
BRDA:3847,590,1,8511
BRDA:3852,591,0,0
BRDA:3852,591,1,8511
BRDA:3854,592,0,0
BRDA:3854,592,1,8511
BRDA:3859,593,0,0
BRDA:3859,593,1,0
BRDA:3865,594,0,0
BRDA:3865,594,1,0
BRDA:3884,595,0,0
BRDA:3884,595,1,8511
BRDA:3889,596,0,0
BRDA:3889,596,1,8511
BRDA:3891,597,0,0
BRDA:3891,597,1,8511
BRDA:3896,598,0,0
BRDA:3896,598,1,0
BRDA:3902,599,0,0
BRDA:3902,599,1,0
BRDA:3921,600,0,0
BRDA:3921,600,1,8511
BRDA:3926,601,0,0
BRDA:3926,601,1,8511
BRDA:3928,602,0,0
BRDA:3928,602,1,8511
BRDA:3933,603,0,0
BRDA:3933,603,1,0
BRDA:3939,604,0,0
BRDA:3939,604,1,0
BRDA:3958,605,0,0
BRDA:3958,605,1,8511
BRDA:3963,606,0,0
BRDA:3963,606,1,8511
BRDA:3965,607,0,0
BRDA:3965,607,1,8511
BRDA:3970,608,0,0
BRDA:3970,608,1,0
BRDA:3976,609,0,0
BRDA:3976,609,1,0
BRDA:3995,610,0,0
BRDA:3995,610,1,8511
BRDA:4000,611,0,0
BRDA:4000,611,1,8511
BRDA:4002,612,0,0
BRDA:4002,612,1,8511
BRDA:4007,613,0,0
BRDA:4007,613,1,0
BRDA:4013,614,0,0
BRDA:4013,614,1,0
BRDA:4032,615,0,0
BRDA:4032,615,1,8511
BRDA:4037,616,0,0
BRDA:4037,616,1,8511
BRDA:4039,617,0,0
BRDA:4039,617,1,8511
BRDA:4044,618,0,0
BRDA:4044,618,1,0
BRDA:4050,619,0,0
BRDA:4050,619,1,0
BRDA:4069,620,0,0
BRDA:4069,620,1,8511
BRDA:4074,621,0,0
BRDA:4074,621,1,8511
BRDA:4076,622,0,0
BRDA:4076,622,1,8511
BRDA:4081,623,0,0
BRDA:4081,623,1,0
BRDA:4087,624,0,0
BRDA:4087,624,1,0
BRDA:4106,625,0,0
BRDA:4106,625,1,8511
BRDA:4111,626,0,0
BRDA:4111,626,1,8511
BRDA:4113,627,0,0
BRDA:4113,627,1,8511
BRDA:4118,628,0,0
BRDA:4118,628,1,0
BRDA:4124,629,0,0
BRDA:4124,629,1,0
BRDA:4143,630,0,0
BRDA:4143,630,1,8511
BRDA:4148,631,0,0
BRDA:4148,631,1,8511
BRDA:4150,632,0,0
BRDA:4150,632,1,8511
BRDA:4155,633,0,0
BRDA:4155,633,1,0
BRDA:4161,634,0,0
BRDA:4161,634,1,0
BRDA:4180,635,0,0
BRDA:4180,635,1,8511
BRDA:4185,636,0,0
BRDA:4185,636,1,8511
BRDA:4187,637,0,0
BRDA:4187,637,1,8511
BRDA:4192,638,0,0
BRDA:4192,638,1,0
BRDA:4198,639,0,0
BRDA:4198,639,1,0
BRDA:4217,640,0,0
BRDA:4217,640,1,8511
BRDA:4222,641,0,0
BRDA:4222,641,1,8511
BRDA:4224,642,0,0
BRDA:4224,642,1,8511
BRDA:4229,643,0,0
BRDA:4229,643,1,0
BRDA:4235,644,0,0
BRDA:4235,644,1,0
BRDA:4254,645,0,0
BRDA:4254,645,1,8511
BRDA:4259,646,0,0
BRDA:4259,646,1,8511
BRDA:4261,647,0,0
BRDA:4261,647,1,8511
BRDA:4266,648,0,0
BRDA:4266,648,1,0
BRDA:4272,649,0,0
BRDA:4272,649,1,0
BRDA:4291,650,0,0
BRDA:4291,650,1,8511
BRDA:4296,651,0,0
BRDA:4296,651,1,8511
BRDA:4298,652,0,0
BRDA:4298,652,1,8511
BRDA:4303,653,0,0
BRDA:4303,653,1,0
BRDA:4309,654,0,0
BRDA:4309,654,1,0
BRDA:4328,655,0,0
BRDA:4328,655,1,8511
BRDA:4333,656,0,0
BRDA:4333,656,1,8511
BRDA:4335,657,0,0
BRDA:4335,657,1,8511
BRDA:4340,658,0,0
BRDA:4340,658,1,0
BRDA:4346,659,0,0
BRDA:4346,659,1,0
BRDA:4365,660,0,0
BRDA:4365,660,1,8511
BRDA:4370,661,0,0
BRDA:4370,661,1,8511
BRDA:4372,662,0,0
BRDA:4372,662,1,8511
BRDA:4377,663,0,0
BRDA:4377,663,1,0
BRDA:4383,664,0,0
BRDA:4383,664,1,0
BRDA:4402,665,0,0
BRDA:4402,665,1,8511
BRDA:4407,666,0,0
BRDA:4407,666,1,8511
BRDA:4409,667,0,0
BRDA:4409,667,1,8511
BRDA:4414,668,0,0
BRDA:4414,668,1,0
BRDA:4420,669,0,0
BRDA:4420,669,1,0
BRDA:4439,670,0,0
BRDA:4439,670,1,8511
BRDA:4444,671,0,0
BRDA:4444,671,1,8511
BRDA:4446,672,0,0
BRDA:4446,672,1,8511
BRDA:4451,673,0,0
BRDA:4451,673,1,0
BRDA:4457,674,0,0
BRDA:4457,674,1,0
BRDA:4476,675,0,0
BRDA:4476,675,1,8511
BRDA:4481,676,0,0
BRDA:4481,676,1,8511
BRDA:4483,677,0,0
BRDA:4483,677,1,8511
BRDA:4488,678,0,0
BRDA:4488,678,1,0
BRDA:4494,679,0,0
BRDA:4494,679,1,0
BRDA:4513,680,0,0
BRDA:4513,680,1,8511
BRDA:4518,681,0,0
BRDA:4518,681,1,8511
BRDA:4520,682,0,0
BRDA:4520,682,1,8511
BRDA:4525,683,0,0
BRDA:4525,683,1,0
BRDA:4531,684,0,0
BRDA:4531,684,1,0
BRDA:4550,685,0,0
BRDA:4550,685,1,8511
BRDA:4555,686,0,0
BRDA:4555,686,1,8511
BRDA:4557,687,0,0
BRDA:4557,687,1,8511
BRDA:4562,688,0,0
BRDA:4562,688,1,0
BRDA:4568,689,0,0
BRDA:4568,689,1,0
BRDA:4587,690,0,0
BRDA:4587,690,1,8511
BRDA:4592,691,0,0
BRDA:4592,691,1,8511
BRDA:4594,692,0,0
BRDA:4594,692,1,8511
BRDA:4599,693,0,0
BRDA:4599,693,1,0
BRDA:4605,694,0,0
BRDA:4605,694,1,0
BRDA:4624,695,0,0
BRDA:4624,695,1,8511
BRDA:4629,696,0,0
BRDA:4629,696,1,8511
BRDA:4631,697,0,0
BRDA:4631,697,1,8511
BRDA:4636,698,0,0
BRDA:4636,698,1,0
BRDA:4642,699,0,0
BRDA:4642,699,1,0
BRDA:4661,700,0,0
BRDA:4661,700,1,8511
BRDA:4666,701,0,0
BRDA:4666,701,1,8511
BRDA:4668,702,0,0
BRDA:4668,702,1,8511
BRDA:4673,703,0,0
BRDA:4673,703,1,0
BRDA:4679,704,0,0
BRDA:4679,704,1,0
BRDA:4698,705,0,0
BRDA:4698,705,1,8511
BRDA:4703,706,0,0
BRDA:4703,706,1,8511
BRDA:4705,707,0,0
BRDA:4705,707,1,8511
BRDA:4710,708,0,0
BRDA:4710,708,1,0
BRDA:4716,709,0,0
BRDA:4716,709,1,0
BRDA:4735,710,0,0
BRDA:4735,710,1,8511
BRDA:4740,711,0,0
BRDA:4740,711,1,8511
BRDA:4742,712,0,0
BRDA:4742,712,1,8511
BRDA:4747,713,0,0
BRDA:4747,713,1,0
BRDA:4753,714,0,0
BRDA:4753,714,1,0
BRDA:4772,715,0,0
BRDA:4772,715,1,8511
BRDA:4777,716,0,0
BRDA:4777,716,1,8511
BRDA:4779,717,0,0
BRDA:4779,717,1,8511
BRDA:4784,718,0,0
BRDA:4784,718,1,0
BRDA:4790,719,0,0
BRDA:4790,719,1,0
BRDA:4809,720,0,0
BRDA:4809,720,1,8511
BRDA:4814,721,0,0
BRDA:4814,721,1,8511
BRDA:4816,722,0,0
BRDA:4816,722,1,8511
BRDA:4821,723,0,0
BRDA:4821,723,1,0
BRDA:4827,724,0,0
BRDA:4827,724,1,0
BRDA:4846,725,0,0
BRDA:4846,725,1,8511
BRDA:4851,726,0,0
BRDA:4851,726,1,8511
BRDA:4853,727,0,0
BRDA:4853,727,1,8511
BRDA:4858,728,0,0
BRDA:4858,728,1,0
BRDA:4864,729,0,0
BRDA:4864,729,1,0
BRDA:4883,730,0,0
BRDA:4883,730,1,8511
BRDA:4888,731,0,0
BRDA:4888,731,1,8511
BRDA:4890,732,0,0
BRDA:4890,732,1,8511
BRDA:4895,733,0,0
BRDA:4895,733,1,0
BRDA:4901,734,0,0
BRDA:4901,734,1,0
BRDA:4920,735,0,0
BRDA:4920,735,1,8511
BRDA:4925,736,0,0
BRDA:4925,736,1,8511
BRDA:4927,737,0,0
BRDA:4927,737,1,8511
BRDA:4932,738,0,0
BRDA:4932,738,1,0
BRDA:4938,739,0,0
BRDA:4938,739,1,0
BRDA:4958,740,0,24137
BRDA:4958,740,1,12392
BRDA:4960,741,0,22500
BRDA:4960,741,1,1637
BRDA:4967,742,0,14219
BRDA:4967,742,1,761
BRDA:4969,743,0,14117
BRDA:4969,743,1,102
BRDA:4983,744,0,2040
BRDA:4983,744,1,14
BRDA:4989,745,0,18
BRDA:4989,745,1,41
BRDA:5002,746,0,2070
BRDA:5002,746,1,0
BRDA:5003,747,0,16
BRDA:5003,747,1,2054
BRDA:5008,748,0,2054
BRDA:5008,748,1,0
BRDA:5010,749,0,16
BRDA:5010,749,1,2054
BRDA:5021,750,0,2054
BRDA:5021,750,1,16
BRDA:5024,751,0,2054
BRDA:5024,751,1,0
BRDA:5026,752,0,2044
BRDA:5026,752,1,10
BRDA:5029,753,0,2054
BRDA:5029,753,1,0
BRDA:5031,754,0,435
BRDA:5031,754,1,1619
BRDA:5046,755,0,1619
BRDA:5046,755,1,435
BRDA:5049,756,0,1619
BRDA:5049,756,1,0
BRDA:5051,757,0,1612
BRDA:5051,757,1,7
BRDA:5073,758,0,7
BRDA:5073,758,1,1612
BRDA:5078,759,0,0
BRDA:5078,759,1,1612
BRDA:5081,760,0,1612
BRDA:5081,760,1,7
BRDA:5093,761,0,1621
BRDA:5093,761,1,23
BRDA:5093,762,0,1644
BRDA:5093,762,1,1621
BRDA:5096,763,0,0
BRDA:5096,763,1,23
BRDA:5096,764,0,23
BRDA:5096,764,1,0
BRDA:5102,765,0,22
BRDA:5102,765,1,1
BRDA:5103,766,0,22
BRDA:5103,766,1,1
BRF:1536
BRH:1016
end_of_record
TN:
SF:lib\peg.js
FN:24,(anonymous_0)
FN:27,convertPasses
FN:30,(anonymous_2)
FN:32,(anonymous_3)
FN:44,(anonymous_4)
FNF:5
FNH:5
FNDA:1333,(anonymous_0)
FNDA:1333,convertPasses
FNDA:3999,(anonymous_2)
FNDA:11997,(anonymous_3)
FNDA:8,(anonymous_4)
DA:3,4
DA:4,4
DA:5,4
DA:6,4
DA:8,4
DA:25,1333
DA:28,1333
DA:30,1333
DA:31,3999
DA:32,11997
DA:35,1333
DA:38,1333
DA:39,1333
DA:44,1333
DA:46,1333
DA:54,4
LF:16
LH:16
BRDA:25,0,0,1275
BRDA:25,0,1,58
BRDA:38,1,0,6
BRDA:38,1,1,1327
BRF:4
BRH:4
end_of_record
TN:
SF:lib\version.js
FNF:0
FNH:0
DA:4,4
LF:1
LH:1
BRF:0
BRH:0
end_of_record
TN:
SF:lib\compiler\asts.js
FN:7,(anonymous_0)
FN:17,(anonymous_1)
FN:27,(anonymous_2)
FN:28,consumesTrue
FN:29,consumesFalse
FN:31,consumesExpression
FN:39,(anonymous_6)
FN:45,(anonymous_7)
FN:60,(anonymous_8)
FN:64,(anonymous_9)
FNF:10
FNH:10
FNDA:1333,(anonymous_0)
FNDA:2515,(anonymous_1)
FNDA:1540,(anonymous_2)
FNDA:205,consumesTrue
FNDA:428,consumesFalse
FNDA:1546,consumesExpression
FNDA:160,(anonymous_6)
FNDA:344,(anonymous_7)
FNDA:494,(anonymous_8)
FNDA:1199,(anonymous_9)
DA:3,8
DA:6,8
DA:8,1333
DA:9,4466
DA:10,1331
DA:14,2
DA:18,2515
DA:19,3751
DA:20,2515
DA:24,0
DA:28,205
DA:29,428
DA:32,1546
DA:35,1540
DA:40,160
DA:46,344
DA:61,494
DA:65,1199
DA:72,1540
DA:76,8
LF:20
LH:19
BRDA:9,0,0,1331
BRDA:9,0,1,3135
BRDA:19,1,0,2515
BRDA:19,1,1,1236
BRF:4
BRH:4
end_of_record
TN:
SF:lib\compiler\index.js
FN:14,processOptions
FN:17,(anonymous_1)
FN:21,(anonymous_2)
FN:62,(anonymous_3)
FN:76,(anonymous_4)
FN:77,(anonymous_5)
FNF:6
FNH:6
FNDA:1316,processOptions
FNDA:3791,(anonymous_1)
FNDA:10528,(anonymous_2)
FNDA:1316,(anonymous_3)
FNDA:3946,(anonymous_4)
FNDA:11835,(anonymous_5)
DA:3,4
DA:4,4
DA:5,4
DA:6,4
DA:7,4
DA:8,4
DA:9,4
DA:10,4
DA:11,4
DA:12,4
DA:15,1316
DA:17,1316
DA:18,3791
DA:21,1316
DA:22,10528
DA:23,6745
DA:27,1316
DA:30,4
DA:63,1316
DA:65,1316
DA:76,1316
DA:77,11835
DA:80,1315
DA:82,1314
DA:85,1
DA:88,0
DA:93,4
LF:27
LH:26
BRDA:22,0,0,6745
BRDA:22,0,1,3783
BRDA:63,1,0,1316
BRDA:63,1,1,0
BRDA:80,2,0,1314
BRDA:80,2,1,1
BRDA:80,2,2,0
BRF:7
BRH:5
end_of_record
TN:
SF:lib\compiler\js.js
FN:3,hex
FN:7,(anonymous_1)
FN:24,(anonymous_2)
FN:25,(anonymous_3)
FN:26,(anonymous_4)
FN:27,(anonymous_5)
FN:30,(anonymous_6)
FN:47,(anonymous_7)
FN:48,(anonymous_8)
FN:49,(anonymous_9)
FN:50,(anonymous_10)
FNF:11
FNH:4
FNDA:32,hex
FNDA:7459,(anonymous_1)
FNDA:0,(anonymous_2)
FNDA:32,(anonymous_3)
FNDA:0,(anonymous_4)
FNDA:0,(anonymous_5)
FNDA:197,(anonymous_6)
FNDA:0,(anonymous_7)
FNDA:0,(anonymous_8)
FNDA:0,(anonymous_9)
FNDA:0,(anonymous_10)
DA:3,32
DA:6,5
DA:14,7459
DA:24,0
DA:25,32
DA:26,0
DA:27,0
DA:34,197
DA:47,0
DA:48,0
DA:49,0
DA:50,0
DA:54,5
LF:13
LH:6
BRF:0
BRH:0
end_of_record
TN:
SF:lib\compiler\opcodes.js
FNF:0
FNH:0
DA:4,5
DA:63,5
LF:2
LH:2
BRF:0
BRH:0
end_of_record
TN:
SF:lib\compiler\visitor.js
FN:5,(anonymous_0)
FN:6,visit
FN:10,visitNop
FN:14,visitExpression
FN:20,visitChildren
FN:21,(anonymous_5)
FN:24,(anonymous_6)
FN:31,(anonymous_7)
FN:42,(anonymous_8)
FN:70,(anonymous_9)
FNF:10
FNH:10
FNDA:10926,(anonymous_0)
FNDA:64943,visit
FNDA:14999,visitNop
FNDA:11751,visitExpression
FNDA:21852,visitChildren
FNDA:4905,(anonymous_5)
FNDA:11194,(anonymous_6)
FNDA:8021,(anonymous_7)
FNDA:9768,(anonymous_8)
FNDA:240372,(anonymous_9)
DA:4,12
DA:7,64943
DA:15,11751
DA:17,11751
DA:21,21852
DA:22,4905
DA:24,4905
DA:25,11194
DA:30,10926
DA:32,8021
DA:34,8021
DA:35,0
DA:38,8021
DA:39,690
DA:42,8021
DA:43,9768
DA:70,10926
DA:71,240372
DA:72,157094
DA:76,10926
DA:80,12
LF:21
LH:20
BRDA:34,0,0,0
BRDA:34,0,1,8021
BRDA:38,1,0,690
BRDA:38,1,1,7331
BRDA:71,2,0,157094
BRDA:71,2,1,83278
BRF:6
BRH:5
end_of_record
TN:
SF:lib\compiler\passes\generate-bytecode.js
FN:199,generateBytecode
FN:202,addConst
FN:208,addFunctionConst
FN:214,cloneEnv
FN:217,(anonymous_4)
FN:224,buildSequence
FN:228,buildCondition
FN:236,buildLoop
FN:240,buildCall
FN:241,(anonymous_9)
FN:246,buildSimplePredicate
FN:272,buildSemanticPredicate
FN:292,buildAppendLoop
FN:300,(anonymous_13)
FN:306,(anonymous_14)
FN:315,(anonymous_15)
FN:332,(anonymous_16)
FN:333,buildAlternativesCode
FN:356,(anonymous_18)
FN:384,(anonymous_19)
FN:385,buildElementsCode
FN:416,(anonymous_21)
FN:452,(anonymous_22)
FN:473,(anonymous_23)
FN:489,(anonymous_24)
FN:493,(anonymous_25)
FN:497,(anonymous_26)
FN:512,(anonymous_27)
FN:527,(anonymous_28)
FN:545,(anonymous_29)
FN:553,(anonymous_30)
FN:557,(anonymous_31)
FN:561,(anonymous_32)
FN:565,(anonymous_33)
FN:599,(anonymous_34)
FN:602,(anonymous_35)
FN:611,(anonymous_36)
FN:633,(anonymous_37)
FNF:38
FNH:38
FNDA:1365,generateBytecode
FNDA:5699,addConst
FNDA:898,addFunctionConst
FNDA:2562,cloneEnv
FNDA:322,(anonymous_4)
FNDA:10739,buildSequence
FNDA:6129,buildCondition
FNDA:277,buildLoop
FNDA:784,buildCall
FNDA:284,(anonymous_9)
FNDA:148,buildSimplePredicate
FNDA:376,buildSemanticPredicate
FNDA:277,buildAppendLoop
FNDA:1365,(anonymous_13)
FNDA:1651,(anonymous_14)
FNDA:18,(anonymous_15)
FNDA:213,(anonymous_16)
FNDA:515,buildAlternativesCode
FNDA:408,(anonymous_18)
FNDA:1016,(anonymous_19)
FNDA:3318,buildElementsCode
FNDA:195,(anonymous_21)
FNDA:824,(anonymous_22)
FNDA:41,(anonymous_23)
FNDA:66,(anonymous_24)
FNDA:82,(anonymous_25)
FNDA:98,(anonymous_26)
FNDA:139,(anonymous_27)
FNDA:138,(anonymous_28)
FNDA:446,(anonymous_29)
FNDA:188,(anonymous_30)
FNDA:188,(anonymous_31)
FNDA:425,(anonymous_32)
FNDA:2246,(anonymous_33)
FNDA:125,(anonymous_34)
FNDA:138,(anonymous_35)
FNDA:138,(anonymous_36)
FNDA:67,(anonymous_37)
DA:3,5
DA:4,5
DA:5,5
DA:6,5
DA:200,1365
DA:203,5699
DA:205,5699
DA:209,898
DA:215,2562
DA:217,2562
DA:218,322
DA:221,2562
DA:225,10739
DA:229,6129
DA:237,277
DA:241,784
DA:243,784
DA:247,148
DA:273,376
DA:275,376
DA:293,277
DA:299,1365
DA:301,1365
DA:303,1365
DA:307,1651
DA:316,18
DA:324,18
DA:334,515
DA:353,213
DA:357,408
DA:358,408
DA:360,408
DA:365,408
DA:367,408
DA:386,3318
DA:388,2302
DA:390,2302
DA:413,1016
DA:414,154
DA:416,195
DA:420,862
DA:421,114
DA:426,114
DA:436,748
DA:441,1016
DA:453,824
DA:454,824
DA:455,824
DA:457,824
DA:458,629
DA:459,629
DA:462,824
DA:463,195
DA:466,824
DA:474,41
DA:490,66
DA:494,82
DA:498,98
DA:513,139
DA:519,139
DA:528,138
DA:534,138
DA:546,446
DA:554,188
DA:558,188
DA:562,425
DA:566,2246
DA:567,2220
DA:573,2220
DA:583,2220
DA:593,26
DA:595,26
DA:600,125
DA:603,138
DA:610,125
DA:612,138
DA:617,125
DA:618,125
DA:626,125
DA:634,67
DA:636,67
DA:644,1365
DA:647,5
LF:83
LH:83
BRDA:205,0,0,5329
BRDA:205,0,1,370
BRDA:257,1,0,82
BRDA:257,1,1,66
BRDA:260,2,0,82
BRDA:260,2,1,66
BRDA:265,3,0,82
BRDA:265,3,1,66
BRDA:282,4,0,188
BRDA:282,4,1,188
BRDA:286,5,0,188
BRDA:286,5,1,188
BRDA:340,6,0,302
BRDA:340,6,1,213
BRDA:358,7,0,408
BRDA:358,7,1,114
BRDA:361,8,0,294
BRDA:361,8,1,114
BRDA:367,9,0,294
BRDA:367,9,1,114
BRDA:386,10,0,2302
BRDA:386,10,1,1016
BRDA:406,11,0,1286
BRDA:406,11,1,1016
BRDA:413,12,0,154
BRDA:413,12,1,862
BRDA:420,13,0,114
BRDA:420,13,1,748
BRDA:457,14,0,629
BRDA:457,14,1,195
BRDA:462,15,0,195
BRDA:462,15,1,629
BRDA:566,16,0,2220
BRDA:566,16,1,26
BRDA:569,17,0,10
BRDA:569,17,1,2210
BRDA:584,18,0,10
BRDA:584,18,1,2210
BRDA:587,19,0,10
BRDA:587,19,1,2210
BRDA:601,20,0,9
BRDA:601,20,1,116
BRDA:603,21,0,59
BRDA:603,21,1,79
BRDA:609,22,0,9
BRDA:609,22,1,116
BRDA:612,23,0,59
BRDA:612,23,1,79
BRF:48
BRH:48
end_of_record
TN:
SF:lib\compiler\passes\generate-js.js
FN:9,generateJS
FN:11,indent2
FN:12,indent10
FN:14,generateTables
FN:22,(anonymous_4)
FN:25,(anonymous_5)
FN:32,(anonymous_6)
FN:36,generateRuleHeader
FN:92,generateRuleFooter
FN:130,generateInterpreter
FN:133,generateCondition
FN:154,generateLoop
FN:173,generateCall
FN:422,generateRuleFunction
FN:426,c
FN:427,s
FN:433,(anonymous_16)
FN:441,(anonymous_17)
FN:457,(anonymous_18)
FN:461,(anonymous_19)
FN:466,compile
FN:472,compileCondition
FN:506,compileLoop
FN:525,compileCall
FN:531,(anonymous_24)
FN:621,(anonymous_25)
FN:775,generateToplevel
FN:976,(anonymous_27)
FN:989,(anonymous_28)
FN:1026,(anonymous_29)
FN:1203,(anonymous_30)
FN:1243,generateWrapper
FN:1244,generateGeneratedByComment
FN:1252,generateParserObject
FN:1269,generateParserExports
FN:1287,(anonymous_35)
FN:1300,(anonymous_36)
FN:1312,(anonymous_37)
FN:1332,(anonymous_38)
FN:1342,(anonymous_39)
FN:1362,(anonymous_40)
FN:1364,(anonymous_41)
FN:1367,(anonymous_42)
FN:1385,(anonymous_43)
FN:1399,(anonymous_44)
FN:1402,(anonymous_45)
FN:1405,(anonymous_46)
FN:1409,(anonymous_47)
FNF:48
FNH:35
FNDA:1314,generateJS
FNDA:16962,indent2
FNDA:5670,indent10
FNDA:1314,generateTables
FNDA:766,(anonymous_4)
FNDA:28448,(anonymous_5)
FNDA:2659,(anonymous_6)
FNDA:1459,generateRuleHeader
FNDA:1459,generateRuleFooter
FNDA:630,generateInterpreter
FNDA:4410,generateCondition
FNDA:630,generateLoop
FNDA:630,generateCall
FNDA:829,generateRuleFunction
FNDA:3044,c
FNDA:20592,s
FNDA:7381,(anonymous_16)
FNDA:6018,(anonymous_17)
FNDA:2348,(anonymous_18)
FNDA:434,(anonymous_19)
FNDA:7268,compile
FNDA:3318,compileCondition
FNDA:177,compileLoop
FNDA:390,compileCall
FNDA:132,(anonymous_24)
FNDA:40,(anonymous_25)
FNDA:1314,generateToplevel
FNDA:631,(anonymous_27)
FNDA:687,(anonymous_28)
FNDA:380,(anonymous_29)
FNDA:829,(anonymous_30)
FNDA:1314,generateWrapper
FNDA:1314,generateGeneratedByComment
FNDA:1314,generateParserObject
FNDA:0,generateParserExports
FNDA:1314,(anonymous_35)
FNDA:0,(anonymous_36)
FNDA:0,(anonymous_37)
FNDA:0,(anonymous_38)
FNDA:0,(anonymous_39)
FNDA:0,(anonymous_40)
FNDA:0,(anonymous_41)
FNDA:0,(anonymous_42)
FNDA:0,(anonymous_43)
FNDA:0,(anonymous_44)
FNDA:0,(anonymous_45)
FNDA:0,(anonymous_46)
FNDA:0,(anonymous_47)
DA:3,4
DA:4,4
DA:5,4
DA:6,4
DA:11,16962
DA:12,5670
DA:15,1314
DA:16,630
DA:23,766
DA:25,28448
DA:32,2659
DA:37,1459
DA:39,1459
DA:41,1459
DA:42,698
DA:52,1459
DA:53,696
DA:62,696
DA:63,347
DA:82,696
DA:89,1459
DA:93,1459
DA:95,1459
DA:96,696
DA:102,1459
DA:103,698
DA:122,1459
DA:127,1459
DA:131,630
DA:134,4410
DA:135,4410
DA:136,4410
DA:138,4410
DA:155,630
DA:156,630
DA:158,630
DA:174,630
DA:175,630
DA:177,630
DA:192,630
DA:200,630
DA:201,314
DA:212,316
DA:223,630
DA:225,630
DA:416,630
DA:417,630
DA:419,630
DA:423,829
DA:424,829
DA:426,3044
DA:427,20592
DA:429,829
DA:434,7381
DA:436,7381
DA:438,7381
DA:442,6018
DA:443,4448
DA:445,1570
DA:447,1570
DA:448,3030
DA:451,1570
DA:453,1570
DA:458,2348
DA:462,434
DA:467,7268
DA:468,7268
DA:469,7268
DA:473,3318
DA:474,3318
DA:475,3318
DA:476,3318
DA:479,3318
DA:480,3318
DA:481,3318
DA:482,3318
DA:484,3318
DA:485,2944
DA:486,2944
DA:487,2944
DA:488,2944
DA:490,2944
DA:491,0
DA:497,3318
DA:498,3318
DA:499,3318
DA:500,2944
DA:501,2944
DA:503,3318
DA:507,177
DA:508,177
DA:509,177
DA:511,177
DA:512,177
DA:513,177
DA:514,177
DA:516,177
DA:517,0
DA:520,177
DA:521,177
DA:522,177
DA:526,390
DA:527,390
DA:529,390
DA:531,132
DA:534,390
DA:535,390
DA:536,390
DA:539,7268
DA:540,15368
DA:542,12
DA:543,12
DA:544,12
DA:547,796
DA:548,796
DA:549,796
DA:552,256
DA:553,256
DA:554,256
DA:557,48
DA:558,48
DA:559,48
DA:562,1600
DA:563,1600
DA:564,1600
DA:567,177
DA:568,177
DA:569,177
DA:572,1759
DA:573,1759
DA:574,1759
DA:577,1308
DA:578,1308
DA:579,1308
DA:582,682
DA:583,682
DA:584,682
DA:587,592
DA:588,592
DA:589,592
DA:590,592
DA:591,592
DA:594,177
DA:595,177
DA:596,177
DA:597,177
DA:600,422
DA:603,422
DA:604,422
DA:607,20
DA:610,20
DA:611,20
DA:614,76
DA:615,76
DA:616,76
DA:617,76
DA:618,76
DA:621,40
DA:623,76
DA:624,76
DA:625,76
DA:626,76
DA:630,184
DA:631,184
DA:634,264
DA:635,264
DA:638,1546
DA:639,1546
DA:642,177
DA:643,177
DA:646,34
DA:647,34
DA:650,1222
DA:660,1222
DA:663,4
DA:670,4
DA:673,64
DA:677,64
DA:680,102
DA:685,102
DA:690,102
DA:691,102
DA:694,1222
DA:695,1222
DA:700,1222
DA:701,1222
DA:704,1340
DA:705,1340
DA:706,1340
DA:707,1340
DA:710,206
DA:711,206
DA:712,206
DA:715,184
DA:716,184
DA:717,184
DA:720,390
DA:721,390
DA:724,328
DA:725,328
DA:726,328
DA:729,88
DA:730,88
DA:731,88
DA:734,88
DA:735,88
DA:736,88
DA:739,0
DA:743,7268
DA:746,829
DA:748,829
DA:750,829
DA:751,384
DA:754,829
DA:755,2122
DA:758,829
DA:760,829
DA:764,829
DA:765,829
DA:770,829
DA:772,829
DA:776,1314
DA:778,1314
DA:779,0
DA:780,0
DA:783,1314
DA:906,1314
DA:907,630
DA:964,1314
DA:973,1314
DA:974,630
DA:976,631
DA:980,630
DA:982,630
DA:987,684
DA:989,687
DA:992,684
DA:994,684
DA:1000,1314
DA:1002,1314
DA:1004,1314
DA:1015,1314
DA:1016,629
DA:1022,1314
DA:1023,630
DA:1024,314
DA:1026,380
DA:1030,314
DA:1036,630
DA:1042,1314
DA:1047,1314
DA:1048,630
DA:1058,684
DA:1069,1314
DA:1199,1314
DA:1200,630
DA:1201,630
DA:1203,684
DA:1204,829
DA:1205,829
DA:1209,1314
DA:1210,115
DA:1211,115
DA:1214,1314
DA:1215,630
DA:1217,684
DA:1220,1314
DA:1240,1314
DA:1245,1314
DA:1253,1314
DA:1270,0
DA:1286,1314
DA:1288,1314
DA:1301,0
DA:1302,0
DA:1304,0
DA:1311,0
DA:1312,0
DA:1313,0
DA:1319,0
DA:1322,0
DA:1329,0
DA:1333,0
DA:1334,0
DA:1336,0
DA:1341,0
DA:1342,0
DA:1343,0
DA:1349,0
DA:1352,0
DA:1359,0
DA:1363,0
DA:1364,0
DA:1365,0
DA:1367,0
DA:1370,0
DA:1372,0
DA:1386,0
DA:1400,0
DA:1401,0
DA:1402,0
DA:1403,0
DA:1405,0
DA:1408,0
DA:1409,0
DA:1411,0
DA:1413,0
DA:1422,0
DA:1423,0
DA:1429,0
DA:1441,0
DA:1445,1314
DA:1448,1314
DA:1451,4
LF:314
LH:270
BRDA:15,0,0,630
BRDA:15,0,1,684
BRDA:41,1,0,698
BRDA:41,1,1,761
BRDA:52,2,0,696
BRDA:52,2,1,763
BRDA:62,3,0,347
BRDA:62,3,1,349
BRDA:95,4,0,696
BRDA:95,4,1,763
BRDA:102,5,0,698
BRDA:102,5,1,761
BRDA:200,6,0,314
BRDA:200,6,1,316
BRDA:436,7,0,2122
BRDA:436,7,1,5259
BRDA:442,8,0,4448
BRDA:442,8,1,1570
BRDA:484,9,0,2944
BRDA:484,9,1,374
BRDA:490,10,0,0
BRDA:490,10,1,2944
BRDA:499,11,0,2944
BRDA:499,11,1,374
BRDA:516,12,0,0
BRDA:516,12,1,177
BRDA:540,13,0,12
BRDA:540,13,1,796
BRDA:540,13,2,256
BRDA:540,13,3,48
BRDA:540,13,4,1600
BRDA:540,13,5,177
BRDA:540,13,6,1759
BRDA:540,13,7,1308
BRDA:540,13,8,682
BRDA:540,13,9,592
BRDA:540,13,10,177
BRDA:540,13,11,422
BRDA:540,13,12,20
BRDA:540,13,13,76
BRDA:540,13,14,184
BRDA:540,13,15,264
BRDA:540,13,16,1546
BRDA:540,13,17,177
BRDA:540,13,18,34
BRDA:540,13,19,1222
BRDA:540,13,20,4
BRDA:540,13,21,64
BRDA:540,13,22,102
BRDA:540,13,23,1222
BRDA:540,13,24,1340
BRDA:540,13,25,206
BRDA:540,13,26,184
BRDA:540,13,27,390
BRDA:540,13,28,328
BRDA:540,13,29,88
BRDA:540,13,30,88
BRDA:540,13,31,0
BRDA:618,14,0,56
BRDA:618,14,1,20
BRDA:651,15,0,12
BRDA:651,15,1,1210
BRDA:681,16,0,0
BRDA:681,16,1,102
BRDA:686,17,0,0
BRDA:686,17,1,102
BRDA:696,18,0,12
BRDA:696,18,1,1210
BRDA:750,19,0,384
BRDA:750,19,1,445
BRDA:778,20,0,0
BRDA:778,20,1,1314
BRDA:906,21,0,630
BRDA:906,21,1,684
BRDA:973,22,0,630
BRDA:973,22,1,684
BRDA:1015,23,0,629
BRDA:1015,23,1,685
BRDA:1022,24,0,630
BRDA:1022,24,1,684
BRDA:1023,25,0,314
BRDA:1023,25,1,316
BRDA:1047,26,0,630
BRDA:1047,26,1,684
BRDA:1199,27,0,630
BRDA:1199,27,1,684
BRDA:1209,28,0,115
BRDA:1209,28,1,1199
BRDA:1214,29,0,630
BRDA:1214,29,1,684
BRDA:1253,30,0,630
BRDA:1253,30,1,684
BRDA:1270,31,0,0
BRDA:1270,31,1,0
BRDA:1311,32,0,0
BRDA:1311,32,1,0
BRDA:1341,33,0,0
BRDA:1341,33,1,0
BRDA:1422,34,0,0
BRDA:1422,34,1,0
BRF:100
BRH:86
end_of_record
TN:
SF:lib\compiler\passes\remove-proxy-rules.js
FN:6,removeProxyRules
FN:7,isProxyRule
FN:11,replaceRuleRefs
FN:13,(anonymous_3)
FN:25,(anonymous_4)
FN:36,(anonymous_5)
FNF:6
FNH:6
FNDA:1317,removeProxyRules
FNDA:1602,isProxyRule
FNDA:28,replaceRuleRefs
FNDA:72,(anonymous_3)
FNDA:1602,(anonymous_4)
FNDA:1,(anonymous_5)
DA:3,5
DA:8,1602
DA:12,28
DA:14,72
DA:15,10
DA:20,28
DA:23,1317
DA:25,1317
DA:26,1602
DA:27,28
DA:28,28
DA:29,1
DA:34,1317
DA:36,1317
DA:39,5
LF:15
LH:15
BRDA:8,0,0,1602
BRDA:8,0,1,1602
BRDA:14,1,0,10
BRDA:14,1,1,62
BRDA:26,2,0,28
BRDA:26,2,1,1574
BRDA:28,3,0,1
BRDA:28,3,1,27
BRF:8
BRH:8
end_of_record
TN:
SF:lib\compiler\passes\report-duplicate-labels.js
FN:7,reportDuplicateLabels
FN:8,cloneEnv
FN:11,(anonymous_2)
FN:18,checkExpressionWithClonedEnv
FN:23,(anonymous_4)
FN:27,(anonymous_5)
FN:28,(anonymous_6)
FN:35,(anonymous_7)
FNF:8
FNH:8
FNDA:1331,reportDuplicateLabels
FNDA:1937,cloneEnv
FNDA:177,(anonymous_2)
FNDA:1420,checkExpressionWithClonedEnv
FNDA:1612,(anonymous_4)
FNDA:214,(anonymous_5)
FNDA:517,(anonymous_6)
FNDA:833,(anonymous_7)
DA:3,5
DA:4,5
DA:9,1937
DA:11,1937
DA:12,177
DA:15,1937
DA:19,1420
DA:22,1331
DA:24,1612
DA:28,214
DA:29,517
DA:36,833
DA:37,833
DA:38,2
DA:46,831
DA:48,831
DA:60,1331
DA:63,5
LF:18
LH:18
BRDA:37,0,0,2
BRDA:37,0,1,831
BRDA:37,1,0,833
BRDA:37,1,1,641
BRF:4
BRH:4
end_of_record
TN:
SF:lib\compiler\passes\report-duplicate-rules.js
FN:7,reportDuplicateRules
FN:11,(anonymous_1)
FNF:2
FNH:2
FNDA:1316,reportDuplicateRules
FNDA:1598,(anonymous_1)
DA:3,5
DA:4,5
DA:8,1316
DA:10,1316
DA:12,1598
DA:13,1
DA:21,1597
DA:25,1316
DA:28,5
LF:9
LH:9
BRDA:12,0,0,1
BRDA:12,0,1,1597
BRF:2
BRH:2
end_of_record
TN:
SF:lib\compiler\passes\report-incorrect-plucking.js
FN:11,reportIncorrectPlucking
FN:13,(anonymous_1)
FN:17,(anonymous_2)
FNF:3
FNH:3
FNDA:1318,reportIncorrectPlucking
FNDA:404,(anonymous_1)
FNDA:817,(anonymous_2)
DA:3,5
DA:4,5
DA:12,1318
DA:14,404
DA:18,817
DA:19,207
DA:20,2
DA:29,815
DA:33,1318
DA:36,5
LF:10
LH:10
BRDA:18,0,0,207
BRDA:18,0,1,610
BRDA:19,1,0,2
BRDA:19,1,1,205
BRF:4
BRH:4
end_of_record
TN:
SF:lib\compiler\passes\report-infinite-recursion.js
FN:17,reportInfiniteRecursion
FN:21,(anonymous_1)
FN:27,(anonymous_2)
FN:28,(anonymous_3)
FN:35,(anonymous_4)
FNF:5
FNH:5
FNDA:1358,reportInfiniteRecursion
FNDA:2054,(anonymous_1)
FNDA:1027,(anonymous_2)
FNDA:1333,(anonymous_3)
FNDA:439,(anonymous_4)
DA:3,5
DA:4,5
DA:5,5
DA:18,1358
DA:20,1358
DA:22,2054
DA:23,2054
DA:24,2027
DA:28,1027
DA:29,1333
DA:31,1309
DA:36,439
DA:37,26
DA:39,26
DA:47,413
DA:51,1358
DA:54,5
LF:17
LH:17
BRDA:36,0,0,26
BRDA:36,0,1,413
BRF:2
BRH:2
end_of_record
TN:
SF:lib\compiler\passes\report-infinite-repetition.js
FN:9,reportInfiniteRepetition
FN:11,(anonymous_1)
FN:20,(anonymous_2)
FNF:3
FNH:3
FNDA:1353,reportInfiniteRepetition
FNDA:174,(anonymous_1)
FNDA:57,(anonymous_2)
DA:3,5
DA:4,5
DA:5,5
DA:10,1353
DA:12,174
DA:13,23
DA:21,57
DA:22,1
DA:30,1353
DA:33,5
LF:10
LH:10
BRDA:12,0,0,23
BRDA:12,0,1,151
BRDA:21,1,0,1
BRDA:21,1,1,56
BRF:4
BRH:4
end_of_record
TN:
SF:lib\compiler\passes\report-undefined-rules.js
FN:8,reportUndefinedRules
FN:10,(anonymous_1)
FNF:2
FNH:2
FNDA:1317,reportUndefinedRules
FNDA:426,(anonymous_1)
DA:3,5
DA:4,5
DA:5,5
DA:9,1317
DA:11,426
DA:12,2
DA:20,1317
DA:23,5
LF:8
LH:8
BRDA:11,0,0,2
BRDA:11,0,1,424
BRF:2
BRH:2
end_of_record
TN:
SF:test\unit\compiler\passes\helpers.js
FN:5,(anonymous_0)
FN:8,(anonymous_1)
FN:11,matchProps
FN:12,isArray
FN:16,isObject
FN:60,(anonymous_5)
FN:82,(anonymous_6)
FNF:7
FNH:7
FNDA:8,(anonymous_0)
FNDA:53,(anonymous_1)
FNDA:904,matchProps
FNDA:987,isArray
FNDA:913,isObject
FNDA:102,(anonymous_5)
FNDA:20,(anonymous_6)
DA:3,8
DA:5,8
DA:6,8
DA:8,8
DA:9,53
DA:13,987
DA:17,913
DA:20,904
DA:21,83
DA:23,83
DA:24,83
DA:25,754
DA:28,83
DA:29,821
DA:30,92
DA:32,92
DA:33,92
DA:34,97
DA:36,97
DA:38,97
DA:41,92
DA:43,729
DA:47,53
DA:49,53
DA:51,53
DA:60,8
DA:61,102
DA:65,102
DA:66,102
DA:67,46
DA:69,56
DA:70,56
DA:73,102
DA:81,102
DA:82,10
DA:83,20
LF:36
LH:36
BRDA:9,0,0,2
BRDA:9,0,1,51
BRDA:17,1,0,913
BRDA:17,1,1,913
BRDA:20,2,0,83
BRDA:20,2,1,821
BRDA:21,3,0,0
BRDA:21,3,1,83
BRDA:23,4,0,0
BRDA:23,4,1,83
BRDA:25,5,0,0
BRDA:25,5,1,754
BRDA:29,6,0,92
BRDA:29,6,1,729
BRDA:30,7,0,0
BRDA:30,7,1,92
BRDA:36,8,0,0
BRDA:36,8,1,97
BRDA:38,9,0,0
BRDA:38,9,1,97
BRDA:81,10,0,10
BRDA:81,10,1,92
BRDA:81,11,0,102
BRDA:81,11,1,56
BRF:24
BRH:18
end_of_record
